<?xml version="1.0" encoding="UTF-8"?>
<robot generator="Robot 3.1.1 (Python 3.7.3 on win32)" generated="20190517 10:39:58.167" rpa="false">
<suite id="s1" name="RobotTeam2" source="C:\xampp\htdocs\RobotTeam2">
<suite id="s1-s1" name="RobotFrameworkProject" source="C:\xampp\htdocs\RobotTeam2\RobotFrameworkProject">
<suite id="s1-s1-s1" name="Tests" source="C:\xampp\htdocs\RobotTeam2\RobotFrameworkProject\Tests">
<suite id="s1-s1-s1-s1" name="AdminCategoryTest" source="C:\xampp\htdocs\RobotTeam2\RobotFrameworkProject\Tests\AdminCategoryTest.robot">
<kw name="Setup" library="Setup" type="setup">
<kw name="Normalize Path" library="OperatingSystem">
<doc>Normalizes the given path.</doc>
<arguments>
<arg>path</arg>
<arg>/RobotTeam2/RobotFrameworkProject/Resources/geckodriver.exe</arg>
</arguments>
<assign>
<var>${PATH}</var>
</assign>
<msg timestamp="20190517 10:39:58.382" level="INFO">${PATH} = path</msg>
<status status="PASS" starttime="20190517 10:39:58.382" endtime="20190517 10:39:58.382"></status>
</kw>
<kw name="Log To Console" library="BuiltIn">
<doc>Logs the given message to the console.</doc>
<arguments>
<arg>${PATH}</arg>
</arguments>
<status status="PASS" starttime="20190517 10:39:58.382" endtime="20190517 10:39:58.382"></status>
</kw>
<kw name="Append To Environment Variable" library="OperatingSystem">
<doc>Appends given ``values`` to environment variable ``name``.</doc>
<arguments>
<arg>${PATH}</arg>
<arg>${PATH}</arg>
</arguments>
<msg timestamp="20190517 10:39:58.382" level="INFO">Environment variable 'path' set to value 'C:/Program Files/Java/jre1.8.0_201/bin/server;C:/Program Files/Java/jre1.8.0_201/bin;C:/Program Files/Java/jre1.8.0_201/lib/amd64;C:\Program Files (x86)\Common Files\Oracle\Java\javapath;C:\Program Files (x86)\Intel\Intel(R) Management Engine Components\iCLS\;C:\Program Files\Intel\Intel(R) Management Engine Components\iCLS\;C:\Windows\system32;C:\Windows;C:\Windows\System32\Wbem;C:\Windows\System32\WindowsPowerShell\v1.0\;C:\Windows\System32\OpenSSH\;C:\Program Files (x86)\Intel\Intel(R) Management Engine Components\DAL;C:\Program Files\Intel\Intel(R) Management Engine Components\DAL;C:\Program Files (x86)\Intel\Intel(R) Management Engine Components\IPT;C:\Program Files\Intel\Intel(R) Management Engine Components\IPT;Downloads\Webdriver;C:\xampp\php;C:\ProgramData\ComposerSetup\bin;C:\Program Files (x86)\Microsoft SQL Server\100\Tools\Binn\;C:\Program Files\Microsoft SQL Server\100\Tools\Binn\;C:\Program Files\Microsoft SQL Server\100\DTS\Binn\;C:\Program Files (x86)\Microsoft SQL Server\100\Tools\Binn\VSShell\Common7\IDE\;C:\Program Files (x86)\Microsoft Visual Studio 9.0\Common7\IDE\PrivateAssemblies\;C:\Program Files (x86)\Microsoft SQL Server\100\DTS\Binn\;C:\Program Files\nodejs\;C:\Program Files\Git\cmd;C:\Users\InternDN19.01.08\Downloads\Python\apache-maven-3.6.1\bin;C:\Program Files\Java\jdk1.8.0_201\bin;C:\Users\InternDN19.01.08\AppData\Local\Programs\Python\Python37-32\Scripts\;C:\Users\InternDN19.01.08\AppData\Local\Programs\Python\Python37-32\;C:\Users\InternDN19.01.08\AppData\Local\Microsoft\WindowsApps;C:\Users\InternDN19.01.08\AppData\Roaming\Composer\vendor\bin;C:\Users\InternDN19.01.08\AppData\Local\Programs\Microsoft VS Code\bin;C:\Users\InternDN19.01.08\AppData\Roaming\npm;C:\Users\InternDN19.01.08\Downloads\Python\eclipse;;C:\Users\InternDN19.01.08\AppData\Local\Programs\Python\Python37-32\lib\site-packages\pywin32_system32;path'.</msg>
<status status="PASS" starttime="20190517 10:39:58.382" endtime="20190517 10:39:58.382"></status>
</kw>
<kw name="Open Browser" library="Selenium2Library">
<doc>Opens a new browser instance to the given ``url``.</doc>
<arguments>
<arg>${ROOT}</arg>
<arg>${BROWSER}</arg>
</arguments>
<msg timestamp="20190517 10:39:58.382" level="INFO">Opening browser 'FireFox' to base url 'http://192.168.189.72/joomla/administrator/'.</msg>
<status status="PASS" starttime="20190517 10:39:58.382" endtime="20190517 10:40:05.527"></status>
</kw>
<kw name="Maximize Browser Window" library="Selenium2Library">
<doc>Maximizes current browser window.</doc>
<status status="PASS" starttime="20190517 10:40:05.527" endtime="20190517 10:40:05.527"></status>
</kw>
<status status="PASS" starttime="20190517 10:39:58.382" endtime="20190517 10:40:05.527"></status>
</kw>
<test id="s1-s1-s1-s1-t1" name="TC05 - Verify That Admin Can Add A New Category">
<kw name="Generate Random String" library="String">
<doc>Generates a string with a desired ``length`` from the given ``chars``.</doc>
<arguments>
<arg>12</arg>
<arg>[LETTERS]</arg>
</arguments>
<assign>
<var>${CATEGORY_ALIAS}</var>
</assign>
<msg timestamp="20190517 10:40:05.535" level="INFO">${CATEGORY_ALIAS} = UycAJuBYzRgE</msg>
<status status="PASS" starttime="20190517 10:40:05.534" endtime="20190517 10:40:05.535"></status>
</kw>
<kw name="Generate Random String" library="String">
<doc>Generates a string with a desired ``length`` from the given ``chars``.</doc>
<arguments>
<arg>12</arg>
<arg>[LETTERS]</arg>
</arguments>
<assign>
<var>${CATEGORY_TITLE}</var>
</assign>
<msg timestamp="20190517 10:40:05.535" level="INFO">${CATEGORY_TITLE} = BcvXwwYSXniQ</msg>
<status status="PASS" starttime="20190517 10:40:05.535" endtime="20190517 10:40:05.536"></status>
</kw>
<kw name="Login Admin Site" library="AdminLoginPage">
<arguments>
<arg>${USERNAME}</arg>
<arg>${PASSWORD}</arg>
</arguments>
<kw name="Log To Console" library="BuiltIn">
<doc>Logs the given message to the console.</doc>
<arguments>
<arg>Login to Joomla</arg>
</arguments>
<status status="PASS" starttime="20190517 10:40:05.536" endtime="20190517 10:40:05.536"></status>
</kw>
<kw name="Input Text" library="Selenium2Library">
<doc>Types the given ``text`` into text field identified by ``locator``.</doc>
<arguments>
<arg>${txt_username}</arg>
<arg>${arg_username}</arg>
</arguments>
<msg timestamp="20190517 10:40:05.536" level="INFO">Typing text 'admin' into text field 'id=mod-login-username'.</msg>
<status status="PASS" starttime="20190517 10:40:05.536" endtime="20190517 10:40:05.568"></status>
</kw>
<kw name="Input Text" library="Selenium2Library">
<doc>Types the given ``text`` into text field identified by ``locator``.</doc>
<arguments>
<arg>${txt_password}</arg>
<arg>${arg_password}</arg>
</arguments>
<msg timestamp="20190517 10:40:05.568" level="INFO">Typing text '123456789' into text field 'id=mod-login-password'.</msg>
<status status="PASS" starttime="20190517 10:40:05.568" endtime="20190517 10:40:05.612"></status>
</kw>
<kw name="Click Button" library="Selenium2Library">
<doc>Clicks button identified by ``locator``.</doc>
<arguments>
<arg>${btn_login}</arg>
</arguments>
<msg timestamp="20190517 10:40:05.612" level="INFO">Clicking button 'xpath=//div[@class="btn-group"]/button[@class="btn btn-primary btn-block btn-large login-button"]'.</msg>
<status status="PASS" starttime="20190517 10:40:05.612" endtime="20190517 10:40:06.662"></status>
</kw>
<status status="PASS" starttime="20190517 10:40:05.536" endtime="20190517 10:40:06.662"></status>
</kw>
<kw name="Go To Add New Category Page" library="AdminCategoryPage">
<kw name="Select Sidebar Menu" library="AdminHomePage">
<arguments>
<arg>${lbl_categories}</arg>
</arguments>
<kw name="Click Element" library="Selenium2Library">
<doc>Click element identified by ``locator``.</doc>
<arguments>
<arg>${arg_page}</arg>
</arguments>
<msg timestamp="20190517 10:40:06.662" level="INFO">Clicking element 'xpath=//div[@class="span3"]//a[span[contains(text(), "Categories")]]'.</msg>
<status status="PASS" starttime="20190517 10:40:06.662" endtime="20190517 10:40:07.232"></status>
</kw>
<status status="PASS" starttime="20190517 10:40:06.662" endtime="20190517 10:40:07.232"></status>
</kw>
<status status="PASS" starttime="20190517 10:40:06.662" endtime="20190517 10:40:07.232"></status>
</kw>
<kw name="Add New Category" library="AdminCategoryPage">
<arguments>
<arg>${CATEGORY_TITLE}</arg>
<arg>${CATEGORY_CONTENT}</arg>
<arg>${CATEGORY_ALIAS}</arg>
</arguments>
<kw name="Click Element" library="Selenium2Library">
<doc>Click element identified by ``locator``.</doc>
<arguments>
<arg>${lbl_categories_new}</arg>
</arguments>
<msg timestamp="20190517 10:40:07.232" level="INFO">Clicking element 'xpath=//div[@class="btn-wrapper"]//button//span[@class="icon-new icon-white"]'.</msg>
<status status="PASS" starttime="20190517 10:40:07.232" endtime="20190517 10:40:08.666"></status>
</kw>
<kw name="Input Text" library="Selenium2Library">
<doc>Types the given ``text`` into text field identified by ``locator``.</doc>
<arguments>
<arg>${txt_categories_title}</arg>
<arg>${arg_categories_title}</arg>
</arguments>
<msg timestamp="20190517 10:40:08.668" level="INFO">Typing text 'BcvXwwYSXniQ' into text field 'id=jform_title'.</msg>
<status status="PASS" starttime="20190517 10:40:08.667" endtime="20190517 10:40:08.707"></status>
</kw>
<kw name="Input Text" library="Selenium2Library">
<doc>Types the given ``text`` into text field identified by ``locator``.</doc>
<arguments>
<arg>${txt_categories_title_alias}</arg>
<arg>${arg_categories_alias}</arg>
</arguments>
<msg timestamp="20190517 10:40:08.707" level="INFO">Typing text 'UycAJuBYzRgE' into text field 'id=jform_alias'.</msg>
<status status="PASS" starttime="20190517 10:40:08.707" endtime="20190517 10:40:08.739"></status>
</kw>
<kw name="Select Frame" library="Selenium2Library">
<doc>Sets frame identified by ``locator`` as the current frame.</doc>
<arguments>
<arg>${ifr_categories_content}</arg>
</arguments>
<msg timestamp="20190517 10:40:08.739" level="INFO">Selecting frame 'xpath=//iframe[contains(@id,'jform_description_ifr')]'.</msg>
<status status="PASS" starttime="20190517 10:40:08.739" endtime="20190517 10:40:08.749"></status>
</kw>
<kw name="Input Text" library="Selenium2Library">
<doc>Types the given ``text`` into text field identified by ``locator``.</doc>
<arguments>
<arg>${txt_categories_content}</arg>
<arg>${arg_categories_content}</arg>
</arguments>
<msg timestamp="20190517 10:40:08.750" level="INFO">Typing text 'Many years ago Seth Green decided to take his love of action figures and combine it with one of his major passions: stop-motion animation. The idea for Cartoon Network's late-night animated series "Robot Chicken" was born and the animation world suddenly changed.' into text field 'id=tinymce'.</msg>
<status status="PASS" starttime="20190517 10:40:08.749" endtime="20190517 10:40:09.039"></status>
</kw>
<kw name="Unselect Frame" library="Selenium2Library">
<doc>Sets the main frame as the current frame.</doc>
<status status="PASS" starttime="20190517 10:40:09.040" endtime="20190517 10:40:09.052"></status>
</kw>
<kw name="Click Button" library="Selenium2Library">
<doc>Clicks button identified by ``locator``.</doc>
<arguments>
<arg>${btn_categories_save_close}</arg>
</arguments>
<msg timestamp="20190517 10:40:09.053" level="INFO">Clicking button 'xpath=//div[@class="btn-toolbar"]//div[@class="btn-wrapper"]//button[@class="btn btn-small button-save"]'.</msg>
<status status="PASS" starttime="20190517 10:40:09.053" endtime="20190517 10:40:13.123"></status>
</kw>
<status status="PASS" starttime="20190517 10:40:07.232" endtime="20190517 10:40:13.124"></status>
</kw>
<kw name="${i} IN RANGE [ 999999 ]" type="for">
<kw name="${i} = 0" type="foritem">
<kw name="Exit For Loop If" library="BuiltIn">
<doc>Stops executing the enclosing for loop if the ``condition`` is true.</doc>
<arguments>
<arg>${i} == 0</arg>
</arguments>
<msg timestamp="20190517 10:40:13.153" level="INFO">Exiting for loop altogether.</msg>
<status status="PASS" starttime="20190517 10:40:13.143" endtime="20190517 10:40:13.154"></status>
</kw>
<status status="PASS" starttime="20190517 10:40:13.142" endtime="20190517 10:40:13.154"></status>
</kw>
<status status="PASS" starttime="20190517 10:40:13.124" endtime="20190517 10:40:13.169"></status>
</kw>
<kw name="Check Message" library="AdminHomePage">
<arguments>
<arg>${TXT_ADD_MESSAGE_EXPECTED}</arg>
</arguments>
<kw name="Element Text Should Be" library="Selenium2Library">
<doc>Verifies that element ``locator`` contains exact text ``expected``.</doc>
<arguments>
<arg>${hed_header_message}</arg>
<arg>Message</arg>
</arguments>
<msg timestamp="20190517 10:40:13.170" level="INFO">Verifying element 'xpath=//div[@class="alert alert-success"]/h4[@class="alert-heading"]' contains exact text 'Message'.</msg>
<status status="PASS" starttime="20190517 10:40:13.170" endtime="20190517 10:40:13.189"></status>
</kw>
<kw name="Element Text Should Be" library="Selenium2Library">
<doc>Verifies that element ``locator`` contains exact text ``expected``.</doc>
<arguments>
<arg>${lbl_message}</arg>
<arg>${arg_expected_message}</arg>
</arguments>
<msg timestamp="20190517 10:40:13.190" level="INFO">Verifying element 'xpath=//div[@class="alert alert-success"]/div[@class="alert-message"]' contains exact text 'Category saved.'.</msg>
<status status="PASS" starttime="20190517 10:40:13.190" endtime="20190517 10:40:13.203"></status>
</kw>
<status status="PASS" starttime="20190517 10:40:13.169" endtime="20190517 10:40:13.203"></status>
</kw>
<kw name="Check Add New Category Sucessfully" library="AdminCategoryPage">
<arguments>
<arg>${CATEGORY_TITLE}</arg>
</arguments>
<kw name="Format String" library="String">
<doc>Formats a ``template`` using the given ``positional`` and ``named`` arguments.</doc>
<arguments>
<arg>${xph_categories_title}</arg>
<arg>${arg_categories_check_title}</arg>
</arguments>
<assign>
<var>${check_title}</var>
</assign>
<msg timestamp="20190517 10:40:13.204" level="INFO">${check_title} = xpath=//table[@id="categoryList"]//a[contains(text(),"BcvXwwYSXniQ")]</msg>
<status status="PASS" starttime="20190517 10:40:13.204" endtime="20190517 10:40:13.205"></status>
</kw>
<kw name="Element Should Be Visible" library="Selenium2Library">
<doc>Verifies that the element identified by ``locator`` is visible.</doc>
<arguments>
<arg>${check_title}</arg>
</arguments>
<msg timestamp="20190517 10:40:13.230" level="INFO">Element 'xpath=//table[@id="categoryList"]//a[contains(text(),"BcvXwwYSXniQ")]' is displayed.</msg>
<status status="PASS" starttime="20190517 10:40:13.205" endtime="20190517 10:40:13.230"></status>
</kw>
<status status="PASS" starttime="20190517 10:40:13.204" endtime="20190517 10:40:13.230"></status>
</kw>
<kw name="Delete A Category" library="AdminCategoryPage">
<kw name="Select Checkbox" library="Selenium2Library">
<doc>Selects checkbox identified by ``locator``.</doc>
<arguments>
<arg>${cbb_categories_box}</arg>
</arguments>
<msg timestamp="20190517 10:40:13.231" level="INFO">Selecting checkbox 'xpath=//table[@id="categoryList"]/tbody[@class="ui-sortable"]/tr[last()]/td//input[@name="cid[]"]'.</msg>
<status status="PASS" starttime="20190517 10:40:13.231" endtime="20190517 10:40:13.488"></status>
</kw>
<kw name="Click Element" library="Selenium2Library">
<doc>Click element identified by ``locator``.</doc>
<arguments>
<arg>${btn_categories_trash}</arg>
</arguments>
<msg timestamp="20190517 10:40:13.488" level="INFO">Clicking element 'xpath=//button[@class="btn btn-small button-trash"]'.</msg>
<status status="PASS" starttime="20190517 10:40:13.488" endtime="20190517 10:40:14.459"></status>
</kw>
<status status="PASS" starttime="20190517 10:40:13.231" endtime="20190517 10:40:14.459"></status>
</kw>
<kw name="${i} IN RANGE [ 999999 ]" type="for">
<kw name="${i} = 0" type="foritem">
<kw name="Exit For Loop If" library="BuiltIn">
<doc>Stops executing the enclosing for loop if the ``condition`` is true.</doc>
<arguments>
<arg>${i} == 0</arg>
</arguments>
<msg timestamp="20190517 10:40:14.474" level="INFO">Exiting for loop altogether.</msg>
<status status="PASS" starttime="20190517 10:40:14.474" endtime="20190517 10:40:14.474"></status>
</kw>
<status status="PASS" starttime="20190517 10:40:14.474" endtime="20190517 10:40:14.474"></status>
</kw>
<status status="PASS" starttime="20190517 10:40:14.459" endtime="20190517 10:40:14.490"></status>
</kw>
<kw name="Logout Admin Site" library="AdminHomePage">
<kw name="Click Element" library="Selenium2Library">
<doc>Click element identified by ``locator``.</doc>
<arguments>
<arg>${icn_user}</arg>
</arguments>
<msg timestamp="20190517 10:40:14.490" level="INFO">Clicking element 'xpath=//a/span[@class="icon-user"]'.</msg>
<status status="PASS" starttime="20190517 10:40:14.490" endtime="20190517 10:40:14.743"></status>
</kw>
<kw name="Wait Until Element Is Visible" library="Selenium2Library">
<doc>Waits until element ``locator`` is visible.</doc>
<arguments>
<arg>${lbl_logout}</arg>
</arguments>
<status status="PASS" starttime="20190517 10:40:14.743" endtime="20190517 10:40:14.775"></status>
</kw>
<kw name="Click Element" library="Selenium2Library">
<doc>Click element identified by ``locator``.</doc>
<arguments>
<arg>${lbl_logout}</arg>
</arguments>
<msg timestamp="20190517 10:40:14.775" level="INFO">Clicking element 'xpath=//ul[@class="nav nav-user pull-right nav-hover"]//a[text()="Logout"]'.</msg>
<status status="PASS" starttime="20190517 10:40:14.775" endtime="20190517 10:40:15.577"></status>
</kw>
<status status="PASS" starttime="20190517 10:40:14.490" endtime="20190517 10:40:15.577"></status>
</kw>
<kw name="Uppercase String" library="Uppercase">
<arguments>
<arg>Ta*thi*An</arg>
<arg>*</arg>
</arguments>
<msg timestamp="20190517 10:40:15.577" level="INFO">TA*THI*AN</msg>
<status status="PASS" starttime="20190517 10:40:15.577" endtime="20190517 10:40:15.577"></status>
</kw>
<tags>
<tag>Smoke Test</tag>
</tags>
<status status="PASS" starttime="20190517 10:40:05.527" endtime="20190517 10:40:15.577" critical="yes"></status>
</test>
<test id="s1-s1-s1-s1-t2" name="TC06 - Verify That Admin Can Edit Category Information">
<kw name="Generate Random String" library="String">
<doc>Generates a string with a desired ``length`` from the given ``chars``.</doc>
<arguments>
<arg>12</arg>
<arg>[LETTERS]</arg>
</arguments>
<assign>
<var>${CATEGORY_EDIT_CONTENT}</var>
</assign>
<msg timestamp="20190517 10:40:15.587" level="INFO">${CATEGORY_EDIT_CONTENT} = WlsxVGvZBSaG</msg>
<status status="PASS" starttime="20190517 10:40:15.587" endtime="20190517 10:40:15.588"></status>
</kw>
<kw name="Generate Random String" library="String">
<doc>Generates a string with a desired ``length`` from the given ``chars``.</doc>
<arguments>
<arg>12</arg>
<arg>[LETTERS]</arg>
</arguments>
<assign>
<var>${CATEGORY_EDIT_TITLE}</var>
</assign>
<msg timestamp="20190517 10:40:15.588" level="INFO">${CATEGORY_EDIT_TITLE} = HtUxXgHJvJkI</msg>
<status status="PASS" starttime="20190517 10:40:15.588" endtime="20190517 10:40:15.588"></status>
</kw>
<kw name="Generate Random String" library="String">
<doc>Generates a string with a desired ``length`` from the given ``chars``.</doc>
<arguments>
<arg>12</arg>
<arg>[LETTERS]</arg>
</arguments>
<assign>
<var>${CATEGORY_ALIAS}</var>
</assign>
<msg timestamp="20190517 10:40:15.588" level="INFO">${CATEGORY_ALIAS} = HXWWmBrcyqXh</msg>
<status status="PASS" starttime="20190517 10:40:15.588" endtime="20190517 10:40:15.588"></status>
</kw>
<kw name="Generate Random String" library="String">
<doc>Generates a string with a desired ``length`` from the given ``chars``.</doc>
<arguments>
<arg>12</arg>
<arg>[LETTERS]</arg>
</arguments>
<assign>
<var>${CATEGORY_TITLE}</var>
</assign>
<msg timestamp="20190517 10:40:15.588" level="INFO">${CATEGORY_TITLE} = ryZJiZOECdzw</msg>
<status status="PASS" starttime="20190517 10:40:15.588" endtime="20190517 10:40:15.588"></status>
</kw>
<kw name="Login Admin Site" library="AdminLoginPage">
<arguments>
<arg>${USERNAME}</arg>
<arg>${PASSWORD}</arg>
</arguments>
<kw name="Log To Console" library="BuiltIn">
<doc>Logs the given message to the console.</doc>
<arguments>
<arg>Login to Joomla</arg>
</arguments>
<status status="PASS" starttime="20190517 10:40:15.588" endtime="20190517 10:40:15.588"></status>
</kw>
<kw name="Input Text" library="Selenium2Library">
<doc>Types the given ``text`` into text field identified by ``locator``.</doc>
<arguments>
<arg>${txt_username}</arg>
<arg>${arg_username}</arg>
</arguments>
<msg timestamp="20190517 10:40:15.588" level="INFO">Typing text 'admin' into text field 'id=mod-login-username'.</msg>
<status status="PASS" starttime="20190517 10:40:15.588" endtime="20190517 10:40:15.614"></status>
</kw>
<kw name="Input Text" library="Selenium2Library">
<doc>Types the given ``text`` into text field identified by ``locator``.</doc>
<arguments>
<arg>${txt_password}</arg>
<arg>${arg_password}</arg>
</arguments>
<msg timestamp="20190517 10:40:15.614" level="INFO">Typing text '123456789' into text field 'id=mod-login-password'.</msg>
<status status="PASS" starttime="20190517 10:40:15.614" endtime="20190517 10:40:15.645"></status>
</kw>
<kw name="Click Button" library="Selenium2Library">
<doc>Clicks button identified by ``locator``.</doc>
<arguments>
<arg>${btn_login}</arg>
</arguments>
<msg timestamp="20190517 10:40:15.645" level="INFO">Clicking button 'xpath=//div[@class="btn-group"]/button[@class="btn btn-primary btn-block btn-large login-button"]'.</msg>
<status status="PASS" starttime="20190517 10:40:15.645" endtime="20190517 10:40:16.664"></status>
</kw>
<status status="PASS" starttime="20190517 10:40:15.588" endtime="20190517 10:40:16.664"></status>
</kw>
<kw name="Go To Add New Category Page" library="AdminCategoryPage">
<kw name="Select Sidebar Menu" library="AdminHomePage">
<arguments>
<arg>${lbl_categories}</arg>
</arguments>
<kw name="Click Element" library="Selenium2Library">
<doc>Click element identified by ``locator``.</doc>
<arguments>
<arg>${arg_page}</arg>
</arguments>
<msg timestamp="20190517 10:40:16.664" level="INFO">Clicking element 'xpath=//div[@class="span3"]//a[span[contains(text(), "Categories")]]'.</msg>
<status status="PASS" starttime="20190517 10:40:16.664" endtime="20190517 10:40:17.150"></status>
</kw>
<status status="PASS" starttime="20190517 10:40:16.664" endtime="20190517 10:40:17.150"></status>
</kw>
<status status="PASS" starttime="20190517 10:40:16.664" endtime="20190517 10:40:17.150"></status>
</kw>
<kw name="Add New Category" library="AdminCategoryPage">
<arguments>
<arg>${CATEGORY_TITLE}</arg>
<arg>${CATEGORY_CONTENT}</arg>
<arg>${CATEGORY_ALIAS}</arg>
</arguments>
<kw name="Click Element" library="Selenium2Library">
<doc>Click element identified by ``locator``.</doc>
<arguments>
<arg>${lbl_categories_new}</arg>
</arguments>
<msg timestamp="20190517 10:40:17.150" level="INFO">Clicking element 'xpath=//div[@class="btn-wrapper"]//button//span[@class="icon-new icon-white"]'.</msg>
<status status="PASS" starttime="20190517 10:40:17.150" endtime="20190517 10:40:18.522"></status>
</kw>
<kw name="Input Text" library="Selenium2Library">
<doc>Types the given ``text`` into text field identified by ``locator``.</doc>
<arguments>
<arg>${txt_categories_title}</arg>
<arg>${arg_categories_title}</arg>
</arguments>
<msg timestamp="20190517 10:40:18.522" level="INFO">Typing text 'ryZJiZOECdzw' into text field 'id=jform_title'.</msg>
<status status="PASS" starttime="20190517 10:40:18.522" endtime="20190517 10:40:18.585"></status>
</kw>
<kw name="Input Text" library="Selenium2Library">
<doc>Types the given ``text`` into text field identified by ``locator``.</doc>
<arguments>
<arg>${txt_categories_title_alias}</arg>
<arg>${arg_categories_alias}</arg>
</arguments>
<msg timestamp="20190517 10:40:18.585" level="INFO">Typing text 'HXWWmBrcyqXh' into text field 'id=jform_alias'.</msg>
<status status="PASS" starttime="20190517 10:40:18.585" endtime="20190517 10:40:18.622"></status>
</kw>
<kw name="Select Frame" library="Selenium2Library">
<doc>Sets frame identified by ``locator`` as the current frame.</doc>
<arguments>
<arg>${ifr_categories_content}</arg>
</arguments>
<msg timestamp="20190517 10:40:18.622" level="INFO">Selecting frame 'xpath=//iframe[contains(@id,'jform_description_ifr')]'.</msg>
<status status="PASS" starttime="20190517 10:40:18.622" endtime="20190517 10:40:18.638"></status>
</kw>
<kw name="Input Text" library="Selenium2Library">
<doc>Types the given ``text`` into text field identified by ``locator``.</doc>
<arguments>
<arg>${txt_categories_content}</arg>
<arg>${arg_categories_content}</arg>
</arguments>
<msg timestamp="20190517 10:40:18.638" level="INFO">Typing text 'Many years ago Seth Green decided to take his love of action figures and combine it with one of his major passions: stop-motion animation. The idea for Cartoon Network's late-night animated series "Robot Chicken" was born and the animation world suddenly changed.' into text field 'id=tinymce'.</msg>
<status status="PASS" starttime="20190517 10:40:18.638" endtime="20190517 10:40:18.885"></status>
</kw>
<kw name="Unselect Frame" library="Selenium2Library">
<doc>Sets the main frame as the current frame.</doc>
<status status="PASS" starttime="20190517 10:40:18.885" endtime="20190517 10:40:18.923"></status>
</kw>
<kw name="Click Button" library="Selenium2Library">
<doc>Clicks button identified by ``locator``.</doc>
<arguments>
<arg>${btn_categories_save_close}</arg>
</arguments>
<msg timestamp="20190517 10:40:18.923" level="INFO">Clicking button 'xpath=//div[@class="btn-toolbar"]//div[@class="btn-wrapper"]//button[@class="btn btn-small button-save"]'.</msg>
<status status="PASS" starttime="20190517 10:40:18.923" endtime="20190517 10:40:22.171"></status>
</kw>
<status status="PASS" starttime="20190517 10:40:17.150" endtime="20190517 10:40:22.171"></status>
</kw>
<kw name="Go To Edit Category Page" library="AdminCategoryPage">
<kw name="Click Element" library="Selenium2Library">
<doc>Click element identified by ``locator``.</doc>
<arguments>
<arg>${lbl_categories_title}</arg>
</arguments>
<msg timestamp="20190517 10:40:22.171" level="INFO">Clicking element 'xpath=//table[@id="categoryList"]/tbody[@class="ui-sortable"]/tr[last()]/td//a[@class="hasTooltip"]'.</msg>
<status status="PASS" starttime="20190517 10:40:22.171" endtime="20190517 10:40:23.625"></status>
</kw>
<status status="PASS" starttime="20190517 10:40:22.171" endtime="20190517 10:40:23.625"></status>
</kw>
<kw name="Edit Category Information" library="AdminCategoryPage">
<arguments>
<arg>${CATEGORY_EDIT_TITLE}</arg>
<arg>${CATEGORY_EDIT_CONTENT}</arg>
</arguments>
<kw name="Input Text" library="Selenium2Library">
<doc>Types the given ``text`` into text field identified by ``locator``.</doc>
<arguments>
<arg>${txt_categories_title}</arg>
<arg>${arg_categories_title_edit}</arg>
</arguments>
<msg timestamp="20190517 10:40:23.625" level="INFO">Typing text 'HtUxXgHJvJkI' into text field 'id=jform_title'.</msg>
<status status="PASS" starttime="20190517 10:40:23.625" endtime="20190517 10:40:23.672"></status>
</kw>
<kw name="Select Frame" library="Selenium2Library">
<doc>Sets frame identified by ``locator`` as the current frame.</doc>
<arguments>
<arg>${ifr_categories_content}</arg>
</arguments>
<msg timestamp="20190517 10:40:23.672" level="INFO">Selecting frame 'xpath=//iframe[contains(@id,'jform_description_ifr')]'.</msg>
<status status="PASS" starttime="20190517 10:40:23.672" endtime="20190517 10:40:23.688"></status>
</kw>
<kw name="Input Text" library="Selenium2Library">
<doc>Types the given ``text`` into text field identified by ``locator``.</doc>
<arguments>
<arg>${txt_categories_content}</arg>
<arg>${arg_categories_content_edit}</arg>
</arguments>
<msg timestamp="20190517 10:40:23.688" level="INFO">Typing text 'WlsxVGvZBSaG' into text field 'id=tinymce'.</msg>
<status status="PASS" starttime="20190517 10:40:23.688" endtime="20190517 10:40:23.741"></status>
</kw>
<kw name="Unselect Frame" library="Selenium2Library">
<doc>Sets the main frame as the current frame.</doc>
<status status="PASS" starttime="20190517 10:40:23.741" endtime="20190517 10:40:23.757"></status>
</kw>
<kw name="Click Button" library="Selenium2Library">
<doc>Clicks button identified by ``locator``.</doc>
<arguments>
<arg>${btn_categories_save_close}</arg>
</arguments>
<msg timestamp="20190517 10:40:23.757" level="INFO">Clicking button 'xpath=//div[@class="btn-toolbar"]//div[@class="btn-wrapper"]//button[@class="btn btn-small button-save"]'.</msg>
<status status="PASS" starttime="20190517 10:40:23.757" endtime="20190517 10:40:25.531"></status>
</kw>
<status status="PASS" starttime="20190517 10:40:23.625" endtime="20190517 10:40:25.531"></status>
</kw>
<kw name="Check Message" library="AdminHomePage">
<arguments>
<arg>${TXT_ADD_MESSAGE_EXPECTED}</arg>
</arguments>
<kw name="Element Text Should Be" library="Selenium2Library">
<doc>Verifies that element ``locator`` contains exact text ``expected``.</doc>
<arguments>
<arg>${hed_header_message}</arg>
<arg>Message</arg>
</arguments>
<msg timestamp="20190517 10:40:25.531" level="INFO">Verifying element 'xpath=//div[@class="alert alert-success"]/h4[@class="alert-heading"]' contains exact text 'Message'.</msg>
<status status="PASS" starttime="20190517 10:40:25.531" endtime="20190517 10:40:25.547"></status>
</kw>
<kw name="Element Text Should Be" library="Selenium2Library">
<doc>Verifies that element ``locator`` contains exact text ``expected``.</doc>
<arguments>
<arg>${lbl_message}</arg>
<arg>${arg_expected_message}</arg>
</arguments>
<msg timestamp="20190517 10:40:25.547" level="INFO">Verifying element 'xpath=//div[@class="alert alert-success"]/div[@class="alert-message"]' contains exact text 'Category saved.'.</msg>
<status status="PASS" starttime="20190517 10:40:25.547" endtime="20190517 10:40:25.562"></status>
</kw>
<status status="PASS" starttime="20190517 10:40:25.531" endtime="20190517 10:40:25.562"></status>
</kw>
<kw name="Check Edit Category Sucessfully" library="AdminCategoryPage">
<arguments>
<arg>${CATEGORY_EDIT_TITLE}</arg>
</arguments>
<kw name="Format String" library="String">
<doc>Formats a ``template`` using the given ``positional`` and ``named`` arguments.</doc>
<arguments>
<arg>${xph_categories_title}</arg>
<arg>${arg_categories_check_edit_title}</arg>
</arguments>
<assign>
<var>${check_edit}</var>
</assign>
<msg timestamp="20190517 10:40:25.562" level="INFO">${check_edit} = xpath=//table[@id="categoryList"]//a[contains(text(),"HtUxXgHJvJkI")]</msg>
<status status="PASS" starttime="20190517 10:40:25.562" endtime="20190517 10:40:25.562"></status>
</kw>
<kw name="Element Should Be Visible" library="Selenium2Library">
<doc>Verifies that the element identified by ``locator`` is visible.</doc>
<arguments>
<arg>${check_edit}</arg>
</arguments>
<msg timestamp="20190517 10:40:25.594" level="INFO">Element 'xpath=//table[@id="categoryList"]//a[contains(text(),"HtUxXgHJvJkI")]' is displayed.</msg>
<status status="PASS" starttime="20190517 10:40:25.562" endtime="20190517 10:40:25.594"></status>
</kw>
<status status="PASS" starttime="20190517 10:40:25.562" endtime="20190517 10:40:25.594"></status>
</kw>
<kw name="Delete A Category" library="AdminCategoryPage">
<kw name="Select Checkbox" library="Selenium2Library">
<doc>Selects checkbox identified by ``locator``.</doc>
<arguments>
<arg>${cbb_categories_box}</arg>
</arguments>
<msg timestamp="20190517 10:40:25.594" level="INFO">Selecting checkbox 'xpath=//table[@id="categoryList"]/tbody[@class="ui-sortable"]/tr[last()]/td//input[@name="cid[]"]'.</msg>
<status status="PASS" starttime="20190517 10:40:25.594" endtime="20190517 10:40:25.847"></status>
</kw>
<kw name="Click Element" library="Selenium2Library">
<doc>Click element identified by ``locator``.</doc>
<arguments>
<arg>${btn_categories_trash}</arg>
</arguments>
<msg timestamp="20190517 10:40:25.847" level="INFO">Clicking element 'xpath=//button[@class="btn btn-small button-trash"]'.</msg>
<status status="PASS" starttime="20190517 10:40:25.847" endtime="20190517 10:40:27.629"></status>
</kw>
<status status="PASS" starttime="20190517 10:40:25.594" endtime="20190517 10:40:27.629"></status>
</kw>
<kw name="Logout Admin Site" library="AdminHomePage">
<kw name="Click Element" library="Selenium2Library">
<doc>Click element identified by ``locator``.</doc>
<arguments>
<arg>${icn_user}</arg>
</arguments>
<msg timestamp="20190517 10:40:27.629" level="INFO">Clicking element 'xpath=//a/span[@class="icon-user"]'.</msg>
<status status="PASS" starttime="20190517 10:40:27.629" endtime="20190517 10:40:27.883"></status>
</kw>
<kw name="Wait Until Element Is Visible" library="Selenium2Library">
<doc>Waits until element ``locator`` is visible.</doc>
<arguments>
<arg>${lbl_logout}</arg>
</arguments>
<status status="PASS" starttime="20190517 10:40:27.883" endtime="20190517 10:40:27.936"></status>
</kw>
<kw name="Click Element" library="Selenium2Library">
<doc>Click element identified by ``locator``.</doc>
<arguments>
<arg>${lbl_logout}</arg>
</arguments>
<msg timestamp="20190517 10:40:27.936" level="INFO">Clicking element 'xpath=//ul[@class="nav nav-user pull-right nav-hover"]//a[text()="Logout"]'.</msg>
<status status="PASS" starttime="20190517 10:40:27.936" endtime="20190517 10:40:28.515"></status>
</kw>
<status status="PASS" starttime="20190517 10:40:27.629" endtime="20190517 10:40:28.515"></status>
</kw>
<tags>
<tag>Smoke Test</tag>
</tags>
<status status="PASS" starttime="20190517 10:40:15.577" endtime="20190517 10:40:28.515" critical="yes"></status>
</test>
<test id="s1-s1-s1-s1-t3" name="TC07 - Verify That Admin Can Delete A New Category">
<kw name="Generate Random String" library="String">
<doc>Generates a string with a desired ``length`` from the given ``chars``.</doc>
<arguments>
<arg>12</arg>
<arg>[LETTERS]</arg>
</arguments>
<assign>
<var>${CATEGORY_ALIAS}</var>
</assign>
<msg timestamp="20190517 10:40:28.515" level="INFO">${CATEGORY_ALIAS} = iPNlLtRpTBGW</msg>
<status status="PASS" starttime="20190517 10:40:28.515" endtime="20190517 10:40:28.515"></status>
</kw>
<kw name="Generate Random String" library="String">
<doc>Generates a string with a desired ``length`` from the given ``chars``.</doc>
<arguments>
<arg>12</arg>
<arg>[LETTERS]</arg>
</arguments>
<assign>
<var>${CATEGORY_TITLE}</var>
</assign>
<msg timestamp="20190517 10:40:28.526" level="INFO">${CATEGORY_TITLE} = ISVBAIJnZUbg</msg>
<status status="PASS" starttime="20190517 10:40:28.515" endtime="20190517 10:40:28.526"></status>
</kw>
<kw name="Login Admin Site" library="AdminLoginPage">
<arguments>
<arg>${USERNAME}</arg>
<arg>${PASSWORD}</arg>
</arguments>
<kw name="Log To Console" library="BuiltIn">
<doc>Logs the given message to the console.</doc>
<arguments>
<arg>Login to Joomla</arg>
</arguments>
<status status="PASS" starttime="20190517 10:40:28.527" endtime="20190517 10:40:28.527"></status>
</kw>
<kw name="Input Text" library="Selenium2Library">
<doc>Types the given ``text`` into text field identified by ``locator``.</doc>
<arguments>
<arg>${txt_username}</arg>
<arg>${arg_username}</arg>
</arguments>
<msg timestamp="20190517 10:40:28.528" level="INFO">Typing text 'admin' into text field 'id=mod-login-username'.</msg>
<status status="PASS" starttime="20190517 10:40:28.528" endtime="20190517 10:40:28.553"></status>
</kw>
<kw name="Input Text" library="Selenium2Library">
<doc>Types the given ``text`` into text field identified by ``locator``.</doc>
<arguments>
<arg>${txt_password}</arg>
<arg>${arg_password}</arg>
</arguments>
<msg timestamp="20190517 10:40:28.553" level="INFO">Typing text '123456789' into text field 'id=mod-login-password'.</msg>
<status status="PASS" starttime="20190517 10:40:28.553" endtime="20190517 10:40:28.589"></status>
</kw>
<kw name="Click Button" library="Selenium2Library">
<doc>Clicks button identified by ``locator``.</doc>
<arguments>
<arg>${btn_login}</arg>
</arguments>
<msg timestamp="20190517 10:40:28.589" level="INFO">Clicking button 'xpath=//div[@class="btn-group"]/button[@class="btn btn-primary btn-block btn-large login-button"]'.</msg>
<status status="PASS" starttime="20190517 10:40:28.589" endtime="20190517 10:40:29.638"></status>
</kw>
<status status="PASS" starttime="20190517 10:40:28.526" endtime="20190517 10:40:29.638"></status>
</kw>
<kw name="Go To Add New Category Page" library="AdminCategoryPage">
<kw name="Select Sidebar Menu" library="AdminHomePage">
<arguments>
<arg>${lbl_categories}</arg>
</arguments>
<kw name="Click Element" library="Selenium2Library">
<doc>Click element identified by ``locator``.</doc>
<arguments>
<arg>${arg_page}</arg>
</arguments>
<msg timestamp="20190517 10:40:29.638" level="INFO">Clicking element 'xpath=//div[@class="span3"]//a[span[contains(text(), "Categories")]]'.</msg>
<status status="PASS" starttime="20190517 10:40:29.638" endtime="20190517 10:40:30.101"></status>
</kw>
<status status="PASS" starttime="20190517 10:40:29.638" endtime="20190517 10:40:30.101"></status>
</kw>
<status status="PASS" starttime="20190517 10:40:29.638" endtime="20190517 10:40:30.101"></status>
</kw>
<kw name="Add New Category" library="AdminCategoryPage">
<arguments>
<arg>${CATEGORY_TITLE}</arg>
<arg>${CATEGORY_CONTENT}</arg>
<arg>${CATEGORY_ALIAS}</arg>
</arguments>
<kw name="Click Element" library="Selenium2Library">
<doc>Click element identified by ``locator``.</doc>
<arguments>
<arg>${lbl_categories_new}</arg>
</arguments>
<msg timestamp="20190517 10:40:30.101" level="INFO">Clicking element 'xpath=//div[@class="btn-wrapper"]//button//span[@class="icon-new icon-white"]'.</msg>
<status status="PASS" starttime="20190517 10:40:30.101" endtime="20190517 10:40:31.341"></status>
</kw>
<kw name="Input Text" library="Selenium2Library">
<doc>Types the given ``text`` into text field identified by ``locator``.</doc>
<arguments>
<arg>${txt_categories_title}</arg>
<arg>${arg_categories_title}</arg>
</arguments>
<msg timestamp="20190517 10:40:31.341" level="INFO">Typing text 'ISVBAIJnZUbg' into text field 'id=jform_title'.</msg>
<status status="PASS" starttime="20190517 10:40:31.341" endtime="20190517 10:40:31.404"></status>
</kw>
<kw name="Input Text" library="Selenium2Library">
<doc>Types the given ``text`` into text field identified by ``locator``.</doc>
<arguments>
<arg>${txt_categories_title_alias}</arg>
<arg>${arg_categories_alias}</arg>
</arguments>
<msg timestamp="20190517 10:40:31.404" level="INFO">Typing text 'iPNlLtRpTBGW' into text field 'id=jform_alias'.</msg>
<status status="PASS" starttime="20190517 10:40:31.404" endtime="20190517 10:40:31.441"></status>
</kw>
<kw name="Select Frame" library="Selenium2Library">
<doc>Sets frame identified by ``locator`` as the current frame.</doc>
<arguments>
<arg>${ifr_categories_content}</arg>
</arguments>
<msg timestamp="20190517 10:40:31.441" level="INFO">Selecting frame 'xpath=//iframe[contains(@id,'jform_description_ifr')]'.</msg>
<status status="PASS" starttime="20190517 10:40:31.441" endtime="20190517 10:40:31.441"></status>
</kw>
<kw name="Input Text" library="Selenium2Library">
<doc>Types the given ``text`` into text field identified by ``locator``.</doc>
<arguments>
<arg>${txt_categories_content}</arg>
<arg>${arg_categories_content}</arg>
</arguments>
<msg timestamp="20190517 10:40:31.441" level="INFO">Typing text 'Many years ago Seth Green decided to take his love of action figures and combine it with one of his major passions: stop-motion animation. The idea for Cartoon Network's late-night animated series "Robot Chicken" was born and the animation world suddenly changed.' into text field 'id=tinymce'.</msg>
<status status="PASS" starttime="20190517 10:40:31.441" endtime="20190517 10:40:31.720"></status>
</kw>
<kw name="Unselect Frame" library="Selenium2Library">
<doc>Sets the main frame as the current frame.</doc>
<status status="PASS" starttime="20190517 10:40:31.720" endtime="20190517 10:40:31.758"></status>
</kw>
<kw name="Click Button" library="Selenium2Library">
<doc>Clicks button identified by ``locator``.</doc>
<arguments>
<arg>${btn_categories_save_close}</arg>
</arguments>
<msg timestamp="20190517 10:40:31.758" level="INFO">Clicking button 'xpath=//div[@class="btn-toolbar"]//div[@class="btn-wrapper"]//button[@class="btn btn-small button-save"]'.</msg>
<status status="PASS" starttime="20190517 10:40:31.758" endtime="20190517 10:40:34.728"></status>
</kw>
<status status="PASS" starttime="20190517 10:40:30.101" endtime="20190517 10:40:34.728"></status>
</kw>
<kw name="Delete A Category" library="AdminCategoryPage">
<kw name="Select Checkbox" library="Selenium2Library">
<doc>Selects checkbox identified by ``locator``.</doc>
<arguments>
<arg>${cbb_categories_box}</arg>
</arguments>
<msg timestamp="20190517 10:40:34.728" level="INFO">Selecting checkbox 'xpath=//table[@id="categoryList"]/tbody[@class="ui-sortable"]/tr[last()]/td//input[@name="cid[]"]'.</msg>
<status status="PASS" starttime="20190517 10:40:34.728" endtime="20190517 10:40:34.982"></status>
</kw>
<kw name="Click Element" library="Selenium2Library">
<doc>Click element identified by ``locator``.</doc>
<arguments>
<arg>${btn_categories_trash}</arg>
</arguments>
<msg timestamp="20190517 10:40:34.982" level="INFO">Clicking element 'xpath=//button[@class="btn btn-small button-trash"]'.</msg>
<status status="PASS" starttime="20190517 10:40:34.982" endtime="20190517 10:40:36.584"></status>
</kw>
<status status="PASS" starttime="20190517 10:40:34.728" endtime="20190517 10:40:36.584"></status>
</kw>
<kw name="Check Message" library="AdminHomePage">
<arguments>
<arg>${TXT_EDIT_MESSAGE_EXPECTED}</arg>
</arguments>
<kw name="Element Text Should Be" library="Selenium2Library">
<doc>Verifies that element ``locator`` contains exact text ``expected``.</doc>
<arguments>
<arg>${hed_header_message}</arg>
<arg>Message</arg>
</arguments>
<msg timestamp="20190517 10:40:36.584" level="INFO">Verifying element 'xpath=//div[@class="alert alert-success"]/h4[@class="alert-heading"]' contains exact text 'Message'.</msg>
<status status="PASS" starttime="20190517 10:40:36.584" endtime="20190517 10:40:36.599"></status>
</kw>
<kw name="Element Text Should Be" library="Selenium2Library">
<doc>Verifies that element ``locator`` contains exact text ``expected``.</doc>
<arguments>
<arg>${lbl_message}</arg>
<arg>${arg_expected_message}</arg>
</arguments>
<msg timestamp="20190517 10:40:36.599" level="INFO">Verifying element 'xpath=//div[@class="alert alert-success"]/div[@class="alert-message"]' contains exact text '1 category trashed.'.</msg>
<status status="PASS" starttime="20190517 10:40:36.599" endtime="20190517 10:40:36.599"></status>
</kw>
<status status="PASS" starttime="20190517 10:40:36.584" endtime="20190517 10:40:36.599"></status>
</kw>
<kw name="Check Delete Category Successfully" library="AdminCategoryPage">
<arguments>
<arg>${CATEGORY_ALIAS}</arg>
</arguments>
<kw name="Page Should Not Contain" library="Selenium2Library">
<doc>Verifies the current page does not contain ``text``.</doc>
<arguments>
<arg>${arg_categories_check_alias}</arg>
</arguments>
<msg timestamp="20190517 10:40:36.615" level="INFO">Current page does not contain text 'iPNlLtRpTBGW'.</msg>
<status status="PASS" starttime="20190517 10:40:36.599" endtime="20190517 10:40:36.615"></status>
</kw>
<status status="PASS" starttime="20190517 10:40:36.599" endtime="20190517 10:40:36.615"></status>
</kw>
<kw name="Logout Admin Site" library="AdminHomePage">
<kw name="Click Element" library="Selenium2Library">
<doc>Click element identified by ``locator``.</doc>
<arguments>
<arg>${icn_user}</arg>
</arguments>
<msg timestamp="20190517 10:40:36.615" level="INFO">Clicking element 'xpath=//a/span[@class="icon-user"]'.</msg>
<status status="PASS" starttime="20190517 10:40:36.615" endtime="20190517 10:40:36.868"></status>
</kw>
<kw name="Wait Until Element Is Visible" library="Selenium2Library">
<doc>Waits until element ``locator`` is visible.</doc>
<arguments>
<arg>${lbl_logout}</arg>
</arguments>
<status status="PASS" starttime="20190517 10:40:36.868" endtime="20190517 10:40:36.899"></status>
</kw>
<kw name="Click Element" library="Selenium2Library">
<doc>Click element identified by ``locator``.</doc>
<arguments>
<arg>${lbl_logout}</arg>
</arguments>
<msg timestamp="20190517 10:40:36.899" level="INFO">Clicking element 'xpath=//ul[@class="nav nav-user pull-right nav-hover"]//a[text()="Logout"]'.</msg>
<status status="PASS" starttime="20190517 10:40:36.899" endtime="20190517 10:40:37.968"></status>
</kw>
<status status="PASS" starttime="20190517 10:40:36.615" endtime="20190517 10:40:37.968"></status>
</kw>
<tags>
<tag>Integration</tag>
</tags>
<status status="PASS" starttime="20190517 10:40:28.515" endtime="20190517 10:40:37.968" critical="yes"></status>
</test>
<test id="s1-s1-s1-s1-t4" name="TC08 - Verify That Admin Can Unpublish A Category">
<kw name="Generate Random String" library="String">
<doc>Generates a string with a desired ``length`` from the given ``chars``.</doc>
<arguments>
<arg>12</arg>
<arg>[LETTERS]</arg>
</arguments>
<assign>
<var>${CATEGORY_ALIAS}</var>
</assign>
<msg timestamp="20190517 10:40:37.984" level="INFO">${CATEGORY_ALIAS} = ZdNbUWSReYhE</msg>
<status status="PASS" starttime="20190517 10:40:37.984" endtime="20190517 10:40:37.984"></status>
</kw>
<kw name="Generate Random String" library="String">
<doc>Generates a string with a desired ``length`` from the given ``chars``.</doc>
<arguments>
<arg>12</arg>
<arg>[LETTERS]</arg>
</arguments>
<assign>
<var>${CATEGORY_TITLE}</var>
</assign>
<msg timestamp="20190517 10:40:37.987" level="INFO">${CATEGORY_TITLE} = SzfiBSTAoiuY</msg>
<status status="PASS" starttime="20190517 10:40:37.984" endtime="20190517 10:40:37.987"></status>
</kw>
<kw name="Login Admin Site" library="AdminLoginPage">
<arguments>
<arg>${USERNAME}</arg>
<arg>${PASSWORD}</arg>
</arguments>
<kw name="Log To Console" library="BuiltIn">
<doc>Logs the given message to the console.</doc>
<arguments>
<arg>Login to Joomla</arg>
</arguments>
<status status="PASS" starttime="20190517 10:40:37.988" endtime="20190517 10:40:37.989"></status>
</kw>
<kw name="Input Text" library="Selenium2Library">
<doc>Types the given ``text`` into text field identified by ``locator``.</doc>
<arguments>
<arg>${txt_username}</arg>
<arg>${arg_username}</arg>
</arguments>
<msg timestamp="20190517 10:40:37.989" level="INFO">Typing text 'admin' into text field 'id=mod-login-username'.</msg>
<status status="PASS" starttime="20190517 10:40:37.989" endtime="20190517 10:40:38.007"></status>
</kw>
<kw name="Input Text" library="Selenium2Library">
<doc>Types the given ``text`` into text field identified by ``locator``.</doc>
<arguments>
<arg>${txt_password}</arg>
<arg>${arg_password}</arg>
</arguments>
<msg timestamp="20190517 10:40:38.007" level="INFO">Typing text '123456789' into text field 'id=mod-login-password'.</msg>
<status status="PASS" starttime="20190517 10:40:38.007" endtime="20190517 10:40:38.026"></status>
</kw>
<kw name="Click Button" library="Selenium2Library">
<doc>Clicks button identified by ``locator``.</doc>
<arguments>
<arg>${btn_login}</arg>
</arguments>
<msg timestamp="20190517 10:40:38.026" level="INFO">Clicking button 'xpath=//div[@class="btn-group"]/button[@class="btn btn-primary btn-block btn-large login-button"]'.</msg>
<status status="PASS" starttime="20190517 10:40:38.026" endtime="20190517 10:40:39.186"></status>
</kw>
<status status="PASS" starttime="20190517 10:40:37.987" endtime="20190517 10:40:39.201"></status>
</kw>
<kw name="Go To Add New Category Page" library="AdminCategoryPage">
<kw name="Select Sidebar Menu" library="AdminHomePage">
<arguments>
<arg>${lbl_categories}</arg>
</arguments>
<kw name="Click Element" library="Selenium2Library">
<doc>Click element identified by ``locator``.</doc>
<arguments>
<arg>${arg_page}</arg>
</arguments>
<msg timestamp="20190517 10:40:39.201" level="INFO">Clicking element 'xpath=//div[@class="span3"]//a[span[contains(text(), "Categories")]]'.</msg>
<status status="PASS" starttime="20190517 10:40:39.201" endtime="20190517 10:40:40.086"></status>
</kw>
<status status="PASS" starttime="20190517 10:40:39.201" endtime="20190517 10:40:40.086"></status>
</kw>
<status status="PASS" starttime="20190517 10:40:39.201" endtime="20190517 10:40:40.086"></status>
</kw>
<kw name="Add New Category" library="AdminCategoryPage">
<arguments>
<arg>${CATEGORY_TITLE}</arg>
<arg>${CATEGORY_CONTENT}</arg>
<arg>${CATEGORY_ALIAS}</arg>
</arguments>
<kw name="Click Element" library="Selenium2Library">
<doc>Click element identified by ``locator``.</doc>
<arguments>
<arg>${lbl_categories_new}</arg>
</arguments>
<msg timestamp="20190517 10:40:40.086" level="INFO">Clicking element 'xpath=//div[@class="btn-wrapper"]//button//span[@class="icon-new icon-white"]'.</msg>
<status status="PASS" starttime="20190517 10:40:40.086" endtime="20190517 10:40:41.923"></status>
</kw>
<kw name="Input Text" library="Selenium2Library">
<doc>Types the given ``text`` into text field identified by ``locator``.</doc>
<arguments>
<arg>${txt_categories_title}</arg>
<arg>${arg_categories_title}</arg>
</arguments>
<msg timestamp="20190517 10:40:41.923" level="INFO">Typing text 'SzfiBSTAoiuY' into text field 'id=jform_title'.</msg>
<status status="PASS" starttime="20190517 10:40:41.923" endtime="20190517 10:40:41.977"></status>
</kw>
<kw name="Input Text" library="Selenium2Library">
<doc>Types the given ``text`` into text field identified by ``locator``.</doc>
<arguments>
<arg>${txt_categories_title_alias}</arg>
<arg>${arg_categories_alias}</arg>
</arguments>
<msg timestamp="20190517 10:40:41.977" level="INFO">Typing text 'ZdNbUWSReYhE' into text field 'id=jform_alias'.</msg>
<status status="PASS" starttime="20190517 10:40:41.977" endtime="20190517 10:40:42.008"></status>
</kw>
<kw name="Select Frame" library="Selenium2Library">
<doc>Sets frame identified by ``locator`` as the current frame.</doc>
<arguments>
<arg>${ifr_categories_content}</arg>
</arguments>
<msg timestamp="20190517 10:40:42.008" level="INFO">Selecting frame 'xpath=//iframe[contains(@id,'jform_description_ifr')]'.</msg>
<status status="PASS" starttime="20190517 10:40:42.008" endtime="20190517 10:40:42.008"></status>
</kw>
<kw name="Input Text" library="Selenium2Library">
<doc>Types the given ``text`` into text field identified by ``locator``.</doc>
<arguments>
<arg>${txt_categories_content}</arg>
<arg>${arg_categories_content}</arg>
</arguments>
<msg timestamp="20190517 10:40:42.008" level="INFO">Typing text 'Many years ago Seth Green decided to take his love of action figures and combine it with one of his major passions: stop-motion animation. The idea for Cartoon Network's late-night animated series "Robot Chicken" was born and the animation world suddenly changed.' into text field 'id=tinymce'.</msg>
<status status="PASS" starttime="20190517 10:40:42.008" endtime="20190517 10:40:42.362"></status>
</kw>
<kw name="Unselect Frame" library="Selenium2Library">
<doc>Sets the main frame as the current frame.</doc>
<status status="PASS" starttime="20190517 10:40:42.362" endtime="20190517 10:40:42.393"></status>
</kw>
<kw name="Click Button" library="Selenium2Library">
<doc>Clicks button identified by ``locator``.</doc>
<arguments>
<arg>${btn_categories_save_close}</arg>
</arguments>
<msg timestamp="20190517 10:40:42.393" level="INFO">Clicking button 'xpath=//div[@class="btn-toolbar"]//div[@class="btn-wrapper"]//button[@class="btn btn-small button-save"]'.</msg>
<status status="PASS" starttime="20190517 10:40:42.393" endtime="20190517 10:40:45.845"></status>
</kw>
<status status="PASS" starttime="20190517 10:40:40.086" endtime="20190517 10:40:45.845"></status>
</kw>
<kw name="Unpublish A Category" library="AdminCategoryPage">
<kw name="Click Element" library="Selenium2Library">
<doc>Click element identified by ``locator``.</doc>
<arguments>
<arg>${cbb_categories_box}</arg>
</arguments>
<msg timestamp="20190517 10:40:45.845" level="INFO">Clicking element 'xpath=//table[@id="categoryList"]/tbody[@class="ui-sortable"]/tr[last()]/td//input[@name="cid[]"]'.</msg>
<status status="PASS" starttime="20190517 10:40:45.845" endtime="20190517 10:40:46.161"></status>
</kw>
<kw name="Click Element" library="Selenium2Library">
<doc>Click element identified by ``locator``.</doc>
<arguments>
<arg>${btn_categories_unpublish}</arg>
</arguments>
<msg timestamp="20190517 10:40:46.167" level="INFO">Clicking element 'xpath=//button[@class="btn btn-small button-unpublish"]'.</msg>
<status status="PASS" starttime="20190517 10:40:46.161" endtime="20190517 10:40:47.331"></status>
</kw>
<status status="PASS" starttime="20190517 10:40:45.845" endtime="20190517 10:40:47.331"></status>
</kw>
<kw name="Check Message" library="AdminHomePage">
<arguments>
<arg>${TXT_UNPUBLISH_MESSAGE_EXPECTED}</arg>
</arguments>
<kw name="Element Text Should Be" library="Selenium2Library">
<doc>Verifies that element ``locator`` contains exact text ``expected``.</doc>
<arguments>
<arg>${hed_header_message}</arg>
<arg>Message</arg>
</arguments>
<msg timestamp="20190517 10:40:47.331" level="INFO">Verifying element 'xpath=//div[@class="alert alert-success"]/h4[@class="alert-heading"]' contains exact text 'Message'.</msg>
<status status="PASS" starttime="20190517 10:40:47.331" endtime="20190517 10:40:47.368"></status>
</kw>
<kw name="Element Text Should Be" library="Selenium2Library">
<doc>Verifies that element ``locator`` contains exact text ``expected``.</doc>
<arguments>
<arg>${lbl_message}</arg>
<arg>${arg_expected_message}</arg>
</arguments>
<msg timestamp="20190517 10:40:47.368" level="INFO">Verifying element 'xpath=//div[@class="alert alert-success"]/div[@class="alert-message"]' contains exact text '1 category unpublished.'.</msg>
<status status="PASS" starttime="20190517 10:40:47.368" endtime="20190517 10:40:47.400"></status>
</kw>
<status status="PASS" starttime="20190517 10:40:47.331" endtime="20190517 10:40:47.400"></status>
</kw>
<kw name="Check Unpublish Article Successfully" library="AdminCategoryPage">
<arguments>
<arg>${CATEGORY_TITLE}</arg>
</arguments>
<kw name="Format String" library="String">
<doc>Formats a ``template`` using the given ``positional`` and ``named`` arguments.</doc>
<arguments>
<arg>${xph_categories_title}</arg>
<arg>${arg_categories_check_title}</arg>
</arguments>
<assign>
<var>${check_unpublish}</var>
</assign>
<msg timestamp="20190517 10:40:47.400" level="INFO">${check_unpublish} = xpath=//table[@id="categoryList"]//a[contains(text(),"SzfiBSTAoiuY")]</msg>
<status status="PASS" starttime="20190517 10:40:47.400" endtime="20190517 10:40:47.400"></status>
</kw>
<kw name="Element Should Be Visible" library="Selenium2Library">
<doc>Verifies that the element identified by ``locator`` is visible.</doc>
<arguments>
<arg>${check_unpublish}</arg>
</arguments>
<msg timestamp="20190517 10:40:47.415" level="INFO">Element 'xpath=//table[@id="categoryList"]//a[contains(text(),"SzfiBSTAoiuY")]' is displayed.</msg>
<status status="PASS" starttime="20190517 10:40:47.400" endtime="20190517 10:40:47.415"></status>
</kw>
<status status="PASS" starttime="20190517 10:40:47.400" endtime="20190517 10:40:47.415"></status>
</kw>
<kw name="Delete A Category" library="AdminCategoryPage">
<kw name="Select Checkbox" library="Selenium2Library">
<doc>Selects checkbox identified by ``locator``.</doc>
<arguments>
<arg>${cbb_categories_box}</arg>
</arguments>
<msg timestamp="20190517 10:40:47.415" level="INFO">Selecting checkbox 'xpath=//table[@id="categoryList"]/tbody[@class="ui-sortable"]/tr[last()]/td//input[@name="cid[]"]'.</msg>
<status status="PASS" starttime="20190517 10:40:47.415" endtime="20190517 10:40:47.685"></status>
</kw>
<kw name="Click Element" library="Selenium2Library">
<doc>Click element identified by ``locator``.</doc>
<arguments>
<arg>${btn_categories_trash}</arg>
</arguments>
<msg timestamp="20190517 10:40:47.685" level="INFO">Clicking element 'xpath=//button[@class="btn btn-small button-trash"]'.</msg>
<status status="PASS" starttime="20190517 10:40:47.685" endtime="20190517 10:40:48.471"></status>
</kw>
<status status="PASS" starttime="20190517 10:40:47.415" endtime="20190517 10:40:48.471"></status>
</kw>
<kw name="Logout Admin Site" library="AdminHomePage">
<kw name="Click Element" library="Selenium2Library">
<doc>Click element identified by ``locator``.</doc>
<arguments>
<arg>${icn_user}</arg>
</arguments>
<msg timestamp="20190517 10:40:48.486" level="INFO">Clicking element 'xpath=//a/span[@class="icon-user"]'.</msg>
<status status="PASS" starttime="20190517 10:40:48.486" endtime="20190517 10:40:48.734"></status>
</kw>
<kw name="Wait Until Element Is Visible" library="Selenium2Library">
<doc>Waits until element ``locator`` is visible.</doc>
<arguments>
<arg>${lbl_logout}</arg>
</arguments>
<status status="PASS" starttime="20190517 10:40:48.734" endtime="20190517 10:40:48.787"></status>
</kw>
<kw name="Click Element" library="Selenium2Library">
<doc>Click element identified by ``locator``.</doc>
<arguments>
<arg>${lbl_logout}</arg>
</arguments>
<msg timestamp="20190517 10:40:48.787" level="INFO">Clicking element 'xpath=//ul[@class="nav nav-user pull-right nav-hover"]//a[text()="Logout"]'.</msg>
<status status="PASS" starttime="20190517 10:40:48.787" endtime="20190517 10:40:49.520"></status>
</kw>
<status status="PASS" starttime="20190517 10:40:48.471" endtime="20190517 10:40:49.520"></status>
</kw>
<tags>
<tag>Integration</tag>
</tags>
<status status="PASS" starttime="20190517 10:40:37.968" endtime="20190517 10:40:49.520" critical="yes"></status>
</test>
<kw name="Teardown" library="Setup" type="teardown">
<kw name="Close All Browsers" library="Selenium2Library">
<doc>Closes all open browsers and resets the browser cache.</doc>
<status status="PASS" starttime="20190517 10:40:49.527" endtime="20190517 10:40:50.670"></status>
</kw>
<status status="PASS" starttime="20190517 10:40:49.526" endtime="20190517 10:40:50.670"></status>
</kw>
<status status="PASS" starttime="20190517 10:39:58.229" endtime="20190517 10:40:50.670"></status>
</suite>
<status status="PASS" starttime="20190517 10:39:58.213" endtime="20190517 10:40:50.678"></status>
</suite>
<status status="PASS" starttime="20190517 10:39:58.213" endtime="20190517 10:40:50.678"></status>
</suite>
<status status="PASS" starttime="20190517 10:39:58.198" endtime="20190517 10:40:50.678"></status>
</suite>
<statistics>
<total>
<stat pass="4" fail="0">Critical Tests</stat>
<stat pass="4" fail="0">All Tests</stat>
</total>
<tag>
<stat pass="2" fail="0">Integration</stat>
<stat pass="2" fail="0">Smoke Test</stat>
</tag>
<suite>
<stat pass="4" fail="0" id="s1" name="RobotTeam2">RobotTeam2</stat>
<stat pass="4" fail="0" id="s1-s1" name="RobotFrameworkProject">RobotTeam2.RobotFrameworkProject</stat>
<stat pass="4" fail="0" id="s1-s1-s1" name="Tests">RobotTeam2.RobotFrameworkProject.Tests</stat>
<stat pass="4" fail="0" id="s1-s1-s1-s1" name="AdminCategoryTest">RobotTeam2.RobotFrameworkProject.Tests.AdminCategoryTest</stat>
</suite>
</statistics>
<errors>
</errors>
</robot>
