<?xml version="1.0" encoding="UTF-8"?>
<robot generator="Robot 3.1.1 (Python 3.7.3 on win32)" generated="20190423 11:25:22.835" rpa="false">
<suite id="s1" name="RobotTeam2" source="C:\xampp\htdocs\RobotTeam2">
<suite id="s1-s1" name="RobotFrameworkProject" source="C:\xampp\htdocs\RobotTeam2\RobotFrameworkProject">
<suite id="s1-s1-s1" name="Tests" source="C:\xampp\htdocs\RobotTeam2\RobotFrameworkProject\Tests">
<suite id="s1-s1-s1-s1" name="AdminCategoryTest" source="C:\xampp\htdocs\RobotTeam2\RobotFrameworkProject\Tests\AdminCategoryTest.robot">
<kw name="Setup" library="Setup" type="setup">
<kw name="Normalize Path" library="OperatingSystem">
<doc>Normalizes the given path.</doc>
<arguments>
<arg>path</arg>
<arg>/RobotTeam2/RobotFrameworkProject/Resources/chromedriver.exe</arg>
</arguments>
<assign>
<var>${PATH}</var>
</assign>
<msg timestamp="20190423 11:25:23.055" level="INFO">${PATH} = path</msg>
<status status="PASS" starttime="20190423 11:25:23.055" endtime="20190423 11:25:23.055"></status>
</kw>
<kw name="Log To Console" library="BuiltIn">
<doc>Logs the given message to the console.</doc>
<arguments>
<arg>${PATH}</arg>
</arguments>
<status status="PASS" starttime="20190423 11:25:23.055" endtime="20190423 11:25:23.065"></status>
</kw>
<kw name="Append To Environment Variable" library="OperatingSystem">
<doc>Appends given ``values`` to environment variable ``name``.</doc>
<arguments>
<arg>${PATH}</arg>
<arg>${PATH}</arg>
</arguments>
<msg timestamp="20190423 11:25:23.065" level="INFO">Environment variable 'path' set to value 'C:/Program Files/Java/jre1.8.0_201/bin/server;C:/Program Files/Java/jre1.8.0_201/bin;C:/Program Files/Java/jre1.8.0_201/lib/amd64;C:\Program Files (x86)\Common Files\Oracle\Java\javapath;C:\Program Files (x86)\Intel\Intel(R) Management Engine Components\iCLS\;C:\Program Files\Intel\Intel(R) Management Engine Components\iCLS\;C:\Windows\system32;C:\Windows;C:\Windows\System32\Wbem;C:\Windows\System32\WindowsPowerShell\v1.0\;C:\Windows\System32\OpenSSH\;C:\Program Files (x86)\Intel\Intel(R) Management Engine Components\DAL;C:\Program Files\Intel\Intel(R) Management Engine Components\DAL;C:\Program Files (x86)\Intel\Intel(R) Management Engine Components\IPT;C:\Program Files\Intel\Intel(R) Management Engine Components\IPT;C:\Program Files\Git\cmd;Downloads\Webdriver;C:\xampp\php;C:\ProgramData\ComposerSetup\bin;C:\Program Files (x86)\Microsoft SQL Server\100\Tools\Binn\;C:\Program Files\Microsoft SQL Server\100\Tools\Binn\;C:\Program Files\Microsoft SQL Server\100\DTS\Binn\;C:\Program Files (x86)\Microsoft SQL Server\100\Tools\Binn\VSShell\Common7\IDE\;C:\Program Files (x86)\Microsoft Visual Studio 9.0\Common7\IDE\PrivateAssemblies\;C:\Program Files (x86)\Microsoft SQL Server\100\DTS\Binn\;C:\Users\InternDN19.01.08\Downloads\Python\JavaSetup8u201.exe\bin;C:\Users\InternDN19.01.08\AppData\Local\Programs\Python\Python37-32\Scripts\;C:\Users\InternDN19.01.08\AppData\Local\Programs\Python\Python37-32\;C:\Users\InternDN19.01.08\AppData\Local\Microsoft\WindowsApps;C:\Users\InternDN19.01.08\AppData\Roaming\Composer\vendor\bin;C:\Users\InternDN19.01.08\AppData\Local\Programs\Microsoft VS Code\bin;C:\Users\InternDN19.01.08\Downloads\Python\eclipse;;C:\Users\InternDN19.01.08\AppData\Local\Programs\Python\Python37-32\lib\site-packages\pywin32_system32;path'.</msg>
<status status="PASS" starttime="20190423 11:25:23.065" endtime="20190423 11:25:23.065"></status>
</kw>
<kw name="Open Browser" library="Selenium2Library">
<doc>Opens a new browser instance to the given ``url``.</doc>
<arguments>
<arg>${ROOT}</arg>
<arg>${BROWSER}</arg>
</arguments>
<msg timestamp="20190423 11:25:23.065" level="INFO">Opening browser 'Chrome' to base url 'http://192.168.189.72/joomla/administrator/'.</msg>
<status status="PASS" starttime="20190423 11:25:23.065" endtime="20190423 11:25:25.669"></status>
</kw>
<kw name="Maximize Browser Window" library="Selenium2Library">
<doc>Maximizes current browser window.</doc>
<status status="PASS" starttime="20190423 11:25:25.670" endtime="20190423 11:25:26.805"></status>
</kw>
<status status="PASS" starttime="20190423 11:25:23.055" endtime="20190423 11:25:26.805"></status>
</kw>
<test id="s1-s1-s1-s1-t1" name="TC05 - Verify That Admin Can Add A New Category">
<kw name="Generate Random String" library="String">
<doc>Generates a string with a desired ``length`` from the given ``chars``.</doc>
<arguments>
<arg>12</arg>
<arg>[LETTERS]</arg>
</arguments>
<assign>
<var>${CATEGORY_ALIAS}</var>
</assign>
<msg timestamp="20190423 11:25:26.813" level="INFO">${CATEGORY_ALIAS} = uCmPgsWcxaTv</msg>
<status status="PASS" starttime="20190423 11:25:26.812" endtime="20190423 11:25:26.814"></status>
</kw>
<kw name="Login Admin Site" library="AdminLoginPage">
<arguments>
<arg>${USERNAME}</arg>
<arg>${PASSWORD}</arg>
</arguments>
<kw name="Log To Console" library="BuiltIn">
<doc>Logs the given message to the console.</doc>
<arguments>
<arg>Login to Joomla</arg>
</arguments>
<status status="PASS" starttime="20190423 11:25:26.814" endtime="20190423 11:25:26.814"></status>
</kw>
<kw name="Input Text" library="Selenium2Library">
<doc>Types the given ``text`` into text field identified by ``locator``.</doc>
<arguments>
<arg>${txt_username}</arg>
<arg>${arg_username}</arg>
</arguments>
<msg timestamp="20190423 11:25:26.814" level="INFO">Typing text 'admin' into text field 'id=mod-login-username'.</msg>
<status status="PASS" starttime="20190423 11:25:26.814" endtime="20190423 11:25:26.906"></status>
</kw>
<kw name="Input Text" library="Selenium2Library">
<doc>Types the given ``text`` into text field identified by ``locator``.</doc>
<arguments>
<arg>${txt_password}</arg>
<arg>${arg_password}</arg>
</arguments>
<msg timestamp="20190423 11:25:26.906" level="INFO">Typing text '123456789' into text field 'id=mod-login-password'.</msg>
<status status="PASS" starttime="20190423 11:25:26.906" endtime="20190423 11:25:26.971"></status>
</kw>
<kw name="Click Button" library="Selenium2Library">
<doc>Clicks button identified by ``locator``.</doc>
<arguments>
<arg>${btn_login}</arg>
</arguments>
<msg timestamp="20190423 11:25:26.971" level="INFO">Clicking button 'xpath=//div[@class="btn-group"]/button[@class="btn btn-primary btn-block btn-large login-button"]'.</msg>
<status status="PASS" starttime="20190423 11:25:26.971" endtime="20190423 11:25:28.045"></status>
</kw>
<status status="PASS" starttime="20190423 11:25:26.814" endtime="20190423 11:25:28.046"></status>
</kw>
<kw name="Go To Add New Category Page" library="AdminCategoryPage">
<kw name="Select Sidebar Menu" library="AdminHomePage">
<arguments>
<arg>${lbl_categories}</arg>
</arguments>
<kw name="Click Element" library="Selenium2Library">
<doc>Click element identified by ``locator``.</doc>
<arguments>
<arg>${arg_page}</arg>
</arguments>
<msg timestamp="20190423 11:25:28.048" level="INFO">Clicking element 'xpath=//div[@class="span3"]//a[span[contains(text(), "Categories")]]'.</msg>
<status status="PASS" starttime="20190423 11:25:28.048" endtime="20190423 11:25:28.632"></status>
</kw>
<status status="PASS" starttime="20190423 11:25:28.047" endtime="20190423 11:25:28.632"></status>
</kw>
<status status="PASS" starttime="20190423 11:25:28.046" endtime="20190423 11:25:28.632"></status>
</kw>
<kw name="Add New Category" library="AdminCategoryPage">
<arguments>
<arg>${CATEGORY_TITLE}</arg>
<arg>${CATEGORY_CONTENT}</arg>
<arg>${CATEGORY_ALIAS}</arg>
</arguments>
<kw name="Click Element" library="Selenium2Library">
<doc>Click element identified by ``locator``.</doc>
<arguments>
<arg>${lbl_new_categories}</arg>
</arguments>
<msg timestamp="20190423 11:25:28.634" level="INFO">Clicking element 'xpath=//div[@class="btn-wrapper"]//button//span[@class="icon-new icon-white"]'.</msg>
<status status="PASS" starttime="20190423 11:25:28.633" endtime="20190423 11:25:29.841"></status>
</kw>
<kw name="Input Text" library="Selenium2Library">
<doc>Types the given ``text`` into text field identified by ``locator``.</doc>
<arguments>
<arg>${txt_title_categories}</arg>
<arg>${arg_title_categories}</arg>
</arguments>
<msg timestamp="20190423 11:25:29.843" level="INFO">Typing text 'Robot Framework is operating system and application independent' into text field 'xpath=//div[@class="control-group"]//div[@class="controls"]//input[@id="jform_title"]'.</msg>
<status status="PASS" starttime="20190423 11:25:29.842" endtime="20190423 11:25:30.377"></status>
</kw>
<kw name="Input Text" library="Selenium2Library">
<doc>Types the given ``text`` into text field identified by ``locator``.</doc>
<arguments>
<arg>${txt_title_alias_categories}</arg>
<arg>${arg_alias}</arg>
</arguments>
<msg timestamp="20190423 11:25:30.378" level="INFO">Typing text 'uCmPgsWcxaTv' into text field 'id=jform_alias'.</msg>
<status status="PASS" starttime="20190423 11:25:30.378" endtime="20190423 11:25:30.514"></status>
</kw>
<kw name="Select Frame" library="Selenium2Library">
<doc>Sets frame identified by ``locator`` as the current frame.</doc>
<arguments>
<arg>${txt_cont_categories}</arg>
</arguments>
<msg timestamp="20190423 11:25:30.515" level="INFO">Selecting frame 'xpath=//iframe[contains(@id,'jform_description_ifr')]'.</msg>
<status status="PASS" starttime="20190423 11:25:30.514" endtime="20190423 11:25:30.540"></status>
</kw>
<kw name="Input Text" library="Selenium2Library">
<doc>Types the given ``text`` into text field identified by ``locator``.</doc>
<arguments>
<arg>${id_txtbox_content_categories}</arg>
<arg>${arg_cont_categories}</arg>
</arguments>
<msg timestamp="20190423 11:25:30.541" level="INFO">Typing text 'Many years ago Seth Green decided to take his love of action figures and combine it with one of his major passions: stop-motion animation. The idea for Cartoon Network's late-night animated series "Robot Chicken" was born and the animation world suddenly changed.' into text field 'id=tinymce'.</msg>
<status status="PASS" starttime="20190423 11:25:30.541" endtime="20190423 11:25:31.164"></status>
</kw>
<kw name="Unselect Frame" library="Selenium2Library">
<doc>Sets the main frame as the current frame.</doc>
<status status="PASS" starttime="20190423 11:25:31.165" endtime="20190423 11:25:31.167"></status>
</kw>
<kw name="Click Button" library="Selenium2Library">
<doc>Clicks button identified by ``locator``.</doc>
<arguments>
<arg>${btn_save_close_categories}</arg>
</arguments>
<msg timestamp="20190423 11:25:31.168" level="INFO">Clicking button 'xpath=//div[@class="btn-toolbar"]//div[@class="btn-wrapper"]//button[@class="btn btn-small button-save"]'.</msg>
<status status="PASS" starttime="20190423 11:25:31.167" endtime="20190423 11:25:34.299"></status>
</kw>
<status status="PASS" starttime="20190423 11:25:28.633" endtime="20190423 11:25:34.299"></status>
</kw>
<kw name="Check Message Successfully" library="AdminCategoryPage">
<arguments>
<arg>${TXT_MESSAGE}</arg>
<arg>${TXT_ADD_MESSAGE_EXPECTED}</arg>
</arguments>
<kw name="Element Text Should Be" library="Selenium2Library">
<doc>Verifies that element ``locator`` contains exact text ``expected``.</doc>
<arguments>
<arg>${arg_locator}</arg>
<arg>${arg_expected}</arg>
</arguments>
<msg timestamp="20190423 11:25:34.301" level="WARN">Keyword 'Element Text Should Be' found both from a custom test library 'Selenium2Library' and a standard library 'XML'. The custom keyword is used. To select explicitly, and to get rid of this warning, use either 'Selenium2Library.Element Text Should Be' or 'XML.Element Text Should Be'.</msg>
<msg timestamp="20190423 11:25:34.302" level="INFO">Verifying element 'xpath=//div[@class="alert-message"]' contains exact text 'Category saved.'.</msg>
<status status="PASS" starttime="20190423 11:25:34.301" endtime="20190423 11:25:34.330"></status>
</kw>
<status status="PASS" starttime="20190423 11:25:34.300" endtime="20190423 11:25:34.330"></status>
</kw>
<kw name="Logout Admin Site" library="AdminHomePage">
<kw name="Click Element" library="Selenium2Library">
<doc>Click element identified by ``locator``.</doc>
<arguments>
<arg>${icn_user}</arg>
</arguments>
<msg timestamp="20190423 11:25:34.331" level="INFO">Clicking element 'xpath=//a/span[@class="icon-user"]'.</msg>
<status status="PASS" starttime="20190423 11:25:34.331" endtime="20190423 11:25:34.376"></status>
</kw>
<kw name="Wait Until Element Is Visible" library="Selenium2Library">
<doc>Waits until element ``locator`` is visible.</doc>
<arguments>
<arg>${lbl_logout}</arg>
</arguments>
<status status="PASS" starttime="20190423 11:25:34.377" endtime="20190423 11:25:34.399"></status>
</kw>
<kw name="Click Element" library="Selenium2Library">
<doc>Click element identified by ``locator``.</doc>
<arguments>
<arg>${lbl_logout}</arg>
</arguments>
<msg timestamp="20190423 11:25:34.400" level="INFO">Clicking element 'xpath=//ul[@class="nav nav-user pull-right nav-hover"]//a[text()="Logout"]'.</msg>
<status status="PASS" starttime="20190423 11:25:34.400" endtime="20190423 11:25:35.145"></status>
</kw>
<status status="PASS" starttime="20190423 11:25:34.330" endtime="20190423 11:25:35.145"></status>
</kw>
<status status="PASS" starttime="20190423 11:25:26.805" endtime="20190423 11:25:35.146" critical="yes"></status>
</test>
<test id="s1-s1-s1-s1-t2" name="TC06 - Verify That Admin Can Edit Category Information">
<kw name="Generate Random String" library="String">
<doc>Generates a string with a desired ``length`` from the given ``chars``.</doc>
<arguments>
<arg>12</arg>
<arg>[LETTERS]</arg>
</arguments>
<assign>
<var>${CATEGORY_EDIT_CONTENT}</var>
</assign>
<msg timestamp="20190423 11:25:35.148" level="INFO">${CATEGORY_EDIT_CONTENT} = MTIsfqoYKDRh</msg>
<status status="PASS" starttime="20190423 11:25:35.148" endtime="20190423 11:25:35.148"></status>
</kw>
<kw name="Generate Random String" library="String">
<doc>Generates a string with a desired ``length`` from the given ``chars``.</doc>
<arguments>
<arg>12</arg>
<arg>[LETTERS]</arg>
</arguments>
<assign>
<var>${CATEGORY_EDIT_TITLE}</var>
</assign>
<msg timestamp="20190423 11:25:35.149" level="INFO">${CATEGORY_EDIT_TITLE} = roawasMQIycX</msg>
<status status="PASS" starttime="20190423 11:25:35.149" endtime="20190423 11:25:35.149"></status>
</kw>
<kw name="Login Admin Site" library="AdminLoginPage">
<arguments>
<arg>${USERNAME}</arg>
<arg>${PASSWORD}</arg>
</arguments>
<kw name="Log To Console" library="BuiltIn">
<doc>Logs the given message to the console.</doc>
<arguments>
<arg>Login to Joomla</arg>
</arguments>
<status status="PASS" starttime="20190423 11:25:35.150" endtime="20190423 11:25:35.150"></status>
</kw>
<kw name="Input Text" library="Selenium2Library">
<doc>Types the given ``text`` into text field identified by ``locator``.</doc>
<arguments>
<arg>${txt_username}</arg>
<arg>${arg_username}</arg>
</arguments>
<msg timestamp="20190423 11:25:35.151" level="INFO">Typing text 'admin' into text field 'id=mod-login-username'.</msg>
<status status="PASS" starttime="20190423 11:25:35.150" endtime="20190423 11:25:35.224"></status>
</kw>
<kw name="Input Text" library="Selenium2Library">
<doc>Types the given ``text`` into text field identified by ``locator``.</doc>
<arguments>
<arg>${txt_password}</arg>
<arg>${arg_password}</arg>
</arguments>
<msg timestamp="20190423 11:25:35.225" level="INFO">Typing text '123456789' into text field 'id=mod-login-password'.</msg>
<status status="PASS" starttime="20190423 11:25:35.224" endtime="20190423 11:25:35.297"></status>
</kw>
<kw name="Click Button" library="Selenium2Library">
<doc>Clicks button identified by ``locator``.</doc>
<arguments>
<arg>${btn_login}</arg>
</arguments>
<msg timestamp="20190423 11:25:35.298" level="INFO">Clicking button 'xpath=//div[@class="btn-group"]/button[@class="btn btn-primary btn-block btn-large login-button"]'.</msg>
<status status="PASS" starttime="20190423 11:25:35.297" endtime="20190423 11:25:36.265"></status>
</kw>
<status status="PASS" starttime="20190423 11:25:35.149" endtime="20190423 11:25:36.265"></status>
</kw>
<kw name="Go To Edit Category Page" library="AdminCategoryPage">
<kw name="Select Sidebar Menu" library="AdminHomePage">
<arguments>
<arg>${lbl_categories}</arg>
</arguments>
<kw name="Click Element" library="Selenium2Library">
<doc>Click element identified by ``locator``.</doc>
<arguments>
<arg>${arg_page}</arg>
</arguments>
<msg timestamp="20190423 11:25:36.267" level="INFO">Clicking element 'xpath=//div[@class="span3"]//a[span[contains(text(), "Categories")]]'.</msg>
<status status="PASS" starttime="20190423 11:25:36.267" endtime="20190423 11:25:36.875"></status>
</kw>
<status status="PASS" starttime="20190423 11:25:36.266" endtime="20190423 11:25:36.875"></status>
</kw>
<kw name="Click Element" library="Selenium2Library">
<doc>Click element identified by ``locator``.</doc>
<arguments>
<arg>${lbl_title_categories}</arg>
</arguments>
<msg timestamp="20190423 11:25:36.877" level="INFO">Clicking element 'xpath=//table[@id="categoryList"]/tbody[@class="ui-sortable"]/tr[last()]/td//a[@class="hasTooltip"]'.</msg>
<status status="PASS" starttime="20190423 11:25:36.876" endtime="20190423 11:25:38.152"></status>
</kw>
<status status="PASS" starttime="20190423 11:25:36.266" endtime="20190423 11:25:38.152"></status>
</kw>
<kw name="Edit Category Information" library="AdminCategoryPage">
<arguments>
<arg>${CATEGORY_EDIT_TITLE}</arg>
<arg>${CATEGORY_EDIT_CONTENT}</arg>
</arguments>
<kw name="Input Text" library="Selenium2Library">
<doc>Types the given ``text`` into text field identified by ``locator``.</doc>
<arguments>
<arg>${txt_title_categories}</arg>
<arg>${arg_title_categories_edit}</arg>
</arguments>
<msg timestamp="20190423 11:25:38.154" level="INFO">Typing text 'roawasMQIycX' into text field 'xpath=//div[@class="control-group"]//div[@class="controls"]//input[@id="jform_title"]'.</msg>
<status status="PASS" starttime="20190423 11:25:38.153" endtime="20190423 11:25:38.325"></status>
</kw>
<kw name="Select Frame" library="Selenium2Library">
<doc>Sets frame identified by ``locator`` as the current frame.</doc>
<arguments>
<arg>${txt_cont_categories}</arg>
</arguments>
<msg timestamp="20190423 11:25:38.326" level="INFO">Selecting frame 'xpath=//iframe[contains(@id,'jform_description_ifr')]'.</msg>
<status status="PASS" starttime="20190423 11:25:38.326" endtime="20190423 11:25:38.353"></status>
</kw>
<kw name="Input Text" library="Selenium2Library">
<doc>Types the given ``text`` into text field identified by ``locator``.</doc>
<arguments>
<arg>${id_txtbox_content_categories}</arg>
<arg>${arg_cont_categories_edit}</arg>
</arguments>
<msg timestamp="20190423 11:25:38.353" level="INFO">Typing text 'MTIsfqoYKDRh' into text field 'id=tinymce'.</msg>
<status status="PASS" starttime="20190423 11:25:38.353" endtime="20190423 11:25:38.458"></status>
</kw>
<kw name="Unselect Frame" library="Selenium2Library">
<doc>Sets the main frame as the current frame.</doc>
<status status="PASS" starttime="20190423 11:25:38.458" endtime="20190423 11:25:38.463"></status>
</kw>
<kw name="Click Button" library="Selenium2Library">
<doc>Clicks button identified by ``locator``.</doc>
<arguments>
<arg>${btn_save_close_categories}</arg>
</arguments>
<msg timestamp="20190423 11:25:38.464" level="INFO">Clicking button 'xpath=//div[@class="btn-toolbar"]//div[@class="btn-wrapper"]//button[@class="btn btn-small button-save"]'.</msg>
<status status="PASS" starttime="20190423 11:25:38.463" endtime="20190423 11:25:40.670"></status>
</kw>
<status status="PASS" starttime="20190423 11:25:38.153" endtime="20190423 11:25:40.671"></status>
</kw>
<kw name="Check Message Successfully" library="AdminCategoryPage">
<arguments>
<arg>${TXT_MESSAGE}</arg>
<arg>${TXT_ADD_MESSAGE_EXPECTED}</arg>
</arguments>
<kw name="Element Text Should Be" library="Selenium2Library">
<doc>Verifies that element ``locator`` contains exact text ``expected``.</doc>
<arguments>
<arg>${arg_locator}</arg>
<arg>${arg_expected}</arg>
</arguments>
<msg timestamp="20190423 11:25:40.672" level="WARN">Keyword 'Element Text Should Be' found both from a custom test library 'Selenium2Library' and a standard library 'XML'. The custom keyword is used. To select explicitly, and to get rid of this warning, use either 'Selenium2Library.Element Text Should Be' or 'XML.Element Text Should Be'.</msg>
<msg timestamp="20190423 11:25:40.673" level="INFO">Verifying element 'xpath=//div[@class="alert-message"]' contains exact text 'Category saved.'.</msg>
<status status="PASS" starttime="20190423 11:25:40.672" endtime="20190423 11:25:40.702"></status>
</kw>
<status status="PASS" starttime="20190423 11:25:40.671" endtime="20190423 11:25:40.702"></status>
</kw>
<kw name="Delete A Category" library="AdminCategoryPage">
<kw name="Get Element Count" library="Selenium2Library">
<doc>Returns number of elements matching ``locator``.</doc>
<arguments>
<arg>${lbl_tittle_categories_count}</arg>
</arguments>
<assign>
<var>${count_categories_post}</var>
</assign>
<msg timestamp="20190423 11:25:40.703" level="WARN">Keyword 'Get Element Count' found both from a custom test library 'Selenium2Library' and a standard library 'XML'. The custom keyword is used. To select explicitly, and to get rid of this warning, use either 'Selenium2Library.Get Element Count' or 'XML.Get Element Count'.</msg>
<msg timestamp="20190423 11:25:40.714" level="INFO">${count_categories_post} = 4</msg>
<status status="PASS" starttime="20190423 11:25:40.703" endtime="20190423 11:25:40.714"></status>
</kw>
<kw name="Select Checkbox" library="Selenium2Library">
<doc>Selects checkbox identified by ``locator``.</doc>
<arguments>
<arg>${select_box_categories}</arg>
</arguments>
<msg timestamp="20190423 11:25:40.714" level="INFO">Selecting checkbox 'xpath=//table[@id="categoryList"]/tbody[@class="ui-sortable"]/tr[last()]/td//input[@name="cid[]"]'.</msg>
<status status="PASS" starttime="20190423 11:25:40.714" endtime="20190423 11:25:40.781"></status>
</kw>
<kw name="Click Element" library="Selenium2Library">
<doc>Click element identified by ``locator``.</doc>
<arguments>
<arg>${btn_trash_categories}</arg>
</arguments>
<msg timestamp="20190423 11:25:40.782" level="INFO">Clicking element 'xpath=//button[@class="btn btn-small button-trash"]'.</msg>
<status status="PASS" starttime="20190423 11:25:40.782" endtime="20190423 11:25:41.872"></status>
</kw>
<kw name="Get Element Count" library="Selenium2Library">
<doc>Returns number of elements matching ``locator``.</doc>
<arguments>
<arg>${lbl_tittle_categories_count}</arg>
</arguments>
<assign>
<var>${count_choosen_categories_post}</var>
</assign>
<msg timestamp="20190423 11:25:41.873" level="WARN">Keyword 'Get Element Count' found both from a custom test library 'Selenium2Library' and a standard library 'XML'. The custom keyword is used. To select explicitly, and to get rid of this warning, use either 'Selenium2Library.Get Element Count' or 'XML.Get Element Count'.</msg>
<msg timestamp="20190423 11:25:41.884" level="INFO">${count_choosen_categories_post} = 3</msg>
<status status="PASS" starttime="20190423 11:25:41.873" endtime="20190423 11:25:41.884"></status>
</kw>
<kw name="Evaluate" library="BuiltIn">
<doc>Evaluates the given expression in Python and returns the results.</doc>
<arguments>
<arg>${count_categories_post} - 1</arg>
</arguments>
<assign>
<var>${count_left_categories_post}</var>
</assign>
<msg timestamp="20190423 11:25:41.885" level="INFO">${count_left_categories_post} = 3</msg>
<status status="PASS" starttime="20190423 11:25:41.885" endtime="20190423 11:25:41.885"></status>
</kw>
<kw name="Should Be Equal" library="BuiltIn">
<doc>Fails if the given objects are unequal.</doc>
<arguments>
<arg>${count_choosen_categories_post}</arg>
<arg>${count_left_categories_post}</arg>
</arguments>
<status status="PASS" starttime="20190423 11:25:41.885" endtime="20190423 11:25:41.886"></status>
</kw>
<status status="PASS" starttime="20190423 11:25:40.702" endtime="20190423 11:25:41.886"></status>
</kw>
<kw name="Check Message Successfully" library="AdminCategoryPage">
<arguments>
<arg>${TXT_MESSAGE}</arg>
<arg>${TXT_EDIT_MESSAGE_EXPECTED}</arg>
</arguments>
<kw name="Element Text Should Be" library="Selenium2Library">
<doc>Verifies that element ``locator`` contains exact text ``expected``.</doc>
<arguments>
<arg>${arg_locator}</arg>
<arg>${arg_expected}</arg>
</arguments>
<msg timestamp="20190423 11:25:41.887" level="WARN">Keyword 'Element Text Should Be' found both from a custom test library 'Selenium2Library' and a standard library 'XML'. The custom keyword is used. To select explicitly, and to get rid of this warning, use either 'Selenium2Library.Element Text Should Be' or 'XML.Element Text Should Be'.</msg>
<msg timestamp="20190423 11:25:41.888" level="INFO">Verifying element 'xpath=//div[@class="alert-message"]' contains exact text '1 category trashed.'.</msg>
<status status="PASS" starttime="20190423 11:25:41.887" endtime="20190423 11:25:41.909"></status>
</kw>
<status status="PASS" starttime="20190423 11:25:41.886" endtime="20190423 11:25:41.909"></status>
</kw>
<kw name="Logout Admin Site" library="AdminHomePage">
<kw name="Click Element" library="Selenium2Library">
<doc>Click element identified by ``locator``.</doc>
<arguments>
<arg>${icn_user}</arg>
</arguments>
<msg timestamp="20190423 11:25:41.909" level="INFO">Clicking element 'xpath=//a/span[@class="icon-user"]'.</msg>
<status status="PASS" starttime="20190423 11:25:41.909" endtime="20190423 11:25:41.959"></status>
</kw>
<kw name="Wait Until Element Is Visible" library="Selenium2Library">
<doc>Waits until element ``locator`` is visible.</doc>
<arguments>
<arg>${lbl_logout}</arg>
</arguments>
<status status="PASS" starttime="20190423 11:25:41.960" endtime="20190423 11:25:41.982"></status>
</kw>
<kw name="Click Element" library="Selenium2Library">
<doc>Click element identified by ``locator``.</doc>
<arguments>
<arg>${lbl_logout}</arg>
</arguments>
<msg timestamp="20190423 11:25:41.983" level="INFO">Clicking element 'xpath=//ul[@class="nav nav-user pull-right nav-hover"]//a[text()="Logout"]'.</msg>
<status status="PASS" starttime="20190423 11:25:41.982" endtime="20190423 11:25:42.623"></status>
</kw>
<status status="PASS" starttime="20190423 11:25:41.909" endtime="20190423 11:25:42.624"></status>
</kw>
<status status="PASS" starttime="20190423 11:25:35.147" endtime="20190423 11:25:42.624" critical="yes"></status>
</test>
<test id="s1-s1-s1-s1-t3" name="TC07 - Verify That Admin Can Delete A New Category">
<kw name="Generate Random String" library="String">
<doc>Generates a string with a desired ``length`` from the given ``chars``.</doc>
<arguments>
<arg>12</arg>
<arg>[LETTERS]</arg>
</arguments>
<assign>
<var>${CATEGORY_ALIAS}</var>
</assign>
<msg timestamp="20190423 11:25:42.628" level="INFO">${CATEGORY_ALIAS} = rvCeeWGKolpB</msg>
<status status="PASS" starttime="20190423 11:25:42.627" endtime="20190423 11:25:42.628"></status>
</kw>
<kw name="Login Admin Site" library="AdminLoginPage">
<arguments>
<arg>${USERNAME}</arg>
<arg>${PASSWORD}</arg>
</arguments>
<kw name="Log To Console" library="BuiltIn">
<doc>Logs the given message to the console.</doc>
<arguments>
<arg>Login to Joomla</arg>
</arguments>
<status status="PASS" starttime="20190423 11:25:42.630" endtime="20190423 11:25:42.630"></status>
</kw>
<kw name="Input Text" library="Selenium2Library">
<doc>Types the given ``text`` into text field identified by ``locator``.</doc>
<arguments>
<arg>${txt_username}</arg>
<arg>${arg_username}</arg>
</arguments>
<msg timestamp="20190423 11:25:42.631" level="INFO">Typing text 'admin' into text field 'id=mod-login-username'.</msg>
<status status="PASS" starttime="20190423 11:25:42.631" endtime="20190423 11:25:42.705"></status>
</kw>
<kw name="Input Text" library="Selenium2Library">
<doc>Types the given ``text`` into text field identified by ``locator``.</doc>
<arguments>
<arg>${txt_password}</arg>
<arg>${arg_password}</arg>
</arguments>
<msg timestamp="20190423 11:25:42.706" level="INFO">Typing text '123456789' into text field 'id=mod-login-password'.</msg>
<status status="PASS" starttime="20190423 11:25:42.705" endtime="20190423 11:25:42.774"></status>
</kw>
<kw name="Click Button" library="Selenium2Library">
<doc>Clicks button identified by ``locator``.</doc>
<arguments>
<arg>${btn_login}</arg>
</arguments>
<msg timestamp="20190423 11:25:42.775" level="INFO">Clicking button 'xpath=//div[@class="btn-group"]/button[@class="btn btn-primary btn-block btn-large login-button"]'.</msg>
<status status="PASS" starttime="20190423 11:25:42.774" endtime="20190423 11:25:43.639"></status>
</kw>
<status status="PASS" starttime="20190423 11:25:42.628" endtime="20190423 11:25:43.640"></status>
</kw>
<kw name="Go To Add New Category Page" library="AdminCategoryPage">
<kw name="Select Sidebar Menu" library="AdminHomePage">
<arguments>
<arg>${lbl_categories}</arg>
</arguments>
<kw name="Click Element" library="Selenium2Library">
<doc>Click element identified by ``locator``.</doc>
<arguments>
<arg>${arg_page}</arg>
</arguments>
<msg timestamp="20190423 11:25:43.641" level="INFO">Clicking element 'xpath=//div[@class="span3"]//a[span[contains(text(), "Categories")]]'.</msg>
<status status="PASS" starttime="20190423 11:25:43.641" endtime="20190423 11:25:46.793"></status>
</kw>
<status status="PASS" starttime="20190423 11:25:43.640" endtime="20190423 11:25:46.794"></status>
</kw>
<status status="PASS" starttime="20190423 11:25:43.640" endtime="20190423 11:25:46.794"></status>
</kw>
<kw name="Add New Category" library="AdminCategoryPage">
<arguments>
<arg>${CATEGORY_TITLE}</arg>
<arg>${CATEGORY_CONTENT}</arg>
<arg>${CATEGORY_ALIAS}</arg>
</arguments>
<kw name="Click Element" library="Selenium2Library">
<doc>Click element identified by ``locator``.</doc>
<arguments>
<arg>${lbl_new_categories}</arg>
</arguments>
<msg timestamp="20190423 11:25:46.796" level="INFO">Clicking element 'xpath=//div[@class="btn-wrapper"]//button//span[@class="icon-new icon-white"]'.</msg>
<status status="PASS" starttime="20190423 11:25:46.796" endtime="20190423 11:25:47.904"></status>
</kw>
<kw name="Input Text" library="Selenium2Library">
<doc>Types the given ``text`` into text field identified by ``locator``.</doc>
<arguments>
<arg>${txt_title_categories}</arg>
<arg>${arg_title_categories}</arg>
</arguments>
<msg timestamp="20190423 11:25:47.905" level="INFO">Typing text 'Robot Framework is operating system and application independent' into text field 'xpath=//div[@class="control-group"]//div[@class="controls"]//input[@id="jform_title"]'.</msg>
<status status="PASS" starttime="20190423 11:25:47.904" endtime="20190423 11:25:48.435"></status>
</kw>
<kw name="Input Text" library="Selenium2Library">
<doc>Types the given ``text`` into text field identified by ``locator``.</doc>
<arguments>
<arg>${txt_title_alias_categories}</arg>
<arg>${arg_alias}</arg>
</arguments>
<msg timestamp="20190423 11:25:48.436" level="INFO">Typing text 'rvCeeWGKolpB' into text field 'id=jform_alias'.</msg>
<status status="PASS" starttime="20190423 11:25:48.435" endtime="20190423 11:25:48.586"></status>
</kw>
<kw name="Select Frame" library="Selenium2Library">
<doc>Sets frame identified by ``locator`` as the current frame.</doc>
<arguments>
<arg>${txt_cont_categories}</arg>
</arguments>
<msg timestamp="20190423 11:25:48.587" level="INFO">Selecting frame 'xpath=//iframe[contains(@id,'jform_description_ifr')]'.</msg>
<status status="PASS" starttime="20190423 11:25:48.586" endtime="20190423 11:25:48.615"></status>
</kw>
<kw name="Input Text" library="Selenium2Library">
<doc>Types the given ``text`` into text field identified by ``locator``.</doc>
<arguments>
<arg>${id_txtbox_content_categories}</arg>
<arg>${arg_cont_categories}</arg>
</arguments>
<msg timestamp="20190423 11:25:48.616" level="INFO">Typing text 'Many years ago Seth Green decided to take his love of action figures and combine it with one of his major passions: stop-motion animation. The idea for Cartoon Network's late-night animated series "Robot Chicken" was born and the animation world suddenly changed.' into text field 'id=tinymce'.</msg>
<status status="PASS" starttime="20190423 11:25:48.616" endtime="20190423 11:25:49.304"></status>
</kw>
<kw name="Unselect Frame" library="Selenium2Library">
<doc>Sets the main frame as the current frame.</doc>
<status status="PASS" starttime="20190423 11:25:49.304" endtime="20190423 11:25:49.310"></status>
</kw>
<kw name="Click Button" library="Selenium2Library">
<doc>Clicks button identified by ``locator``.</doc>
<arguments>
<arg>${btn_save_close_categories}</arg>
</arguments>
<msg timestamp="20190423 11:25:49.310" level="INFO">Clicking button 'xpath=//div[@class="btn-toolbar"]//div[@class="btn-wrapper"]//button[@class="btn btn-small button-save"]'.</msg>
<status status="PASS" starttime="20190423 11:25:49.310" endtime="20190423 11:25:52.067"></status>
</kw>
<status status="PASS" starttime="20190423 11:25:46.794" endtime="20190423 11:25:52.067"></status>
</kw>
<kw name="Check Message Successfully" library="AdminCategoryPage">
<arguments>
<arg>${TXT_MESSAGE}</arg>
<arg>${TXT_ADD_MESSAGE_EXPECTED}</arg>
</arguments>
<kw name="Element Text Should Be" library="Selenium2Library">
<doc>Verifies that element ``locator`` contains exact text ``expected``.</doc>
<arguments>
<arg>${arg_locator}</arg>
<arg>${arg_expected}</arg>
</arguments>
<msg timestamp="20190423 11:25:52.069" level="WARN">Keyword 'Element Text Should Be' found both from a custom test library 'Selenium2Library' and a standard library 'XML'. The custom keyword is used. To select explicitly, and to get rid of this warning, use either 'Selenium2Library.Element Text Should Be' or 'XML.Element Text Should Be'.</msg>
<msg timestamp="20190423 11:25:52.070" level="INFO">Verifying element 'xpath=//div[@class="alert-message"]' contains exact text 'Category saved.'.</msg>
<status status="PASS" starttime="20190423 11:25:52.069" endtime="20190423 11:25:52.092"></status>
</kw>
<status status="PASS" starttime="20190423 11:25:52.068" endtime="20190423 11:25:52.092"></status>
</kw>
<kw name="Delete A Category" library="AdminCategoryPage">
<kw name="Get Element Count" library="Selenium2Library">
<doc>Returns number of elements matching ``locator``.</doc>
<arguments>
<arg>${lbl_tittle_categories_count}</arg>
</arguments>
<assign>
<var>${count_categories_post}</var>
</assign>
<msg timestamp="20190423 11:25:52.093" level="WARN">Keyword 'Get Element Count' found both from a custom test library 'Selenium2Library' and a standard library 'XML'. The custom keyword is used. To select explicitly, and to get rid of this warning, use either 'Selenium2Library.Get Element Count' or 'XML.Get Element Count'.</msg>
<msg timestamp="20190423 11:25:52.100" level="INFO">${count_categories_post} = 4</msg>
<status status="PASS" starttime="20190423 11:25:52.093" endtime="20190423 11:25:52.100"></status>
</kw>
<kw name="Select Checkbox" library="Selenium2Library">
<doc>Selects checkbox identified by ``locator``.</doc>
<arguments>
<arg>${select_box_categories}</arg>
</arguments>
<msg timestamp="20190423 11:25:52.101" level="INFO">Selecting checkbox 'xpath=//table[@id="categoryList"]/tbody[@class="ui-sortable"]/tr[last()]/td//input[@name="cid[]"]'.</msg>
<status status="PASS" starttime="20190423 11:25:52.101" endtime="20190423 11:25:52.160"></status>
</kw>
<kw name="Click Element" library="Selenium2Library">
<doc>Click element identified by ``locator``.</doc>
<arguments>
<arg>${btn_trash_categories}</arg>
</arguments>
<msg timestamp="20190423 11:25:52.160" level="INFO">Clicking element 'xpath=//button[@class="btn btn-small button-trash"]'.</msg>
<status status="PASS" starttime="20190423 11:25:52.160" endtime="20190423 11:25:53.336"></status>
</kw>
<kw name="Get Element Count" library="Selenium2Library">
<doc>Returns number of elements matching ``locator``.</doc>
<arguments>
<arg>${lbl_tittle_categories_count}</arg>
</arguments>
<assign>
<var>${count_choosen_categories_post}</var>
</assign>
<msg timestamp="20190423 11:25:53.337" level="WARN">Keyword 'Get Element Count' found both from a custom test library 'Selenium2Library' and a standard library 'XML'. The custom keyword is used. To select explicitly, and to get rid of this warning, use either 'Selenium2Library.Get Element Count' or 'XML.Get Element Count'.</msg>
<msg timestamp="20190423 11:25:53.348" level="INFO">${count_choosen_categories_post} = 3</msg>
<status status="PASS" starttime="20190423 11:25:53.337" endtime="20190423 11:25:53.348"></status>
</kw>
<kw name="Evaluate" library="BuiltIn">
<doc>Evaluates the given expression in Python and returns the results.</doc>
<arguments>
<arg>${count_categories_post} - 1</arg>
</arguments>
<assign>
<var>${count_left_categories_post}</var>
</assign>
<msg timestamp="20190423 11:25:53.349" level="INFO">${count_left_categories_post} = 3</msg>
<status status="PASS" starttime="20190423 11:25:53.349" endtime="20190423 11:25:53.349"></status>
</kw>
<kw name="Should Be Equal" library="BuiltIn">
<doc>Fails if the given objects are unequal.</doc>
<arguments>
<arg>${count_choosen_categories_post}</arg>
<arg>${count_left_categories_post}</arg>
</arguments>
<status status="PASS" starttime="20190423 11:25:53.350" endtime="20190423 11:25:53.350"></status>
</kw>
<status status="PASS" starttime="20190423 11:25:52.092" endtime="20190423 11:25:53.350"></status>
</kw>
<kw name="Check Message Successfully" library="AdminCategoryPage">
<arguments>
<arg>${TXT_MESSAGE}</arg>
<arg>${TXT_EDIT_MESSAGE_EXPECTED}</arg>
</arguments>
<kw name="Element Text Should Be" library="Selenium2Library">
<doc>Verifies that element ``locator`` contains exact text ``expected``.</doc>
<arguments>
<arg>${arg_locator}</arg>
<arg>${arg_expected}</arg>
</arguments>
<msg timestamp="20190423 11:25:53.351" level="WARN">Keyword 'Element Text Should Be' found both from a custom test library 'Selenium2Library' and a standard library 'XML'. The custom keyword is used. To select explicitly, and to get rid of this warning, use either 'Selenium2Library.Element Text Should Be' or 'XML.Element Text Should Be'.</msg>
<msg timestamp="20190423 11:25:53.352" level="INFO">Verifying element 'xpath=//div[@class="alert-message"]' contains exact text '1 category trashed.'.</msg>
<status status="PASS" starttime="20190423 11:25:53.351" endtime="20190423 11:25:53.375"></status>
</kw>
<status status="PASS" starttime="20190423 11:25:53.351" endtime="20190423 11:25:53.375"></status>
</kw>
<kw name="Logout Admin Site" library="AdminHomePage">
<kw name="Click Element" library="Selenium2Library">
<doc>Click element identified by ``locator``.</doc>
<arguments>
<arg>${icn_user}</arg>
</arguments>
<msg timestamp="20190423 11:25:53.376" level="INFO">Clicking element 'xpath=//a/span[@class="icon-user"]'.</msg>
<status status="PASS" starttime="20190423 11:25:53.376" endtime="20190423 11:25:53.420"></status>
</kw>
<kw name="Wait Until Element Is Visible" library="Selenium2Library">
<doc>Waits until element ``locator`` is visible.</doc>
<arguments>
<arg>${lbl_logout}</arg>
</arguments>
<status status="PASS" starttime="20190423 11:25:53.420" endtime="20190423 11:25:53.442"></status>
</kw>
<kw name="Click Element" library="Selenium2Library">
<doc>Click element identified by ``locator``.</doc>
<arguments>
<arg>${lbl_logout}</arg>
</arguments>
<msg timestamp="20190423 11:25:53.443" level="INFO">Clicking element 'xpath=//ul[@class="nav nav-user pull-right nav-hover"]//a[text()="Logout"]'.</msg>
<status status="PASS" starttime="20190423 11:25:53.442" endtime="20190423 11:25:53.996"></status>
</kw>
<status status="PASS" starttime="20190423 11:25:53.376" endtime="20190423 11:25:53.996"></status>
</kw>
<status status="PASS" starttime="20190423 11:25:42.626" endtime="20190423 11:25:53.997" critical="yes"></status>
</test>
<test id="s1-s1-s1-s1-t4" name="TC08 - Verify That Admin Can Unpublish A Category">
<kw name="Generate Random String" library="String">
<doc>Generates a string with a desired ``length`` from the given ``chars``.</doc>
<arguments>
<arg>12</arg>
<arg>[LETTERS]</arg>
</arguments>
<assign>
<var>${CATEGORY_ALIAS}</var>
</assign>
<msg timestamp="20190423 11:25:54.000" level="INFO">${CATEGORY_ALIAS} = AjdeszoyZsZb</msg>
<status status="PASS" starttime="20190423 11:25:53.999" endtime="20190423 11:25:54.000"></status>
</kw>
<kw name="Login Admin Site" library="AdminLoginPage">
<arguments>
<arg>${USERNAME}</arg>
<arg>${PASSWORD}</arg>
</arguments>
<kw name="Log To Console" library="BuiltIn">
<doc>Logs the given message to the console.</doc>
<arguments>
<arg>Login to Joomla</arg>
</arguments>
<status status="PASS" starttime="20190423 11:25:54.001" endtime="20190423 11:25:54.001"></status>
</kw>
<kw name="Input Text" library="Selenium2Library">
<doc>Types the given ``text`` into text field identified by ``locator``.</doc>
<arguments>
<arg>${txt_username}</arg>
<arg>${arg_username}</arg>
</arguments>
<msg timestamp="20190423 11:25:54.002" level="INFO">Typing text 'admin' into text field 'id=mod-login-username'.</msg>
<status status="PASS" starttime="20190423 11:25:54.002" endtime="20190423 11:25:54.070"></status>
</kw>
<kw name="Input Text" library="Selenium2Library">
<doc>Types the given ``text`` into text field identified by ``locator``.</doc>
<arguments>
<arg>${txt_password}</arg>
<arg>${arg_password}</arg>
</arguments>
<msg timestamp="20190423 11:25:54.072" level="INFO">Typing text '123456789' into text field 'id=mod-login-password'.</msg>
<status status="PASS" starttime="20190423 11:25:54.070" endtime="20190423 11:25:54.136"></status>
</kw>
<kw name="Click Button" library="Selenium2Library">
<doc>Clicks button identified by ``locator``.</doc>
<arguments>
<arg>${btn_login}</arg>
</arguments>
<msg timestamp="20190423 11:25:54.137" level="INFO">Clicking button 'xpath=//div[@class="btn-group"]/button[@class="btn btn-primary btn-block btn-large login-button"]'.</msg>
<status status="PASS" starttime="20190423 11:25:54.136" endtime="20190423 11:25:54.925"></status>
</kw>
<status status="PASS" starttime="20190423 11:25:54.000" endtime="20190423 11:25:54.925"></status>
</kw>
<kw name="Go To Add New Category Page" library="AdminCategoryPage">
<kw name="Select Sidebar Menu" library="AdminHomePage">
<arguments>
<arg>${lbl_categories}</arg>
</arguments>
<kw name="Click Element" library="Selenium2Library">
<doc>Click element identified by ``locator``.</doc>
<arguments>
<arg>${arg_page}</arg>
</arguments>
<msg timestamp="20190423 11:25:54.927" level="INFO">Clicking element 'xpath=//div[@class="span3"]//a[span[contains(text(), "Categories")]]'.</msg>
<status status="PASS" starttime="20190423 11:25:54.927" endtime="20190423 11:25:55.411"></status>
</kw>
<status status="PASS" starttime="20190423 11:25:54.926" endtime="20190423 11:25:55.412"></status>
</kw>
<status status="PASS" starttime="20190423 11:25:54.926" endtime="20190423 11:25:55.412"></status>
</kw>
<kw name="Add New Category" library="AdminCategoryPage">
<arguments>
<arg>${CATEGORY_TITLE}</arg>
<arg>${CATEGORY_CONTENT}</arg>
<arg>${CATEGORY_ALIAS}</arg>
</arguments>
<kw name="Click Element" library="Selenium2Library">
<doc>Click element identified by ``locator``.</doc>
<arguments>
<arg>${lbl_new_categories}</arg>
</arguments>
<msg timestamp="20190423 11:25:55.413" level="INFO">Clicking element 'xpath=//div[@class="btn-wrapper"]//button//span[@class="icon-new icon-white"]'.</msg>
<status status="PASS" starttime="20190423 11:25:55.413" endtime="20190423 11:25:56.430"></status>
</kw>
<kw name="Input Text" library="Selenium2Library">
<doc>Types the given ``text`` into text field identified by ``locator``.</doc>
<arguments>
<arg>${txt_title_categories}</arg>
<arg>${arg_title_categories}</arg>
</arguments>
<msg timestamp="20190423 11:25:56.431" level="INFO">Typing text 'Robot Framework is operating system and application independent' into text field 'xpath=//div[@class="control-group"]//div[@class="controls"]//input[@id="jform_title"]'.</msg>
<status status="PASS" starttime="20190423 11:25:56.430" endtime="20190423 11:25:56.958"></status>
</kw>
<kw name="Input Text" library="Selenium2Library">
<doc>Types the given ``text`` into text field identified by ``locator``.</doc>
<arguments>
<arg>${txt_title_alias_categories}</arg>
<arg>${arg_alias}</arg>
</arguments>
<msg timestamp="20190423 11:25:56.959" level="INFO">Typing text 'AjdeszoyZsZb' into text field 'id=jform_alias'.</msg>
<status status="PASS" starttime="20190423 11:25:56.959" endtime="20190423 11:25:57.096"></status>
</kw>
<kw name="Select Frame" library="Selenium2Library">
<doc>Sets frame identified by ``locator`` as the current frame.</doc>
<arguments>
<arg>${txt_cont_categories}</arg>
</arguments>
<msg timestamp="20190423 11:25:57.097" level="INFO">Selecting frame 'xpath=//iframe[contains(@id,'jform_description_ifr')]'.</msg>
<status status="PASS" starttime="20190423 11:25:57.096" endtime="20190423 11:25:57.119"></status>
</kw>
<kw name="Input Text" library="Selenium2Library">
<doc>Types the given ``text`` into text field identified by ``locator``.</doc>
<arguments>
<arg>${id_txtbox_content_categories}</arg>
<arg>${arg_cont_categories}</arg>
</arguments>
<msg timestamp="20190423 11:25:57.120" level="INFO">Typing text 'Many years ago Seth Green decided to take his love of action figures and combine it with one of his major passions: stop-motion animation. The idea for Cartoon Network's late-night animated series "Robot Chicken" was born and the animation world suddenly changed.' into text field 'id=tinymce'.</msg>
<status status="PASS" starttime="20190423 11:25:57.119" endtime="20190423 11:25:57.851"></status>
</kw>
<kw name="Unselect Frame" library="Selenium2Library">
<doc>Sets the main frame as the current frame.</doc>
<status status="PASS" starttime="20190423 11:25:57.851" endtime="20190423 11:25:57.854"></status>
</kw>
<kw name="Click Button" library="Selenium2Library">
<doc>Clicks button identified by ``locator``.</doc>
<arguments>
<arg>${btn_save_close_categories}</arg>
</arguments>
<msg timestamp="20190423 11:25:57.854" level="INFO">Clicking button 'xpath=//div[@class="btn-toolbar"]//div[@class="btn-wrapper"]//button[@class="btn btn-small button-save"]'.</msg>
<status status="PASS" starttime="20190423 11:25:57.854" endtime="20190423 11:26:02.027"></status>
</kw>
<status status="PASS" starttime="20190423 11:25:55.412" endtime="20190423 11:26:02.028"></status>
</kw>
<kw name="Check Message Successfully" library="AdminCategoryPage">
<arguments>
<arg>${TXT_MESSAGE}</arg>
<arg>${TXT_ADD_MESSAGE_EXPECTED}</arg>
</arguments>
<kw name="Element Text Should Be" library="Selenium2Library">
<doc>Verifies that element ``locator`` contains exact text ``expected``.</doc>
<arguments>
<arg>${arg_locator}</arg>
<arg>${arg_expected}</arg>
</arguments>
<msg timestamp="20190423 11:26:02.029" level="WARN">Keyword 'Element Text Should Be' found both from a custom test library 'Selenium2Library' and a standard library 'XML'. The custom keyword is used. To select explicitly, and to get rid of this warning, use either 'Selenium2Library.Element Text Should Be' or 'XML.Element Text Should Be'.</msg>
<msg timestamp="20190423 11:26:02.030" level="INFO">Verifying element 'xpath=//div[@class="alert-message"]' contains exact text 'Category saved.'.</msg>
<status status="PASS" starttime="20190423 11:26:02.029" endtime="20190423 11:26:02.053"></status>
</kw>
<status status="PASS" starttime="20190423 11:26:02.028" endtime="20190423 11:26:02.054"></status>
</kw>
<kw name="Unpublish A Category" library="AdminCategoryPage">
<kw name="Click Element" library="Selenium2Library">
<doc>Click element identified by ``locator``.</doc>
<arguments>
<arg>${select_box_categories}</arg>
</arguments>
<msg timestamp="20190423 11:26:02.055" level="INFO">Clicking element 'xpath=//table[@id="categoryList"]/tbody[@class="ui-sortable"]/tr[last()]/td//input[@name="cid[]"]'.</msg>
<status status="PASS" starttime="20190423 11:26:02.055" endtime="20190423 11:26:02.097"></status>
</kw>
<kw name="Click Element" library="Selenium2Library">
<doc>Click element identified by ``locator``.</doc>
<arguments>
<arg>${btn_unpublish_categories}</arg>
</arguments>
<msg timestamp="20190423 11:26:02.098" level="INFO">Clicking element 'xpath=//button[@class="btn btn-small button-unpublish"]'.</msg>
<status status="PASS" starttime="20190423 11:26:02.098" endtime="20190423 11:26:02.989"></status>
</kw>
<status status="PASS" starttime="20190423 11:26:02.055" endtime="20190423 11:26:02.990"></status>
</kw>
<kw name="Check Message Successfully" library="AdminCategoryPage">
<arguments>
<arg>${TXT_MESSAGE}</arg>
<arg>${TXT_UNPUBLISH_MESSAGE_EXPECTED}</arg>
</arguments>
<kw name="Element Text Should Be" library="Selenium2Library">
<doc>Verifies that element ``locator`` contains exact text ``expected``.</doc>
<arguments>
<arg>${arg_locator}</arg>
<arg>${arg_expected}</arg>
</arguments>
<msg timestamp="20190423 11:26:02.991" level="WARN">Keyword 'Element Text Should Be' found both from a custom test library 'Selenium2Library' and a standard library 'XML'. The custom keyword is used. To select explicitly, and to get rid of this warning, use either 'Selenium2Library.Element Text Should Be' or 'XML.Element Text Should Be'.</msg>
<msg timestamp="20190423 11:26:02.992" level="INFO">Verifying element 'xpath=//div[@class="alert-message"]' contains exact text '1 category unpublished.'.</msg>
<status status="PASS" starttime="20190423 11:26:02.991" endtime="20190423 11:26:03.015"></status>
</kw>
<status status="PASS" starttime="20190423 11:26:02.990" endtime="20190423 11:26:03.016"></status>
</kw>
<kw name="Logout Admin Site" library="AdminHomePage">
<kw name="Click Element" library="Selenium2Library">
<doc>Click element identified by ``locator``.</doc>
<arguments>
<arg>${icn_user}</arg>
</arguments>
<msg timestamp="20190423 11:26:03.016" level="INFO">Clicking element 'xpath=//a/span[@class="icon-user"]'.</msg>
<status status="PASS" starttime="20190423 11:26:03.016" endtime="20190423 11:26:03.065"></status>
</kw>
<kw name="Wait Until Element Is Visible" library="Selenium2Library">
<doc>Waits until element ``locator`` is visible.</doc>
<arguments>
<arg>${lbl_logout}</arg>
</arguments>
<status status="PASS" starttime="20190423 11:26:03.066" endtime="20190423 11:26:03.087"></status>
</kw>
<kw name="Click Element" library="Selenium2Library">
<doc>Click element identified by ``locator``.</doc>
<arguments>
<arg>${lbl_logout}</arg>
</arguments>
<msg timestamp="20190423 11:26:03.088" level="INFO">Clicking element 'xpath=//ul[@class="nav nav-user pull-right nav-hover"]//a[text()="Logout"]'.</msg>
<status status="PASS" starttime="20190423 11:26:03.088" endtime="20190423 11:26:03.798"></status>
</kw>
<status status="PASS" starttime="20190423 11:26:03.016" endtime="20190423 11:26:03.799"></status>
</kw>
<status status="PASS" starttime="20190423 11:25:53.998" endtime="20190423 11:26:03.799" critical="yes"></status>
</test>
<kw name="Teardown" library="Setup" type="teardown">
<kw name="Close All Browsers" library="Selenium2Library">
<doc>Closes all open browsers and resets the browser cache.</doc>
<status status="PASS" starttime="20190423 11:26:03.801" endtime="20190423 11:26:05.945"></status>
</kw>
<status status="PASS" starttime="20190423 11:26:03.800" endtime="20190423 11:26:05.945"></status>
</kw>
<status status="PASS" starttime="20190423 11:25:22.894" endtime="20190423 11:26:05.945"></status>
</suite>
<status status="PASS" starttime="20190423 11:25:22.889" endtime="20190423 11:26:05.949"></status>
</suite>
<status status="PASS" starttime="20190423 11:25:22.889" endtime="20190423 11:26:05.949"></status>
</suite>
<status status="PASS" starttime="20190423 11:25:22.865" endtime="20190423 11:26:05.954"></status>
</suite>
<statistics>
<total>
<stat pass="4" fail="0">Critical Tests</stat>
<stat pass="4" fail="0">All Tests</stat>
</total>
<tag>
</tag>
<suite>
<stat pass="4" fail="0" id="s1" name="RobotTeam2">RobotTeam2</stat>
<stat pass="4" fail="0" id="s1-s1" name="RobotFrameworkProject">RobotTeam2.RobotFrameworkProject</stat>
<stat pass="4" fail="0" id="s1-s1-s1" name="Tests">RobotTeam2.RobotFrameworkProject.Tests</stat>
<stat pass="4" fail="0" id="s1-s1-s1-s1" name="AdminCategoryTest">RobotTeam2.RobotFrameworkProject.Tests.AdminCategoryTest</stat>
</suite>
</statistics>
<errors>
<msg timestamp="20190423 11:25:34.301" level="WARN">Keyword 'Element Text Should Be' found both from a custom test library 'Selenium2Library' and a standard library 'XML'. The custom keyword is used. To select explicitly, and to get rid of this warning, use either 'Selenium2Library.Element Text Should Be' or 'XML.Element Text Should Be'.</msg>
<msg timestamp="20190423 11:25:40.672" level="WARN">Keyword 'Element Text Should Be' found both from a custom test library 'Selenium2Library' and a standard library 'XML'. The custom keyword is used. To select explicitly, and to get rid of this warning, use either 'Selenium2Library.Element Text Should Be' or 'XML.Element Text Should Be'.</msg>
<msg timestamp="20190423 11:25:40.703" level="WARN">Keyword 'Get Element Count' found both from a custom test library 'Selenium2Library' and a standard library 'XML'. The custom keyword is used. To select explicitly, and to get rid of this warning, use either 'Selenium2Library.Get Element Count' or 'XML.Get Element Count'.</msg>
<msg timestamp="20190423 11:25:41.873" level="WARN">Keyword 'Get Element Count' found both from a custom test library 'Selenium2Library' and a standard library 'XML'. The custom keyword is used. To select explicitly, and to get rid of this warning, use either 'Selenium2Library.Get Element Count' or 'XML.Get Element Count'.</msg>
<msg timestamp="20190423 11:25:41.887" level="WARN">Keyword 'Element Text Should Be' found both from a custom test library 'Selenium2Library' and a standard library 'XML'. The custom keyword is used. To select explicitly, and to get rid of this warning, use either 'Selenium2Library.Element Text Should Be' or 'XML.Element Text Should Be'.</msg>
<msg timestamp="20190423 11:25:52.069" level="WARN">Keyword 'Element Text Should Be' found both from a custom test library 'Selenium2Library' and a standard library 'XML'. The custom keyword is used. To select explicitly, and to get rid of this warning, use either 'Selenium2Library.Element Text Should Be' or 'XML.Element Text Should Be'.</msg>
<msg timestamp="20190423 11:25:52.093" level="WARN">Keyword 'Get Element Count' found both from a custom test library 'Selenium2Library' and a standard library 'XML'. The custom keyword is used. To select explicitly, and to get rid of this warning, use either 'Selenium2Library.Get Element Count' or 'XML.Get Element Count'.</msg>
<msg timestamp="20190423 11:25:53.337" level="WARN">Keyword 'Get Element Count' found both from a custom test library 'Selenium2Library' and a standard library 'XML'. The custom keyword is used. To select explicitly, and to get rid of this warning, use either 'Selenium2Library.Get Element Count' or 'XML.Get Element Count'.</msg>
<msg timestamp="20190423 11:25:53.351" level="WARN">Keyword 'Element Text Should Be' found both from a custom test library 'Selenium2Library' and a standard library 'XML'. The custom keyword is used. To select explicitly, and to get rid of this warning, use either 'Selenium2Library.Element Text Should Be' or 'XML.Element Text Should Be'.</msg>
<msg timestamp="20190423 11:26:02.029" level="WARN">Keyword 'Element Text Should Be' found both from a custom test library 'Selenium2Library' and a standard library 'XML'. The custom keyword is used. To select explicitly, and to get rid of this warning, use either 'Selenium2Library.Element Text Should Be' or 'XML.Element Text Should Be'.</msg>
<msg timestamp="20190423 11:26:02.991" level="WARN">Keyword 'Element Text Should Be' found both from a custom test library 'Selenium2Library' and a standard library 'XML'. The custom keyword is used. To select explicitly, and to get rid of this warning, use either 'Selenium2Library.Element Text Should Be' or 'XML.Element Text Should Be'.</msg>
</errors>
</robot>
