<?xml version="1.0" encoding="UTF-8"?>
<robot generator="Robot 3.1.1 (Python 3.7.3 on win32)" generated="20190523 10:01:56.256" rpa="false">
<suite id="s1" name="Tests" source="C:\Users\InternDN19.01.07\Desktop\Intern19_DinhThiAnhThao\Project_Phase1_Researching\project\RobotTeam2\RobotFrameworkProject\Tests">
<suite id="s1-s1" name="FunctionalTests" source="C:\Users\InternDN19.01.07\Desktop\Intern19_DinhThiAnhThao\Project_Phase1_Researching\project\RobotTeam2\RobotFrameworkProject\Tests\FunctionalTests">
<suite id="s1-s1-s1" name="AdminCategoryTest" source="C:\Users\InternDN19.01.07\Desktop\Intern19_DinhThiAnhThao\Project_Phase1_Researching\project\RobotTeam2\RobotFrameworkProject\Tests\FunctionalTests\AdminCategoryTest.robot">
<kw name="Setup" library="Setup" type="setup">
<kw name="Append To Environment Variable" library="OperatingSystem">
<doc>Appends given ``values`` to environment variable ``name``.</doc>
<arguments>
<arg>PATH</arg>
<arg>C:\\Users\\InternDN19.01.07\\Desktop\\Intern19_DinhThiAnhThao\\Project_Phase1_Researching\\project\\RobotTeam2\\RobotFrameworkProject\\Resources/Drivers</arg>
</arguments>
<msg timestamp="20190523 10:01:56.479" level="INFO">Environment variable 'PATH' set to value 'C:\Users\InternDN19.01.07\bin;C:\Program Files\Git\mingw64\bin;C:\Program Files\Git\usr\local\bin;C:\Program Files\Git\usr\bin;C:\Program Files\Git\usr\bin;C:\Program Files\Git\mingw64\bin;C:\Program Files\Git\usr\bin;C:\Users\InternDN19.01.07\bin;C:\Python37;C:\Python37\Scripts;C:\Program Files (x86)\Common Files\Oracle\Java\javapath;C:\Program Files (x86)\Intel\Intel(R) Management Engine Components\iCLS;C:\Program Files\Intel\Intel(R) Management Engine Components\iCLS;C:\Windows\system32;C:\Windows;C:\Windows\System32\Wbem;C:\Windows\System32\WindowsPowerShell\v1.0;C:\Windows\System32\OpenSSH;C:\Program Files (x86)\Intel\Intel(R) Management Engine Components\DAL;C:\Program Files\Intel\Intel(R) Management Engine Components\DAL;C:\Program Files (x86)\Intel\Intel(R) Management Engine Components\IPT;C:\Program Files\Intel\Intel(R) Management Engine Components\IPT;C:\Program Files\Git\cmd;C:\Python27\Lib\site-packages;C:\Users\InternDN19.01.07\Desktop\Intern19_DinhThiAnhThao\SeleniumWebdriver;C:\xampp\php;C:\composer;C:\Program Files\nodejs;C:\Program Files\maven\apache-maven-3.6.1\bin;C:\Program Files\Java\jdk1.8.0_201\bin;C:\Users\InternDN19.01.07\Downloads\allure-2.10.0\bin;C:\Users\InternDN19.01.07\AppData\Local\Programs\Python\Python37\Scripts;C:\Users\InternDN19.01.07\AppData\Local\Programs\Python\Python37;C:\Users\InternDN19.01.07\AppData\Local\Microsoft\WindowsApps;C:\Users\InternDN19.01.07\AppData\Local\Programs\Microsoft VS Code\bin;C:\Users\InternDN19.01.07\AppData\Roaming\Composer\vendor\bin;C:\Users\InternDN19.01.07\AppData\Roaming\npm;C:\Program Files\Git\usr\bin\vendor_perl;C:\Program Files\Git\usr\bin\core_perl;C:\users\interndn19.01.07\appdata\local\programs\python\python37\lib\site-packages\pywin32_system32;c:\users\interndn19.01.07\appdata\local\programs\python\python37\lib\site-packages\pywin32_system32;C:\Users\InternDN19.01.07\Desktop\Intern19_DinhThiAnhThao\Project_Phase1_Researching\project\RobotTeam2\RobotFrameworkProject\Resources/Drivers'.</msg>
<status status="PASS" starttime="20190523 10:01:56.479" endtime="20190523 10:01:56.479"></status>
</kw>
<kw name="Open Browser" library="Selenium2Library">
<doc>Opens a new browser instance to the given ``url``.</doc>
<arguments>
<arg>${ROOT}</arg>
<arg>${BROWSER}</arg>
</arguments>
<msg timestamp="20190523 10:01:56.479" level="INFO">Opening browser 'Chrome' to base url 'http://192.168.189.72/joomla/administrator/'.</msg>
<status status="PASS" starttime="20190523 10:01:56.479" endtime="20190523 10:02:02.146"></status>
</kw>
<kw name="Maximize Browser Window" library="Selenium2Library">
<doc>Maximizes current browser window.</doc>
<status status="PASS" starttime="20190523 10:02:02.146" endtime="20190523 10:02:03.303"></status>
</kw>
<kw name="Percy Initialize Build" library="PercyClient">
<arguments>
<arg>${PERCY_TOKEN}</arg>
</arguments>
<status status="PASS" starttime="20190523 10:02:03.303" endtime="20190523 10:02:09.029"></status>
</kw>
<status status="PASS" starttime="20190523 10:01:56.479" endtime="20190523 10:02:09.029"></status>
</kw>
<test id="s1-s1-s1-t1" name="TC05 - Verify That Admin Can Add A New Category">
<kw name="Generate Random String" library="String">
<doc>Generates a string with a desired ``length`` from the given ``chars``.</doc>
<arguments>
<arg>12</arg>
<arg>[LETTERS]</arg>
</arguments>
<assign>
<var>${CATEGORY_ALIAS}</var>
</assign>
<msg timestamp="20190523 10:02:09.068" level="INFO">${CATEGORY_ALIAS} = XlWiEaNUJCzp</msg>
<status status="PASS" starttime="20190523 10:02:09.068" endtime="20190523 10:02:09.068"></status>
</kw>
<kw name="Generate Random String" library="String">
<doc>Generates a string with a desired ``length`` from the given ``chars``.</doc>
<arguments>
<arg>12</arg>
<arg>[LETTERS]</arg>
</arguments>
<assign>
<var>${CATEGORY_TITLE}</var>
</assign>
<msg timestamp="20190523 10:02:09.068" level="INFO">${CATEGORY_TITLE} = KbPUKDeGtzwl</msg>
<status status="PASS" starttime="20190523 10:02:09.068" endtime="20190523 10:02:09.068"></status>
</kw>
<kw name="Generate Random String" library="String">
<doc>Generates a string with a desired ``length`` from the given ``chars``.</doc>
<arguments>
<arg>12</arg>
<arg>[LETTERS]</arg>
</arguments>
<assign>
<var>${CATEGORY_ALIAS}</var>
</assign>
<msg timestamp="20190523 10:02:09.069" level="INFO">${CATEGORY_ALIAS} = xOMAQustqCiN</msg>
<status status="PASS" starttime="20190523 10:02:09.068" endtime="20190523 10:02:09.069"></status>
</kw>
<kw name="Login Admin Site" library="AdminLoginPage">
<arguments>
<arg>${USERNAME}</arg>
<arg>${PASSWORD}</arg>
</arguments>
<kw name="Log To Console" library="BuiltIn">
<doc>Logs the given message to the console.</doc>
<arguments>
<arg>Login to Joomla</arg>
</arguments>
<status status="PASS" starttime="20190523 10:02:09.069" endtime="20190523 10:02:09.069"></status>
</kw>
<kw name="Input Text" library="Selenium2Library">
<doc>Types the given ``text`` into text field identified by ``locator``.</doc>
<arguments>
<arg>${txt_username}</arg>
<arg>${arg_username}</arg>
</arguments>
<msg timestamp="20190523 10:02:09.069" level="INFO">Typing text 'category' into text field 'id=mod-login-username'.</msg>
<status status="PASS" starttime="20190523 10:02:09.069" endtime="20190523 10:02:09.170"></status>
</kw>
<kw name="Input Text" library="Selenium2Library">
<doc>Types the given ``text`` into text field identified by ``locator``.</doc>
<arguments>
<arg>${txt_password}</arg>
<arg>${arg_password}</arg>
</arguments>
<msg timestamp="20190523 10:02:09.170" level="INFO">Typing text '123456789' into text field 'id=mod-login-password'.</msg>
<status status="PASS" starttime="20190523 10:02:09.170" endtime="20190523 10:02:09.276"></status>
</kw>
<kw name="Click Button" library="Selenium2Library">
<doc>Clicks button identified by ``locator``.</doc>
<arguments>
<arg>${btn_login}</arg>
</arguments>
<msg timestamp="20190523 10:02:09.276" level="INFO">Clicking button 'xpath=//div[@class="btn-group"]/button[@class="btn btn-primary btn-block btn-large login-button"]'.</msg>
<status status="PASS" starttime="20190523 10:02:09.276" endtime="20190523 10:02:11.418"></status>
</kw>
<status status="PASS" starttime="20190523 10:02:09.069" endtime="20190523 10:02:11.418"></status>
</kw>
<kw name="Go To Add New Category Page" library="AdminCategoryPage">
<kw name="Select Sidebar Menu" library="AdminHomePage">
<arguments>
<arg>${lbl_categories}</arg>
</arguments>
<kw name="Click Element" library="Selenium2Library">
<doc>Click element identified by ``locator``.</doc>
<arguments>
<arg>${arg_page}</arg>
</arguments>
<msg timestamp="20190523 10:02:11.419" level="INFO">Clicking element 'xpath=//div[@class="span3"]//a[span[contains(text(), "Categories")]]'.</msg>
<status status="PASS" starttime="20190523 10:02:11.419" endtime="20190523 10:02:13.080"></status>
</kw>
<status status="PASS" starttime="20190523 10:02:11.418" endtime="20190523 10:02:13.081"></status>
</kw>
<status status="PASS" starttime="20190523 10:02:11.418" endtime="20190523 10:02:13.081"></status>
</kw>
<kw name="Add New Category" library="AdminCategoryPage">
<arguments>
<arg>${CATEGORY_TITLE}</arg>
<arg>${CATEGORY_CONTENT}</arg>
<arg>${CATEGORY_ALIAS}</arg>
</arguments>
<kw name="Click Element" library="Selenium2Library">
<doc>Click element identified by ``locator``.</doc>
<arguments>
<arg>${lbl_categories_new}</arg>
</arguments>
<msg timestamp="20190523 10:02:13.082" level="INFO">Clicking element 'xpath=//div[@class="btn-wrapper"]//button//span[@class="icon-new icon-white"]'.</msg>
<status status="PASS" starttime="20190523 10:02:13.082" endtime="20190523 10:02:22.259"></status>
</kw>
<kw name="Input Text" library="Selenium2Library">
<doc>Types the given ``text`` into text field identified by ``locator``.</doc>
<arguments>
<arg>${txt_categories_title}</arg>
<arg>${arg_categories_title}</arg>
</arguments>
<msg timestamp="20190523 10:02:22.259" level="INFO">Typing text 'KbPUKDeGtzwl' into text field 'id=jform_title'.</msg>
<status status="PASS" starttime="20190523 10:02:22.259" endtime="20190523 10:02:22.441"></status>
</kw>
<kw name="Input Text" library="Selenium2Library">
<doc>Types the given ``text`` into text field identified by ``locator``.</doc>
<arguments>
<arg>${txt_categories_title_alias}</arg>
<arg>${arg_categories_alias}</arg>
</arguments>
<msg timestamp="20190523 10:02:22.442" level="INFO">Typing text 'xOMAQustqCiN' into text field 'id=jform_alias'.</msg>
<status status="PASS" starttime="20190523 10:02:22.442" endtime="20190523 10:02:22.613"></status>
</kw>
<kw name="Select Frame" library="Selenium2Library">
<doc>Sets frame identified by ``locator`` as the current frame.</doc>
<arguments>
<arg>${ifr_categories_content}</arg>
</arguments>
<msg timestamp="20190523 10:02:22.614" level="INFO">Selecting frame 'xpath=//iframe[contains(@id,'jform_description_ifr')]'.</msg>
<status status="PASS" starttime="20190523 10:02:22.613" endtime="20190523 10:02:22.645"></status>
</kw>
<kw name="Input Text" library="Selenium2Library">
<doc>Types the given ``text`` into text field identified by ``locator``.</doc>
<arguments>
<arg>${txt_categories_content}</arg>
<arg>${arg_categories_content}</arg>
</arguments>
<msg timestamp="20190523 10:02:22.646" level="INFO">Typing text 'Many years ago Seth Green decided to take his love of action figures and combine it with one of his major passions: stop-motion animation. The idea for Cartoon Network's late-night animated series "Robot Chicken" was born and the animation world suddenly changed.' into text field 'id=tinymce'.</msg>
<status status="PASS" starttime="20190523 10:02:22.645" endtime="20190523 10:02:23.515"></status>
</kw>
<kw name="Unselect Frame" library="Selenium2Library">
<doc>Sets the main frame as the current frame.</doc>
<status status="PASS" starttime="20190523 10:02:23.515" endtime="20190523 10:02:23.521"></status>
</kw>
<kw name="Click Button" library="Selenium2Library">
<doc>Clicks button identified by ``locator``.</doc>
<arguments>
<arg>${btn_categories_save_close}</arg>
</arguments>
<msg timestamp="20190523 10:02:23.521" level="INFO">Clicking button 'xpath=//div[@class="btn-toolbar"]//div[@class="btn-wrapper"]//button[@class="btn btn-small button-save"]'.</msg>
<status status="PASS" starttime="20190523 10:02:23.521" endtime="20190523 10:02:25.579"></status>
</kw>
<status status="PASS" starttime="20190523 10:02:13.081" endtime="20190523 10:02:25.579"></status>
</kw>
<kw name="Check Message" library="AdminHomePage">
<arguments>
<arg>${TXT_ADD_MESSAGE_EXPECTED}</arg>
</arguments>
<kw name="Element Text Should Be" library="Selenium2Library">
<doc>Verifies that element ``locator`` contains exact text ``expected``.</doc>
<arguments>
<arg>${hed_header_message}</arg>
<arg>Message</arg>
</arguments>
<msg timestamp="20190523 10:02:25.580" level="INFO">Verifying element 'xpath=//div[@class="alert alert-success"]/h4[@class="alert-heading"]' contains exact text 'Message'.</msg>
<status status="PASS" starttime="20190523 10:02:25.580" endtime="20190523 10:02:25.627"></status>
</kw>
<kw name="Element Text Should Be" library="Selenium2Library">
<doc>Verifies that element ``locator`` contains exact text ``expected``.</doc>
<arguments>
<arg>${lbl_message}</arg>
<arg>${arg_expected_message}</arg>
</arguments>
<msg timestamp="20190523 10:02:25.628" level="INFO">Verifying element 'xpath=//div[@class="alert alert-success"]/div[@class="alert-message"]' contains exact text 'Category saved.'.</msg>
<status status="PASS" starttime="20190523 10:02:25.627" endtime="20190523 10:02:25.650"></status>
</kw>
<status status="PASS" starttime="20190523 10:02:25.579" endtime="20190523 10:02:25.650"></status>
</kw>
<kw name="Generate Random String" library="String">
<doc>Generates a string with a desired ``length`` from the given ``chars``.</doc>
<arguments>
<arg>12</arg>
<arg>[LETTERS]</arg>
</arguments>
<assign>
<var>${CATEGORY_ALIAS}</var>
</assign>
<msg timestamp="20190523 10:02:25.651" level="INFO">${CATEGORY_ALIAS} = chsUnJVJaWkG</msg>
<status status="PASS" starttime="20190523 10:02:25.651" endtime="20190523 10:02:25.651"></status>
</kw>
<kw name="Generate Random String" library="String">
<doc>Generates a string with a desired ``length`` from the given ``chars``.</doc>
<arguments>
<arg>12</arg>
<arg>[LETTERS]</arg>
</arguments>
<assign>
<var>${CATEGORY_TITLE}</var>
</assign>
<msg timestamp="20190523 10:02:25.651" level="INFO">${CATEGORY_TITLE} = PLyuPtVxmiFz</msg>
<status status="PASS" starttime="20190523 10:02:25.651" endtime="20190523 10:02:25.651"></status>
</kw>
<status status="PASS" starttime="20190523 10:02:09.029" endtime="20190523 10:02:25.651" critical="yes"></status>
</test>
<test id="s1-s1-s1-t2" name="&gt;&gt;&gt;&gt;&gt;&gt;&gt; percy:RobotFrameworkProject/Tests/FunctionalTests/AdminCategoryTest.robot">
<kw name="Login Admin Site" library="AdminLoginPage">
<arguments>
<arg>${USERNAME}</arg>
<arg>${PASSWORD}</arg>
</arguments>
<kw name="Log To Console" library="BuiltIn">
<doc>Logs the given message to the console.</doc>
<arguments>
<arg>Login to Joomla</arg>
</arguments>
<status status="PASS" starttime="20190523 10:02:25.653" endtime="20190523 10:02:25.653"></status>
</kw>
<kw name="Input Text" library="Selenium2Library">
<doc>Types the given ``text`` into text field identified by ``locator``.</doc>
<arguments>
<arg>${txt_username}</arg>
<arg>${arg_username}</arg>
</arguments>
<msg timestamp="20190523 10:02:25.654" level="INFO">Typing text 'category' into text field 'id=mod-login-username'.</msg>
<kw name="Capture Page Screenshot" library="Selenium2Library">
<doc>Takes screenshot of the current page and embeds it into log file.</doc>
<msg timestamp="20190523 10:02:25.975" level="INFO" html="yes">&lt;/td&gt;&lt;/tr&gt;&lt;tr&gt;&lt;td colspan="3"&gt;&lt;a href="selenium-screenshot-1.png"&gt;&lt;img src="selenium-screenshot-1.png" width="800px"&gt;&lt;/a&gt;</msg>
<status status="PASS" starttime="20190523 10:02:25.667" endtime="20190523 10:02:25.975"></status>
</kw>
<msg timestamp="20190523 10:02:26.137" level="FAIL">Element with locator 'id=mod-login-username' not found.</msg>
<status status="FAIL" starttime="20190523 10:02:25.653" endtime="20190523 10:02:26.137"></status>
</kw>
<status status="FAIL" starttime="20190523 10:02:25.652" endtime="20190523 10:02:26.137"></status>
</kw>
<status status="FAIL" starttime="20190523 10:02:25.652" endtime="20190523 10:02:26.138" critical="yes">Element with locator 'id=mod-login-username' not found.</status>
</test>
<test id="s1-s1-s1-t3" name="TC06 - Verify That Admin Can Edit Category Information">
<kw name="Generate Random String" library="String">
<doc>Generates a string with a desired ``length`` from the given ``chars``.</doc>
<arguments>
<arg>12</arg>
<arg>[LETTERS]</arg>
</arguments>
<assign>
<var>${CATEGORY_EDIT_CONTENT}</var>
</assign>
<msg timestamp="20190523 10:02:26.140" level="INFO">${CATEGORY_EDIT_CONTENT} = vprMrPKAzvgU</msg>
<status status="PASS" starttime="20190523 10:02:26.139" endtime="20190523 10:02:26.140"></status>
</kw>
<kw name="Generate Random String" library="String">
<doc>Generates a string with a desired ``length`` from the given ``chars``.</doc>
<arguments>
<arg>12</arg>
<arg>[LETTERS]</arg>
</arguments>
<assign>
<var>${CATEGORY_EDIT_TITLE}</var>
</assign>
<msg timestamp="20190523 10:02:26.140" level="INFO">${CATEGORY_EDIT_TITLE} = ezotVdfgaXvm</msg>
<status status="PASS" starttime="20190523 10:02:26.140" endtime="20190523 10:02:26.140"></status>
</kw>
<kw name="Generate Random String" library="String">
<doc>Generates a string with a desired ``length`` from the given ``chars``.</doc>
<arguments>
<arg>12</arg>
<arg>[LETTERS]</arg>
</arguments>
<assign>
<var>${CATEGORY_ALIAS}</var>
</assign>
<msg timestamp="20190523 10:02:26.140" level="INFO">${CATEGORY_ALIAS} = RajEfekWdDGd</msg>
<status status="PASS" starttime="20190523 10:02:26.140" endtime="20190523 10:02:26.140"></status>
</kw>
<kw name="Generate Random String" library="String">
<doc>Generates a string with a desired ``length`` from the given ``chars``.</doc>
<arguments>
<arg>12</arg>
<arg>[LETTERS]</arg>
</arguments>
<assign>
<var>${CATEGORY_TITLE}</var>
</assign>
<msg timestamp="20190523 10:02:26.141" level="INFO">${CATEGORY_TITLE} = fEZGkgpWjwyt</msg>
<status status="PASS" starttime="20190523 10:02:26.140" endtime="20190523 10:02:26.141"></status>
</kw>
<kw name="Login Admin Site" library="AdminLoginPage">
<arguments>
<arg>${USERNAME}</arg>
<arg>${PASSWORD}</arg>
</arguments>
<kw name="Log To Console" library="BuiltIn">
<doc>Logs the given message to the console.</doc>
<arguments>
<arg>Login to Joomla</arg>
</arguments>
<status status="PASS" starttime="20190523 10:02:26.141" endtime="20190523 10:02:26.141"></status>
</kw>
<kw name="Input Text" library="Selenium2Library">
<doc>Types the given ``text`` into text field identified by ``locator``.</doc>
<arguments>
<arg>${txt_username}</arg>
<arg>${arg_username}</arg>
</arguments>
<msg timestamp="20190523 10:02:26.141" level="INFO">Typing text 'category' into text field 'id=mod-login-username'.</msg>
<kw name="Capture Page Screenshot" library="Selenium2Library">
<doc>Takes screenshot of the current page and embeds it into log file.</doc>
<msg timestamp="20190523 10:02:26.424" level="INFO" html="yes">&lt;/td&gt;&lt;/tr&gt;&lt;tr&gt;&lt;td colspan="3"&gt;&lt;a href="selenium-screenshot-2.png"&gt;&lt;img src="selenium-screenshot-2.png" width="800px"&gt;&lt;/a&gt;</msg>
<status status="PASS" starttime="20190523 10:02:26.148" endtime="20190523 10:02:26.424"></status>
</kw>
<msg timestamp="20190523 10:02:26.425" level="FAIL">Element with locator 'id=mod-login-username' not found.</msg>
<status status="FAIL" starttime="20190523 10:02:26.141" endtime="20190523 10:02:26.425"></status>
</kw>
<status status="FAIL" starttime="20190523 10:02:26.141" endtime="20190523 10:02:26.425"></status>
</kw>
<status status="FAIL" starttime="20190523 10:02:26.139" endtime="20190523 10:02:26.425" critical="yes">Element with locator 'id=mod-login-username' not found.</status>
</test>
<test id="s1-s1-s1-t4" name="TC07 - Verify That Admin Can Delete A New Category">
<kw name="Generate Random String" library="String">
<doc>Generates a string with a desired ``length`` from the given ``chars``.</doc>
<arguments>
<arg>12</arg>
<arg>[LETTERS]</arg>
</arguments>
<assign>
<var>${CATEGORY_ALIAS}</var>
</assign>
<msg timestamp="20190523 10:02:26.426" level="INFO">${CATEGORY_ALIAS} = AKaOROutiNCr</msg>
<status status="PASS" starttime="20190523 10:02:26.426" endtime="20190523 10:02:26.426"></status>
</kw>
<kw name="Generate Random String" library="String">
<doc>Generates a string with a desired ``length`` from the given ``chars``.</doc>
<arguments>
<arg>12</arg>
<arg>[LETTERS]</arg>
</arguments>
<assign>
<var>${CATEGORY_TITLE}</var>
</assign>
<msg timestamp="20190523 10:02:26.427" level="INFO">${CATEGORY_TITLE} = yDgZpRPGFHYq</msg>
<status status="PASS" starttime="20190523 10:02:26.427" endtime="20190523 10:02:26.427"></status>
</kw>
<kw name="Login Admin Site" library="AdminLoginPage">
<arguments>
<arg>${USERNAME}</arg>
<arg>${PASSWORD}</arg>
</arguments>
<kw name="Log To Console" library="BuiltIn">
<doc>Logs the given message to the console.</doc>
<arguments>
<arg>Login to Joomla</arg>
</arguments>
<status status="PASS" starttime="20190523 10:02:26.427" endtime="20190523 10:02:26.427"></status>
</kw>
<kw name="Input Text" library="Selenium2Library">
<doc>Types the given ``text`` into text field identified by ``locator``.</doc>
<arguments>
<arg>${txt_username}</arg>
<arg>${arg_username}</arg>
</arguments>
<msg timestamp="20190523 10:02:26.428" level="INFO">Typing text 'category' into text field 'id=mod-login-username'.</msg>
<kw name="Capture Page Screenshot" library="Selenium2Library">
<doc>Takes screenshot of the current page and embeds it into log file.</doc>
<msg timestamp="20190523 10:02:26.730" level="INFO" html="yes">&lt;/td&gt;&lt;/tr&gt;&lt;tr&gt;&lt;td colspan="3"&gt;&lt;a href="selenium-screenshot-3.png"&gt;&lt;img src="selenium-screenshot-3.png" width="800px"&gt;&lt;/a&gt;</msg>
<status status="PASS" starttime="20190523 10:02:26.435" endtime="20190523 10:02:26.730"></status>
</kw>
<msg timestamp="20190523 10:02:26.730" level="FAIL">Element with locator 'id=mod-login-username' not found.</msg>
<status status="FAIL" starttime="20190523 10:02:26.427" endtime="20190523 10:02:26.730"></status>
</kw>
<status status="FAIL" starttime="20190523 10:02:26.427" endtime="20190523 10:02:26.731"></status>
</kw>
<status status="FAIL" starttime="20190523 10:02:26.426" endtime="20190523 10:02:26.731" critical="yes">Element with locator 'id=mod-login-username' not found.</status>
</test>
<test id="s1-s1-s1-t5" name="TC08 - Verify That Admin Can Unpublish A Category">
<kw name="Generate Random String" library="String">
<doc>Generates a string with a desired ``length`` from the given ``chars``.</doc>
<arguments>
<arg>12</arg>
<arg>[LETTERS]</arg>
</arguments>
<assign>
<var>${CATEGORY_ALIAS}</var>
</assign>
<msg timestamp="20190523 10:02:26.732" level="INFO">${CATEGORY_ALIAS} = KFIkHqGRTOwF</msg>
<status status="PASS" starttime="20190523 10:02:26.731" endtime="20190523 10:02:26.732"></status>
</kw>
<kw name="Generate Random String" library="String">
<doc>Generates a string with a desired ``length`` from the given ``chars``.</doc>
<arguments>
<arg>12</arg>
<arg>[LETTERS]</arg>
</arguments>
<assign>
<var>${CATEGORY_TITLE}</var>
</assign>
<msg timestamp="20190523 10:02:26.732" level="INFO">${CATEGORY_TITLE} = sMJckbpNyZXD</msg>
<status status="PASS" starttime="20190523 10:02:26.732" endtime="20190523 10:02:26.732"></status>
</kw>
<kw name="Login Admin Site" library="AdminLoginPage">
<arguments>
<arg>${USERNAME}</arg>
<arg>${PASSWORD}</arg>
</arguments>
<kw name="Log To Console" library="BuiltIn">
<doc>Logs the given message to the console.</doc>
<arguments>
<arg>Login to Joomla</arg>
</arguments>
<status status="PASS" starttime="20190523 10:02:26.733" endtime="20190523 10:02:26.733"></status>
</kw>
<kw name="Input Text" library="Selenium2Library">
<doc>Types the given ``text`` into text field identified by ``locator``.</doc>
<arguments>
<arg>${txt_username}</arg>
<arg>${arg_username}</arg>
</arguments>
<msg timestamp="20190523 10:02:26.733" level="INFO">Typing text 'category' into text field 'id=mod-login-username'.</msg>
<kw name="Capture Page Screenshot" library="Selenium2Library">
<doc>Takes screenshot of the current page and embeds it into log file.</doc>
<msg timestamp="20190523 10:02:27.023" level="INFO" html="yes">&lt;/td&gt;&lt;/tr&gt;&lt;tr&gt;&lt;td colspan="3"&gt;&lt;a href="selenium-screenshot-4.png"&gt;&lt;img src="selenium-screenshot-4.png" width="800px"&gt;&lt;/a&gt;</msg>
<status status="PASS" starttime="20190523 10:02:26.742" endtime="20190523 10:02:27.023"></status>
</kw>
<msg timestamp="20190523 10:02:27.024" level="FAIL">Element with locator 'id=mod-login-username' not found.</msg>
<status status="FAIL" starttime="20190523 10:02:26.733" endtime="20190523 10:02:27.024"></status>
</kw>
<status status="FAIL" starttime="20190523 10:02:26.732" endtime="20190523 10:02:27.024"></status>
</kw>
<status status="FAIL" starttime="20190523 10:02:26.731" endtime="20190523 10:02:27.024" critical="yes">Element with locator 'id=mod-login-username' not found.</status>
</test>
<kw name="Teardown" library="Setup" type="teardown">
<kw name="Close All Browsers" library="Selenium2Library">
<doc>Closes all open browsers and resets the browser cache.</doc>
<status status="PASS" starttime="20190523 10:02:27.025" endtime="20190523 10:02:29.228"></status>
</kw>
<kw name="Percy Finalize Build" library="PercyClient">
<status status="PASS" starttime="20190523 10:02:29.228" endtime="20190523 10:02:30.259"></status>
</kw>
<status status="PASS" starttime="20190523 10:02:27.025" endtime="20190523 10:02:30.259"></status>
</kw>
<status status="FAIL" starttime="20190523 10:01:56.284" endtime="20190523 10:02:30.259"></status>
</suite>
<status status="FAIL" starttime="20190523 10:01:56.278" endtime="20190523 10:02:30.261"></status>
</suite>
<status status="FAIL" starttime="20190523 10:01:56.256" endtime="20190523 10:02:30.262"></status>
</suite>
<statistics>
<total>
<stat pass="1" fail="4">Critical Tests</stat>
<stat pass="1" fail="4">All Tests</stat>
</total>
<tag>
</tag>
<suite>
<stat pass="1" fail="4" id="s1" name="Tests">Tests</stat>
<stat pass="1" fail="4" id="s1-s1" name="FunctionalTests">Tests.FunctionalTests</stat>
<stat pass="1" fail="4" id="s1-s1-s1" name="AdminCategoryTest">Tests.FunctionalTests.AdminCategoryTest</stat>
</suite>
</statistics>
<errors>
<msg timestamp="20190523 10:01:56.256" level="ERROR">Taking listener 'allure-robotframework' into use failed: Importing listener 'allure-robotframework' failed: ModuleNotFoundError: No module named 'allure-robotframework'
Traceback (most recent call last):
  None
PYTHONPATH:
  C:\Users\InternDN19.01.07\AppData\Local\Programs\Python\Python37\Scripts\robot.exe
  c:\users\interndn19.01.07\appdata\local\programs\python\python37\python37.zip
  c:\users\interndn19.01.07\appdata\local\programs\python\python37\DLLs
  c:\users\interndn19.01.07\appdata\local\programs\python\python37\lib
  c:\users\interndn19.01.07\appdata\local\programs\python\python37
  c:\users\interndn19.01.07\appdata\local\programs\python\python37\lib\site-packages
  c:\users\interndn19.01.07\appdata\local\programs\python\python37\lib\site-packages\win32
  c:\users\interndn19.01.07\appdata\local\programs\python\python37\lib\site-packages\win32\lib
  c:\users\interndn19.01.07\appdata\local\programs\python\python37\lib\site-packages\Pythonwin</msg>
</errors>
</robot>
