<?xml version="1.0" encoding="UTF-8"?>
<robot generator="Robot 3.1.1 (Python 3.7.3 on win32)" generated="20190523 11:32:19.342" rpa="false">
<suite id="s1" name="Tests" source="C:\Users\InternDN19.01.02\eclipse-workspace\RobotTeam2\RobotFrameworkProject\Tests">
<suite id="s1-s1" name="FunctionalTests" source="C:\Users\InternDN19.01.02\eclipse-workspace\RobotTeam2\RobotFrameworkProject\Tests\FunctionalTests">
<suite id="s1-s1-s1" name="AdminCategoryTest" source="C:\Users\InternDN19.01.02\eclipse-workspace\RobotTeam2\RobotFrameworkProject\Tests\FunctionalTests\AdminCategoryTest.robot">
<kw name="Setup" library="Setup" type="setup">
<kw name="Append To Environment Variable" library="OperatingSystem">
<doc>Appends given ``values`` to environment variable ``name``.</doc>
<arguments>
<arg>PATH</arg>
<arg>C:\\Users\\InternDN19.01.02\\eclipse-workspace\\RobotTeam2\\RobotFrameworkProject\\Resources/Drivers</arg>
</arguments>
<msg timestamp="20190523 11:32:20.529" level="INFO">Environment variable 'PATH' set to value 'C:\Users\InternDN19.01.02\bin;C:\Program Files\Git\mingw64\bin;C:\Program Files\Git\usr\local\bin;C:\Program Files\Git\usr\bin;C:\Program Files\Git\usr\bin;C:\Program Files\Git\mingw64\bin;C:\Program Files\Git\usr\bin;C:\Users\InternDN19.01.02\bin;C:\Program Files (x86)\Common Files\Oracle\Java\javapath;C:\Program Files (x86)\Intel\iCLS Client;C:\Program Files\Intel\iCLS Client;C:\Windows\System32\cmd.exe;C:\Windows;C:\Windows\System32\Wbem;C:\Windows\System32\WindowsPowerShell\v1.0;C:\Windows\System32\OpenSSH;C:\Program Files\Intel\Intel(R) Management Engine Components\DAL;C:\Program Files\Intel\Intel(R) Management Engine Components\IPT;C:\Program Files (x86)\Intel\Intel(R) Management Engine Components\DAL;C:\Program Files (x86)\Intel\Intel(R) Management Engine Components\IPT;C:\Program Files (x86)\Intel\OpenCL SDK\2.0\bin\x86;C:\Program Files (x86)\Intel\OpenCL SDK\2.0\bin\x64;C:\Program Files\Git\cmd;C:\Program Files\webdrivers;C:\xampp\php;C:\ProgramData\ComposerSetup\bin;C:\Program Files\nodejs;C:\Program Files\Java\jdk-12\bin;C:\apache-maven-3.6.1\bin;%PYTHONPATH%\python-3.7.3.exe;C:\Windows\system32;%M2_HOME%\bin;C:\Users\InternDN19.01.02\Documents\allure-2.10.0\bin;C:\Users\InternDN19.01.02\AppData\Local\Programs\Python\Python37\Scripts;C:\Users\InternDN19.01.02\AppData\Local\Programs\Python\Python37;C:\Users\InternDN19.01.02\AppData\Local\Microsoft\WindowsApps;C:\Users\InternDN19.01.02\AppData\Local\Programs\Microsoft VS Code\bin;C:\Users\InternDN19.01.02\AppData\Roaming\Composer\vendor\bin;C:\Users\InternDN19.01.02\AppData\Roaming\npm;C:\Program Files\Maven;C:\Program Files\nodejs;C:\Program Files\Git\usr\bin\vendor_perl;C:\Program Files\Git\usr\bin\core_perl;C:\users\interndn19.01.02\appdata\local\programs\python\python37\lib\site-packages\pywin32_system32;c:\users\interndn19.01.02\appdata\local\programs\python\python37\lib\site-packages\pywin32_system32;C:\Users\InternDN19.01.02\eclipse-workspace\RobotTeam2\RobotFrameworkProject\Resources/Drivers'.</msg>
<status status="PASS" starttime="20190523 11:32:20.528" endtime="20190523 11:32:20.530"></status>
</kw>
<kw name="Open Browser" library="Selenium2Library">
<doc>Opens a new browser instance to the given ``url``.</doc>
<arguments>
<arg>${ROOT}</arg>
<arg>${BROWSER}</arg>
</arguments>
<msg timestamp="20190523 11:32:20.534" level="INFO">Opening browser 'Chrome' to base url 'http://192.168.189.72/joomla/administrator/'.</msg>
<status status="PASS" starttime="20190523 11:32:20.533" endtime="20190523 11:32:27.383"></status>
</kw>
<kw name="Maximize Browser Window" library="Selenium2Library">
<doc>Maximizes current browser window.</doc>
<status status="PASS" starttime="20190523 11:32:27.387" endtime="20190523 11:32:28.619"></status>
</kw>
<kw name="Percy Initialize Build" library="PercyClient">
<arguments>
<arg>${PERCY_TOKEN}</arg>
</arguments>
<status status="PASS" starttime="20190523 11:32:28.620" endtime="20190523 11:32:31.993"></status>
</kw>
<status status="PASS" starttime="20190523 11:32:20.527" endtime="20190523 11:32:31.994"></status>
</kw>
<test id="s1-s1-s1-t1" name="TC05 - Verify That Admin Can Add A New Category">
<kw name="Generate Random String" library="String">
<doc>Generates a string with a desired ``length`` from the given ``chars``.</doc>
<arguments>
<arg>12</arg>
<arg>[LETTERS]</arg>
</arguments>
<assign>
<var>${CATEGORY_ALIAS}</var>
</assign>
<msg timestamp="20190523 11:32:31.997" level="INFO">${CATEGORY_ALIAS} = fIJEynhOMgFy</msg>
<status status="PASS" starttime="20190523 11:32:31.996" endtime="20190523 11:32:31.997"></status>
</kw>
<kw name="Generate Random String" library="String">
<doc>Generates a string with a desired ``length`` from the given ``chars``.</doc>
<arguments>
<arg>12</arg>
<arg>[LETTERS]</arg>
</arguments>
<assign>
<var>${CATEGORY_TITLE}</var>
</assign>
<msg timestamp="20190523 11:32:31.999" level="INFO">${CATEGORY_TITLE} = IDkCBHEKfWjA</msg>
<status status="PASS" starttime="20190523 11:32:31.999" endtime="20190523 11:32:31.999"></status>
</kw>
<kw name="Login Admin Site" library="AdminLoginPage">
<arguments>
<arg>${USERNAME}</arg>
<arg>${PASSWORD}</arg>
</arguments>
<kw name="Log To Console" library="BuiltIn">
<doc>Logs the given message to the console.</doc>
<arguments>
<arg>Login to Joomla</arg>
</arguments>
<status status="PASS" starttime="20190523 11:32:31.999" endtime="20190523 11:32:32.006"></status>
</kw>
<kw name="Input Text" library="Selenium2Library">
<doc>Types the given ``text`` into text field identified by ``locator``.</doc>
<arguments>
<arg>${txt_username}</arg>
<arg>${arg_username}</arg>
</arguments>
<msg timestamp="20190523 11:32:32.007" level="INFO">Typing text 'category' into text field 'id=mod-login-username'.</msg>
<status status="PASS" starttime="20190523 11:32:32.007" endtime="20190523 11:32:32.401"></status>
</kw>
<kw name="Input Text" library="Selenium2Library">
<doc>Types the given ``text`` into text field identified by ``locator``.</doc>
<arguments>
<arg>${txt_password}</arg>
<arg>${arg_password}</arg>
</arguments>
<msg timestamp="20190523 11:32:32.405" level="INFO">Typing text '123456789' into text field 'id=mod-login-password'.</msg>
<status status="PASS" starttime="20190523 11:32:32.405" endtime="20190523 11:32:32.792"></status>
</kw>
<kw name="Click Button" library="Selenium2Library">
<doc>Clicks button identified by ``locator``.</doc>
<arguments>
<arg>${btn_login}</arg>
</arguments>
<msg timestamp="20190523 11:32:32.796" level="INFO">Clicking button 'xpath=//div[@class="btn-group"]/button[@class="btn btn-primary btn-block btn-large login-button"]'.</msg>
<status status="PASS" starttime="20190523 11:32:32.796" endtime="20190523 11:32:34.812"></status>
</kw>
<status status="PASS" starttime="20190523 11:32:31.999" endtime="20190523 11:32:34.826"></status>
</kw>
<kw name="Go To Add New Category Page" library="AdminCategoryPage">
<kw name="Select Sidebar Menu" library="AdminHomePage">
<arguments>
<arg>${lbl_categories}</arg>
</arguments>
<kw name="Click Element" library="Selenium2Library">
<doc>Click element identified by ``locator``.</doc>
<arguments>
<arg>${arg_page}</arg>
</arguments>
<msg timestamp="20190523 11:32:34.833" level="INFO">Clicking element 'xpath=//div[@class="span3"]//a[span[contains(text(), "Categories")]]'.</msg>
<status status="PASS" starttime="20190523 11:32:34.831" endtime="20190523 11:32:37.085"></status>
</kw>
<status status="PASS" starttime="20190523 11:32:34.828" endtime="20190523 11:32:37.088"></status>
</kw>
<status status="PASS" starttime="20190523 11:32:34.827" endtime="20190523 11:32:37.089"></status>
</kw>
<kw name="Add New Category" library="AdminCategoryPage">
<arguments>
<arg>${CATEGORY_TITLE}</arg>
<arg>${CATEGORY_CONTENT}</arg>
<arg>${CATEGORY_ALIAS}</arg>
</arguments>
<kw name="Click Element" library="Selenium2Library">
<doc>Click element identified by ``locator``.</doc>
<arguments>
<arg>${lbl_categories_new}</arg>
</arguments>
<msg timestamp="20190523 11:32:37.091" level="INFO">Clicking element 'xpath=//div[@class="btn-wrapper"]//button//span[@class="icon-new icon-white"]'.</msg>
<status status="PASS" starttime="20190523 11:32:37.090" endtime="20190523 11:32:43.068"></status>
</kw>
<kw name="Input Text" library="Selenium2Library">
<doc>Types the given ``text`` into text field identified by ``locator``.</doc>
<arguments>
<arg>${txt_categories_title}</arg>
<arg>${arg_categories_title}</arg>
</arguments>
<msg timestamp="20190523 11:32:43.072" level="INFO">Typing text 'IDkCBHEKfWjA' into text field 'id=jform_title'.</msg>
<status status="PASS" starttime="20190523 11:32:43.071" endtime="20190523 11:32:43.964"></status>
</kw>
<kw name="Input Text" library="Selenium2Library">
<doc>Types the given ``text`` into text field identified by ``locator``.</doc>
<arguments>
<arg>${txt_categories_title_alias}</arg>
<arg>${arg_categories_alias}</arg>
</arguments>
<msg timestamp="20190523 11:32:43.969" level="INFO">Typing text 'fIJEynhOMgFy' into text field 'id=jform_alias'.</msg>
<status status="PASS" starttime="20190523 11:32:43.968" endtime="20190523 11:32:44.971"></status>
</kw>
<kw name="Select Frame" library="Selenium2Library">
<doc>Sets frame identified by ``locator`` as the current frame.</doc>
<arguments>
<arg>${ifr_categories_content}</arg>
</arguments>
<msg timestamp="20190523 11:32:44.976" level="INFO">Selecting frame 'xpath=//iframe[contains(@id,'jform_description_ifr')]'.</msg>
<status status="PASS" starttime="20190523 11:32:44.975" endtime="20190523 11:32:45.310"></status>
</kw>
<kw name="Input Text" library="Selenium2Library">
<doc>Types the given ``text`` into text field identified by ``locator``.</doc>
<arguments>
<arg>${txt_categories_content}</arg>
<arg>${arg_categories_content}</arg>
</arguments>
<msg timestamp="20190523 11:32:45.320" level="INFO">Typing text 'Many years ago Seth Green decided to take his love of action figures and combine it with one of his major passions: stop-motion animation. The idea for Cartoon Network's late-night animated series "Robot Chicken" was born and the animation world suddenly changed.' into text field 'id=tinymce'.</msg>
<status status="PASS" starttime="20190523 11:32:45.320" endtime="20190523 11:32:49.718"></status>
</kw>
<kw name="Unselect Frame" library="Selenium2Library">
<doc>Sets the main frame as the current frame.</doc>
<status status="PASS" starttime="20190523 11:32:49.953" endtime="20190523 11:32:49.962"></status>
</kw>
<kw name="Click Button" library="Selenium2Library">
<doc>Clicks button identified by ``locator``.</doc>
<arguments>
<arg>${btn_categories_save_close}</arg>
</arguments>
<msg timestamp="20190523 11:32:49.963" level="INFO">Clicking button 'xpath=//div[@class="btn-toolbar"]//div[@class="btn-wrapper"]//button[@class="btn btn-small button-save"]'.</msg>
<status status="PASS" starttime="20190523 11:32:49.962" endtime="20190523 11:32:53.038"></status>
</kw>
<status status="PASS" starttime="20190523 11:32:37.089" endtime="20190523 11:32:53.042"></status>
</kw>
<kw name="Check Message" library="AdminHomePage">
<arguments>
<arg>${TXT_ADD_MESSAGE_EXPECTED}</arg>
</arguments>
<kw name="Element Text Should Be" library="Selenium2Library">
<doc>Verifies that element ``locator`` contains exact text ``expected``.</doc>
<arguments>
<arg>${hed_header_message}</arg>
<arg>Message</arg>
</arguments>
<msg timestamp="20190523 11:32:53.045" level="INFO">Verifying element 'xpath=//div[@class="alert alert-success"]/h4[@class="alert-heading"]' contains exact text 'Message'.</msg>
<status status="PASS" starttime="20190523 11:32:53.044" endtime="20190523 11:32:53.132"></status>
</kw>
<kw name="Element Text Should Be" library="Selenium2Library">
<doc>Verifies that element ``locator`` contains exact text ``expected``.</doc>
<arguments>
<arg>${lbl_message}</arg>
<arg>${arg_expected_message}</arg>
</arguments>
<msg timestamp="20190523 11:32:53.137" level="INFO">Verifying element 'xpath=//div[@class="alert alert-success"]/div[@class="alert-message"]' contains exact text 'Category saved.'.</msg>
<status status="PASS" starttime="20190523 11:32:53.136" endtime="20190523 11:32:53.246"></status>
</kw>
<status status="PASS" starttime="20190523 11:32:53.043" endtime="20190523 11:32:53.250"></status>
</kw>
<kw name="Check Add New Category Sucessfully" library="AdminCategoryPage">
<arguments>
<arg>${CATEGORY_TITLE}</arg>
</arguments>
<kw name="Format String" library="String">
<doc>Formats a ``template`` using the given ``positional`` and ``named`` arguments.</doc>
<arguments>
<arg>${xph_categories_title}</arg>
<arg>${arg_categories_check_title}</arg>
</arguments>
<assign>
<var>${check_title}</var>
</assign>
<msg timestamp="20190523 11:32:53.252" level="INFO">${check_title} = xpath=//table[@id="categoryList"]//a[contains(text(),"IDkCBHEKfWjA")]</msg>
<status status="PASS" starttime="20190523 11:32:53.252" endtime="20190523 11:32:53.253"></status>
</kw>
<kw name="Element Should Be Visible" library="Selenium2Library">
<doc>Verifies that the element identified by ``locator`` is visible.</doc>
<arguments>
<arg>${check_title}</arg>
</arguments>
<msg timestamp="20190523 11:32:53.413" level="INFO">Element 'xpath=//table[@id="categoryList"]//a[contains(text(),"IDkCBHEKfWjA")]' is displayed.</msg>
<status status="PASS" starttime="20190523 11:32:53.256" endtime="20190523 11:32:53.413"></status>
</kw>
<status status="PASS" starttime="20190523 11:32:53.251" endtime="20190523 11:32:53.417"></status>
</kw>
<kw name="Delete A Category" library="AdminCategoryPage">
<kw name="Select Checkbox" library="Selenium2Library">
<doc>Selects checkbox identified by ``locator``.</doc>
<arguments>
<arg>${cbb_categories_box}</arg>
</arguments>
<msg timestamp="20190523 11:32:53.418" level="INFO">Selecting checkbox 'xpath=//table[@id="categoryList"]/tbody[@class="ui-sortable"]/tr[last()]/td//input[@name="cid[]"]'.</msg>
<status status="PASS" starttime="20190523 11:32:53.418" endtime="20190523 11:32:53.685"></status>
</kw>
<kw name="Click Element" library="Selenium2Library">
<doc>Click element identified by ``locator``.</doc>
<arguments>
<arg>${btn_categories_trash}</arg>
</arguments>
<msg timestamp="20190523 11:32:53.688" level="INFO">Clicking element 'xpath=//button[@class="btn btn-small button-trash"]'.</msg>
<status status="PASS" starttime="20190523 11:32:53.688" endtime="20190523 11:32:55.649"></status>
</kw>
<status status="PASS" starttime="20190523 11:32:53.417" endtime="20190523 11:32:55.654"></status>
</kw>
<kw name="Logout Admin Site" library="AdminHomePage">
<kw name="Click Element" library="Selenium2Library">
<doc>Click element identified by ``locator``.</doc>
<arguments>
<arg>${icn_user}</arg>
</arguments>
<msg timestamp="20190523 11:32:55.656" level="INFO">Clicking element 'xpath=//a/span[@class="icon-user"]'.</msg>
<status status="PASS" starttime="20190523 11:32:55.655" endtime="20190523 11:32:55.852"></status>
</kw>
<kw name="Wait Until Element Is Visible" library="Selenium2Library">
<doc>Waits until element ``locator`` is visible.</doc>
<arguments>
<arg>${lbl_logout}</arg>
</arguments>
<status status="PASS" starttime="20190523 11:32:55.856" endtime="20190523 11:32:55.937"></status>
</kw>
<kw name="Click Element" library="Selenium2Library">
<doc>Click element identified by ``locator``.</doc>
<arguments>
<arg>${lbl_logout}</arg>
</arguments>
<msg timestamp="20190523 11:32:55.938" level="INFO">Clicking element 'xpath=//ul[@class="nav nav-user pull-right nav-hover"]//a[text()="Logout"]'.</msg>
<status status="PASS" starttime="20190523 11:32:55.937" endtime="20190523 11:32:56.763"></status>
</kw>
<status status="PASS" starttime="20190523 11:32:55.654" endtime="20190523 11:32:56.770"></status>
</kw>
<status status="PASS" starttime="20190523 11:32:31.994" endtime="20190523 11:32:56.771" critical="yes"></status>
</test>
<test id="s1-s1-s1-t2" name="TC06 - Verify That Admin Can Edit Category Information">
<kw name="Generate Random String" library="String">
<doc>Generates a string with a desired ``length`` from the given ``chars``.</doc>
<arguments>
<arg>12</arg>
<arg>[LETTERS]</arg>
</arguments>
<assign>
<var>${CATEGORY_EDIT_CONTENT}</var>
</assign>
<msg timestamp="20190523 11:32:56.802" level="INFO">${CATEGORY_EDIT_CONTENT} = NcPeNMbiXRyZ</msg>
<status status="PASS" starttime="20190523 11:32:56.801" endtime="20190523 11:32:56.803"></status>
</kw>
<kw name="Generate Random String" library="String">
<doc>Generates a string with a desired ``length`` from the given ``chars``.</doc>
<arguments>
<arg>12</arg>
<arg>[LETTERS]</arg>
</arguments>
<assign>
<var>${CATEGORY_EDIT_TITLE}</var>
</assign>
<msg timestamp="20190523 11:32:56.815" level="INFO">${CATEGORY_EDIT_TITLE} = hZbYOCygioYk</msg>
<status status="PASS" starttime="20190523 11:32:56.814" endtime="20190523 11:32:56.815"></status>
</kw>
<kw name="Generate Random String" library="String">
<doc>Generates a string with a desired ``length`` from the given ``chars``.</doc>
<arguments>
<arg>12</arg>
<arg>[LETTERS]</arg>
</arguments>
<assign>
<var>${CATEGORY_ALIAS}</var>
</assign>
<msg timestamp="20190523 11:32:56.820" level="INFO">${CATEGORY_ALIAS} = KrdoCFEItLAj</msg>
<status status="PASS" starttime="20190523 11:32:56.819" endtime="20190523 11:32:56.820"></status>
</kw>
<kw name="Generate Random String" library="String">
<doc>Generates a string with a desired ``length`` from the given ``chars``.</doc>
<arguments>
<arg>12</arg>
<arg>[LETTERS]</arg>
</arguments>
<assign>
<var>${CATEGORY_TITLE}</var>
</assign>
<msg timestamp="20190523 11:32:56.829" level="INFO">${CATEGORY_TITLE} = aspEIDkAzPbL</msg>
<status status="PASS" starttime="20190523 11:32:56.828" endtime="20190523 11:32:56.829"></status>
</kw>
<kw name="Login Admin Site" library="AdminLoginPage">
<arguments>
<arg>${USERNAME}</arg>
<arg>${PASSWORD}</arg>
</arguments>
<kw name="Log To Console" library="BuiltIn">
<doc>Logs the given message to the console.</doc>
<arguments>
<arg>Login to Joomla</arg>
</arguments>
<status status="PASS" starttime="20190523 11:32:56.835" endtime="20190523 11:32:56.835"></status>
</kw>
<kw name="Input Text" library="Selenium2Library">
<doc>Types the given ``text`` into text field identified by ``locator``.</doc>
<arguments>
<arg>${txt_username}</arg>
<arg>${arg_username}</arg>
</arguments>
<msg timestamp="20190523 11:32:56.837" level="INFO">Typing text 'category' into text field 'id=mod-login-username'.</msg>
<status status="PASS" starttime="20190523 11:32:56.836" endtime="20190523 11:32:57.212"></status>
</kw>
<kw name="Input Text" library="Selenium2Library">
<doc>Types the given ``text`` into text field identified by ``locator``.</doc>
<arguments>
<arg>${txt_password}</arg>
<arg>${arg_password}</arg>
</arguments>
<msg timestamp="20190523 11:32:57.216" level="INFO">Typing text '123456789' into text field 'id=mod-login-password'.</msg>
<status status="PASS" starttime="20190523 11:32:57.216" endtime="20190523 11:32:57.697"></status>
</kw>
<kw name="Click Button" library="Selenium2Library">
<doc>Clicks button identified by ``locator``.</doc>
<arguments>
<arg>${btn_login}</arg>
</arguments>
<msg timestamp="20190523 11:32:57.703" level="INFO">Clicking button 'xpath=//div[@class="btn-group"]/button[@class="btn btn-primary btn-block btn-large login-button"]'.</msg>
<status status="PASS" starttime="20190523 11:32:57.702" endtime="20190523 11:32:59.876"></status>
</kw>
<status status="PASS" starttime="20190523 11:32:56.833" endtime="20190523 11:32:59.880"></status>
</kw>
<kw name="Go To Add New Category Page" library="AdminCategoryPage">
<kw name="Select Sidebar Menu" library="AdminHomePage">
<arguments>
<arg>${lbl_categories}</arg>
</arguments>
<kw name="Click Element" library="Selenium2Library">
<doc>Click element identified by ``locator``.</doc>
<arguments>
<arg>${arg_page}</arg>
</arguments>
<msg timestamp="20190523 11:32:59.883" level="INFO">Clicking element 'xpath=//div[@class="span3"]//a[span[contains(text(), "Categories")]]'.</msg>
<status status="PASS" starttime="20190523 11:32:59.882" endtime="20190523 11:33:01.564"></status>
</kw>
<status status="PASS" starttime="20190523 11:32:59.881" endtime="20190523 11:33:01.568"></status>
</kw>
<status status="PASS" starttime="20190523 11:32:59.880" endtime="20190523 11:33:01.568"></status>
</kw>
<kw name="Add New Category" library="AdminCategoryPage">
<arguments>
<arg>${CATEGORY_TITLE}</arg>
<arg>${CATEGORY_CONTENT}</arg>
<arg>${CATEGORY_ALIAS}</arg>
</arguments>
<kw name="Click Element" library="Selenium2Library">
<doc>Click element identified by ``locator``.</doc>
<arguments>
<arg>${lbl_categories_new}</arg>
</arguments>
<msg timestamp="20190523 11:33:01.571" level="INFO">Clicking element 'xpath=//div[@class="btn-wrapper"]//button//span[@class="icon-new icon-white"]'.</msg>
<status status="PASS" starttime="20190523 11:33:01.570" endtime="20190523 11:33:04.323"></status>
</kw>
<kw name="Input Text" library="Selenium2Library">
<doc>Types the given ``text`` into text field identified by ``locator``.</doc>
<arguments>
<arg>${txt_categories_title}</arg>
<arg>${arg_categories_title}</arg>
</arguments>
<msg timestamp="20190523 11:33:06.751" level="INFO">Typing text 'aspEIDkAzPbL' into text field 'id=jform_title'.</msg>
<status status="PASS" starttime="20190523 11:33:06.750" endtime="20190523 11:33:08.040"></status>
</kw>
<kw name="Input Text" library="Selenium2Library">
<doc>Types the given ``text`` into text field identified by ``locator``.</doc>
<arguments>
<arg>${txt_categories_title_alias}</arg>
<arg>${arg_categories_alias}</arg>
</arguments>
<msg timestamp="20190523 11:33:08.045" level="INFO">Typing text 'KrdoCFEItLAj' into text field 'id=jform_alias'.</msg>
<status status="PASS" starttime="20190523 11:33:08.044" endtime="20190523 11:33:09.113"></status>
</kw>
<kw name="Select Frame" library="Selenium2Library">
<doc>Sets frame identified by ``locator`` as the current frame.</doc>
<arguments>
<arg>${ifr_categories_content}</arg>
</arguments>
<msg timestamp="20190523 11:33:09.117" level="INFO">Selecting frame 'xpath=//iframe[contains(@id,'jform_description_ifr')]'.</msg>
<status status="PASS" starttime="20190523 11:33:09.117" endtime="20190523 11:33:10.199"></status>
</kw>
<kw name="Input Text" library="Selenium2Library">
<doc>Types the given ``text`` into text field identified by ``locator``.</doc>
<arguments>
<arg>${txt_categories_content}</arg>
<arg>${arg_categories_content}</arg>
</arguments>
<msg timestamp="20190523 11:33:10.204" level="INFO">Typing text 'Many years ago Seth Green decided to take his love of action figures and combine it with one of his major passions: stop-motion animation. The idea for Cartoon Network's late-night animated series "Robot Chicken" was born and the animation world suddenly changed.' into text field 'id=tinymce'.</msg>
<status status="PASS" starttime="20190523 11:33:10.203" endtime="20190523 11:33:16.988"></status>
</kw>
<kw name="Unselect Frame" library="Selenium2Library">
<doc>Sets the main frame as the current frame.</doc>
<status status="PASS" starttime="20190523 11:33:16.998" endtime="20190523 11:33:17.031"></status>
</kw>
<kw name="Click Button" library="Selenium2Library">
<doc>Clicks button identified by ``locator``.</doc>
<arguments>
<arg>${btn_categories_save_close}</arg>
</arguments>
<msg timestamp="20190523 11:33:17.032" level="INFO">Clicking button 'xpath=//div[@class="btn-toolbar"]//div[@class="btn-wrapper"]//button[@class="btn btn-small button-save"]'.</msg>
<status status="PASS" starttime="20190523 11:33:17.031" endtime="20190523 11:33:20.508"></status>
</kw>
<status status="PASS" starttime="20190523 11:33:01.569" endtime="20190523 11:33:20.511"></status>
</kw>
<kw name="Go To Edit Category Page" library="AdminCategoryPage">
<kw name="Click Element" library="Selenium2Library">
<doc>Click element identified by ``locator``.</doc>
<arguments>
<arg>${lbl_categories_title}</arg>
</arguments>
<msg timestamp="20190523 11:33:20.513" level="INFO">Clicking element 'xpath=//table[@id="categoryList"]/tbody[@class="ui-sortable"]/tr[last()]/td//a[@class="hasTooltip"]'.</msg>
<status status="PASS" starttime="20190523 11:33:20.512" endtime="20190523 11:33:23.740"></status>
</kw>
<status status="PASS" starttime="20190523 11:33:20.511" endtime="20190523 11:33:23.743"></status>
</kw>
<kw name="Edit Category Information" library="AdminCategoryPage">
<arguments>
<arg>${CATEGORY_EDIT_TITLE}</arg>
<arg>${CATEGORY_EDIT_CONTENT}</arg>
</arguments>
<kw name="Input Text" library="Selenium2Library">
<doc>Types the given ``text`` into text field identified by ``locator``.</doc>
<arguments>
<arg>${txt_categories_title}</arg>
<arg>${arg_categories_title_edit}</arg>
</arguments>
<msg timestamp="20190523 11:33:23.745" level="INFO">Typing text 'hZbYOCygioYk' into text field 'id=jform_title'.</msg>
<status status="PASS" starttime="20190523 11:33:23.745" endtime="20190523 11:33:24.289"></status>
</kw>
<kw name="Select Frame" library="Selenium2Library">
<doc>Sets frame identified by ``locator`` as the current frame.</doc>
<arguments>
<arg>${ifr_categories_content}</arg>
</arguments>
<msg timestamp="20190523 11:33:24.293" level="INFO">Selecting frame 'xpath=//iframe[contains(@id,'jform_description_ifr')]'.</msg>
<status status="PASS" starttime="20190523 11:33:24.293" endtime="20190523 11:33:24.351"></status>
</kw>
<kw name="Input Text" library="Selenium2Library">
<doc>Types the given ``text`` into text field identified by ``locator``.</doc>
<arguments>
<arg>${txt_categories_content}</arg>
<arg>${arg_categories_content_edit}</arg>
</arguments>
<msg timestamp="20190523 11:33:24.358" level="INFO">Typing text 'NcPeNMbiXRyZ' into text field 'id=tinymce'.</msg>
<status status="PASS" starttime="20190523 11:33:24.357" endtime="20190523 11:33:24.696"></status>
</kw>
<kw name="Unselect Frame" library="Selenium2Library">
<doc>Sets the main frame as the current frame.</doc>
<status status="PASS" starttime="20190523 11:33:25.755" endtime="20190523 11:33:25.845"></status>
</kw>
<kw name="Click Button" library="Selenium2Library">
<doc>Clicks button identified by ``locator``.</doc>
<arguments>
<arg>${btn_categories_save_close}</arg>
</arguments>
<msg timestamp="20190523 11:33:25.846" level="INFO">Clicking button 'xpath=//div[@class="btn-toolbar"]//div[@class="btn-wrapper"]//button[@class="btn btn-small button-save"]'.</msg>
<status status="PASS" starttime="20190523 11:33:25.845" endtime="20190523 11:33:28.542"></status>
</kw>
<status status="PASS" starttime="20190523 11:33:23.744" endtime="20190523 11:33:28.546"></status>
</kw>
<kw name="Check Message" library="AdminHomePage">
<arguments>
<arg>${TXT_ADD_MESSAGE_EXPECTED}</arg>
</arguments>
<kw name="Element Text Should Be" library="Selenium2Library">
<doc>Verifies that element ``locator`` contains exact text ``expected``.</doc>
<arguments>
<arg>${hed_header_message}</arg>
<arg>Message</arg>
</arguments>
<msg timestamp="20190523 11:33:28.548" level="INFO">Verifying element 'xpath=//div[@class="alert alert-success"]/h4[@class="alert-heading"]' contains exact text 'Message'.</msg>
<status status="PASS" starttime="20190523 11:33:28.548" endtime="20190523 11:33:28.706"></status>
</kw>
<kw name="Element Text Should Be" library="Selenium2Library">
<doc>Verifies that element ``locator`` contains exact text ``expected``.</doc>
<arguments>
<arg>${lbl_message}</arg>
<arg>${arg_expected_message}</arg>
</arguments>
<msg timestamp="20190523 11:33:29.027" level="INFO">Verifying element 'xpath=//div[@class="alert alert-success"]/div[@class="alert-message"]' contains exact text 'Category saved.'.</msg>
<status status="PASS" starttime="20190523 11:33:29.026" endtime="20190523 11:33:29.178"></status>
</kw>
<status status="PASS" starttime="20190523 11:33:28.547" endtime="20190523 11:33:29.183"></status>
</kw>
<kw name="Check Edit Category Sucessfully" library="AdminCategoryPage">
<arguments>
<arg>${CATEGORY_EDIT_TITLE}</arg>
</arguments>
<kw name="Format String" library="String">
<doc>Formats a ``template`` using the given ``positional`` and ``named`` arguments.</doc>
<arguments>
<arg>${xph_categories_title}</arg>
<arg>${arg_categories_check_edit_title}</arg>
</arguments>
<assign>
<var>${check_edit}</var>
</assign>
<msg timestamp="20190523 11:33:29.186" level="INFO">${check_edit} = xpath=//table[@id="categoryList"]//a[contains(text(),"hZbYOCygioYk")]</msg>
<status status="PASS" starttime="20190523 11:33:29.185" endtime="20190523 11:33:29.186"></status>
</kw>
<kw name="Element Should Be Visible" library="Selenium2Library">
<doc>Verifies that the element identified by ``locator`` is visible.</doc>
<arguments>
<arg>${check_edit}</arg>
</arguments>
<msg timestamp="20190523 11:33:29.777" level="INFO">Element 'xpath=//table[@id="categoryList"]//a[contains(text(),"hZbYOCygioYk")]' is displayed.</msg>
<status status="PASS" starttime="20190523 11:33:29.192" endtime="20190523 11:33:29.777"></status>
</kw>
<status status="PASS" starttime="20190523 11:33:29.184" endtime="20190523 11:33:29.781"></status>
</kw>
<kw name="Delete A Category" library="AdminCategoryPage">
<kw name="Select Checkbox" library="Selenium2Library">
<doc>Selects checkbox identified by ``locator``.</doc>
<arguments>
<arg>${cbb_categories_box}</arg>
</arguments>
<msg timestamp="20190523 11:33:29.783" level="INFO">Selecting checkbox 'xpath=//table[@id="categoryList"]/tbody[@class="ui-sortable"]/tr[last()]/td//input[@name="cid[]"]'.</msg>
<status status="PASS" starttime="20190523 11:33:29.783" endtime="20190523 11:33:30.258"></status>
</kw>
<kw name="Click Element" library="Selenium2Library">
<doc>Click element identified by ``locator``.</doc>
<arguments>
<arg>${btn_categories_trash}</arg>
</arguments>
<msg timestamp="20190523 11:33:30.301" level="INFO">Clicking element 'xpath=//button[@class="btn btn-small button-trash"]'.</msg>
<status status="PASS" starttime="20190523 11:33:30.292" endtime="20190523 11:33:33.403"></status>
</kw>
<status status="PASS" starttime="20190523 11:33:29.782" endtime="20190523 11:33:33.406"></status>
</kw>
<kw name="Logout Admin Site" library="AdminHomePage">
<kw name="Click Element" library="Selenium2Library">
<doc>Click element identified by ``locator``.</doc>
<arguments>
<arg>${icn_user}</arg>
</arguments>
<msg timestamp="20190523 11:33:33.408" level="INFO">Clicking element 'xpath=//a/span[@class="icon-user"]'.</msg>
<status status="PASS" starttime="20190523 11:33:33.407" endtime="20190523 11:33:34.203"></status>
</kw>
<kw name="Wait Until Element Is Visible" library="Selenium2Library">
<doc>Waits until element ``locator`` is visible.</doc>
<arguments>
<arg>${lbl_logout}</arg>
</arguments>
<status status="PASS" starttime="20190523 11:33:34.206" endtime="20190523 11:33:34.637"></status>
</kw>
<kw name="Click Element" library="Selenium2Library">
<doc>Click element identified by ``locator``.</doc>
<arguments>
<arg>${lbl_logout}</arg>
</arguments>
<msg timestamp="20190523 11:33:34.639" level="INFO">Clicking element 'xpath=//ul[@class="nav nav-user pull-right nav-hover"]//a[text()="Logout"]'.</msg>
<status status="PASS" starttime="20190523 11:33:34.638" endtime="20190523 11:33:36.197"></status>
</kw>
<status status="PASS" starttime="20190523 11:33:33.406" endtime="20190523 11:33:36.201"></status>
</kw>
<status status="PASS" starttime="20190523 11:32:56.797" endtime="20190523 11:33:36.201" critical="yes"></status>
</test>
<test id="s1-s1-s1-t3" name="TC07 - Verify That Admin Can Delete A New Category">
<kw name="Generate Random String" library="String">
<doc>Generates a string with a desired ``length`` from the given ``chars``.</doc>
<arguments>
<arg>12</arg>
<arg>[LETTERS]</arg>
</arguments>
<assign>
<var>${CATEGORY_ALIAS}</var>
</assign>
<msg timestamp="20190523 11:33:36.215" level="INFO">${CATEGORY_ALIAS} = ZSIcxgrscdUY</msg>
<status status="PASS" starttime="20190523 11:33:36.214" endtime="20190523 11:33:36.215"></status>
</kw>
<kw name="Generate Random String" library="String">
<doc>Generates a string with a desired ``length`` from the given ``chars``.</doc>
<arguments>
<arg>12</arg>
<arg>[LETTERS]</arg>
</arguments>
<assign>
<var>${CATEGORY_TITLE}</var>
</assign>
<msg timestamp="20190523 11:33:36.218" level="INFO">${CATEGORY_TITLE} = sIffZVeZskeM</msg>
<status status="PASS" starttime="20190523 11:33:36.217" endtime="20190523 11:33:36.218"></status>
</kw>
<kw name="Login Admin Site" library="AdminLoginPage">
<arguments>
<arg>${USERNAME}</arg>
<arg>${PASSWORD}</arg>
</arguments>
<kw name="Log To Console" library="BuiltIn">
<doc>Logs the given message to the console.</doc>
<arguments>
<arg>Login to Joomla</arg>
</arguments>
<status status="PASS" starttime="20190523 11:33:36.222" endtime="20190523 11:33:36.222"></status>
</kw>
<kw name="Input Text" library="Selenium2Library">
<doc>Types the given ``text`` into text field identified by ``locator``.</doc>
<arguments>
<arg>${txt_username}</arg>
<arg>${arg_username}</arg>
</arguments>
<msg timestamp="20190523 11:33:36.223" level="INFO">Typing text 'category' into text field 'id=mod-login-username'.</msg>
<status status="PASS" starttime="20190523 11:33:36.223" endtime="20190523 11:33:36.783"></status>
</kw>
<kw name="Input Text" library="Selenium2Library">
<doc>Types the given ``text`` into text field identified by ``locator``.</doc>
<arguments>
<arg>${txt_password}</arg>
<arg>${arg_password}</arg>
</arguments>
<msg timestamp="20190523 11:33:36.795" level="INFO">Typing text '123456789' into text field 'id=mod-login-password'.</msg>
<status status="PASS" starttime="20190523 11:33:36.790" endtime="20190523 11:33:37.116"></status>
</kw>
<kw name="Click Button" library="Selenium2Library">
<doc>Clicks button identified by ``locator``.</doc>
<arguments>
<arg>${btn_login}</arg>
</arguments>
<msg timestamp="20190523 11:33:37.121" level="INFO">Clicking button 'xpath=//div[@class="btn-group"]/button[@class="btn btn-primary btn-block btn-large login-button"]'.</msg>
<status status="PASS" starttime="20190523 11:33:37.120" endtime="20190523 11:33:39.542"></status>
</kw>
<status status="PASS" starttime="20190523 11:33:36.220" endtime="20190523 11:33:39.546"></status>
</kw>
<kw name="Go To Add New Category Page" library="AdminCategoryPage">
<kw name="Select Sidebar Menu" library="AdminHomePage">
<arguments>
<arg>${lbl_categories}</arg>
</arguments>
<kw name="Click Element" library="Selenium2Library">
<doc>Click element identified by ``locator``.</doc>
<arguments>
<arg>${arg_page}</arg>
</arguments>
<msg timestamp="20190523 11:33:39.549" level="INFO">Clicking element 'xpath=//div[@class="span3"]//a[span[contains(text(), "Categories")]]'.</msg>
<status status="PASS" starttime="20190523 11:33:39.548" endtime="20190523 11:33:40.888"></status>
</kw>
<status status="PASS" starttime="20190523 11:33:39.547" endtime="20190523 11:33:40.900"></status>
</kw>
<status status="PASS" starttime="20190523 11:33:39.546" endtime="20190523 11:33:40.901"></status>
</kw>
<kw name="Add New Category" library="AdminCategoryPage">
<arguments>
<arg>${CATEGORY_TITLE}</arg>
<arg>${CATEGORY_CONTENT}</arg>
<arg>${CATEGORY_ALIAS}</arg>
</arguments>
<kw name="Click Element" library="Selenium2Library">
<doc>Click element identified by ``locator``.</doc>
<arguments>
<arg>${lbl_categories_new}</arg>
</arguments>
<msg timestamp="20190523 11:33:40.903" level="INFO">Clicking element 'xpath=//div[@class="btn-wrapper"]//button//span[@class="icon-new icon-white"]'.</msg>
<status status="PASS" starttime="20190523 11:33:40.902" endtime="20190523 11:33:43.487"></status>
</kw>
<kw name="Input Text" library="Selenium2Library">
<doc>Types the given ``text`` into text field identified by ``locator``.</doc>
<arguments>
<arg>${txt_categories_title}</arg>
<arg>${arg_categories_title}</arg>
</arguments>
<msg timestamp="20190523 11:33:43.499" level="INFO">Typing text 'sIffZVeZskeM' into text field 'id=jform_title'.</msg>
<status status="PASS" starttime="20190523 11:33:43.493" endtime="20190523 11:33:44.530"></status>
</kw>
<kw name="Input Text" library="Selenium2Library">
<doc>Types the given ``text`` into text field identified by ``locator``.</doc>
<arguments>
<arg>${txt_categories_title_alias}</arg>
<arg>${arg_categories_alias}</arg>
</arguments>
<msg timestamp="20190523 11:33:44.535" level="INFO">Typing text 'ZSIcxgrscdUY' into text field 'id=jform_alias'.</msg>
<status status="PASS" starttime="20190523 11:33:44.534" endtime="20190523 11:33:45.436"></status>
</kw>
<kw name="Select Frame" library="Selenium2Library">
<doc>Sets frame identified by ``locator`` as the current frame.</doc>
<arguments>
<arg>${ifr_categories_content}</arg>
</arguments>
<msg timestamp="20190523 11:33:45.464" level="INFO">Selecting frame 'xpath=//iframe[contains(@id,'jform_description_ifr')]'.</msg>
<status status="PASS" starttime="20190523 11:33:45.463" endtime="20190523 11:33:45.742"></status>
</kw>
<kw name="Input Text" library="Selenium2Library">
<doc>Types the given ``text`` into text field identified by ``locator``.</doc>
<arguments>
<arg>${txt_categories_content}</arg>
<arg>${arg_categories_content}</arg>
</arguments>
<msg timestamp="20190523 11:33:45.746" level="INFO">Typing text 'Many years ago Seth Green decided to take his love of action figures and combine it with one of his major passions: stop-motion animation. The idea for Cartoon Network's late-night animated series "Robot Chicken" was born and the animation world suddenly changed.' into text field 'id=tinymce'.</msg>
<status status="PASS" starttime="20190523 11:33:45.746" endtime="20190523 11:33:53.015"></status>
</kw>
<kw name="Unselect Frame" library="Selenium2Library">
<doc>Sets the main frame as the current frame.</doc>
<status status="PASS" starttime="20190523 11:33:53.025" endtime="20190523 11:33:53.035"></status>
</kw>
<kw name="Click Button" library="Selenium2Library">
<doc>Clicks button identified by ``locator``.</doc>
<arguments>
<arg>${btn_categories_save_close}</arg>
</arguments>
<msg timestamp="20190523 11:33:53.036" level="INFO">Clicking button 'xpath=//div[@class="btn-toolbar"]//div[@class="btn-wrapper"]//button[@class="btn btn-small button-save"]'.</msg>
<status status="PASS" starttime="20190523 11:33:53.035" endtime="20190523 11:33:56.250"></status>
</kw>
<status status="PASS" starttime="20190523 11:33:40.901" endtime="20190523 11:33:56.259"></status>
</kw>
<kw name="Delete A Category" library="AdminCategoryPage">
<kw name="Select Checkbox" library="Selenium2Library">
<doc>Selects checkbox identified by ``locator``.</doc>
<arguments>
<arg>${cbb_categories_box}</arg>
</arguments>
<msg timestamp="20190523 11:33:56.261" level="INFO">Selecting checkbox 'xpath=//table[@id="categoryList"]/tbody[@class="ui-sortable"]/tr[last()]/td//input[@name="cid[]"]'.</msg>
<status status="PASS" starttime="20190523 11:33:56.261" endtime="20190523 11:33:56.593"></status>
</kw>
<kw name="Click Element" library="Selenium2Library">
<doc>Click element identified by ``locator``.</doc>
<arguments>
<arg>${btn_categories_trash}</arg>
</arguments>
<msg timestamp="20190523 11:33:56.642" level="INFO">Clicking element 'xpath=//button[@class="btn btn-small button-trash"]'.</msg>
<status status="PASS" starttime="20190523 11:33:56.641" endtime="20190523 11:33:59.666"></status>
</kw>
<status status="PASS" starttime="20190523 11:33:56.260" endtime="20190523 11:33:59.712"></status>
</kw>
<kw name="Check Message" library="AdminHomePage">
<arguments>
<arg>${TXT_EDIT_MESSAGE_EXPECTED}</arg>
</arguments>
<kw name="Element Text Should Be" library="Selenium2Library">
<doc>Verifies that element ``locator`` contains exact text ``expected``.</doc>
<arguments>
<arg>${hed_header_message}</arg>
<arg>Message</arg>
</arguments>
<msg timestamp="20190523 11:33:59.715" level="INFO">Verifying element 'xpath=//div[@class="alert alert-success"]/h4[@class="alert-heading"]' contains exact text 'Message'.</msg>
<status status="PASS" starttime="20190523 11:33:59.714" endtime="20190523 11:33:59.841"></status>
</kw>
<kw name="Element Text Should Be" library="Selenium2Library">
<doc>Verifies that element ``locator`` contains exact text ``expected``.</doc>
<arguments>
<arg>${lbl_message}</arg>
<arg>${arg_expected_message}</arg>
</arguments>
<msg timestamp="20190523 11:33:59.847" level="INFO">Verifying element 'xpath=//div[@class="alert alert-success"]/div[@class="alert-message"]' contains exact text '1 category trashed.'.</msg>
<status status="PASS" starttime="20190523 11:33:59.846" endtime="20190523 11:33:59.964"></status>
</kw>
<status status="PASS" starttime="20190523 11:33:59.712" endtime="20190523 11:33:59.968"></status>
</kw>
<kw name="Check Delete Category Successfully" library="AdminCategoryPage">
<arguments>
<arg>${CATEGORY_ALIAS}</arg>
</arguments>
<kw name="Page Should Not Contain" library="Selenium2Library">
<doc>Verifies the current page does not contain ``text``.</doc>
<arguments>
<arg>${arg_categories_check_alias}</arg>
</arguments>
<msg timestamp="20190523 11:34:00.203" level="INFO">Current page does not contain text 'ZSIcxgrscdUY'.</msg>
<status status="PASS" starttime="20190523 11:33:59.970" endtime="20190523 11:34:00.203"></status>
</kw>
<status status="PASS" starttime="20190523 11:33:59.969" endtime="20190523 11:34:00.263"></status>
</kw>
<kw name="Logout Admin Site" library="AdminHomePage">
<kw name="Click Element" library="Selenium2Library">
<doc>Click element identified by ``locator``.</doc>
<arguments>
<arg>${icn_user}</arg>
</arguments>
<msg timestamp="20190523 11:34:00.265" level="INFO">Clicking element 'xpath=//a/span[@class="icon-user"]'.</msg>
<status status="PASS" starttime="20190523 11:34:00.265" endtime="20190523 11:34:00.874"></status>
</kw>
<kw name="Wait Until Element Is Visible" library="Selenium2Library">
<doc>Waits until element ``locator`` is visible.</doc>
<arguments>
<arg>${lbl_logout}</arg>
</arguments>
<status status="PASS" starttime="20190523 11:34:00.877" endtime="20190523 11:34:01.279"></status>
</kw>
<kw name="Click Element" library="Selenium2Library">
<doc>Click element identified by ``locator``.</doc>
<arguments>
<arg>${lbl_logout}</arg>
</arguments>
<msg timestamp="20190523 11:34:01.281" level="INFO">Clicking element 'xpath=//ul[@class="nav nav-user pull-right nav-hover"]//a[text()="Logout"]'.</msg>
<status status="PASS" starttime="20190523 11:34:01.280" endtime="20190523 11:34:02.477"></status>
</kw>
<status status="PASS" starttime="20190523 11:34:00.264" endtime="20190523 11:34:02.543"></status>
</kw>
<status status="PASS" starttime="20190523 11:33:36.213" endtime="20190523 11:34:02.544" critical="yes"></status>
</test>
<test id="s1-s1-s1-t4" name="TC08 - Verify That Admin Can Unpublish A Category">
<kw name="Generate Random String" library="String">
<doc>Generates a string with a desired ``length`` from the given ``chars``.</doc>
<arguments>
<arg>12</arg>
<arg>[LETTERS]</arg>
</arguments>
<assign>
<var>${CATEGORY_ALIAS}</var>
</assign>
<msg timestamp="20190523 11:34:02.648" level="INFO">${CATEGORY_ALIAS} = XOssGSSiPnrD</msg>
<status status="PASS" starttime="20190523 11:34:02.647" endtime="20190523 11:34:02.648"></status>
</kw>
<kw name="Generate Random String" library="String">
<doc>Generates a string with a desired ``length`` from the given ``chars``.</doc>
<arguments>
<arg>12</arg>
<arg>[LETTERS]</arg>
</arguments>
<assign>
<var>${CATEGORY_TITLE}</var>
</assign>
<msg timestamp="20190523 11:34:02.673" level="INFO">${CATEGORY_TITLE} = QCUNGunxixOv</msg>
<status status="PASS" starttime="20190523 11:34:02.672" endtime="20190523 11:34:02.673"></status>
</kw>
<kw name="Login Admin Site" library="AdminLoginPage">
<arguments>
<arg>${USERNAME}</arg>
<arg>${PASSWORD}</arg>
</arguments>
<kw name="Log To Console" library="BuiltIn">
<doc>Logs the given message to the console.</doc>
<arguments>
<arg>Login to Joomla</arg>
</arguments>
<status status="PASS" starttime="20190523 11:34:02.680" endtime="20190523 11:34:02.681"></status>
</kw>
<kw name="Input Text" library="Selenium2Library">
<doc>Types the given ``text`` into text field identified by ``locator``.</doc>
<arguments>
<arg>${txt_username}</arg>
<arg>${arg_username}</arg>
</arguments>
<msg timestamp="20190523 11:34:02.682" level="INFO">Typing text 'category' into text field 'id=mod-login-username'.</msg>
<status status="PASS" starttime="20190523 11:34:02.681" endtime="20190523 11:34:03.799"></status>
</kw>
<kw name="Input Text" library="Selenium2Library">
<doc>Types the given ``text`` into text field identified by ``locator``.</doc>
<arguments>
<arg>${txt_password}</arg>
<arg>${arg_password}</arg>
</arguments>
<msg timestamp="20190523 11:34:03.803" level="INFO">Typing text '123456789' into text field 'id=mod-login-password'.</msg>
<status status="PASS" starttime="20190523 11:34:03.802" endtime="20190523 11:34:05.039"></status>
</kw>
<kw name="Click Button" library="Selenium2Library">
<doc>Clicks button identified by ``locator``.</doc>
<arguments>
<arg>${btn_login}</arg>
</arguments>
<msg timestamp="20190523 11:34:05.044" level="INFO">Clicking button 'xpath=//div[@class="btn-group"]/button[@class="btn btn-primary btn-block btn-large login-button"]'.</msg>
<status status="PASS" starttime="20190523 11:34:05.043" endtime="20190523 11:34:06.324"></status>
</kw>
<status status="PASS" starttime="20190523 11:34:02.676" endtime="20190523 11:34:06.330"></status>
</kw>
<kw name="Go To Add New Category Page" library="AdminCategoryPage">
<kw name="Select Sidebar Menu" library="AdminHomePage">
<arguments>
<arg>${lbl_categories}</arg>
</arguments>
<kw name="Click Element" library="Selenium2Library">
<doc>Click element identified by ``locator``.</doc>
<arguments>
<arg>${arg_page}</arg>
</arguments>
<msg timestamp="20190523 11:34:06.333" level="INFO">Clicking element 'xpath=//div[@class="span3"]//a[span[contains(text(), "Categories")]]'.</msg>
<status status="PASS" starttime="20190523 11:34:06.333" endtime="20190523 11:34:08.237"></status>
</kw>
<status status="PASS" starttime="20190523 11:34:06.331" endtime="20190523 11:34:08.241"></status>
</kw>
<status status="PASS" starttime="20190523 11:34:06.331" endtime="20190523 11:34:08.241"></status>
</kw>
<kw name="Add New Category" library="AdminCategoryPage">
<arguments>
<arg>${CATEGORY_TITLE}</arg>
<arg>${CATEGORY_CONTENT}</arg>
<arg>${CATEGORY_ALIAS}</arg>
</arguments>
<kw name="Click Element" library="Selenium2Library">
<doc>Click element identified by ``locator``.</doc>
<arguments>
<arg>${lbl_categories_new}</arg>
</arguments>
<msg timestamp="20190523 11:34:08.243" level="INFO">Clicking element 'xpath=//div[@class="btn-wrapper"]//button//span[@class="icon-new icon-white"]'.</msg>
<status status="PASS" starttime="20190523 11:34:08.243" endtime="20190523 11:34:10.606"></status>
</kw>
<kw name="Input Text" library="Selenium2Library">
<doc>Types the given ``text`` into text field identified by ``locator``.</doc>
<arguments>
<arg>${txt_categories_title}</arg>
<arg>${arg_categories_title}</arg>
</arguments>
<msg timestamp="20190523 11:34:10.611" level="INFO">Typing text 'QCUNGunxixOv' into text field 'id=jform_title'.</msg>
<status status="PASS" starttime="20190523 11:34:10.610" endtime="20190523 11:34:11.433"></status>
</kw>
<kw name="Input Text" library="Selenium2Library">
<doc>Types the given ``text`` into text field identified by ``locator``.</doc>
<arguments>
<arg>${txt_categories_title_alias}</arg>
<arg>${arg_categories_alias}</arg>
</arguments>
<msg timestamp="20190523 11:34:11.438" level="INFO">Typing text 'XOssGSSiPnrD' into text field 'id=jform_alias'.</msg>
<status status="PASS" starttime="20190523 11:34:11.437" endtime="20190523 11:34:12.624"></status>
</kw>
<kw name="Select Frame" library="Selenium2Library">
<doc>Sets frame identified by ``locator`` as the current frame.</doc>
<arguments>
<arg>${ifr_categories_content}</arg>
</arguments>
<msg timestamp="20190523 11:34:12.629" level="INFO">Selecting frame 'xpath=//iframe[contains(@id,'jform_description_ifr')]'.</msg>
<status status="PASS" starttime="20190523 11:34:12.628" endtime="20190523 11:34:12.707"></status>
</kw>
<kw name="Input Text" library="Selenium2Library">
<doc>Types the given ``text`` into text field identified by ``locator``.</doc>
<arguments>
<arg>${txt_categories_content}</arg>
<arg>${arg_categories_content}</arg>
</arguments>
<msg timestamp="20190523 11:34:12.712" level="INFO">Typing text 'Many years ago Seth Green decided to take his love of action figures and combine it with one of his major passions: stop-motion animation. The idea for Cartoon Network's late-night animated series "Robot Chicken" was born and the animation world suddenly changed.' into text field 'id=tinymce'.</msg>
<status status="PASS" starttime="20190523 11:34:12.711" endtime="20190523 11:34:18.480"></status>
</kw>
<kw name="Unselect Frame" library="Selenium2Library">
<doc>Sets the main frame as the current frame.</doc>
<status status="PASS" starttime="20190523 11:34:18.484" endtime="20190523 11:34:18.584"></status>
</kw>
<kw name="Click Button" library="Selenium2Library">
<doc>Clicks button identified by ``locator``.</doc>
<arguments>
<arg>${btn_categories_save_close}</arg>
</arguments>
<msg timestamp="20190523 11:34:18.585" level="INFO">Clicking button 'xpath=//div[@class="btn-toolbar"]//div[@class="btn-wrapper"]//button[@class="btn btn-small button-save"]'.</msg>
<status status="PASS" starttime="20190523 11:34:18.584" endtime="20190523 11:34:21.557"></status>
</kw>
<status status="PASS" starttime="20190523 11:34:08.242" endtime="20190523 11:34:21.563"></status>
</kw>
<kw name="Unpublish A Category" library="AdminCategoryPage">
<kw name="Click Element" library="Selenium2Library">
<doc>Click element identified by ``locator``.</doc>
<arguments>
<arg>${cbb_categories_box}</arg>
</arguments>
<msg timestamp="20190523 11:34:21.565" level="INFO">Clicking element 'xpath=//table[@id="categoryList"]/tbody[@class="ui-sortable"]/tr[last()]/td//input[@name="cid[]"]'.</msg>
<status status="PASS" starttime="20190523 11:34:21.564" endtime="20190523 11:34:22.126"></status>
</kw>
<kw name="Click Element" library="Selenium2Library">
<doc>Click element identified by ``locator``.</doc>
<arguments>
<arg>${btn_categories_unpublish}</arg>
</arguments>
<msg timestamp="20190523 11:34:22.130" level="INFO">Clicking element 'xpath=//button[@class="btn btn-small button-unpublish"]'.</msg>
<status status="PASS" starttime="20190523 11:34:22.129" endtime="20190523 11:34:24.617"></status>
</kw>
<status status="PASS" starttime="20190523 11:34:21.563" endtime="20190523 11:34:24.620"></status>
</kw>
<kw name="Check Message" library="AdminHomePage">
<arguments>
<arg>${TXT_UNPUBLISH_MESSAGE_EXPECTED}</arg>
</arguments>
<kw name="Element Text Should Be" library="Selenium2Library">
<doc>Verifies that element ``locator`` contains exact text ``expected``.</doc>
<arguments>
<arg>${hed_header_message}</arg>
<arg>Message</arg>
</arguments>
<msg timestamp="20190523 11:34:24.623" level="INFO">Verifying element 'xpath=//div[@class="alert alert-success"]/h4[@class="alert-heading"]' contains exact text 'Message'.</msg>
<status status="PASS" starttime="20190523 11:34:24.622" endtime="20190523 11:34:24.756"></status>
</kw>
<kw name="Element Text Should Be" library="Selenium2Library">
<doc>Verifies that element ``locator`` contains exact text ``expected``.</doc>
<arguments>
<arg>${lbl_message}</arg>
<arg>${arg_expected_message}</arg>
</arguments>
<msg timestamp="20190523 11:34:24.762" level="INFO">Verifying element 'xpath=//div[@class="alert alert-success"]/div[@class="alert-message"]' contains exact text '1 category unpublished.'.</msg>
<status status="PASS" starttime="20190523 11:34:24.761" endtime="20190523 11:34:24.891"></status>
</kw>
<status status="PASS" starttime="20190523 11:34:24.621" endtime="20190523 11:34:24.895"></status>
</kw>
<kw name="Check Unpublish Article Successfully" library="AdminCategoryPage">
<arguments>
<arg>${CATEGORY_TITLE}</arg>
</arguments>
<kw name="Format String" library="String">
<doc>Formats a ``template`` using the given ``positional`` and ``named`` arguments.</doc>
<arguments>
<arg>${xph_categories_title}</arg>
<arg>${arg_categories_check_title}</arg>
</arguments>
<assign>
<var>${check_unpublish}</var>
</assign>
<msg timestamp="20190523 11:34:24.898" level="INFO">${check_unpublish} = xpath=//table[@id="categoryList"]//a[contains(text(),"QCUNGunxixOv")]</msg>
<status status="PASS" starttime="20190523 11:34:24.897" endtime="20190523 11:34:24.898"></status>
</kw>
<kw name="Element Should Be Visible" library="Selenium2Library">
<doc>Verifies that the element identified by ``locator`` is visible.</doc>
<arguments>
<arg>${check_unpublish}</arg>
</arguments>
<msg timestamp="20190523 11:34:25.037" level="INFO">Element 'xpath=//table[@id="categoryList"]//a[contains(text(),"QCUNGunxixOv")]' is displayed.</msg>
<status status="PASS" starttime="20190523 11:34:24.901" endtime="20190523 11:34:25.038"></status>
</kw>
<status status="PASS" starttime="20190523 11:34:24.895" endtime="20190523 11:34:25.041"></status>
</kw>
<kw name="Delete A Category" library="AdminCategoryPage">
<kw name="Select Checkbox" library="Selenium2Library">
<doc>Selects checkbox identified by ``locator``.</doc>
<arguments>
<arg>${cbb_categories_box}</arg>
</arguments>
<msg timestamp="20190523 11:34:25.043" level="INFO">Selecting checkbox 'xpath=//table[@id="categoryList"]/tbody[@class="ui-sortable"]/tr[last()]/td//input[@name="cid[]"]'.</msg>
<status status="PASS" starttime="20190523 11:34:25.043" endtime="20190523 11:34:25.298"></status>
</kw>
<kw name="Click Element" library="Selenium2Library">
<doc>Click element identified by ``locator``.</doc>
<arguments>
<arg>${btn_categories_trash}</arg>
</arguments>
<msg timestamp="20190523 11:34:25.307" level="INFO">Clicking element 'xpath=//button[@class="btn btn-small button-trash"]'.</msg>
<status status="PASS" starttime="20190523 11:34:25.305" endtime="20190523 11:34:27.052"></status>
</kw>
<status status="PASS" starttime="20190523 11:34:25.042" endtime="20190523 11:34:27.073"></status>
</kw>
<kw name="Logout Admin Site" library="AdminHomePage">
<kw name="Click Element" library="Selenium2Library">
<doc>Click element identified by ``locator``.</doc>
<arguments>
<arg>${icn_user}</arg>
</arguments>
<msg timestamp="20190523 11:34:27.075" level="INFO">Clicking element 'xpath=//a/span[@class="icon-user"]'.</msg>
<status status="PASS" starttime="20190523 11:34:27.074" endtime="20190523 11:34:27.255"></status>
</kw>
<kw name="Wait Until Element Is Visible" library="Selenium2Library">
<doc>Waits until element ``locator`` is visible.</doc>
<arguments>
<arg>${lbl_logout}</arg>
</arguments>
<status status="PASS" starttime="20190523 11:34:27.273" endtime="20190523 11:34:27.349"></status>
</kw>
<kw name="Click Element" library="Selenium2Library">
<doc>Click element identified by ``locator``.</doc>
<arguments>
<arg>${lbl_logout}</arg>
</arguments>
<msg timestamp="20190523 11:34:27.350" level="INFO">Clicking element 'xpath=//ul[@class="nav nav-user pull-right nav-hover"]//a[text()="Logout"]'.</msg>
<status status="PASS" starttime="20190523 11:34:27.350" endtime="20190523 11:34:28.852"></status>
</kw>
<status status="PASS" starttime="20190523 11:34:27.073" endtime="20190523 11:34:28.869"></status>
</kw>
<status status="PASS" starttime="20190523 11:34:02.645" endtime="20190523 11:34:28.872" critical="yes"></status>
</test>
<kw name="Teardown" library="Setup" type="teardown">
<kw name="Close All Browsers" library="Selenium2Library">
<doc>Closes all open browsers and resets the browser cache.</doc>
<status status="PASS" starttime="20190523 11:34:28.906" endtime="20190523 11:34:33.907"></status>
</kw>
<kw name="Percy Finalize Build" library="PercyClient">
<status status="PASS" starttime="20190523 11:34:33.908" endtime="20190523 11:34:34.947"></status>
</kw>
<status status="PASS" starttime="20190523 11:34:28.901" endtime="20190523 11:34:34.947"></status>
</kw>
<status status="PASS" starttime="20190523 11:32:19.566" endtime="20190523 11:34:34.948"></status>
</suite>
<status status="PASS" starttime="20190523 11:32:19.558" endtime="20190523 11:34:34.960"></status>
</suite>
<status status="PASS" starttime="20190523 11:32:19.506" endtime="20190523 11:34:34.971"></status>
</suite>
<statistics>
<total>
<stat pass="4" fail="0">Critical Tests</stat>
<stat pass="4" fail="0">All Tests</stat>
</total>
<tag>
</tag>
<suite>
<stat pass="4" fail="0" id="s1" name="Tests">Tests</stat>
<stat pass="4" fail="0" id="s1-s1" name="FunctionalTests">Tests.FunctionalTests</stat>
<stat pass="4" fail="0" id="s1-s1-s1" name="AdminCategoryTest">Tests.FunctionalTests.AdminCategoryTest</stat>
</suite>
</statistics>
<errors>
</errors>
</robot>
