<?xml version="1.0" encoding="UTF-8"?>
<robot generator="Robot 3.1.1 (Python 3.7.3 on win32)" generated="20190523 11:21:12.040" rpa="false">
<suite id="s1" name="Tests" source="C:\Users\InternDN19.01.02\eclipse-workspace\RobotTeam2\RobotFrameworkProject\Tests">
<suite id="s1-s1" name="FunctionalTests" source="C:\Users\InternDN19.01.02\eclipse-workspace\RobotTeam2\RobotFrameworkProject\Tests\FunctionalTests">
<suite id="s1-s1-s1" name="AdminDataDrivenLoginTest" source="C:\Users\InternDN19.01.02\eclipse-workspace\RobotTeam2\RobotFrameworkProject\Tests\FunctionalTests\AdminDataDrivenLoginTest.robot">
<kw name="Setup" library="Setup" type="setup">
<kw name="Append To Environment Variable" library="OperatingSystem">
<doc>Appends given ``values`` to environment variable ``name``.</doc>
<arguments>
<arg>PATH</arg>
<arg>C:\\Users\\InternDN19.01.02\\eclipse-workspace\\RobotTeam2\\RobotFrameworkProject\\Resources/Drivers</arg>
</arguments>
<msg timestamp="20190523 11:21:12.945" level="INFO">Environment variable 'PATH' set to value 'C:\Users\InternDN19.01.02\bin;C:\Program Files\Git\mingw64\bin;C:\Program Files\Git\usr\local\bin;C:\Program Files\Git\usr\bin;C:\Program Files\Git\usr\bin;C:\Program Files\Git\mingw64\bin;C:\Program Files\Git\usr\bin;C:\Users\InternDN19.01.02\bin;C:\Program Files (x86)\Common Files\Oracle\Java\javapath;C:\Program Files (x86)\Intel\iCLS Client;C:\Program Files\Intel\iCLS Client;C:\Windows\System32\cmd.exe;C:\Windows;C:\Windows\System32\Wbem;C:\Windows\System32\WindowsPowerShell\v1.0;C:\Windows\System32\OpenSSH;C:\Program Files\Intel\Intel(R) Management Engine Components\DAL;C:\Program Files\Intel\Intel(R) Management Engine Components\IPT;C:\Program Files (x86)\Intel\Intel(R) Management Engine Components\DAL;C:\Program Files (x86)\Intel\Intel(R) Management Engine Components\IPT;C:\Program Files (x86)\Intel\OpenCL SDK\2.0\bin\x86;C:\Program Files (x86)\Intel\OpenCL SDK\2.0\bin\x64;C:\Program Files\Git\cmd;C:\Program Files\webdrivers;C:\xampp\php;C:\ProgramData\ComposerSetup\bin;C:\Program Files\nodejs;C:\Program Files\Java\jdk-12\bin;C:\apache-maven-3.6.1\bin;%PYTHONPATH%\python-3.7.3.exe;C:\Windows\system32;%M2_HOME%\bin;C:\Users\InternDN19.01.02\Documents\allure-2.10.0\bin;C:\Users\InternDN19.01.02\AppData\Local\Programs\Python\Python37\Scripts;C:\Users\InternDN19.01.02\AppData\Local\Programs\Python\Python37;C:\Users\InternDN19.01.02\AppData\Local\Microsoft\WindowsApps;C:\Users\InternDN19.01.02\AppData\Local\Programs\Microsoft VS Code\bin;C:\Users\InternDN19.01.02\AppData\Roaming\Composer\vendor\bin;C:\Users\InternDN19.01.02\AppData\Roaming\npm;C:\Program Files\Maven;C:\Program Files\nodejs;C:\Program Files\Git\usr\bin\vendor_perl;C:\Program Files\Git\usr\bin\core_perl;C:\users\interndn19.01.02\appdata\local\programs\python\python37\lib\site-packages\pywin32_system32;c:\users\interndn19.01.02\appdata\local\programs\python\python37\lib\site-packages\pywin32_system32;C:\Users\InternDN19.01.02\eclipse-workspace\RobotTeam2\RobotFrameworkProject\Resources/Drivers'.</msg>
<status status="PASS" starttime="20190523 11:21:12.945" endtime="20190523 11:21:12.945"></status>
</kw>
<kw name="Open Browser" library="Selenium2Library">
<doc>Opens a new browser instance to the given ``url``.</doc>
<arguments>
<arg>${ROOT}</arg>
<arg>${BROWSER}</arg>
</arguments>
<msg timestamp="20190523 11:21:12.947" level="INFO">Opening browser 'Chrome' to base url 'http://192.168.189.72/joomla/administrator/'.</msg>
<status status="PASS" starttime="20190523 11:21:12.947" endtime="20190523 11:21:19.549"></status>
</kw>
<kw name="Maximize Browser Window" library="Selenium2Library">
<doc>Maximizes current browser window.</doc>
<status status="PASS" starttime="20190523 11:21:19.552" endtime="20190523 11:21:20.837"></status>
</kw>
<kw name="Percy Initialize Build" library="PercyClient">
<arguments>
<arg>${PERCY_TOKEN}</arg>
</arguments>
<status status="PASS" starttime="20190523 11:21:20.838" endtime="20190523 11:21:23.175"></status>
</kw>
<status status="PASS" starttime="20190523 11:21:12.940" endtime="20190523 11:21:23.175"></status>
</kw>
<test id="s1-s1-s1-t1" name="TC18 - Empty Username">
<kw name="Login With Invalid Credentials Should Fail" library="AdminLoginPage">
<arguments>
<arg>${EMPTY}</arg>
<arg>${PASSWORD}</arg>
<arg>${ERROR_MESSAGE}</arg>
</arguments>
<kw name="Login Admin Site" library="AdminLoginPage">
<arguments>
<arg>${arg_invalid_username}</arg>
<arg>${arg_invalid_password}</arg>
</arguments>
<kw name="Log To Console" library="BuiltIn">
<doc>Logs the given message to the console.</doc>
<arguments>
<arg>Login to Joomla</arg>
</arguments>
<status status="PASS" starttime="20190523 11:21:23.179" endtime="20190523 11:21:23.181"></status>
</kw>
<kw name="Input Text" library="Selenium2Library">
<doc>Types the given ``text`` into text field identified by ``locator``.</doc>
<arguments>
<arg>${txt_username}</arg>
<arg>${arg_username}</arg>
</arguments>
<msg timestamp="20190523 11:21:23.182" level="INFO">Typing text '' into text field 'id=mod-login-username'.</msg>
<status status="PASS" starttime="20190523 11:21:23.182" endtime="20190523 11:21:23.403"></status>
</kw>
<kw name="Input Text" library="Selenium2Library">
<doc>Types the given ``text`` into text field identified by ``locator``.</doc>
<arguments>
<arg>${txt_password}</arg>
<arg>${arg_password}</arg>
</arguments>
<msg timestamp="20190523 11:21:23.407" level="INFO">Typing text '123456789' into text field 'id=mod-login-password'.</msg>
<status status="PASS" starttime="20190523 11:21:23.406" endtime="20190523 11:21:24.299"></status>
</kw>
<kw name="Click Button" library="Selenium2Library">
<doc>Clicks button identified by ``locator``.</doc>
<arguments>
<arg>${btn_login}</arg>
</arguments>
<msg timestamp="20190523 11:21:24.303" level="INFO">Clicking button 'xpath=//div[@class="btn-group"]/button[@class="btn btn-primary btn-block btn-large login-button"]'.</msg>
<status status="PASS" starttime="20190523 11:21:24.302" endtime="20190523 11:21:25.440"></status>
</kw>
<status status="PASS" starttime="20190523 11:21:23.179" endtime="20190523 11:21:25.444"></status>
</kw>
<kw name="Login Should Have Failed" library="AdminLoginPage">
<arguments>
<arg>${arg_error_message}</arg>
</arguments>
<kw name="Element Text Should Be" library="Selenium2Library">
<doc>Verifies that element ``locator`` contains exact text ``expected``.</doc>
<arguments>
<arg>${lbl_warning_header}</arg>
<arg>${HEADER_TEXT}</arg>
</arguments>
<msg timestamp="20190523 11:21:25.447" level="INFO">Verifying element 'xpath=//div[@class="login well"]/div[@id="system-message-container"]/div[@class="alert "]/h4[@class="alert-heading"]' contains exact text 'Warning'.</msg>
<status status="PASS" starttime="20190523 11:21:25.446" endtime="20190523 11:21:25.696"></status>
</kw>
<kw name="Element Text Should Be" library="Selenium2Library">
<doc>Verifies that element ``locator`` contains exact text ``expected``.</doc>
<arguments>
<arg>${lbl_warning_message}</arg>
<arg>${arg_message}</arg>
</arguments>
<msg timestamp="20190523 11:21:25.700" level="INFO">Verifying element 'xpath=//div[@class="login well"]/div[@id="system-message-container"]/div[@class="alert "]/div[@class="alert-message"]' contains exact text 'Username and password do not match or you do not have an account yet.'.</msg>
<status status="PASS" starttime="20190523 11:21:25.699" endtime="20190523 11:21:25.801"></status>
</kw>
<status status="PASS" starttime="20190523 11:21:25.445" endtime="20190523 11:21:25.804"></status>
</kw>
<status status="PASS" starttime="20190523 11:21:23.179" endtime="20190523 11:21:25.804"></status>
</kw>
<status status="PASS" starttime="20190523 11:21:23.175" endtime="20190523 11:21:25.805" critical="yes"></status>
</test>
<test id="s1-s1-s1-t2" name="TC19 - Empty Password">
<kw name="Login With Invalid Credentials Should Fail" library="AdminLoginPage">
<arguments>
<arg>${USERNAME}</arg>
<arg>${EMPTY}</arg>
<arg>${ERROR_EMPTY_PASSWORD_MESSAGE}</arg>
</arguments>
<kw name="Login Admin Site" library="AdminLoginPage">
<arguments>
<arg>${arg_invalid_username}</arg>
<arg>${arg_invalid_password}</arg>
</arguments>
<kw name="Log To Console" library="BuiltIn">
<doc>Logs the given message to the console.</doc>
<arguments>
<arg>Login to Joomla</arg>
</arguments>
<status status="PASS" starttime="20190523 11:21:25.818" endtime="20190523 11:21:25.819"></status>
</kw>
<kw name="Input Text" library="Selenium2Library">
<doc>Types the given ``text`` into text field identified by ``locator``.</doc>
<arguments>
<arg>${txt_username}</arg>
<arg>${arg_username}</arg>
</arguments>
<msg timestamp="20190523 11:21:25.821" level="INFO">Typing text 'admin' into text field 'id=mod-login-username'.</msg>
<status status="PASS" starttime="20190523 11:21:25.820" endtime="20190523 11:21:26.903"></status>
</kw>
<kw name="Input Text" library="Selenium2Library">
<doc>Types the given ``text`` into text field identified by ``locator``.</doc>
<arguments>
<arg>${txt_password}</arg>
<arg>${arg_password}</arg>
</arguments>
<msg timestamp="20190523 11:21:26.907" level="INFO">Typing text '' into text field 'id=mod-login-password'.</msg>
<status status="PASS" starttime="20190523 11:21:26.907" endtime="20190523 11:21:28.218"></status>
</kw>
<kw name="Click Button" library="Selenium2Library">
<doc>Clicks button identified by ``locator``.</doc>
<arguments>
<arg>${btn_login}</arg>
</arguments>
<msg timestamp="20190523 11:21:28.222" level="INFO">Clicking button 'xpath=//div[@class="btn-group"]/button[@class="btn btn-primary btn-block btn-large login-button"]'.</msg>
<status status="PASS" starttime="20190523 11:21:28.222" endtime="20190523 11:21:29.356"></status>
</kw>
<status status="PASS" starttime="20190523 11:21:25.817" endtime="20190523 11:21:29.445"></status>
</kw>
<kw name="Login Should Have Failed" library="AdminLoginPage">
<arguments>
<arg>${arg_error_message}</arg>
</arguments>
<kw name="Element Text Should Be" library="Selenium2Library">
<doc>Verifies that element ``locator`` contains exact text ``expected``.</doc>
<arguments>
<arg>${lbl_warning_header}</arg>
<arg>${HEADER_TEXT}</arg>
</arguments>
<msg timestamp="20190523 11:21:29.451" level="INFO">Verifying element 'xpath=//div[@class="login well"]/div[@id="system-message-container"]/div[@class="alert "]/h4[@class="alert-heading"]' contains exact text 'Warning'.</msg>
<status status="PASS" starttime="20190523 11:21:29.450" endtime="20190523 11:21:30.673"></status>
</kw>
<kw name="Element Text Should Be" library="Selenium2Library">
<doc>Verifies that element ``locator`` contains exact text ``expected``.</doc>
<arguments>
<arg>${lbl_warning_message}</arg>
<arg>${arg_message}</arg>
</arguments>
<msg timestamp="20190523 11:21:30.677" level="INFO">Verifying element 'xpath=//div[@class="login well"]/div[@id="system-message-container"]/div[@class="alert "]/div[@class="alert-message"]' contains exact text 'Empty password not allowed.'.</msg>
<status status="PASS" starttime="20190523 11:21:30.676" endtime="20190523 11:21:30.942"></status>
</kw>
<status status="PASS" starttime="20190523 11:21:29.449" endtime="20190523 11:21:30.946"></status>
</kw>
<status status="PASS" starttime="20190523 11:21:25.816" endtime="20190523 11:21:30.947"></status>
</kw>
<status status="PASS" starttime="20190523 11:21:25.814" endtime="20190523 11:21:30.947" critical="yes"></status>
</test>
<test id="s1-s1-s1-t3" name="TC20 - Empty Username And Password">
<kw name="Login With Invalid Credentials Should Fail" library="AdminLoginPage">
<arguments>
<arg>${EMPTY}</arg>
<arg>${EMPTY}</arg>
<arg>${ERROR_EMPTY_PASSWORD_MESSAGE}</arg>
</arguments>
<kw name="Login Admin Site" library="AdminLoginPage">
<arguments>
<arg>${arg_invalid_username}</arg>
<arg>${arg_invalid_password}</arg>
</arguments>
<kw name="Log To Console" library="BuiltIn">
<doc>Logs the given message to the console.</doc>
<arguments>
<arg>Login to Joomla</arg>
</arguments>
<status status="PASS" starttime="20190523 11:21:30.969" endtime="20190523 11:21:30.970"></status>
</kw>
<kw name="Input Text" library="Selenium2Library">
<doc>Types the given ``text`` into text field identified by ``locator``.</doc>
<arguments>
<arg>${txt_username}</arg>
<arg>${arg_username}</arg>
</arguments>
<msg timestamp="20190523 11:21:30.971" level="INFO">Typing text '' into text field 'id=mod-login-username'.</msg>
<status status="PASS" starttime="20190523 11:21:30.971" endtime="20190523 11:21:31.696"></status>
</kw>
<kw name="Input Text" library="Selenium2Library">
<doc>Types the given ``text`` into text field identified by ``locator``.</doc>
<arguments>
<arg>${txt_password}</arg>
<arg>${arg_password}</arg>
</arguments>
<msg timestamp="20190523 11:21:31.721" level="INFO">Typing text '' into text field 'id=mod-login-password'.</msg>
<status status="PASS" starttime="20190523 11:21:31.720" endtime="20190523 11:21:32.452"></status>
</kw>
<kw name="Click Button" library="Selenium2Library">
<doc>Clicks button identified by ``locator``.</doc>
<arguments>
<arg>${btn_login}</arg>
</arguments>
<msg timestamp="20190523 11:21:32.459" level="INFO">Clicking button 'xpath=//div[@class="btn-group"]/button[@class="btn btn-primary btn-block btn-large login-button"]'.</msg>
<status status="PASS" starttime="20190523 11:21:32.458" endtime="20190523 11:21:33.615"></status>
</kw>
<status status="PASS" starttime="20190523 11:21:30.968" endtime="20190523 11:21:33.645"></status>
</kw>
<kw name="Login Should Have Failed" library="AdminLoginPage">
<arguments>
<arg>${arg_error_message}</arg>
</arguments>
<kw name="Element Text Should Be" library="Selenium2Library">
<doc>Verifies that element ``locator`` contains exact text ``expected``.</doc>
<arguments>
<arg>${lbl_warning_header}</arg>
<arg>${HEADER_TEXT}</arg>
</arguments>
<msg timestamp="20190523 11:21:33.660" level="INFO">Verifying element 'xpath=//div[@class="login well"]/div[@id="system-message-container"]/div[@class="alert "]/h4[@class="alert-heading"]' contains exact text 'Warning'.</msg>
<status status="PASS" starttime="20190523 11:21:33.647" endtime="20190523 11:21:33.888"></status>
</kw>
<kw name="Element Text Should Be" library="Selenium2Library">
<doc>Verifies that element ``locator`` contains exact text ``expected``.</doc>
<arguments>
<arg>${lbl_warning_message}</arg>
<arg>${arg_message}</arg>
</arguments>
<msg timestamp="20190523 11:21:33.892" level="INFO">Verifying element 'xpath=//div[@class="login well"]/div[@id="system-message-container"]/div[@class="alert "]/div[@class="alert-message"]' contains exact text 'Empty password not allowed.'.</msg>
<status status="PASS" starttime="20190523 11:21:33.891" endtime="20190523 11:21:34.052"></status>
</kw>
<status status="PASS" starttime="20190523 11:21:33.646" endtime="20190523 11:21:34.056"></status>
</kw>
<status status="PASS" starttime="20190523 11:21:30.967" endtime="20190523 11:21:34.056"></status>
</kw>
<status status="PASS" starttime="20190523 11:21:30.966" endtime="20190523 11:21:34.056" critical="yes"></status>
</test>
<test id="s1-s1-s1-t4" name="TC21 - Invalid Username">
<kw name="Login With Invalid Credentials Should Fail" library="AdminLoginPage">
<arguments>
<arg>${INVALID_USERNAME}</arg>
<arg>${PASSWORD}</arg>
<arg>${ERROR_MESSAGE}</arg>
</arguments>
<kw name="Login Admin Site" library="AdminLoginPage">
<arguments>
<arg>${arg_invalid_username}</arg>
<arg>${arg_invalid_password}</arg>
</arguments>
<kw name="Log To Console" library="BuiltIn">
<doc>Logs the given message to the console.</doc>
<arguments>
<arg>Login to Joomla</arg>
</arguments>
<status status="PASS" starttime="20190523 11:21:34.077" endtime="20190523 11:21:34.079"></status>
</kw>
<kw name="Input Text" library="Selenium2Library">
<doc>Types the given ``text`` into text field identified by ``locator``.</doc>
<arguments>
<arg>${txt_username}</arg>
<arg>${arg_username}</arg>
</arguments>
<msg timestamp="20190523 11:21:34.111" level="INFO">Typing text 'abcd123' into text field 'id=mod-login-username'.</msg>
<status status="PASS" starttime="20190523 11:21:34.079" endtime="20190523 11:21:34.734"></status>
</kw>
<kw name="Input Text" library="Selenium2Library">
<doc>Types the given ``text`` into text field identified by ``locator``.</doc>
<arguments>
<arg>${txt_password}</arg>
<arg>${arg_password}</arg>
</arguments>
<msg timestamp="20190523 11:21:34.749" level="INFO">Typing text '123456789' into text field 'id=mod-login-password'.</msg>
<status status="PASS" starttime="20190523 11:21:34.744" endtime="20190523 11:21:35.509"></status>
</kw>
<kw name="Click Button" library="Selenium2Library">
<doc>Clicks button identified by ``locator``.</doc>
<arguments>
<arg>${btn_login}</arg>
</arguments>
<msg timestamp="20190523 11:21:35.525" level="INFO">Clicking button 'xpath=//div[@class="btn-group"]/button[@class="btn btn-primary btn-block btn-large login-button"]'.</msg>
<status status="PASS" starttime="20190523 11:21:35.524" endtime="20190523 11:21:36.579"></status>
</kw>
<status status="PASS" starttime="20190523 11:21:34.073" endtime="20190523 11:21:36.587"></status>
</kw>
<kw name="Login Should Have Failed" library="AdminLoginPage">
<arguments>
<arg>${arg_error_message}</arg>
</arguments>
<kw name="Element Text Should Be" library="Selenium2Library">
<doc>Verifies that element ``locator`` contains exact text ``expected``.</doc>
<arguments>
<arg>${lbl_warning_header}</arg>
<arg>${HEADER_TEXT}</arg>
</arguments>
<msg timestamp="20190523 11:21:36.589" level="INFO">Verifying element 'xpath=//div[@class="login well"]/div[@id="system-message-container"]/div[@class="alert "]/h4[@class="alert-heading"]' contains exact text 'Warning'.</msg>
<status status="PASS" starttime="20190523 11:21:36.589" endtime="20190523 11:21:36.649"></status>
</kw>
<kw name="Element Text Should Be" library="Selenium2Library">
<doc>Verifies that element ``locator`` contains exact text ``expected``.</doc>
<arguments>
<arg>${lbl_warning_message}</arg>
<arg>${arg_message}</arg>
</arguments>
<msg timestamp="20190523 11:21:36.654" level="INFO">Verifying element 'xpath=//div[@class="login well"]/div[@id="system-message-container"]/div[@class="alert "]/div[@class="alert-message"]' contains exact text 'Username and password do not match or you do not have an account yet.'.</msg>
<status status="PASS" starttime="20190523 11:21:36.653" endtime="20190523 11:21:36.703"></status>
</kw>
<status status="PASS" starttime="20190523 11:21:36.588" endtime="20190523 11:21:36.707"></status>
</kw>
<status status="PASS" starttime="20190523 11:21:34.071" endtime="20190523 11:21:36.708"></status>
</kw>
<status status="PASS" starttime="20190523 11:21:34.070" endtime="20190523 11:21:36.708" critical="yes"></status>
</test>
<test id="s1-s1-s1-t5" name="TC22 - Invalid Password">
<kw name="Login With Invalid Credentials Should Fail" library="AdminLoginPage">
<arguments>
<arg>${USERNAME}</arg>
<arg>${INVALID_PASSWORD}</arg>
<arg>${ERROR_MESSAGE}</arg>
</arguments>
<kw name="Login Admin Site" library="AdminLoginPage">
<arguments>
<arg>${arg_invalid_username}</arg>
<arg>${arg_invalid_password}</arg>
</arguments>
<kw name="Log To Console" library="BuiltIn">
<doc>Logs the given message to the console.</doc>
<arguments>
<arg>Login to Joomla</arg>
</arguments>
<status status="PASS" starttime="20190523 11:21:36.733" endtime="20190523 11:21:36.734"></status>
</kw>
<kw name="Input Text" library="Selenium2Library">
<doc>Types the given ``text`` into text field identified by ``locator``.</doc>
<arguments>
<arg>${txt_username}</arg>
<arg>${arg_username}</arg>
</arguments>
<msg timestamp="20190523 11:21:36.735" level="INFO">Typing text 'admin' into text field 'id=mod-login-username'.</msg>
<status status="PASS" starttime="20190523 11:21:36.734" endtime="20190523 11:21:37.280"></status>
</kw>
<kw name="Input Text" library="Selenium2Library">
<doc>Types the given ``text`` into text field identified by ``locator``.</doc>
<arguments>
<arg>${txt_password}</arg>
<arg>${arg_password}</arg>
</arguments>
<msg timestamp="20190523 11:21:37.296" level="INFO">Typing text 'zxcvbnm' into text field 'id=mod-login-password'.</msg>
<status status="PASS" starttime="20190523 11:21:37.295" endtime="20190523 11:21:37.781"></status>
</kw>
<kw name="Click Button" library="Selenium2Library">
<doc>Clicks button identified by ``locator``.</doc>
<arguments>
<arg>${btn_login}</arg>
</arguments>
<msg timestamp="20190523 11:21:37.797" level="INFO">Clicking button 'xpath=//div[@class="btn-group"]/button[@class="btn btn-primary btn-block btn-large login-button"]'.</msg>
<status status="PASS" starttime="20190523 11:21:37.797" endtime="20190523 11:21:38.720"></status>
</kw>
<status status="PASS" starttime="20190523 11:21:36.732" endtime="20190523 11:21:38.724"></status>
</kw>
<kw name="Login Should Have Failed" library="AdminLoginPage">
<arguments>
<arg>${arg_error_message}</arg>
</arguments>
<kw name="Element Text Should Be" library="Selenium2Library">
<doc>Verifies that element ``locator`` contains exact text ``expected``.</doc>
<arguments>
<arg>${lbl_warning_header}</arg>
<arg>${HEADER_TEXT}</arg>
</arguments>
<msg timestamp="20190523 11:21:38.726" level="INFO">Verifying element 'xpath=//div[@class="login well"]/div[@id="system-message-container"]/div[@class="alert "]/h4[@class="alert-heading"]' contains exact text 'Warning'.</msg>
<status status="PASS" starttime="20190523 11:21:38.725" endtime="20190523 11:21:38.917"></status>
</kw>
<kw name="Element Text Should Be" library="Selenium2Library">
<doc>Verifies that element ``locator`` contains exact text ``expected``.</doc>
<arguments>
<arg>${lbl_warning_message}</arg>
<arg>${arg_message}</arg>
</arguments>
<msg timestamp="20190523 11:21:38.921" level="INFO">Verifying element 'xpath=//div[@class="login well"]/div[@id="system-message-container"]/div[@class="alert "]/div[@class="alert-message"]' contains exact text 'Username and password do not match or you do not have an account yet.'.</msg>
<status status="PASS" starttime="20190523 11:21:38.920" endtime="20190523 11:21:39.083"></status>
</kw>
<status status="PASS" starttime="20190523 11:21:38.724" endtime="20190523 11:21:39.144"></status>
</kw>
<status status="PASS" starttime="20190523 11:21:36.731" endtime="20190523 11:21:39.144"></status>
</kw>
<status status="PASS" starttime="20190523 11:21:36.729" endtime="20190523 11:21:39.145" critical="yes"></status>
</test>
<test id="s1-s1-s1-t6" name="TC23 - Invalid Username And Password">
<kw name="Login With Invalid Credentials Should Fail" library="AdminLoginPage">
<arguments>
<arg>${INVALID_USERNAME}</arg>
<arg>${INVALID_PASSWORD}</arg>
<arg>${ERROR_MESSAGE}</arg>
</arguments>
<kw name="Login Admin Site" library="AdminLoginPage">
<arguments>
<arg>${arg_invalid_username}</arg>
<arg>${arg_invalid_password}</arg>
</arguments>
<kw name="Log To Console" library="BuiltIn">
<doc>Logs the given message to the console.</doc>
<arguments>
<arg>Login to Joomla</arg>
</arguments>
<status status="PASS" starttime="20190523 11:21:39.184" endtime="20190523 11:21:39.184"></status>
</kw>
<kw name="Input Text" library="Selenium2Library">
<doc>Types the given ``text`` into text field identified by ``locator``.</doc>
<arguments>
<arg>${txt_username}</arg>
<arg>${arg_username}</arg>
</arguments>
<msg timestamp="20190523 11:21:39.185" level="INFO">Typing text 'abcd123' into text field 'id=mod-login-username'.</msg>
<status status="PASS" starttime="20190523 11:21:39.185" endtime="20190523 11:21:39.995"></status>
</kw>
<kw name="Input Text" library="Selenium2Library">
<doc>Types the given ``text`` into text field identified by ``locator``.</doc>
<arguments>
<arg>${txt_password}</arg>
<arg>${arg_password}</arg>
</arguments>
<msg timestamp="20190523 11:21:40.001" level="INFO">Typing text 'zxcvbnm' into text field 'id=mod-login-password'.</msg>
<status status="PASS" starttime="20190523 11:21:40.000" endtime="20190523 11:21:40.608"></status>
</kw>
<kw name="Click Button" library="Selenium2Library">
<doc>Clicks button identified by ``locator``.</doc>
<arguments>
<arg>${btn_login}</arg>
</arguments>
<msg timestamp="20190523 11:21:40.629" level="INFO">Clicking button 'xpath=//div[@class="btn-group"]/button[@class="btn btn-primary btn-block btn-large login-button"]'.</msg>
<status status="PASS" starttime="20190523 11:21:40.628" endtime="20190523 11:21:41.598"></status>
</kw>
<status status="PASS" starttime="20190523 11:21:39.182" endtime="20190523 11:21:41.748"></status>
</kw>
<kw name="Login Should Have Failed" library="AdminLoginPage">
<arguments>
<arg>${arg_error_message}</arg>
</arguments>
<kw name="Element Text Should Be" library="Selenium2Library">
<doc>Verifies that element ``locator`` contains exact text ``expected``.</doc>
<arguments>
<arg>${lbl_warning_header}</arg>
<arg>${HEADER_TEXT}</arg>
</arguments>
<msg timestamp="20190523 11:21:41.750" level="INFO">Verifying element 'xpath=//div[@class="login well"]/div[@id="system-message-container"]/div[@class="alert "]/h4[@class="alert-heading"]' contains exact text 'Warning'.</msg>
<status status="PASS" starttime="20190523 11:21:41.750" endtime="20190523 11:21:41.875"></status>
</kw>
<kw name="Element Text Should Be" library="Selenium2Library">
<doc>Verifies that element ``locator`` contains exact text ``expected``.</doc>
<arguments>
<arg>${lbl_warning_message}</arg>
<arg>${arg_message}</arg>
</arguments>
<msg timestamp="20190523 11:21:41.879" level="INFO">Verifying element 'xpath=//div[@class="login well"]/div[@id="system-message-container"]/div[@class="alert "]/div[@class="alert-message"]' contains exact text 'Username and password do not match or you do not have an account yet.'.</msg>
<status status="PASS" starttime="20190523 11:21:41.878" endtime="20190523 11:21:41.966"></status>
</kw>
<status status="PASS" starttime="20190523 11:21:41.748" endtime="20190523 11:21:41.970"></status>
</kw>
<status status="PASS" starttime="20190523 11:21:39.181" endtime="20190523 11:21:41.970"></status>
</kw>
<status status="PASS" starttime="20190523 11:21:39.179" endtime="20190523 11:21:41.970" critical="yes"></status>
</test>
<kw name="Teardown" library="Setup" type="teardown">
<kw name="Close All Browsers" library="Selenium2Library">
<doc>Closes all open browsers and resets the browser cache.</doc>
<status status="PASS" starttime="20190523 11:21:41.980" endtime="20190523 11:21:57.946"></status>
</kw>
<kw name="Percy Finalize Build" library="PercyClient">
<status status="PASS" starttime="20190523 11:21:57.947" endtime="20190523 11:21:58.462"></status>
</kw>
<status status="PASS" starttime="20190523 11:21:41.980" endtime="20190523 11:21:58.463"></status>
</kw>
<status status="PASS" starttime="20190523 11:21:12.270" endtime="20190523 11:21:58.463"></status>
</suite>
<status status="PASS" starttime="20190523 11:21:12.264" endtime="20190523 11:21:58.479"></status>
</suite>
<status status="PASS" starttime="20190523 11:21:12.200" endtime="20190523 11:21:58.492"></status>
</suite>
<statistics>
<total>
<stat pass="6" fail="0">Critical Tests</stat>
<stat pass="6" fail="0">All Tests</stat>
</total>
<tag>
</tag>
<suite>
<stat pass="6" fail="0" id="s1" name="Tests">Tests</stat>
<stat pass="6" fail="0" id="s1-s1" name="FunctionalTests">Tests.FunctionalTests</stat>
<stat pass="6" fail="0" id="s1-s1-s1" name="AdminDataDrivenLoginTest">Tests.FunctionalTests.AdminDataDrivenLoginTest</stat>
</suite>
</statistics>
<errors>
</errors>
</robot>
