<?xml version="1.0" encoding="UTF-8"?>
<robot generator="Robot 3.1.1 (Python 3.7.3 on win32)" generated="20190527 17:38:35.559" rpa="false">
<suite id="s1" name="Tests" source="C:\Users\InternDN19.01.02\eclipse-workspace\RobotTeam2\RobotFrameworkProject\Tests">
<suite id="s1-s1" name="FunctionalTests" source="C:\Users\InternDN19.01.02\eclipse-workspace\RobotTeam2\RobotFrameworkProject\Tests\FunctionalTests">
<suite id="s1-s1-s1" name="AdminDataDrivenLoginTest" source="C:\Users\InternDN19.01.02\eclipse-workspace\RobotTeam2\RobotFrameworkProject\Tests\FunctionalTests\AdminDataDrivenLoginTest.robot">
<kw name="Setup" library="Setup" type="setup">
<kw name="Append To Environment Variable" library="OperatingSystem">
<doc>Appends given ``values`` to environment variable ``name``.</doc>
<arguments>
<arg>PATH</arg>
<arg>C:\\Users\\InternDN19.01.02\\eclipse-workspace\\RobotTeam2\\RobotFrameworkProject\\Resources/Drivers</arg>
</arguments>
<msg timestamp="20190527 17:38:36.211" level="INFO">Environment variable 'PATH' set to value 'C:\Users\InternDN19.01.02\bin;C:\Program Files\Git\mingw64\bin;C:\Program Files\Git\usr\local\bin;C:\Program Files\Git\usr\bin;C:\Program Files\Git\usr\bin;C:\Program Files\Git\mingw64\bin;C:\Program Files\Git\usr\bin;C:\Users\InternDN19.01.02\bin;C:\Program Files (x86)\Common Files\Oracle\Java\javapath;C:\Program Files (x86)\Intel\iCLS Client;C:\Program Files\Intel\iCLS Client;C:\Windows\System32\cmd.exe;C:\Windows;C:\Windows\System32\Wbem;C:\Windows\System32\WindowsPowerShell\v1.0;C:\Windows\System32\OpenSSH;C:\Program Files\Intel\Intel(R) Management Engine Components\DAL;C:\Program Files\Intel\Intel(R) Management Engine Components\IPT;C:\Program Files (x86)\Intel\Intel(R) Management Engine Components\DAL;C:\Program Files (x86)\Intel\Intel(R) Management Engine Components\IPT;C:\Program Files (x86)\Intel\OpenCL SDK\2.0\bin\x86;C:\Program Files (x86)\Intel\OpenCL SDK\2.0\bin\x64;C:\Program Files\Git\cmd;C:\Program Files\webdrivers;C:\xampp\php;C:\ProgramData\ComposerSetup\bin;C:\Program Files\nodejs;C:\Program Files\Java\jdk-12\bin;C:\apache-maven-3.6.1\bin;%PYTHONPATH%\python-3.7.3.exe;C:\Windows\system32;%M2_HOME%\bin;C:\Users\InternDN19.01.02\Documents\allure-2.10.0\bin;C:\Users\InternDN19.01.02\AppData\Local\Programs\Python\Python37\Scripts;C:\Users\InternDN19.01.02\AppData\Local\Programs\Python\Python37;C:\Users\InternDN19.01.02\AppData\Local\Microsoft\WindowsApps;C:\Users\InternDN19.01.02\AppData\Local\Programs\Microsoft VS Code\bin;C:\Users\InternDN19.01.02\AppData\Roaming\Composer\vendor\bin;C:\Users\InternDN19.01.02\AppData\Roaming\npm;C:\Program Files\Maven;C:\Program Files\nodejs;C:\Program Files\Git\usr\bin\vendor_perl;C:\Program Files\Git\usr\bin\core_perl;C:\users\interndn19.01.02\appdata\local\programs\python\python37\lib\site-packages\pywin32_system32;c:\users\interndn19.01.02\appdata\local\programs\python\python37\lib\site-packages\pywin32_system32;C:\Users\InternDN19.01.02\eclipse-workspace\RobotTeam2\RobotFrameworkProject\Resources/Drivers'.</msg>
<status status="PASS" starttime="20190527 17:38:36.211" endtime="20190527 17:38:36.212"></status>
</kw>
<kw name="Open Browser" library="Selenium2Library">
<doc>Opens a new browser instance to the given ``url``.</doc>
<arguments>
<arg>${ROOT}</arg>
<arg>${BROWSER}</arg>
</arguments>
<msg timestamp="20190527 17:38:36.215" level="INFO">Opening browser 'Chrome' to base url 'http://192.168.189.72/joomla/administrator/'.</msg>
<status status="PASS" starttime="20190527 17:38:36.214" endtime="20190527 17:38:41.985"></status>
</kw>
<kw name="Maximize Browser Window" library="Selenium2Library">
<doc>Maximizes current browser window.</doc>
<status status="PASS" starttime="20190527 17:38:41.987" endtime="20190527 17:38:43.178"></status>
</kw>
<kw name="Percy Initialize Build" library="PercyClient">
<arguments>
<arg>${PERCY_TOKEN}</arg>
</arguments>
<status status="PASS" starttime="20190527 17:38:43.179" endtime="20190527 17:38:46.145"></status>
</kw>
<status status="PASS" starttime="20190527 17:38:36.210" endtime="20190527 17:38:46.146"></status>
</kw>
<test id="s1-s1-s1-t1" name="TC18 - Empty Username">
<kw name="Login With Invalid Credentials Should Fail" library="AdminLoginPage">
<arguments>
<arg>${EMPTY}</arg>
<arg>${PASSWORD}</arg>
<arg>${ERROR_MESSAGE}</arg>
</arguments>
<kw name="Login Admin Site" library="AdminLoginPage">
<arguments>
<arg>${arg_invalid_username}</arg>
<arg>${arg_invalid_password}</arg>
</arguments>
<kw name="Log To Console" library="BuiltIn">
<doc>Logs the given message to the console.</doc>
<arguments>
<arg>Login to Joomla</arg>
</arguments>
<status status="PASS" starttime="20190527 17:38:46.149" endtime="20190527 17:38:46.150"></status>
</kw>
<kw name="Input Text" library="Selenium2Library">
<doc>Types the given ``text`` into text field identified by ``locator``.</doc>
<arguments>
<arg>${txt_username}</arg>
<arg>${arg_username}</arg>
</arguments>
<msg timestamp="20190527 17:38:46.151" level="INFO">Typing text '' into text field 'id=mod-login-username'.</msg>
<status status="PASS" starttime="20190527 17:38:46.150" endtime="20190527 17:38:46.316"></status>
</kw>
<kw name="Input Text" library="Selenium2Library">
<doc>Types the given ``text`` into text field identified by ``locator``.</doc>
<arguments>
<arg>${txt_password}</arg>
<arg>${arg_password}</arg>
</arguments>
<msg timestamp="20190527 17:38:46.318" level="INFO">Typing text '123456789' into text field 'id=mod-login-password'.</msg>
<status status="PASS" starttime="20190527 17:38:46.318" endtime="20190527 17:38:46.653"></status>
</kw>
<kw name="Click Button" library="Selenium2Library">
<doc>Clicks button identified by ``locator``.</doc>
<arguments>
<arg>${btn_login}</arg>
</arguments>
<msg timestamp="20190527 17:38:46.656" level="INFO">Clicking button 'xpath=//div[@class="btn-group"]/button[@class="btn btn-primary btn-block btn-large login-button"]'.</msg>
<status status="PASS" starttime="20190527 17:38:46.655" endtime="20190527 17:38:47.228"></status>
</kw>
<status status="PASS" starttime="20190527 17:38:46.148" endtime="20190527 17:38:47.231"></status>
</kw>
<kw name="Login Should Have Failed" library="AdminLoginPage">
<arguments>
<arg>${arg_error_message}</arg>
</arguments>
<kw name="Element Text Should Be" library="Selenium2Library">
<doc>Verifies that element ``locator`` contains exact text ``expected``.</doc>
<arguments>
<arg>${lbl_warning_header}</arg>
<arg>${HEADER_TEXT}</arg>
</arguments>
<msg timestamp="20190527 17:38:47.234" level="INFO">Verifying element 'xpath=//div[@class="login well"]//h4[@class="alert-heading"]' contains exact text 'Warning'.</msg>
<status status="PASS" starttime="20190527 17:38:47.233" endtime="20190527 17:38:47.289"></status>
</kw>
<kw name="Element Text Should Be" library="Selenium2Library">
<doc>Verifies that element ``locator`` contains exact text ``expected``.</doc>
<arguments>
<arg>${lbl_warning_message}</arg>
<arg>${arg_message}</arg>
</arguments>
<msg timestamp="20190527 17:38:47.292" level="INFO">Verifying element 'xpath=//div[@class="login well"]//div[@class="alert-message"]' contains exact text 'Username and password do not match or you do not have an account yet.'.</msg>
<status status="PASS" starttime="20190527 17:38:47.291" endtime="20190527 17:38:47.335"></status>
</kw>
<status status="PASS" starttime="20190527 17:38:47.231" endtime="20190527 17:38:47.337"></status>
</kw>
<status status="PASS" starttime="20190527 17:38:46.147" endtime="20190527 17:38:47.337"></status>
</kw>
<status status="PASS" starttime="20190527 17:38:46.146" endtime="20190527 17:38:47.337" critical="yes"></status>
</test>
<test id="s1-s1-s1-t2" name="TC19 - Empty Password">
<kw name="Login With Invalid Credentials Should Fail" library="AdminLoginPage">
<arguments>
<arg>${USERNAME}</arg>
<arg>${EMPTY}</arg>
<arg>${ERROR_EMPTY_PASSWORD_MESSAGE}</arg>
</arguments>
<kw name="Login Admin Site" library="AdminLoginPage">
<arguments>
<arg>${arg_invalid_username}</arg>
<arg>${arg_invalid_password}</arg>
</arguments>
<kw name="Log To Console" library="BuiltIn">
<doc>Logs the given message to the console.</doc>
<arguments>
<arg>Login to Joomla</arg>
</arguments>
<status status="PASS" starttime="20190527 17:38:47.346" endtime="20190527 17:38:47.348"></status>
</kw>
<kw name="Input Text" library="Selenium2Library">
<doc>Types the given ``text`` into text field identified by ``locator``.</doc>
<arguments>
<arg>${txt_username}</arg>
<arg>${arg_username}</arg>
</arguments>
<msg timestamp="20190527 17:38:47.349" level="INFO">Typing text 'admin' into text field 'id=mod-login-username'.</msg>
<status status="PASS" starttime="20190527 17:38:47.348" endtime="20190527 17:38:47.460"></status>
</kw>
<kw name="Input Text" library="Selenium2Library">
<doc>Types the given ``text`` into text field identified by ``locator``.</doc>
<arguments>
<arg>${txt_password}</arg>
<arg>${arg_password}</arg>
</arguments>
<msg timestamp="20190527 17:38:47.462" level="INFO">Typing text '' into text field 'id=mod-login-password'.</msg>
<status status="PASS" starttime="20190527 17:38:47.462" endtime="20190527 17:38:47.551"></status>
</kw>
<kw name="Click Button" library="Selenium2Library">
<doc>Clicks button identified by ``locator``.</doc>
<arguments>
<arg>${btn_login}</arg>
</arguments>
<msg timestamp="20190527 17:38:47.553" level="INFO">Clicking button 'xpath=//div[@class="btn-group"]/button[@class="btn btn-primary btn-block btn-large login-button"]'.</msg>
<status status="PASS" starttime="20190527 17:38:47.553" endtime="20190527 17:38:48.226"></status>
</kw>
<status status="PASS" starttime="20190527 17:38:47.345" endtime="20190527 17:38:48.228"></status>
</kw>
<kw name="Login Should Have Failed" library="AdminLoginPage">
<arguments>
<arg>${arg_error_message}</arg>
</arguments>
<kw name="Element Text Should Be" library="Selenium2Library">
<doc>Verifies that element ``locator`` contains exact text ``expected``.</doc>
<arguments>
<arg>${lbl_warning_header}</arg>
<arg>${HEADER_TEXT}</arg>
</arguments>
<msg timestamp="20190527 17:38:48.231" level="INFO">Verifying element 'xpath=//div[@class="login well"]//h4[@class="alert-heading"]' contains exact text 'Warning'.</msg>
<status status="PASS" starttime="20190527 17:38:48.230" endtime="20190527 17:38:48.369"></status>
</kw>
<kw name="Element Text Should Be" library="Selenium2Library">
<doc>Verifies that element ``locator`` contains exact text ``expected``.</doc>
<arguments>
<arg>${lbl_warning_message}</arg>
<arg>${arg_message}</arg>
</arguments>
<msg timestamp="20190527 17:38:48.372" level="INFO">Verifying element 'xpath=//div[@class="login well"]//div[@class="alert-message"]' contains exact text 'Empty password not allowed.'.</msg>
<status status="PASS" starttime="20190527 17:38:48.371" endtime="20190527 17:38:48.460"></status>
</kw>
<status status="PASS" starttime="20190527 17:38:48.229" endtime="20190527 17:38:48.462"></status>
</kw>
<status status="PASS" starttime="20190527 17:38:47.344" endtime="20190527 17:38:48.462"></status>
</kw>
<status status="PASS" starttime="20190527 17:38:47.343" endtime="20190527 17:38:48.463" critical="yes"></status>
</test>
<test id="s1-s1-s1-t3" name="TC20 - Empty Username And Password">
<kw name="Login With Invalid Credentials Should Fail" library="AdminLoginPage">
<arguments>
<arg>${EMPTY}</arg>
<arg>${EMPTY}</arg>
<arg>${ERROR_EMPTY_PASSWORD_MESSAGE}</arg>
</arguments>
<kw name="Login Admin Site" library="AdminLoginPage">
<arguments>
<arg>${arg_invalid_username}</arg>
<arg>${arg_invalid_password}</arg>
</arguments>
<kw name="Log To Console" library="BuiltIn">
<doc>Logs the given message to the console.</doc>
<arguments>
<arg>Login to Joomla</arg>
</arguments>
<status status="PASS" starttime="20190527 17:38:48.479" endtime="20190527 17:38:48.480"></status>
</kw>
<kw name="Input Text" library="Selenium2Library">
<doc>Types the given ``text`` into text field identified by ``locator``.</doc>
<arguments>
<arg>${txt_username}</arg>
<arg>${arg_username}</arg>
</arguments>
<msg timestamp="20190527 17:38:48.481" level="INFO">Typing text '' into text field 'id=mod-login-username'.</msg>
<status status="PASS" starttime="20190527 17:38:48.480" endtime="20190527 17:38:48.588"></status>
</kw>
<kw name="Input Text" library="Selenium2Library">
<doc>Types the given ``text`` into text field identified by ``locator``.</doc>
<arguments>
<arg>${txt_password}</arg>
<arg>${arg_password}</arg>
</arguments>
<msg timestamp="20190527 17:38:48.591" level="INFO">Typing text '' into text field 'id=mod-login-password'.</msg>
<status status="PASS" starttime="20190527 17:38:48.590" endtime="20190527 17:38:48.690"></status>
</kw>
<kw name="Click Button" library="Selenium2Library">
<doc>Clicks button identified by ``locator``.</doc>
<arguments>
<arg>${btn_login}</arg>
</arguments>
<msg timestamp="20190527 17:38:48.692" level="INFO">Clicking button 'xpath=//div[@class="btn-group"]/button[@class="btn btn-primary btn-block btn-large login-button"]'.</msg>
<status status="PASS" starttime="20190527 17:38:48.692" endtime="20190527 17:38:49.425"></status>
</kw>
<status status="PASS" starttime="20190527 17:38:48.478" endtime="20190527 17:38:49.427"></status>
</kw>
<kw name="Login Should Have Failed" library="AdminLoginPage">
<arguments>
<arg>${arg_error_message}</arg>
</arguments>
<kw name="Element Text Should Be" library="Selenium2Library">
<doc>Verifies that element ``locator`` contains exact text ``expected``.</doc>
<arguments>
<arg>${lbl_warning_header}</arg>
<arg>${HEADER_TEXT}</arg>
</arguments>
<msg timestamp="20190527 17:38:49.429" level="INFO">Verifying element 'xpath=//div[@class="login well"]//h4[@class="alert-heading"]' contains exact text 'Warning'.</msg>
<status status="PASS" starttime="20190527 17:38:49.428" endtime="20190527 17:38:49.650"></status>
</kw>
<kw name="Element Text Should Be" library="Selenium2Library">
<doc>Verifies that element ``locator`` contains exact text ``expected``.</doc>
<arguments>
<arg>${lbl_warning_message}</arg>
<arg>${arg_message}</arg>
</arguments>
<msg timestamp="20190527 17:38:49.653" level="INFO">Verifying element 'xpath=//div[@class="login well"]//div[@class="alert-message"]' contains exact text 'Empty password not allowed.'.</msg>
<status status="PASS" starttime="20190527 17:38:49.652" endtime="20190527 17:38:49.841"></status>
</kw>
<status status="PASS" starttime="20190527 17:38:49.427" endtime="20190527 17:38:49.843"></status>
</kw>
<status status="PASS" starttime="20190527 17:38:48.477" endtime="20190527 17:38:49.844"></status>
</kw>
<status status="PASS" starttime="20190527 17:38:48.476" endtime="20190527 17:38:49.844" critical="yes"></status>
</test>
<test id="s1-s1-s1-t4" name="TC21 - Invalid Username">
<kw name="Login With Invalid Credentials Should Fail" library="AdminLoginPage">
<arguments>
<arg>${INVALID_USERNAME}</arg>
<arg>${PASSWORD}</arg>
<arg>${ERROR_MESSAGE}</arg>
</arguments>
<kw name="Login Admin Site" library="AdminLoginPage">
<arguments>
<arg>${arg_invalid_username}</arg>
<arg>${arg_invalid_password}</arg>
</arguments>
<kw name="Log To Console" library="BuiltIn">
<doc>Logs the given message to the console.</doc>
<arguments>
<arg>Login to Joomla</arg>
</arguments>
<status status="PASS" starttime="20190527 17:38:49.855" endtime="20190527 17:38:49.855"></status>
</kw>
<kw name="Input Text" library="Selenium2Library">
<doc>Types the given ``text`` into text field identified by ``locator``.</doc>
<arguments>
<arg>${txt_username}</arg>
<arg>${arg_username}</arg>
</arguments>
<msg timestamp="20190527 17:38:49.875" level="INFO">Typing text 'abcd123' into text field 'id=mod-login-username'.</msg>
<status status="PASS" starttime="20190527 17:38:49.856" endtime="20190527 17:38:50.083"></status>
</kw>
<kw name="Input Text" library="Selenium2Library">
<doc>Types the given ``text`` into text field identified by ``locator``.</doc>
<arguments>
<arg>${txt_password}</arg>
<arg>${arg_password}</arg>
</arguments>
<msg timestamp="20190527 17:38:50.086" level="INFO">Typing text '123456789' into text field 'id=mod-login-password'.</msg>
<status status="PASS" starttime="20190527 17:38:50.085" endtime="20190527 17:38:50.402"></status>
</kw>
<kw name="Click Button" library="Selenium2Library">
<doc>Clicks button identified by ``locator``.</doc>
<arguments>
<arg>${btn_login}</arg>
</arguments>
<msg timestamp="20190527 17:38:50.442" level="INFO">Clicking button 'xpath=//div[@class="btn-group"]/button[@class="btn btn-primary btn-block btn-large login-button"]'.</msg>
<status status="PASS" starttime="20190527 17:38:50.441" endtime="20190527 17:38:51.334"></status>
</kw>
<status status="PASS" starttime="20190527 17:38:49.854" endtime="20190527 17:38:51.336"></status>
</kw>
<kw name="Login Should Have Failed" library="AdminLoginPage">
<arguments>
<arg>${arg_error_message}</arg>
</arguments>
<kw name="Element Text Should Be" library="Selenium2Library">
<doc>Verifies that element ``locator`` contains exact text ``expected``.</doc>
<arguments>
<arg>${lbl_warning_header}</arg>
<arg>${HEADER_TEXT}</arg>
</arguments>
<msg timestamp="20190527 17:38:51.338" level="INFO">Verifying element 'xpath=//div[@class="login well"]//h4[@class="alert-heading"]' contains exact text 'Warning'.</msg>
<status status="PASS" starttime="20190527 17:38:51.338" endtime="20190527 17:38:51.517"></status>
</kw>
<kw name="Element Text Should Be" library="Selenium2Library">
<doc>Verifies that element ``locator`` contains exact text ``expected``.</doc>
<arguments>
<arg>${lbl_warning_message}</arg>
<arg>${arg_message}</arg>
</arguments>
<msg timestamp="20190527 17:38:51.520" level="INFO">Verifying element 'xpath=//div[@class="login well"]//div[@class="alert-message"]' contains exact text 'Username and password do not match or you do not have an account yet.'.</msg>
<status status="PASS" starttime="20190527 17:38:51.519" endtime="20190527 17:38:51.638"></status>
</kw>
<status status="PASS" starttime="20190527 17:38:51.337" endtime="20190527 17:38:51.640"></status>
</kw>
<status status="PASS" starttime="20190527 17:38:49.852" endtime="20190527 17:38:51.640"></status>
</kw>
<status status="PASS" starttime="20190527 17:38:49.851" endtime="20190527 17:38:51.641" critical="yes"></status>
</test>
<test id="s1-s1-s1-t5" name="TC22 - Invalid Password">
<kw name="Login With Invalid Credentials Should Fail" library="AdminLoginPage">
<arguments>
<arg>${USERNAME}</arg>
<arg>${INVALID_PASSWORD}</arg>
<arg>${ERROR_MESSAGE}</arg>
</arguments>
<kw name="Login Admin Site" library="AdminLoginPage">
<arguments>
<arg>${arg_invalid_username}</arg>
<arg>${arg_invalid_password}</arg>
</arguments>
<kw name="Log To Console" library="BuiltIn">
<doc>Logs the given message to the console.</doc>
<arguments>
<arg>Login to Joomla</arg>
</arguments>
<status status="PASS" starttime="20190527 17:38:51.651" endtime="20190527 17:38:51.652"></status>
</kw>
<kw name="Input Text" library="Selenium2Library">
<doc>Types the given ``text`` into text field identified by ``locator``.</doc>
<arguments>
<arg>${txt_username}</arg>
<arg>${arg_username}</arg>
</arguments>
<msg timestamp="20190527 17:38:51.653" level="INFO">Typing text 'admin' into text field 'id=mod-login-username'.</msg>
<status status="PASS" starttime="20190527 17:38:51.652" endtime="20190527 17:38:51.941"></status>
</kw>
<kw name="Input Text" library="Selenium2Library">
<doc>Types the given ``text`` into text field identified by ``locator``.</doc>
<arguments>
<arg>${txt_password}</arg>
<arg>${arg_password}</arg>
</arguments>
<msg timestamp="20190527 17:38:51.944" level="INFO">Typing text 'zxcvbnm' into text field 'id=mod-login-password'.</msg>
<status status="PASS" starttime="20190527 17:38:51.943" endtime="20190527 17:38:52.475"></status>
</kw>
<kw name="Click Button" library="Selenium2Library">
<doc>Clicks button identified by ``locator``.</doc>
<arguments>
<arg>${btn_login}</arg>
</arguments>
<msg timestamp="20190527 17:38:52.922" level="INFO">Clicking button 'xpath=//div[@class="btn-group"]/button[@class="btn btn-primary btn-block btn-large login-button"]'.</msg>
<status status="PASS" starttime="20190527 17:38:52.921" endtime="20190527 17:38:53.698"></status>
</kw>
<status status="PASS" starttime="20190527 17:38:51.650" endtime="20190527 17:38:53.701"></status>
</kw>
<kw name="Login Should Have Failed" library="AdminLoginPage">
<arguments>
<arg>${arg_error_message}</arg>
</arguments>
<kw name="Element Text Should Be" library="Selenium2Library">
<doc>Verifies that element ``locator`` contains exact text ``expected``.</doc>
<arguments>
<arg>${lbl_warning_header}</arg>
<arg>${HEADER_TEXT}</arg>
</arguments>
<msg timestamp="20190527 17:38:53.703" level="INFO">Verifying element 'xpath=//div[@class="login well"]//h4[@class="alert-heading"]' contains exact text 'Warning'.</msg>
<status status="PASS" starttime="20190527 17:38:53.702" endtime="20190527 17:38:53.859"></status>
</kw>
<kw name="Element Text Should Be" library="Selenium2Library">
<doc>Verifies that element ``locator`` contains exact text ``expected``.</doc>
<arguments>
<arg>${lbl_warning_message}</arg>
<arg>${arg_message}</arg>
</arguments>
<msg timestamp="20190527 17:38:53.862" level="INFO">Verifying element 'xpath=//div[@class="login well"]//div[@class="alert-message"]' contains exact text 'Username and password do not match or you do not have an account yet.'.</msg>
<status status="PASS" starttime="20190527 17:38:53.861" endtime="20190527 17:38:53.954"></status>
</kw>
<status status="PASS" starttime="20190527 17:38:53.701" endtime="20190527 17:38:53.956"></status>
</kw>
<status status="PASS" starttime="20190527 17:38:51.649" endtime="20190527 17:38:53.957"></status>
</kw>
<status status="PASS" starttime="20190527 17:38:51.648" endtime="20190527 17:38:53.957" critical="yes"></status>
</test>
<test id="s1-s1-s1-t6" name="TC23 - Invalid Username And Password">
<kw name="Login With Invalid Credentials Should Fail" library="AdminLoginPage">
<arguments>
<arg>${INVALID_USERNAME}</arg>
<arg>${INVALID_PASSWORD}</arg>
<arg>${ERROR_MESSAGE}</arg>
</arguments>
<kw name="Login Admin Site" library="AdminLoginPage">
<arguments>
<arg>${arg_invalid_username}</arg>
<arg>${arg_invalid_password}</arg>
</arguments>
<kw name="Log To Console" library="BuiltIn">
<doc>Logs the given message to the console.</doc>
<arguments>
<arg>Login to Joomla</arg>
</arguments>
<status status="PASS" starttime="20190527 17:38:53.967" endtime="20190527 17:38:53.968"></status>
</kw>
<kw name="Input Text" library="Selenium2Library">
<doc>Types the given ``text`` into text field identified by ``locator``.</doc>
<arguments>
<arg>${txt_username}</arg>
<arg>${arg_username}</arg>
</arguments>
<msg timestamp="20190527 17:38:53.969" level="INFO">Typing text 'abcd123' into text field 'id=mod-login-username'.</msg>
<status status="PASS" starttime="20190527 17:38:53.969" endtime="20190527 17:38:54.233"></status>
</kw>
<kw name="Input Text" library="Selenium2Library">
<doc>Types the given ``text`` into text field identified by ``locator``.</doc>
<arguments>
<arg>${txt_password}</arg>
<arg>${arg_password}</arg>
</arguments>
<msg timestamp="20190527 17:38:54.235" level="INFO">Typing text 'zxcvbnm' into text field 'id=mod-login-password'.</msg>
<status status="PASS" starttime="20190527 17:38:54.235" endtime="20190527 17:38:54.573"></status>
</kw>
<kw name="Click Button" library="Selenium2Library">
<doc>Clicks button identified by ``locator``.</doc>
<arguments>
<arg>${btn_login}</arg>
</arguments>
<msg timestamp="20190527 17:38:54.577" level="INFO">Clicking button 'xpath=//div[@class="btn-group"]/button[@class="btn btn-primary btn-block btn-large login-button"]'.</msg>
<status status="PASS" starttime="20190527 17:38:54.576" endtime="20190527 17:38:55.083"></status>
</kw>
<status status="PASS" starttime="20190527 17:38:53.966" endtime="20190527 17:38:55.085"></status>
</kw>
<kw name="Login Should Have Failed" library="AdminLoginPage">
<arguments>
<arg>${arg_error_message}</arg>
</arguments>
<kw name="Element Text Should Be" library="Selenium2Library">
<doc>Verifies that element ``locator`` contains exact text ``expected``.</doc>
<arguments>
<arg>${lbl_warning_header}</arg>
<arg>${HEADER_TEXT}</arg>
</arguments>
<msg timestamp="20190527 17:38:55.087" level="INFO">Verifying element 'xpath=//div[@class="login well"]//h4[@class="alert-heading"]' contains exact text 'Warning'.</msg>
<status status="PASS" starttime="20190527 17:38:55.086" endtime="20190527 17:38:55.192"></status>
</kw>
<kw name="Element Text Should Be" library="Selenium2Library">
<doc>Verifies that element ``locator`` contains exact text ``expected``.</doc>
<arguments>
<arg>${lbl_warning_message}</arg>
<arg>${arg_message}</arg>
</arguments>
<msg timestamp="20190527 17:38:55.195" level="INFO">Verifying element 'xpath=//div[@class="login well"]//div[@class="alert-message"]' contains exact text 'Username and password do not match or you do not have an account yet.'.</msg>
<status status="PASS" starttime="20190527 17:38:55.194" endtime="20190527 17:38:55.286"></status>
</kw>
<status status="PASS" starttime="20190527 17:38:55.085" endtime="20190527 17:38:55.288"></status>
</kw>
<status status="PASS" starttime="20190527 17:38:53.965" endtime="20190527 17:38:55.289"></status>
</kw>
<status status="PASS" starttime="20190527 17:38:53.964" endtime="20190527 17:38:55.289" critical="yes"></status>
</test>
<kw name="Teardown" library="Setup" type="teardown">
<kw name="Close All Browsers" library="Selenium2Library">
<doc>Closes all open browsers and resets the browser cache.</doc>
<status status="PASS" starttime="20190527 17:38:55.298" endtime="20190527 17:39:00.960"></status>
</kw>
<kw name="Percy Finalize Build" library="PercyClient">
<status status="PASS" starttime="20190527 17:39:00.961" endtime="20190527 17:39:01.551"></status>
</kw>
<status status="PASS" starttime="20190527 17:38:55.298" endtime="20190527 17:39:01.552"></status>
</kw>
<status status="PASS" starttime="20190527 17:38:35.718" endtime="20190527 17:39:01.552"></status>
</suite>
<status status="PASS" starttime="20190527 17:38:35.715" endtime="20190527 17:39:01.566"></status>
</suite>
<status status="PASS" starttime="20190527 17:38:35.671" endtime="20190527 17:39:01.575"></status>
</suite>
<statistics>
<total>
<stat pass="6" fail="0">Critical Tests</stat>
<stat pass="6" fail="0">All Tests</stat>
</total>
<tag>
</tag>
<suite>
<stat pass="6" fail="0" id="s1" name="Tests">Tests</stat>
<stat pass="6" fail="0" id="s1-s1" name="FunctionalTests">Tests.FunctionalTests</stat>
<stat pass="6" fail="0" id="s1-s1-s1" name="AdminDataDrivenLoginTest">Tests.FunctionalTests.AdminDataDrivenLoginTest</stat>
</suite>
</statistics>
<errors>
</errors>
</robot>
