<?xml version="1.0" encoding="UTF-8"?>
<robot generator="Robot 3.1.1 (Python 3.7.3 on win32)" generated="20190523 11:32:19.220" rpa="false">
<suite id="s1" name="Tests" source="C:\Users\InternDN19.01.02\eclipse-workspace\RobotTeam2\RobotFrameworkProject\Tests">
<suite id="s1-s1" name="FunctionalTests" source="C:\Users\InternDN19.01.02\eclipse-workspace\RobotTeam2\RobotFrameworkProject\Tests\FunctionalTests">
<suite id="s1-s1-s1" name="AdminDataDrivenLoginTest" source="C:\Users\InternDN19.01.02\eclipse-workspace\RobotTeam2\RobotFrameworkProject\Tests\FunctionalTests\AdminDataDrivenLoginTest.robot">
<kw name="Setup" library="Setup" type="setup">
<kw name="Append To Environment Variable" library="OperatingSystem">
<doc>Appends given ``values`` to environment variable ``name``.</doc>
<arguments>
<arg>PATH</arg>
<arg>C:\\Users\\InternDN19.01.02\\eclipse-workspace\\RobotTeam2\\RobotFrameworkProject\\Resources/Drivers</arg>
</arguments>
<msg timestamp="20190523 11:32:20.282" level="INFO">Environment variable 'PATH' set to value 'C:\Users\InternDN19.01.02\bin;C:\Program Files\Git\mingw64\bin;C:\Program Files\Git\usr\local\bin;C:\Program Files\Git\usr\bin;C:\Program Files\Git\usr\bin;C:\Program Files\Git\mingw64\bin;C:\Program Files\Git\usr\bin;C:\Users\InternDN19.01.02\bin;C:\Program Files (x86)\Common Files\Oracle\Java\javapath;C:\Program Files (x86)\Intel\iCLS Client;C:\Program Files\Intel\iCLS Client;C:\Windows\System32\cmd.exe;C:\Windows;C:\Windows\System32\Wbem;C:\Windows\System32\WindowsPowerShell\v1.0;C:\Windows\System32\OpenSSH;C:\Program Files\Intel\Intel(R) Management Engine Components\DAL;C:\Program Files\Intel\Intel(R) Management Engine Components\IPT;C:\Program Files (x86)\Intel\Intel(R) Management Engine Components\DAL;C:\Program Files (x86)\Intel\Intel(R) Management Engine Components\IPT;C:\Program Files (x86)\Intel\OpenCL SDK\2.0\bin\x86;C:\Program Files (x86)\Intel\OpenCL SDK\2.0\bin\x64;C:\Program Files\Git\cmd;C:\Program Files\webdrivers;C:\xampp\php;C:\ProgramData\ComposerSetup\bin;C:\Program Files\nodejs;C:\Program Files\Java\jdk-12\bin;C:\apache-maven-3.6.1\bin;%PYTHONPATH%\python-3.7.3.exe;C:\Windows\system32;%M2_HOME%\bin;C:\Users\InternDN19.01.02\Documents\allure-2.10.0\bin;C:\Users\InternDN19.01.02\AppData\Local\Programs\Python\Python37\Scripts;C:\Users\InternDN19.01.02\AppData\Local\Programs\Python\Python37;C:\Users\InternDN19.01.02\AppData\Local\Microsoft\WindowsApps;C:\Users\InternDN19.01.02\AppData\Local\Programs\Microsoft VS Code\bin;C:\Users\InternDN19.01.02\AppData\Roaming\Composer\vendor\bin;C:\Users\InternDN19.01.02\AppData\Roaming\npm;C:\Program Files\Maven;C:\Program Files\nodejs;C:\Program Files\Git\usr\bin\vendor_perl;C:\Program Files\Git\usr\bin\core_perl;C:\users\interndn19.01.02\appdata\local\programs\python\python37\lib\site-packages\pywin32_system32;c:\users\interndn19.01.02\appdata\local\programs\python\python37\lib\site-packages\pywin32_system32;C:\Users\InternDN19.01.02\eclipse-workspace\RobotTeam2\RobotFrameworkProject\Resources/Drivers'.</msg>
<status status="PASS" starttime="20190523 11:32:20.281" endtime="20190523 11:32:20.282"></status>
</kw>
<kw name="Open Browser" library="Selenium2Library">
<doc>Opens a new browser instance to the given ``url``.</doc>
<arguments>
<arg>${ROOT}</arg>
<arg>${BROWSER}</arg>
</arguments>
<msg timestamp="20190523 11:32:20.311" level="INFO">Opening browser 'Chrome' to base url 'http://192.168.189.72/joomla/administrator/'.</msg>
<status status="PASS" starttime="20190523 11:32:20.310" endtime="20190523 11:32:27.329"></status>
</kw>
<kw name="Maximize Browser Window" library="Selenium2Library">
<doc>Maximizes current browser window.</doc>
<status status="PASS" starttime="20190523 11:32:27.332" endtime="20190523 11:32:28.759"></status>
</kw>
<kw name="Percy Initialize Build" library="PercyClient">
<arguments>
<arg>${PERCY_TOKEN}</arg>
</arguments>
<status status="PASS" starttime="20190523 11:32:28.760" endtime="20190523 11:32:32.016"></status>
</kw>
<status status="PASS" starttime="20190523 11:32:20.280" endtime="20190523 11:32:32.017"></status>
</kw>
<test id="s1-s1-s1-t1" name="TC18 - Empty Username">
<kw name="Login With Invalid Credentials Should Fail" library="AdminLoginPage">
<arguments>
<arg>${EMPTY}</arg>
<arg>${PASSWORD}</arg>
<arg>${ERROR_MESSAGE}</arg>
</arguments>
<kw name="Login Admin Site" library="AdminLoginPage">
<arguments>
<arg>${arg_invalid_username}</arg>
<arg>${arg_invalid_password}</arg>
</arguments>
<kw name="Log To Console" library="BuiltIn">
<doc>Logs the given message to the console.</doc>
<arguments>
<arg>Login to Joomla</arg>
</arguments>
<status status="PASS" starttime="20190523 11:32:32.018" endtime="20190523 11:32:32.018"></status>
</kw>
<kw name="Input Text" library="Selenium2Library">
<doc>Types the given ``text`` into text field identified by ``locator``.</doc>
<arguments>
<arg>${txt_username}</arg>
<arg>${arg_username}</arg>
</arguments>
<msg timestamp="20190523 11:32:32.022" level="INFO">Typing text '' into text field 'id=mod-login-username'.</msg>
<status status="PASS" starttime="20190523 11:32:32.018" endtime="20190523 11:32:32.244"></status>
</kw>
<kw name="Input Text" library="Selenium2Library">
<doc>Types the given ``text`` into text field identified by ``locator``.</doc>
<arguments>
<arg>${txt_password}</arg>
<arg>${arg_password}</arg>
</arguments>
<msg timestamp="20190523 11:32:32.250" level="INFO">Typing text '123456789' into text field 'id=mod-login-password'.</msg>
<status status="PASS" starttime="20190523 11:32:32.249" endtime="20190523 11:32:32.679"></status>
</kw>
<kw name="Click Button" library="Selenium2Library">
<doc>Clicks button identified by ``locator``.</doc>
<arguments>
<arg>${btn_login}</arg>
</arguments>
<msg timestamp="20190523 11:32:32.692" level="INFO">Clicking button 'xpath=//div[@class="btn-group"]/button[@class="btn btn-primary btn-block btn-large login-button"]'.</msg>
<status status="PASS" starttime="20190523 11:32:32.692" endtime="20190523 11:32:33.942"></status>
</kw>
<status status="PASS" starttime="20190523 11:32:32.018" endtime="20190523 11:32:33.945"></status>
</kw>
<kw name="Login Should Have Failed" library="AdminLoginPage">
<arguments>
<arg>${arg_error_message}</arg>
</arguments>
<kw name="Element Text Should Be" library="Selenium2Library">
<doc>Verifies that element ``locator`` contains exact text ``expected``.</doc>
<arguments>
<arg>${lbl_warning_header}</arg>
<arg>${HEADER_TEXT}</arg>
</arguments>
<msg timestamp="20190523 11:32:33.948" level="INFO">Verifying element 'xpath=//div[@class="login well"]/div[@id="system-message-container"]/div[@class="alert "]/h4[@class="alert-heading"]' contains exact text 'Warning'.</msg>
<status status="PASS" starttime="20190523 11:32:33.947" endtime="20190523 11:32:34.013"></status>
</kw>
<kw name="Element Text Should Be" library="Selenium2Library">
<doc>Verifies that element ``locator`` contains exact text ``expected``.</doc>
<arguments>
<arg>${lbl_warning_message}</arg>
<arg>${arg_message}</arg>
</arguments>
<msg timestamp="20190523 11:32:34.019" level="INFO">Verifying element 'xpath=//div[@class="login well"]/div[@id="system-message-container"]/div[@class="alert "]/div[@class="alert-message"]' contains exact text 'Username and password do not match or you do not have an account yet.'.</msg>
<status status="PASS" starttime="20190523 11:32:34.018" endtime="20190523 11:32:34.163"></status>
</kw>
<status status="PASS" starttime="20190523 11:32:33.946" endtime="20190523 11:32:34.167"></status>
</kw>
<status status="PASS" starttime="20190523 11:32:32.018" endtime="20190523 11:32:34.168"></status>
</kw>
<status status="PASS" starttime="20190523 11:32:32.017" endtime="20190523 11:32:34.168" critical="yes"></status>
</test>
<test id="s1-s1-s1-t2" name="TC19 - Empty Password">
<kw name="Login With Invalid Credentials Should Fail" library="AdminLoginPage">
<arguments>
<arg>${USERNAME}</arg>
<arg>${EMPTY}</arg>
<arg>${ERROR_EMPTY_PASSWORD_MESSAGE}</arg>
</arguments>
<kw name="Login Admin Site" library="AdminLoginPage">
<arguments>
<arg>${arg_invalid_username}</arg>
<arg>${arg_invalid_password}</arg>
</arguments>
<kw name="Log To Console" library="BuiltIn">
<doc>Logs the given message to the console.</doc>
<arguments>
<arg>Login to Joomla</arg>
</arguments>
<status status="PASS" starttime="20190523 11:32:34.182" endtime="20190523 11:32:34.183"></status>
</kw>
<kw name="Input Text" library="Selenium2Library">
<doc>Types the given ``text`` into text field identified by ``locator``.</doc>
<arguments>
<arg>${txt_username}</arg>
<arg>${arg_username}</arg>
</arguments>
<msg timestamp="20190523 11:32:34.185" level="INFO">Typing text 'admin' into text field 'id=mod-login-username'.</msg>
<status status="PASS" starttime="20190523 11:32:34.184" endtime="20190523 11:32:34.589"></status>
</kw>
<kw name="Input Text" library="Selenium2Library">
<doc>Types the given ``text`` into text field identified by ``locator``.</doc>
<arguments>
<arg>${txt_password}</arg>
<arg>${arg_password}</arg>
</arguments>
<msg timestamp="20190523 11:32:34.593" level="INFO">Typing text '' into text field 'id=mod-login-password'.</msg>
<status status="PASS" starttime="20190523 11:32:34.593" endtime="20190523 11:32:35.370"></status>
</kw>
<kw name="Click Button" library="Selenium2Library">
<doc>Clicks button identified by ``locator``.</doc>
<arguments>
<arg>${btn_login}</arg>
</arguments>
<msg timestamp="20190523 11:32:35.374" level="INFO">Clicking button 'xpath=//div[@class="btn-group"]/button[@class="btn btn-primary btn-block btn-large login-button"]'.</msg>
<status status="PASS" starttime="20190523 11:32:35.373" endtime="20190523 11:32:37.256"></status>
</kw>
<status status="PASS" starttime="20190523 11:32:34.180" endtime="20190523 11:32:37.260"></status>
</kw>
<kw name="Login Should Have Failed" library="AdminLoginPage">
<arguments>
<arg>${arg_error_message}</arg>
</arguments>
<kw name="Element Text Should Be" library="Selenium2Library">
<doc>Verifies that element ``locator`` contains exact text ``expected``.</doc>
<arguments>
<arg>${lbl_warning_header}</arg>
<arg>${HEADER_TEXT}</arg>
</arguments>
<msg timestamp="20190523 11:32:37.262" level="INFO">Verifying element 'xpath=//div[@class="login well"]/div[@id="system-message-container"]/div[@class="alert "]/h4[@class="alert-heading"]' contains exact text 'Warning'.</msg>
<status status="PASS" starttime="20190523 11:32:37.261" endtime="20190523 11:32:37.659"></status>
</kw>
<kw name="Element Text Should Be" library="Selenium2Library">
<doc>Verifies that element ``locator`` contains exact text ``expected``.</doc>
<arguments>
<arg>${lbl_warning_message}</arg>
<arg>${arg_message}</arg>
</arguments>
<msg timestamp="20190523 11:32:37.684" level="INFO">Verifying element 'xpath=//div[@class="login well"]/div[@id="system-message-container"]/div[@class="alert "]/div[@class="alert-message"]' contains exact text 'Empty password not allowed.'.</msg>
<status status="PASS" starttime="20190523 11:32:37.677" endtime="20190523 11:32:37.765"></status>
</kw>
<status status="PASS" starttime="20190523 11:32:37.260" endtime="20190523 11:32:37.770"></status>
</kw>
<status status="PASS" starttime="20190523 11:32:34.179" endtime="20190523 11:32:37.770"></status>
</kw>
<status status="PASS" starttime="20190523 11:32:34.178" endtime="20190523 11:32:37.770" critical="yes"></status>
</test>
<test id="s1-s1-s1-t3" name="TC20 - Empty Username And Password">
<kw name="Login With Invalid Credentials Should Fail" library="AdminLoginPage">
<arguments>
<arg>${EMPTY}</arg>
<arg>${EMPTY}</arg>
<arg>${ERROR_EMPTY_PASSWORD_MESSAGE}</arg>
</arguments>
<kw name="Login Admin Site" library="AdminLoginPage">
<arguments>
<arg>${arg_invalid_username}</arg>
<arg>${arg_invalid_password}</arg>
</arguments>
<kw name="Log To Console" library="BuiltIn">
<doc>Logs the given message to the console.</doc>
<arguments>
<arg>Login to Joomla</arg>
</arguments>
<status status="PASS" starttime="20190523 11:32:37.785" endtime="20190523 11:32:37.786"></status>
</kw>
<kw name="Input Text" library="Selenium2Library">
<doc>Types the given ``text`` into text field identified by ``locator``.</doc>
<arguments>
<arg>${txt_username}</arg>
<arg>${arg_username}</arg>
</arguments>
<msg timestamp="20190523 11:32:37.787" level="INFO">Typing text '' into text field 'id=mod-login-username'.</msg>
<status status="PASS" starttime="20190523 11:32:37.786" endtime="20190523 11:32:38.306"></status>
</kw>
<kw name="Input Text" library="Selenium2Library">
<doc>Types the given ``text`` into text field identified by ``locator``.</doc>
<arguments>
<arg>${txt_password}</arg>
<arg>${arg_password}</arg>
</arguments>
<msg timestamp="20190523 11:32:38.310" level="INFO">Typing text '' into text field 'id=mod-login-password'.</msg>
<status status="PASS" starttime="20190523 11:32:38.309" endtime="20190523 11:32:38.593"></status>
</kw>
<kw name="Click Button" library="Selenium2Library">
<doc>Clicks button identified by ``locator``.</doc>
<arguments>
<arg>${btn_login}</arg>
</arguments>
<msg timestamp="20190523 11:32:38.799" level="INFO">Clicking button 'xpath=//div[@class="btn-group"]/button[@class="btn btn-primary btn-block btn-large login-button"]'.</msg>
<status status="PASS" starttime="20190523 11:32:38.796" endtime="20190523 11:32:39.419"></status>
</kw>
<status status="PASS" starttime="20190523 11:32:37.784" endtime="20190523 11:32:39.443"></status>
</kw>
<kw name="Login Should Have Failed" library="AdminLoginPage">
<arguments>
<arg>${arg_error_message}</arg>
</arguments>
<kw name="Element Text Should Be" library="Selenium2Library">
<doc>Verifies that element ``locator`` contains exact text ``expected``.</doc>
<arguments>
<arg>${lbl_warning_header}</arg>
<arg>${HEADER_TEXT}</arg>
</arguments>
<msg timestamp="20190523 11:32:39.460" level="INFO">Verifying element 'xpath=//div[@class="login well"]/div[@id="system-message-container"]/div[@class="alert "]/h4[@class="alert-heading"]' contains exact text 'Warning'.</msg>
<status status="PASS" starttime="20190523 11:32:39.459" endtime="20190523 11:32:39.622"></status>
</kw>
<kw name="Element Text Should Be" library="Selenium2Library">
<doc>Verifies that element ``locator`` contains exact text ``expected``.</doc>
<arguments>
<arg>${lbl_warning_message}</arg>
<arg>${arg_message}</arg>
</arguments>
<msg timestamp="20190523 11:32:39.627" level="INFO">Verifying element 'xpath=//div[@class="login well"]/div[@id="system-message-container"]/div[@class="alert "]/div[@class="alert-message"]' contains exact text 'Empty password not allowed.'.</msg>
<status status="PASS" starttime="20190523 11:32:39.626" endtime="20190523 11:32:39.671"></status>
</kw>
<status status="PASS" starttime="20190523 11:32:39.457" endtime="20190523 11:32:39.676"></status>
</kw>
<status status="PASS" starttime="20190523 11:32:37.783" endtime="20190523 11:32:39.676"></status>
</kw>
<status status="PASS" starttime="20190523 11:32:37.781" endtime="20190523 11:32:39.676" critical="yes"></status>
</test>
<test id="s1-s1-s1-t4" name="TC21 - Invalid Username">
<kw name="Login With Invalid Credentials Should Fail" library="AdminLoginPage">
<arguments>
<arg>${INVALID_USERNAME}</arg>
<arg>${PASSWORD}</arg>
<arg>${ERROR_MESSAGE}</arg>
</arguments>
<kw name="Login Admin Site" library="AdminLoginPage">
<arguments>
<arg>${arg_invalid_username}</arg>
<arg>${arg_invalid_password}</arg>
</arguments>
<kw name="Log To Console" library="BuiltIn">
<doc>Logs the given message to the console.</doc>
<arguments>
<arg>Login to Joomla</arg>
</arguments>
<status status="PASS" starttime="20190523 11:32:39.690" endtime="20190523 11:32:39.691"></status>
</kw>
<kw name="Input Text" library="Selenium2Library">
<doc>Types the given ``text`` into text field identified by ``locator``.</doc>
<arguments>
<arg>${txt_username}</arg>
<arg>${arg_username}</arg>
</arguments>
<msg timestamp="20190523 11:32:39.719" level="INFO">Typing text 'abcd123' into text field 'id=mod-login-username'.</msg>
<status status="PASS" starttime="20190523 11:32:39.718" endtime="20190523 11:32:39.986"></status>
</kw>
<kw name="Input Text" library="Selenium2Library">
<doc>Types the given ``text`` into text field identified by ``locator``.</doc>
<arguments>
<arg>${txt_password}</arg>
<arg>${arg_password}</arg>
</arguments>
<msg timestamp="20190523 11:32:39.998" level="INFO">Typing text '123456789' into text field 'id=mod-login-password'.</msg>
<status status="PASS" starttime="20190523 11:32:39.993" endtime="20190523 11:32:40.212"></status>
</kw>
<kw name="Click Button" library="Selenium2Library">
<doc>Clicks button identified by ``locator``.</doc>
<arguments>
<arg>${btn_login}</arg>
</arguments>
<msg timestamp="20190523 11:32:40.216" level="INFO">Clicking button 'xpath=//div[@class="btn-group"]/button[@class="btn btn-primary btn-block btn-large login-button"]'.</msg>
<status status="PASS" starttime="20190523 11:32:40.216" endtime="20190523 11:32:41.105"></status>
</kw>
<status status="PASS" starttime="20190523 11:32:39.689" endtime="20190523 11:32:41.109"></status>
</kw>
<kw name="Login Should Have Failed" library="AdminLoginPage">
<arguments>
<arg>${arg_error_message}</arg>
</arguments>
<kw name="Element Text Should Be" library="Selenium2Library">
<doc>Verifies that element ``locator`` contains exact text ``expected``.</doc>
<arguments>
<arg>${lbl_warning_header}</arg>
<arg>${HEADER_TEXT}</arg>
</arguments>
<msg timestamp="20190523 11:32:41.112" level="INFO">Verifying element 'xpath=//div[@class="login well"]/div[@id="system-message-container"]/div[@class="alert "]/h4[@class="alert-heading"]' contains exact text 'Warning'.</msg>
<status status="PASS" starttime="20190523 11:32:41.111" endtime="20190523 11:32:41.415"></status>
</kw>
<kw name="Element Text Should Be" library="Selenium2Library">
<doc>Verifies that element ``locator`` contains exact text ``expected``.</doc>
<arguments>
<arg>${lbl_warning_message}</arg>
<arg>${arg_message}</arg>
</arguments>
<msg timestamp="20190523 11:32:41.420" level="INFO">Verifying element 'xpath=//div[@class="login well"]/div[@id="system-message-container"]/div[@class="alert "]/div[@class="alert-message"]' contains exact text 'Username and password do not match or you do not have an account yet.'.</msg>
<status status="PASS" starttime="20190523 11:32:41.419" endtime="20190523 11:32:41.909"></status>
</kw>
<status status="PASS" starttime="20190523 11:32:41.110" endtime="20190523 11:32:41.912"></status>
</kw>
<status status="PASS" starttime="20190523 11:32:39.688" endtime="20190523 11:32:41.912"></status>
</kw>
<status status="PASS" starttime="20190523 11:32:39.687" endtime="20190523 11:32:41.913" critical="yes"></status>
</test>
<test id="s1-s1-s1-t5" name="TC22 - Invalid Password">
<kw name="Login With Invalid Credentials Should Fail" library="AdminLoginPage">
<arguments>
<arg>${USERNAME}</arg>
<arg>${INVALID_PASSWORD}</arg>
<arg>${ERROR_MESSAGE}</arg>
</arguments>
<kw name="Login Admin Site" library="AdminLoginPage">
<arguments>
<arg>${arg_invalid_username}</arg>
<arg>${arg_invalid_password}</arg>
</arguments>
<kw name="Log To Console" library="BuiltIn">
<doc>Logs the given message to the console.</doc>
<arguments>
<arg>Login to Joomla</arg>
</arguments>
<status status="PASS" starttime="20190523 11:32:41.938" endtime="20190523 11:32:41.939"></status>
</kw>
<kw name="Input Text" library="Selenium2Library">
<doc>Types the given ``text`` into text field identified by ``locator``.</doc>
<arguments>
<arg>${txt_username}</arg>
<arg>${arg_username}</arg>
</arguments>
<msg timestamp="20190523 11:32:41.985" level="INFO">Typing text 'admin' into text field 'id=mod-login-username'.</msg>
<status status="PASS" starttime="20190523 11:32:41.939" endtime="20190523 11:32:42.454"></status>
</kw>
<kw name="Input Text" library="Selenium2Library">
<doc>Types the given ``text`` into text field identified by ``locator``.</doc>
<arguments>
<arg>${txt_password}</arg>
<arg>${arg_password}</arg>
</arguments>
<msg timestamp="20190523 11:32:42.468" level="INFO">Typing text 'zxcvbnm' into text field 'id=mod-login-password'.</msg>
<status status="PASS" starttime="20190523 11:32:42.467" endtime="20190523 11:32:43.324"></status>
</kw>
<kw name="Click Button" library="Selenium2Library">
<doc>Clicks button identified by ``locator``.</doc>
<arguments>
<arg>${btn_login}</arg>
</arguments>
<msg timestamp="20190523 11:32:43.328" level="INFO">Clicking button 'xpath=//div[@class="btn-group"]/button[@class="btn btn-primary btn-block btn-large login-button"]'.</msg>
<status status="PASS" starttime="20190523 11:32:43.328" endtime="20190523 11:32:44.201"></status>
</kw>
<status status="PASS" starttime="20190523 11:32:41.937" endtime="20190523 11:32:44.205"></status>
</kw>
<kw name="Login Should Have Failed" library="AdminLoginPage">
<arguments>
<arg>${arg_error_message}</arg>
</arguments>
<kw name="Element Text Should Be" library="Selenium2Library">
<doc>Verifies that element ``locator`` contains exact text ``expected``.</doc>
<arguments>
<arg>${lbl_warning_header}</arg>
<arg>${HEADER_TEXT}</arg>
</arguments>
<msg timestamp="20190523 11:32:44.208" level="INFO">Verifying element 'xpath=//div[@class="login well"]/div[@id="system-message-container"]/div[@class="alert "]/h4[@class="alert-heading"]' contains exact text 'Warning'.</msg>
<status status="PASS" starttime="20190523 11:32:44.207" endtime="20190523 11:32:44.286"></status>
</kw>
<kw name="Element Text Should Be" library="Selenium2Library">
<doc>Verifies that element ``locator`` contains exact text ``expected``.</doc>
<arguments>
<arg>${lbl_warning_message}</arg>
<arg>${arg_message}</arg>
</arguments>
<msg timestamp="20190523 11:32:44.291" level="INFO">Verifying element 'xpath=//div[@class="login well"]/div[@id="system-message-container"]/div[@class="alert "]/div[@class="alert-message"]' contains exact text 'Username and password do not match or you do not have an account yet.'.</msg>
<status status="PASS" starttime="20190523 11:32:44.290" endtime="20190523 11:32:44.416"></status>
</kw>
<status status="PASS" starttime="20190523 11:32:44.206" endtime="20190523 11:32:44.420"></status>
</kw>
<status status="PASS" starttime="20190523 11:32:41.935" endtime="20190523 11:32:44.420"></status>
</kw>
<status status="PASS" starttime="20190523 11:32:41.934" endtime="20190523 11:32:44.421" critical="yes"></status>
</test>
<test id="s1-s1-s1-t6" name="TC23 - Invalid Username And Password">
<kw name="Login With Invalid Credentials Should Fail" library="AdminLoginPage">
<arguments>
<arg>${INVALID_USERNAME}</arg>
<arg>${INVALID_PASSWORD}</arg>
<arg>${ERROR_MESSAGE}</arg>
</arguments>
<kw name="Login Admin Site" library="AdminLoginPage">
<arguments>
<arg>${arg_invalid_username}</arg>
<arg>${arg_invalid_password}</arg>
</arguments>
<kw name="Log To Console" library="BuiltIn">
<doc>Logs the given message to the console.</doc>
<arguments>
<arg>Login to Joomla</arg>
</arguments>
<status status="PASS" starttime="20190523 11:32:44.434" endtime="20190523 11:32:44.435"></status>
</kw>
<kw name="Input Text" library="Selenium2Library">
<doc>Types the given ``text`` into text field identified by ``locator``.</doc>
<arguments>
<arg>${txt_username}</arg>
<arg>${arg_username}</arg>
</arguments>
<msg timestamp="20190523 11:32:44.436" level="INFO">Typing text 'abcd123' into text field 'id=mod-login-username'.</msg>
<status status="PASS" starttime="20190523 11:32:44.435" endtime="20190523 11:32:45.005"></status>
</kw>
<kw name="Input Text" library="Selenium2Library">
<doc>Types the given ``text`` into text field identified by ``locator``.</doc>
<arguments>
<arg>${txt_password}</arg>
<arg>${arg_password}</arg>
</arguments>
<msg timestamp="20190523 11:32:45.010" level="INFO">Typing text 'zxcvbnm' into text field 'id=mod-login-password'.</msg>
<status status="PASS" starttime="20190523 11:32:45.010" endtime="20190523 11:32:45.827"></status>
</kw>
<kw name="Click Button" library="Selenium2Library">
<doc>Clicks button identified by ``locator``.</doc>
<arguments>
<arg>${btn_login}</arg>
</arguments>
<msg timestamp="20190523 11:32:45.832" level="INFO">Clicking button 'xpath=//div[@class="btn-group"]/button[@class="btn btn-primary btn-block btn-large login-button"]'.</msg>
<status status="PASS" starttime="20190523 11:32:45.831" endtime="20190523 11:32:46.488"></status>
</kw>
<status status="PASS" starttime="20190523 11:32:44.433" endtime="20190523 11:32:46.492"></status>
</kw>
<kw name="Login Should Have Failed" library="AdminLoginPage">
<arguments>
<arg>${arg_error_message}</arg>
</arguments>
<kw name="Element Text Should Be" library="Selenium2Library">
<doc>Verifies that element ``locator`` contains exact text ``expected``.</doc>
<arguments>
<arg>${lbl_warning_header}</arg>
<arg>${HEADER_TEXT}</arg>
</arguments>
<msg timestamp="20190523 11:32:46.494" level="INFO">Verifying element 'xpath=//div[@class="login well"]/div[@id="system-message-container"]/div[@class="alert "]/h4[@class="alert-heading"]' contains exact text 'Warning'.</msg>
<status status="PASS" starttime="20190523 11:32:46.493" endtime="20190523 11:32:46.665"></status>
</kw>
<kw name="Element Text Should Be" library="Selenium2Library">
<doc>Verifies that element ``locator`` contains exact text ``expected``.</doc>
<arguments>
<arg>${lbl_warning_message}</arg>
<arg>${arg_message}</arg>
</arguments>
<msg timestamp="20190523 11:32:46.669" level="INFO">Verifying element 'xpath=//div[@class="login well"]/div[@id="system-message-container"]/div[@class="alert "]/div[@class="alert-message"]' contains exact text 'Username and password do not match or you do not have an account yet.'.</msg>
<status status="PASS" starttime="20190523 11:32:46.668" endtime="20190523 11:32:46.858"></status>
</kw>
<status status="PASS" starttime="20190523 11:32:46.492" endtime="20190523 11:32:48.700"></status>
</kw>
<status status="PASS" starttime="20190523 11:32:44.432" endtime="20190523 11:32:48.701"></status>
</kw>
<status status="PASS" starttime="20190523 11:32:44.431" endtime="20190523 11:32:48.701" critical="yes"></status>
</test>
<kw name="Teardown" library="Setup" type="teardown">
<kw name="Close All Browsers" library="Selenium2Library">
<doc>Closes all open browsers and resets the browser cache.</doc>
<status status="PASS" starttime="20190523 11:32:49.368" endtime="20190523 11:32:55.914"></status>
</kw>
<kw name="Percy Finalize Build" library="PercyClient">
<status status="PASS" starttime="20190523 11:32:55.915" endtime="20190523 11:32:56.433"></status>
</kw>
<status status="PASS" starttime="20190523 11:32:49.367" endtime="20190523 11:32:56.433"></status>
</kw>
<status status="PASS" starttime="20190523 11:32:19.448" endtime="20190523 11:32:56.433"></status>
</suite>
<status status="PASS" starttime="20190523 11:32:19.445" endtime="20190523 11:32:56.451"></status>
</suite>
<status status="PASS" starttime="20190523 11:32:19.363" endtime="20190523 11:32:56.466"></status>
</suite>
<statistics>
<total>
<stat pass="6" fail="0">Critical Tests</stat>
<stat pass="6" fail="0">All Tests</stat>
</total>
<tag>
</tag>
<suite>
<stat pass="6" fail="0" id="s1" name="Tests">Tests</stat>
<stat pass="6" fail="0" id="s1-s1" name="FunctionalTests">Tests.FunctionalTests</stat>
<stat pass="6" fail="0" id="s1-s1-s1" name="AdminDataDrivenLoginTest">Tests.FunctionalTests.AdminDataDrivenLoginTest</stat>
</suite>
</statistics>
<errors>
</errors>
</robot>
