<?xml version="1.0" encoding="UTF-8"?>
<robot generator="Robot 3.1.1 (Python 3.7.3 on win32)" generated="20190527 17:11:41.715" rpa="false">
<suite id="s1" name="Tests" source="C:\Users\InternDN19.01.02\eclipse-workspace\RobotTeam2\RobotFrameworkProject\Tests">
<suite id="s1-s1" name="FunctionalTests" source="C:\Users\InternDN19.01.02\eclipse-workspace\RobotTeam2\RobotFrameworkProject\Tests\FunctionalTests">
<suite id="s1-s1-s1" name="AdminDataDrivenLoginTest" source="C:\Users\InternDN19.01.02\eclipse-workspace\RobotTeam2\RobotFrameworkProject\Tests\FunctionalTests\AdminDataDrivenLoginTest.robot">
<kw name="Setup" library="Setup" type="setup">
<kw name="Append To Environment Variable" library="OperatingSystem">
<doc>Appends given ``values`` to environment variable ``name``.</doc>
<arguments>
<arg>PATH</arg>
<arg>C:\\Users\\InternDN19.01.02\\eclipse-workspace\\RobotTeam2\\RobotFrameworkProject\\Resources/Drivers</arg>
</arguments>
<msg timestamp="20190527 17:11:42.299" level="INFO">Environment variable 'PATH' set to value 'C:\Users\InternDN19.01.02\bin;C:\Program Files\Git\mingw64\bin;C:\Program Files\Git\usr\local\bin;C:\Program Files\Git\usr\bin;C:\Program Files\Git\usr\bin;C:\Program Files\Git\mingw64\bin;C:\Program Files\Git\usr\bin;C:\Users\InternDN19.01.02\bin;C:\Program Files (x86)\Common Files\Oracle\Java\javapath;C:\Program Files (x86)\Intel\iCLS Client;C:\Program Files\Intel\iCLS Client;C:\Windows\System32\cmd.exe;C:\Windows;C:\Windows\System32\Wbem;C:\Windows\System32\WindowsPowerShell\v1.0;C:\Windows\System32\OpenSSH;C:\Program Files\Intel\Intel(R) Management Engine Components\DAL;C:\Program Files\Intel\Intel(R) Management Engine Components\IPT;C:\Program Files (x86)\Intel\Intel(R) Management Engine Components\DAL;C:\Program Files (x86)\Intel\Intel(R) Management Engine Components\IPT;C:\Program Files (x86)\Intel\OpenCL SDK\2.0\bin\x86;C:\Program Files (x86)\Intel\OpenCL SDK\2.0\bin\x64;C:\Program Files\Git\cmd;C:\Program Files\webdrivers;C:\xampp\php;C:\ProgramData\ComposerSetup\bin;C:\Program Files\nodejs;C:\Program Files\Java\jdk-12\bin;C:\apache-maven-3.6.1\bin;%PYTHONPATH%\python-3.7.3.exe;C:\Windows\system32;%M2_HOME%\bin;C:\Users\InternDN19.01.02\Documents\allure-2.10.0\bin;C:\Users\InternDN19.01.02\AppData\Local\Programs\Python\Python37\Scripts;C:\Users\InternDN19.01.02\AppData\Local\Programs\Python\Python37;C:\Users\InternDN19.01.02\AppData\Local\Microsoft\WindowsApps;C:\Users\InternDN19.01.02\AppData\Local\Programs\Microsoft VS Code\bin;C:\Users\InternDN19.01.02\AppData\Roaming\Composer\vendor\bin;C:\Users\InternDN19.01.02\AppData\Roaming\npm;C:\Program Files\Maven;C:\Program Files\nodejs;C:\Program Files\Git\usr\bin\vendor_perl;C:\Program Files\Git\usr\bin\core_perl;C:\users\interndn19.01.02\appdata\local\programs\python\python37\lib\site-packages\pywin32_system32;c:\users\interndn19.01.02\appdata\local\programs\python\python37\lib\site-packages\pywin32_system32;C:\Users\InternDN19.01.02\eclipse-workspace\RobotTeam2\RobotFrameworkProject\Resources/Drivers'.</msg>
<status status="PASS" starttime="20190527 17:11:42.299" endtime="20190527 17:11:42.300"></status>
</kw>
<kw name="Open Browser" library="Selenium2Library">
<doc>Opens a new browser instance to the given ``url``.</doc>
<arguments>
<arg>${ROOT}</arg>
<arg>${BROWSER}</arg>
</arguments>
<msg timestamp="20190527 17:11:42.302" level="INFO">Opening browser 'Chrome' to base url 'http://192.168.189.72/joomla/administrator/'.</msg>
<status status="PASS" starttime="20190527 17:11:42.301" endtime="20190527 17:11:48.521"></status>
</kw>
<kw name="Maximize Browser Window" library="Selenium2Library">
<doc>Maximizes current browser window.</doc>
<status status="PASS" starttime="20190527 17:11:48.523" endtime="20190527 17:11:49.717"></status>
</kw>
<kw name="Percy Initialize Build" library="PercyClient">
<arguments>
<arg>${PERCY_TOKEN}</arg>
</arguments>
<status status="PASS" starttime="20190527 17:11:49.717" endtime="20190527 17:11:52.270"></status>
</kw>
<status status="PASS" starttime="20190527 17:11:42.298" endtime="20190527 17:11:52.270"></status>
</kw>
<test id="s1-s1-s1-t1" name="TC18 - Empty Username">
<kw name="Login With Invalid Credentials Should Fail" library="AdminLoginPage">
<arguments>
<arg>${EMPTY}</arg>
<arg>${PASSWORD}</arg>
<arg>${ERROR_MESSAGE}</arg>
</arguments>
<kw name="Login Admin Site" library="AdminLoginPage">
<arguments>
<arg>${arg_invalid_username}</arg>
<arg>${arg_invalid_password}</arg>
</arguments>
<kw name="Log To Console" library="BuiltIn">
<doc>Logs the given message to the console.</doc>
<arguments>
<arg>Login to Joomla</arg>
</arguments>
<status status="PASS" starttime="20190527 17:11:52.274" endtime="20190527 17:11:52.275"></status>
</kw>
<kw name="Input Text" library="Selenium2Library">
<doc>Types the given ``text`` into text field identified by ``locator``.</doc>
<arguments>
<arg>${txt_username}</arg>
<arg>${arg_username}</arg>
</arguments>
<msg timestamp="20190527 17:11:52.276" level="INFO">Typing text '' into text field 'id=mod-login-username'.</msg>
<status status="PASS" starttime="20190527 17:11:52.275" endtime="20190527 17:11:52.428"></status>
</kw>
<kw name="Input Text" library="Selenium2Library">
<doc>Types the given ``text`` into text field identified by ``locator``.</doc>
<arguments>
<arg>${txt_password}</arg>
<arg>${arg_password}</arg>
</arguments>
<msg timestamp="20190527 17:11:52.430" level="INFO">Typing text '123456789' into text field 'id=mod-login-password'.</msg>
<status status="PASS" starttime="20190527 17:11:52.430" endtime="20190527 17:11:52.682"></status>
</kw>
<kw name="Click Button" library="Selenium2Library">
<doc>Clicks button identified by ``locator``.</doc>
<arguments>
<arg>${btn_login}</arg>
</arguments>
<msg timestamp="20190527 17:11:52.684" level="INFO">Clicking button 'xpath=//div[@class="btn-group"]/button[@class="btn btn-primary btn-block btn-large login-button"]'.</msg>
<status status="PASS" starttime="20190527 17:11:52.684" endtime="20190527 17:11:53.317"></status>
</kw>
<status status="PASS" starttime="20190527 17:11:52.274" endtime="20190527 17:11:53.356"></status>
</kw>
<kw name="Login Should Have Failed" library="AdminLoginPage">
<arguments>
<arg>${arg_error_message}</arg>
</arguments>
<kw name="Element Text Should Be" library="Selenium2Library">
<doc>Verifies that element ``locator`` contains exact text ``expected``.</doc>
<arguments>
<arg>${lbl_warning_header}</arg>
<arg>${HEADER_TEXT}</arg>
</arguments>
<msg timestamp="20190527 17:11:53.359" level="INFO">Verifying element 'xpath=//div[@class="login well"]//h4[@class="alert-heading"]' contains exact text 'Warning'.</msg>
<status status="PASS" starttime="20190527 17:11:53.358" endtime="20190527 17:11:53.420"></status>
</kw>
<kw name="Element Text Should Be" library="Selenium2Library">
<doc>Verifies that element ``locator`` contains exact text ``expected``.</doc>
<arguments>
<arg>${lbl_warning_message}</arg>
<arg>${arg_message}</arg>
</arguments>
<msg timestamp="20190527 17:11:53.423" level="INFO">Verifying element 'xpath=//div[@class="login well"]//div[@class="alert-message"]' contains exact text 'Username and password do not match or you do not have an account yet.'.</msg>
<status status="PASS" starttime="20190527 17:11:53.422" endtime="20190527 17:11:53.494"></status>
</kw>
<status status="PASS" starttime="20190527 17:11:53.357" endtime="20190527 17:11:53.495"></status>
</kw>
<status status="PASS" starttime="20190527 17:11:52.273" endtime="20190527 17:11:53.496"></status>
</kw>
<status status="PASS" starttime="20190527 17:11:52.271" endtime="20190527 17:11:53.496" critical="yes"></status>
</test>
<test id="s1-s1-s1-t2" name="TC19 - Empty Password">
<kw name="Login With Invalid Credentials Should Fail" library="AdminLoginPage">
<arguments>
<arg>${USERNAME}</arg>
<arg>${EMPTY}</arg>
<arg>${ERROR_EMPTY_PASSWORD_MESSAGE}</arg>
</arguments>
<kw name="Login Admin Site" library="AdminLoginPage">
<arguments>
<arg>${arg_invalid_username}</arg>
<arg>${arg_invalid_password}</arg>
</arguments>
<kw name="Log To Console" library="BuiltIn">
<doc>Logs the given message to the console.</doc>
<arguments>
<arg>Login to Joomla</arg>
</arguments>
<status status="PASS" starttime="20190527 17:11:53.506" endtime="20190527 17:11:53.508"></status>
</kw>
<kw name="Input Text" library="Selenium2Library">
<doc>Types the given ``text`` into text field identified by ``locator``.</doc>
<arguments>
<arg>${txt_username}</arg>
<arg>${arg_username}</arg>
</arguments>
<msg timestamp="20190527 17:11:53.509" level="INFO">Typing text 'admin' into text field 'id=mod-login-username'.</msg>
<status status="PASS" starttime="20190527 17:11:53.508" endtime="20190527 17:11:53.649"></status>
</kw>
<kw name="Input Text" library="Selenium2Library">
<doc>Types the given ``text`` into text field identified by ``locator``.</doc>
<arguments>
<arg>${txt_password}</arg>
<arg>${arg_password}</arg>
</arguments>
<msg timestamp="20190527 17:11:53.652" level="INFO">Typing text '' into text field 'id=mod-login-password'.</msg>
<status status="PASS" starttime="20190527 17:11:53.651" endtime="20190527 17:11:53.784"></status>
</kw>
<kw name="Click Button" library="Selenium2Library">
<doc>Clicks button identified by ``locator``.</doc>
<arguments>
<arg>${btn_login}</arg>
</arguments>
<msg timestamp="20190527 17:11:53.787" level="INFO">Clicking button 'xpath=//div[@class="btn-group"]/button[@class="btn btn-primary btn-block btn-large login-button"]'.</msg>
<status status="PASS" starttime="20190527 17:11:53.786" endtime="20190527 17:11:54.995"></status>
</kw>
<status status="PASS" starttime="20190527 17:11:53.505" endtime="20190527 17:11:54.997"></status>
</kw>
<kw name="Login Should Have Failed" library="AdminLoginPage">
<arguments>
<arg>${arg_error_message}</arg>
</arguments>
<kw name="Element Text Should Be" library="Selenium2Library">
<doc>Verifies that element ``locator`` contains exact text ``expected``.</doc>
<arguments>
<arg>${lbl_warning_header}</arg>
<arg>${HEADER_TEXT}</arg>
</arguments>
<msg timestamp="20190527 17:11:54.999" level="INFO">Verifying element 'xpath=//div[@class="login well"]//h4[@class="alert-heading"]' contains exact text 'Warning'.</msg>
<status status="PASS" starttime="20190527 17:11:54.998" endtime="20190527 17:11:55.143"></status>
</kw>
<kw name="Element Text Should Be" library="Selenium2Library">
<doc>Verifies that element ``locator`` contains exact text ``expected``.</doc>
<arguments>
<arg>${lbl_warning_message}</arg>
<arg>${arg_message}</arg>
</arguments>
<msg timestamp="20190527 17:11:55.146" level="INFO">Verifying element 'xpath=//div[@class="login well"]//div[@class="alert-message"]' contains exact text 'Empty password not allowed.'.</msg>
<status status="PASS" starttime="20190527 17:11:55.145" endtime="20190527 17:11:55.353"></status>
</kw>
<status status="PASS" starttime="20190527 17:11:54.997" endtime="20190527 17:11:55.356"></status>
</kw>
<status status="PASS" starttime="20190527 17:11:53.504" endtime="20190527 17:11:55.356"></status>
</kw>
<status status="PASS" starttime="20190527 17:11:53.502" endtime="20190527 17:11:55.357" critical="yes"></status>
</test>
<test id="s1-s1-s1-t3" name="TC20 - Empty Username And Password">
<kw name="Login With Invalid Credentials Should Fail" library="AdminLoginPage">
<arguments>
<arg>${EMPTY}</arg>
<arg>${EMPTY}</arg>
<arg>${ERROR_EMPTY_PASSWORD_MESSAGE}</arg>
</arguments>
<kw name="Login Admin Site" library="AdminLoginPage">
<arguments>
<arg>${arg_invalid_username}</arg>
<arg>${arg_invalid_password}</arg>
</arguments>
<kw name="Log To Console" library="BuiltIn">
<doc>Logs the given message to the console.</doc>
<arguments>
<arg>Login to Joomla</arg>
</arguments>
<status status="PASS" starttime="20190527 17:11:55.368" endtime="20190527 17:11:55.369"></status>
</kw>
<kw name="Input Text" library="Selenium2Library">
<doc>Types the given ``text`` into text field identified by ``locator``.</doc>
<arguments>
<arg>${txt_username}</arg>
<arg>${arg_username}</arg>
</arguments>
<msg timestamp="20190527 17:11:55.370" level="INFO">Typing text '' into text field 'id=mod-login-username'.</msg>
<status status="PASS" starttime="20190527 17:11:55.370" endtime="20190527 17:11:55.595"></status>
</kw>
<kw name="Input Text" library="Selenium2Library">
<doc>Types the given ``text`` into text field identified by ``locator``.</doc>
<arguments>
<arg>${txt_password}</arg>
<arg>${arg_password}</arg>
</arguments>
<msg timestamp="20190527 17:11:55.598" level="INFO">Typing text '' into text field 'id=mod-login-password'.</msg>
<status status="PASS" starttime="20190527 17:11:55.597" endtime="20190527 17:11:55.779"></status>
</kw>
<kw name="Click Button" library="Selenium2Library">
<doc>Clicks button identified by ``locator``.</doc>
<arguments>
<arg>${btn_login}</arg>
</arguments>
<msg timestamp="20190527 17:11:55.782" level="INFO">Clicking button 'xpath=//div[@class="btn-group"]/button[@class="btn btn-primary btn-block btn-large login-button"]'.</msg>
<status status="PASS" starttime="20190527 17:11:55.781" endtime="20190527 17:11:56.543"></status>
</kw>
<status status="PASS" starttime="20190527 17:11:55.367" endtime="20190527 17:11:56.545"></status>
</kw>
<kw name="Login Should Have Failed" library="AdminLoginPage">
<arguments>
<arg>${arg_error_message}</arg>
</arguments>
<kw name="Element Text Should Be" library="Selenium2Library">
<doc>Verifies that element ``locator`` contains exact text ``expected``.</doc>
<arguments>
<arg>${lbl_warning_header}</arg>
<arg>${HEADER_TEXT}</arg>
</arguments>
<msg timestamp="20190527 17:11:56.547" level="INFO">Verifying element 'xpath=//div[@class="login well"]//h4[@class="alert-heading"]' contains exact text 'Warning'.</msg>
<status status="PASS" starttime="20190527 17:11:56.547" endtime="20190527 17:11:56.630"></status>
</kw>
<kw name="Element Text Should Be" library="Selenium2Library">
<doc>Verifies that element ``locator`` contains exact text ``expected``.</doc>
<arguments>
<arg>${lbl_warning_message}</arg>
<arg>${arg_message}</arg>
</arguments>
<msg timestamp="20190527 17:11:56.633" level="INFO">Verifying element 'xpath=//div[@class="login well"]//div[@class="alert-message"]' contains exact text 'Empty password not allowed.'.</msg>
<status status="PASS" starttime="20190527 17:11:56.632" endtime="20190527 17:11:56.767"></status>
</kw>
<status status="PASS" starttime="20190527 17:11:56.546" endtime="20190527 17:11:56.769"></status>
</kw>
<status status="PASS" starttime="20190527 17:11:55.366" endtime="20190527 17:11:56.769"></status>
</kw>
<status status="PASS" starttime="20190527 17:11:55.365" endtime="20190527 17:11:56.770" critical="yes"></status>
</test>
<test id="s1-s1-s1-t4" name="TC21 - Invalid Username">
<kw name="Login With Invalid Credentials Should Fail" library="AdminLoginPage">
<arguments>
<arg>${INVALID_USERNAME}</arg>
<arg>${PASSWORD}</arg>
<arg>${ERROR_MESSAGE}</arg>
</arguments>
<kw name="Login Admin Site" library="AdminLoginPage">
<arguments>
<arg>${arg_invalid_username}</arg>
<arg>${arg_invalid_password}</arg>
</arguments>
<kw name="Log To Console" library="BuiltIn">
<doc>Logs the given message to the console.</doc>
<arguments>
<arg>Login to Joomla</arg>
</arguments>
<status status="PASS" starttime="20190527 17:11:56.780" endtime="20190527 17:11:56.781"></status>
</kw>
<kw name="Input Text" library="Selenium2Library">
<doc>Types the given ``text`` into text field identified by ``locator``.</doc>
<arguments>
<arg>${txt_username}</arg>
<arg>${arg_username}</arg>
</arguments>
<msg timestamp="20190527 17:11:56.799" level="INFO">Typing text 'abcd123' into text field 'id=mod-login-username'.</msg>
<status status="PASS" starttime="20190527 17:11:56.781" endtime="20190527 17:11:57.110"></status>
</kw>
<kw name="Input Text" library="Selenium2Library">
<doc>Types the given ``text`` into text field identified by ``locator``.</doc>
<arguments>
<arg>${txt_password}</arg>
<arg>${arg_password}</arg>
</arguments>
<msg timestamp="20190527 17:11:57.113" level="INFO">Typing text '123456789' into text field 'id=mod-login-password'.</msg>
<status status="PASS" starttime="20190527 17:11:57.112" endtime="20190527 17:11:57.640"></status>
</kw>
<kw name="Click Button" library="Selenium2Library">
<doc>Clicks button identified by ``locator``.</doc>
<arguments>
<arg>${btn_login}</arg>
</arguments>
<msg timestamp="20190527 17:11:57.643" level="INFO">Clicking button 'xpath=//div[@class="btn-group"]/button[@class="btn btn-primary btn-block btn-large login-button"]'.</msg>
<status status="PASS" starttime="20190527 17:11:57.643" endtime="20190527 17:11:58.174"></status>
</kw>
<status status="PASS" starttime="20190527 17:11:56.779" endtime="20190527 17:11:58.176"></status>
</kw>
<kw name="Login Should Have Failed" library="AdminLoginPage">
<arguments>
<arg>${arg_error_message}</arg>
</arguments>
<kw name="Element Text Should Be" library="Selenium2Library">
<doc>Verifies that element ``locator`` contains exact text ``expected``.</doc>
<arguments>
<arg>${lbl_warning_header}</arg>
<arg>${HEADER_TEXT}</arg>
</arguments>
<msg timestamp="20190527 17:11:58.179" level="INFO">Verifying element 'xpath=//div[@class="login well"]//h4[@class="alert-heading"]' contains exact text 'Warning'.</msg>
<status status="PASS" starttime="20190527 17:11:58.178" endtime="20190527 17:11:58.293"></status>
</kw>
<kw name="Element Text Should Be" library="Selenium2Library">
<doc>Verifies that element ``locator`` contains exact text ``expected``.</doc>
<arguments>
<arg>${lbl_warning_message}</arg>
<arg>${arg_message}</arg>
</arguments>
<msg timestamp="20190527 17:11:58.296" level="INFO">Verifying element 'xpath=//div[@class="login well"]//div[@class="alert-message"]' contains exact text 'Username and password do not match or you do not have an account yet.'.</msg>
<status status="PASS" starttime="20190527 17:11:58.295" endtime="20190527 17:11:58.723"></status>
</kw>
<status status="PASS" starttime="20190527 17:11:58.177" endtime="20190527 17:11:58.725"></status>
</kw>
<status status="PASS" starttime="20190527 17:11:56.778" endtime="20190527 17:11:58.725"></status>
</kw>
<status status="PASS" starttime="20190527 17:11:56.777" endtime="20190527 17:11:58.726" critical="yes"></status>
</test>
<test id="s1-s1-s1-t5" name="TC22 - Invalid Password">
<kw name="Login With Invalid Credentials Should Fail" library="AdminLoginPage">
<arguments>
<arg>${USERNAME}</arg>
<arg>${INVALID_PASSWORD}</arg>
<arg>${ERROR_MESSAGE}</arg>
</arguments>
<kw name="Login Admin Site" library="AdminLoginPage">
<arguments>
<arg>${arg_invalid_username}</arg>
<arg>${arg_invalid_password}</arg>
</arguments>
<kw name="Log To Console" library="BuiltIn">
<doc>Logs the given message to the console.</doc>
<arguments>
<arg>Login to Joomla</arg>
</arguments>
<status status="PASS" starttime="20190527 17:11:58.736" endtime="20190527 17:11:58.737"></status>
</kw>
<kw name="Input Text" library="Selenium2Library">
<doc>Types the given ``text`` into text field identified by ``locator``.</doc>
<arguments>
<arg>${txt_username}</arg>
<arg>${arg_username}</arg>
</arguments>
<msg timestamp="20190527 17:11:58.738" level="INFO">Typing text 'admin' into text field 'id=mod-login-username'.</msg>
<status status="PASS" starttime="20190527 17:11:58.737" endtime="20190527 17:11:59.119"></status>
</kw>
<kw name="Input Text" library="Selenium2Library">
<doc>Types the given ``text`` into text field identified by ``locator``.</doc>
<arguments>
<arg>${txt_password}</arg>
<arg>${arg_password}</arg>
</arguments>
<msg timestamp="20190527 17:11:59.122" level="INFO">Typing text 'zxcvbnm' into text field 'id=mod-login-password'.</msg>
<status status="PASS" starttime="20190527 17:11:59.122" endtime="20190527 17:11:59.379"></status>
</kw>
<kw name="Click Button" library="Selenium2Library">
<doc>Clicks button identified by ``locator``.</doc>
<arguments>
<arg>${btn_login}</arg>
</arguments>
<msg timestamp="20190527 17:11:59.381" level="INFO">Clicking button 'xpath=//div[@class="btn-group"]/button[@class="btn btn-primary btn-block btn-large login-button"]'.</msg>
<status status="PASS" starttime="20190527 17:11:59.381" endtime="20190527 17:12:00.146"></status>
</kw>
<status status="PASS" starttime="20190527 17:11:58.735" endtime="20190527 17:12:00.148"></status>
</kw>
<kw name="Login Should Have Failed" library="AdminLoginPage">
<arguments>
<arg>${arg_error_message}</arg>
</arguments>
<kw name="Element Text Should Be" library="Selenium2Library">
<doc>Verifies that element ``locator`` contains exact text ``expected``.</doc>
<arguments>
<arg>${lbl_warning_header}</arg>
<arg>${HEADER_TEXT}</arg>
</arguments>
<msg timestamp="20190527 17:12:00.151" level="INFO">Verifying element 'xpath=//div[@class="login well"]//h4[@class="alert-heading"]' contains exact text 'Warning'.</msg>
<status status="PASS" starttime="20190527 17:12:00.150" endtime="20190527 17:12:00.245"></status>
</kw>
<kw name="Element Text Should Be" library="Selenium2Library">
<doc>Verifies that element ``locator`` contains exact text ``expected``.</doc>
<arguments>
<arg>${lbl_warning_message}</arg>
<arg>${arg_message}</arg>
</arguments>
<msg timestamp="20190527 17:12:00.248" level="INFO">Verifying element 'xpath=//div[@class="login well"]//div[@class="alert-message"]' contains exact text 'Username and password do not match or you do not have an account yet.'.</msg>
<status status="PASS" starttime="20190527 17:12:00.248" endtime="20190527 17:12:00.352"></status>
</kw>
<status status="PASS" starttime="20190527 17:12:00.149" endtime="20190527 17:12:00.354"></status>
</kw>
<status status="PASS" starttime="20190527 17:11:58.734" endtime="20190527 17:12:00.354"></status>
</kw>
<status status="PASS" starttime="20190527 17:11:58.732" endtime="20190527 17:12:00.355" critical="yes"></status>
</test>
<test id="s1-s1-s1-t6" name="TC23 - Invalid Username And Password">
<kw name="Login With Invalid Credentials Should Fail" library="AdminLoginPage">
<arguments>
<arg>${INVALID_USERNAME}</arg>
<arg>${INVALID_PASSWORD}</arg>
<arg>${ERROR_MESSAGE}</arg>
</arguments>
<kw name="Login Admin Site" library="AdminLoginPage">
<arguments>
<arg>${arg_invalid_username}</arg>
<arg>${arg_invalid_password}</arg>
</arguments>
<kw name="Log To Console" library="BuiltIn">
<doc>Logs the given message to the console.</doc>
<arguments>
<arg>Login to Joomla</arg>
</arguments>
<status status="PASS" starttime="20190527 17:12:00.365" endtime="20190527 17:12:00.366"></status>
</kw>
<kw name="Input Text" library="Selenium2Library">
<doc>Types the given ``text`` into text field identified by ``locator``.</doc>
<arguments>
<arg>${txt_username}</arg>
<arg>${arg_username}</arg>
</arguments>
<msg timestamp="20190527 17:12:00.367" level="INFO">Typing text 'abcd123' into text field 'id=mod-login-username'.</msg>
<status status="PASS" starttime="20190527 17:12:00.366" endtime="20190527 17:12:00.661"></status>
</kw>
<kw name="Input Text" library="Selenium2Library">
<doc>Types the given ``text`` into text field identified by ``locator``.</doc>
<arguments>
<arg>${txt_password}</arg>
<arg>${arg_password}</arg>
</arguments>
<msg timestamp="20190527 17:12:00.663" level="INFO">Typing text 'zxcvbnm' into text field 'id=mod-login-password'.</msg>
<status status="PASS" starttime="20190527 17:12:00.663" endtime="20190527 17:12:00.845"></status>
</kw>
<kw name="Click Button" library="Selenium2Library">
<doc>Clicks button identified by ``locator``.</doc>
<arguments>
<arg>${btn_login}</arg>
</arguments>
<msg timestamp="20190527 17:12:01.197" level="INFO">Clicking button 'xpath=//div[@class="btn-group"]/button[@class="btn btn-primary btn-block btn-large login-button"]'.</msg>
<status status="PASS" starttime="20190527 17:12:01.196" endtime="20190527 17:12:01.673"></status>
</kw>
<status status="PASS" starttime="20190527 17:12:00.364" endtime="20190527 17:12:01.675"></status>
</kw>
<kw name="Login Should Have Failed" library="AdminLoginPage">
<arguments>
<arg>${arg_error_message}</arg>
</arguments>
<kw name="Element Text Should Be" library="Selenium2Library">
<doc>Verifies that element ``locator`` contains exact text ``expected``.</doc>
<arguments>
<arg>${lbl_warning_header}</arg>
<arg>${HEADER_TEXT}</arg>
</arguments>
<msg timestamp="20190527 17:12:01.677" level="INFO">Verifying element 'xpath=//div[@class="login well"]//h4[@class="alert-heading"]' contains exact text 'Warning'.</msg>
<status status="PASS" starttime="20190527 17:12:01.676" endtime="20190527 17:12:01.743"></status>
</kw>
<kw name="Element Text Should Be" library="Selenium2Library">
<doc>Verifies that element ``locator`` contains exact text ``expected``.</doc>
<arguments>
<arg>${lbl_warning_message}</arg>
<arg>${arg_message}</arg>
</arguments>
<msg timestamp="20190527 17:12:01.745" level="INFO">Verifying element 'xpath=//div[@class="login well"]//div[@class="alert-message"]' contains exact text 'Username and password do not match or you do not have an account yet.'.</msg>
<status status="PASS" starttime="20190527 17:12:01.745" endtime="20190527 17:12:01.866"></status>
</kw>
<status status="PASS" starttime="20190527 17:12:01.675" endtime="20190527 17:12:01.868"></status>
</kw>
<status status="PASS" starttime="20190527 17:12:00.363" endtime="20190527 17:12:01.869"></status>
</kw>
<status status="PASS" starttime="20190527 17:12:00.361" endtime="20190527 17:12:01.869" critical="yes"></status>
</test>
<kw name="Teardown" library="Setup" type="teardown">
<kw name="Close All Browsers" library="Selenium2Library">
<doc>Closes all open browsers and resets the browser cache.</doc>
<status status="PASS" starttime="20190527 17:12:01.878" endtime="20190527 17:12:06.502"></status>
</kw>
<kw name="Percy Finalize Build" library="PercyClient">
<status status="PASS" starttime="20190527 17:12:06.503" endtime="20190527 17:12:07.020"></status>
</kw>
<status status="PASS" starttime="20190527 17:12:01.878" endtime="20190527 17:12:07.021"></status>
</kw>
<status status="PASS" starttime="20190527 17:11:41.859" endtime="20190527 17:12:07.021"></status>
</suite>
<status status="PASS" starttime="20190527 17:11:41.855" endtime="20190527 17:12:07.035"></status>
</suite>
<status status="PASS" starttime="20190527 17:11:41.814" endtime="20190527 17:12:07.046"></status>
</suite>
<statistics>
<total>
<stat pass="6" fail="0">Critical Tests</stat>
<stat pass="6" fail="0">All Tests</stat>
</total>
<tag>
</tag>
<suite>
<stat pass="6" fail="0" id="s1" name="Tests">Tests</stat>
<stat pass="6" fail="0" id="s1-s1" name="FunctionalTests">Tests.FunctionalTests</stat>
<stat pass="6" fail="0" id="s1-s1-s1" name="AdminDataDrivenLoginTest">Tests.FunctionalTests.AdminDataDrivenLoginTest</stat>
</suite>
</statistics>
<errors>
</errors>
</robot>
