<?xml version="1.0" encoding="UTF-8"?>
<robot generator="Robot 3.1.1 (Python 3.7.3 on win32)" generated="20190523 10:01:56.208" rpa="false">
<suite id="s1" name="Tests" source="C:\Users\InternDN19.01.07\Desktop\Intern19_DinhThiAnhThao\Project_Phase1_Researching\project\RobotTeam2\RobotFrameworkProject\Tests">
<suite id="s1-s1" name="FunctionalTests" source="C:\Users\InternDN19.01.07\Desktop\Intern19_DinhThiAnhThao\Project_Phase1_Researching\project\RobotTeam2\RobotFrameworkProject\Tests\FunctionalTests">
<suite id="s1-s1-s1" name="AdminDataDrivenLoginTest" source="C:\Users\InternDN19.01.07\Desktop\Intern19_DinhThiAnhThao\Project_Phase1_Researching\project\RobotTeam2\RobotFrameworkProject\Tests\FunctionalTests\AdminDataDrivenLoginTest.robot">
<kw name="Setup" library="Setup" type="setup">
<kw name="Append To Environment Variable" library="OperatingSystem">
<doc>Appends given ``values`` to environment variable ``name``.</doc>
<arguments>
<arg>PATH</arg>
<arg>C:\\Users\\InternDN19.01.07\\Desktop\\Intern19_DinhThiAnhThao\\Project_Phase1_Researching\\project\\RobotTeam2\\RobotFrameworkProject\\Resources/Drivers</arg>
</arguments>
<msg timestamp="20190523 10:01:56.467" level="INFO">Environment variable 'PATH' set to value 'C:\Users\InternDN19.01.07\bin;C:\Program Files\Git\mingw64\bin;C:\Program Files\Git\usr\local\bin;C:\Program Files\Git\usr\bin;C:\Program Files\Git\usr\bin;C:\Program Files\Git\mingw64\bin;C:\Program Files\Git\usr\bin;C:\Users\InternDN19.01.07\bin;C:\Python37;C:\Python37\Scripts;C:\Program Files (x86)\Common Files\Oracle\Java\javapath;C:\Program Files (x86)\Intel\Intel(R) Management Engine Components\iCLS;C:\Program Files\Intel\Intel(R) Management Engine Components\iCLS;C:\Windows\system32;C:\Windows;C:\Windows\System32\Wbem;C:\Windows\System32\WindowsPowerShell\v1.0;C:\Windows\System32\OpenSSH;C:\Program Files (x86)\Intel\Intel(R) Management Engine Components\DAL;C:\Program Files\Intel\Intel(R) Management Engine Components\DAL;C:\Program Files (x86)\Intel\Intel(R) Management Engine Components\IPT;C:\Program Files\Intel\Intel(R) Management Engine Components\IPT;C:\Program Files\Git\cmd;C:\Python27\Lib\site-packages;C:\Users\InternDN19.01.07\Desktop\Intern19_DinhThiAnhThao\SeleniumWebdriver;C:\xampp\php;C:\composer;C:\Program Files\nodejs;C:\Program Files\maven\apache-maven-3.6.1\bin;C:\Program Files\Java\jdk1.8.0_201\bin;C:\Users\InternDN19.01.07\Downloads\allure-2.10.0\bin;C:\Users\InternDN19.01.07\AppData\Local\Programs\Python\Python37\Scripts;C:\Users\InternDN19.01.07\AppData\Local\Programs\Python\Python37;C:\Users\InternDN19.01.07\AppData\Local\Microsoft\WindowsApps;C:\Users\InternDN19.01.07\AppData\Local\Programs\Microsoft VS Code\bin;C:\Users\InternDN19.01.07\AppData\Roaming\Composer\vendor\bin;C:\Users\InternDN19.01.07\AppData\Roaming\npm;C:\Program Files\Git\usr\bin\vendor_perl;C:\Program Files\Git\usr\bin\core_perl;C:\users\interndn19.01.07\appdata\local\programs\python\python37\lib\site-packages\pywin32_system32;c:\users\interndn19.01.07\appdata\local\programs\python\python37\lib\site-packages\pywin32_system32;C:\Users\InternDN19.01.07\Desktop\Intern19_DinhThiAnhThao\Project_Phase1_Researching\project\RobotTeam2\RobotFrameworkProject\Resources/Drivers'.</msg>
<status status="PASS" starttime="20190523 10:01:56.467" endtime="20190523 10:01:56.467"></status>
</kw>
<kw name="Open Browser" library="Selenium2Library">
<doc>Opens a new browser instance to the given ``url``.</doc>
<arguments>
<arg>${ROOT}</arg>
<arg>${BROWSER}</arg>
</arguments>
<msg timestamp="20190523 10:01:56.467" level="INFO">Opening browser 'Chrome' to base url 'http://192.168.189.72/joomla/administrator/'.</msg>
<status status="PASS" starttime="20190523 10:01:56.467" endtime="20190523 10:02:01.580"></status>
</kw>
<kw name="Maximize Browser Window" library="Selenium2Library">
<doc>Maximizes current browser window.</doc>
<status status="PASS" starttime="20190523 10:02:01.581" endtime="20190523 10:02:02.700"></status>
</kw>
<kw name="Percy Initialize Build" library="PercyClient">
<arguments>
<arg>${PERCY_TOKEN}</arg>
</arguments>
<status status="PASS" starttime="20190523 10:02:02.700" endtime="20190523 10:02:08.504"></status>
</kw>
<status status="PASS" starttime="20190523 10:01:56.467" endtime="20190523 10:02:08.504"></status>
</kw>
<test id="s1-s1-s1-t1" name="TC18 - Empty Username">
<kw name="Login With Invalid Credentials Should Fail" library="AdminLoginPage">
<arguments>
<arg>${EMPTY}</arg>
<arg>${PASSWORD}</arg>
<arg>${ERROR_MESSAGE}</arg>
</arguments>
<kw name="Login Admin Site" library="AdminLoginPage">
<arguments>
<arg>${arg_invalid_username}</arg>
<arg>${arg_invalid_password}</arg>
</arguments>
<kw name="Log To Console" library="BuiltIn">
<doc>Logs the given message to the console.</doc>
<arguments>
<arg>Login to Joomla</arg>
</arguments>
<status status="PASS" starttime="20190523 10:02:08.506" endtime="20190523 10:02:08.506"></status>
</kw>
<kw name="Input Text" library="Selenium2Library">
<doc>Types the given ``text`` into text field identified by ``locator``.</doc>
<arguments>
<arg>${txt_username}</arg>
<arg>${arg_username}</arg>
</arguments>
<msg timestamp="20190523 10:02:08.507" level="INFO">Typing text '' into text field 'id=mod-login-username'.</msg>
<status status="PASS" starttime="20190523 10:02:08.507" endtime="20190523 10:02:08.569"></status>
</kw>
<kw name="Input Text" library="Selenium2Library">
<doc>Types the given ``text`` into text field identified by ``locator``.</doc>
<arguments>
<arg>${txt_password}</arg>
<arg>${arg_password}</arg>
</arguments>
<msg timestamp="20190523 10:02:08.570" level="INFO">Typing text '123456789' into text field 'id=mod-login-password'.</msg>
<status status="PASS" starttime="20190523 10:02:08.569" endtime="20190523 10:02:08.668"></status>
</kw>
<kw name="Click Button" library="Selenium2Library">
<doc>Clicks button identified by ``locator``.</doc>
<arguments>
<arg>${btn_login}</arg>
</arguments>
<msg timestamp="20190523 10:02:08.668" level="INFO">Clicking button 'xpath=//div[@class="btn-group"]/button[@class="btn btn-primary btn-block btn-large login-button"]'.</msg>
<status status="PASS" starttime="20190523 10:02:08.668" endtime="20190523 10:02:09.204"></status>
</kw>
<status status="PASS" starttime="20190523 10:02:08.505" endtime="20190523 10:02:09.204"></status>
</kw>
<kw name="Login Should Have Failed" library="AdminLoginPage">
<arguments>
<arg>${arg_error_message}</arg>
</arguments>
<kw name="Element Text Should Be" library="Selenium2Library">
<doc>Verifies that element ``locator`` contains exact text ``expected``.</doc>
<arguments>
<arg>${lbl_warning_header}</arg>
<arg>${HEADER_TEXT}</arg>
</arguments>
<msg timestamp="20190523 10:02:09.205" level="INFO">Verifying element 'xpath=//div[@class="login well"]/div[@id="system-message-container"]/div[@class="alert "]/h4[@class="alert-heading"]' contains exact text 'Warning'.</msg>
<status status="PASS" starttime="20190523 10:02:09.205" endtime="20190523 10:02:09.237"></status>
</kw>
<kw name="Element Text Should Be" library="Selenium2Library">
<doc>Verifies that element ``locator`` contains exact text ``expected``.</doc>
<arguments>
<arg>${lbl_warning_message}</arg>
<arg>${arg_message}</arg>
</arguments>
<msg timestamp="20190523 10:02:09.237" level="INFO">Verifying element 'xpath=//div[@class="login well"]/div[@id="system-message-container"]/div[@class="alert "]/div[@class="alert-message"]' contains exact text 'Username and password do not match or you do not have an account yet.'.</msg>
<status status="PASS" starttime="20190523 10:02:09.237" endtime="20190523 10:02:09.264"></status>
</kw>
<status status="PASS" starttime="20190523 10:02:09.205" endtime="20190523 10:02:09.264"></status>
</kw>
<status status="PASS" starttime="20190523 10:02:08.505" endtime="20190523 10:02:09.264"></status>
</kw>
<status status="PASS" starttime="20190523 10:02:08.504" endtime="20190523 10:02:09.264" critical="yes"></status>
</test>
<test id="s1-s1-s1-t2" name="TC19 - Empty Password">
<kw name="Login With Invalid Credentials Should Fail" library="AdminLoginPage">
<arguments>
<arg>${USERNAME}</arg>
<arg>${EMPTY}</arg>
<arg>${ERROR_EMPTY_PASSWORD_MESSAGE}</arg>
</arguments>
<kw name="Login Admin Site" library="AdminLoginPage">
<arguments>
<arg>${arg_invalid_username}</arg>
<arg>${arg_invalid_password}</arg>
</arguments>
<kw name="Log To Console" library="BuiltIn">
<doc>Logs the given message to the console.</doc>
<arguments>
<arg>Login to Joomla</arg>
</arguments>
<status status="PASS" starttime="20190523 10:02:09.266" endtime="20190523 10:02:09.266"></status>
</kw>
<kw name="Input Text" library="Selenium2Library">
<doc>Types the given ``text`` into text field identified by ``locator``.</doc>
<arguments>
<arg>${txt_username}</arg>
<arg>${arg_username}</arg>
</arguments>
<msg timestamp="20190523 10:02:09.266" level="INFO">Typing text 'admin' into text field 'id=mod-login-username'.</msg>
<status status="PASS" starttime="20190523 10:02:09.266" endtime="20190523 10:02:09.328"></status>
</kw>
<kw name="Input Text" library="Selenium2Library">
<doc>Types the given ``text`` into text field identified by ``locator``.</doc>
<arguments>
<arg>${txt_password}</arg>
<arg>${arg_password}</arg>
</arguments>
<msg timestamp="20190523 10:02:09.329" level="INFO">Typing text '' into text field 'id=mod-login-password'.</msg>
<status status="PASS" starttime="20190523 10:02:09.329" endtime="20190523 10:02:09.377"></status>
</kw>
<kw name="Click Button" library="Selenium2Library">
<doc>Clicks button identified by ``locator``.</doc>
<arguments>
<arg>${btn_login}</arg>
</arguments>
<msg timestamp="20190523 10:02:09.377" level="INFO">Clicking button 'xpath=//div[@class="btn-group"]/button[@class="btn btn-primary btn-block btn-large login-button"]'.</msg>
<status status="PASS" starttime="20190523 10:02:09.377" endtime="20190523 10:02:10.084"></status>
</kw>
<status status="PASS" starttime="20190523 10:02:09.266" endtime="20190523 10:02:10.085"></status>
</kw>
<kw name="Login Should Have Failed" library="AdminLoginPage">
<arguments>
<arg>${arg_error_message}</arg>
</arguments>
<kw name="Element Text Should Be" library="Selenium2Library">
<doc>Verifies that element ``locator`` contains exact text ``expected``.</doc>
<arguments>
<arg>${lbl_warning_header}</arg>
<arg>${HEADER_TEXT}</arg>
</arguments>
<msg timestamp="20190523 10:02:10.086" level="INFO">Verifying element 'xpath=//div[@class="login well"]/div[@id="system-message-container"]/div[@class="alert "]/h4[@class="alert-heading"]' contains exact text 'Warning'.</msg>
<status status="PASS" starttime="20190523 10:02:10.085" endtime="20190523 10:02:10.111"></status>
</kw>
<kw name="Element Text Should Be" library="Selenium2Library">
<doc>Verifies that element ``locator`` contains exact text ``expected``.</doc>
<arguments>
<arg>${lbl_warning_message}</arg>
<arg>${arg_message}</arg>
</arguments>
<msg timestamp="20190523 10:02:10.112" level="INFO">Verifying element 'xpath=//div[@class="login well"]/div[@id="system-message-container"]/div[@class="alert "]/div[@class="alert-message"]' contains exact text 'Empty password not allowed.'.</msg>
<status status="PASS" starttime="20190523 10:02:10.112" endtime="20190523 10:02:10.143"></status>
</kw>
<status status="PASS" starttime="20190523 10:02:10.085" endtime="20190523 10:02:10.143"></status>
</kw>
<status status="PASS" starttime="20190523 10:02:09.265" endtime="20190523 10:02:10.143"></status>
</kw>
<status status="PASS" starttime="20190523 10:02:09.265" endtime="20190523 10:02:10.144" critical="yes"></status>
</test>
<test id="s1-s1-s1-t3" name="TC20 - Empty Username And Password">
<kw name="Login With Invalid Credentials Should Fail" library="AdminLoginPage">
<arguments>
<arg>${EMPTY}</arg>
<arg>${EMPTY}</arg>
<arg>${ERROR_EMPTY_PASSWORD_MESSAGE}</arg>
</arguments>
<kw name="Login Admin Site" library="AdminLoginPage">
<arguments>
<arg>${arg_invalid_username}</arg>
<arg>${arg_invalid_password}</arg>
</arguments>
<kw name="Log To Console" library="BuiltIn">
<doc>Logs the given message to the console.</doc>
<arguments>
<arg>Login to Joomla</arg>
</arguments>
<status status="PASS" starttime="20190523 10:02:10.145" endtime="20190523 10:02:10.145"></status>
</kw>
<kw name="Input Text" library="Selenium2Library">
<doc>Types the given ``text`` into text field identified by ``locator``.</doc>
<arguments>
<arg>${txt_username}</arg>
<arg>${arg_username}</arg>
</arguments>
<msg timestamp="20190523 10:02:10.146" level="INFO">Typing text '' into text field 'id=mod-login-username'.</msg>
<status status="PASS" starttime="20190523 10:02:10.145" endtime="20190523 10:02:10.203"></status>
</kw>
<kw name="Input Text" library="Selenium2Library">
<doc>Types the given ``text`` into text field identified by ``locator``.</doc>
<arguments>
<arg>${txt_password}</arg>
<arg>${arg_password}</arg>
</arguments>
<msg timestamp="20190523 10:02:10.203" level="INFO">Typing text '' into text field 'id=mod-login-password'.</msg>
<status status="PASS" starttime="20190523 10:02:10.203" endtime="20190523 10:02:10.247"></status>
</kw>
<kw name="Click Button" library="Selenium2Library">
<doc>Clicks button identified by ``locator``.</doc>
<arguments>
<arg>${btn_login}</arg>
</arguments>
<msg timestamp="20190523 10:02:10.248" level="INFO">Clicking button 'xpath=//div[@class="btn-group"]/button[@class="btn btn-primary btn-block btn-large login-button"]'.</msg>
<status status="PASS" starttime="20190523 10:02:10.247" endtime="20190523 10:02:10.618"></status>
</kw>
<status status="PASS" starttime="20190523 10:02:10.145" endtime="20190523 10:02:10.618"></status>
</kw>
<kw name="Login Should Have Failed" library="AdminLoginPage">
<arguments>
<arg>${arg_error_message}</arg>
</arguments>
<kw name="Element Text Should Be" library="Selenium2Library">
<doc>Verifies that element ``locator`` contains exact text ``expected``.</doc>
<arguments>
<arg>${lbl_warning_header}</arg>
<arg>${HEADER_TEXT}</arg>
</arguments>
<msg timestamp="20190523 10:02:10.619" level="INFO">Verifying element 'xpath=//div[@class="login well"]/div[@id="system-message-container"]/div[@class="alert "]/h4[@class="alert-heading"]' contains exact text 'Warning'.</msg>
<status status="PASS" starttime="20190523 10:02:10.618" endtime="20190523 10:02:10.646"></status>
</kw>
<kw name="Element Text Should Be" library="Selenium2Library">
<doc>Verifies that element ``locator`` contains exact text ``expected``.</doc>
<arguments>
<arg>${lbl_warning_message}</arg>
<arg>${arg_message}</arg>
</arguments>
<msg timestamp="20190523 10:02:10.647" level="INFO">Verifying element 'xpath=//div[@class="login well"]/div[@id="system-message-container"]/div[@class="alert "]/div[@class="alert-message"]' contains exact text 'Empty password not allowed.'.</msg>
<status status="PASS" starttime="20190523 10:02:10.647" endtime="20190523 10:02:10.668"></status>
</kw>
<status status="PASS" starttime="20190523 10:02:10.618" endtime="20190523 10:02:10.668"></status>
</kw>
<status status="PASS" starttime="20190523 10:02:10.144" endtime="20190523 10:02:10.668"></status>
</kw>
<status status="PASS" starttime="20190523 10:02:10.144" endtime="20190523 10:02:10.668" critical="yes"></status>
</test>
<test id="s1-s1-s1-t4" name="TC21 - Invalid Username">
<kw name="Login With Invalid Credentials Should Fail" library="AdminLoginPage">
<arguments>
<arg>${INVALID_USERNAME}</arg>
<arg>${PASSWORD}</arg>
<arg>${ERROR_MESSAGE}</arg>
</arguments>
<kw name="Login Admin Site" library="AdminLoginPage">
<arguments>
<arg>${arg_invalid_username}</arg>
<arg>${arg_invalid_password}</arg>
</arguments>
<kw name="Log To Console" library="BuiltIn">
<doc>Logs the given message to the console.</doc>
<arguments>
<arg>Login to Joomla</arg>
</arguments>
<status status="PASS" starttime="20190523 10:02:10.670" endtime="20190523 10:02:10.670"></status>
</kw>
<kw name="Input Text" library="Selenium2Library">
<doc>Types the given ``text`` into text field identified by ``locator``.</doc>
<arguments>
<arg>${txt_username}</arg>
<arg>${arg_username}</arg>
</arguments>
<msg timestamp="20190523 10:02:10.670" level="INFO">Typing text 'abcd123' into text field 'id=mod-login-username'.</msg>
<status status="PASS" starttime="20190523 10:02:10.670" endtime="20190523 10:02:10.767"></status>
</kw>
<kw name="Input Text" library="Selenium2Library">
<doc>Types the given ``text`` into text field identified by ``locator``.</doc>
<arguments>
<arg>${txt_password}</arg>
<arg>${arg_password}</arg>
</arguments>
<msg timestamp="20190523 10:02:10.767" level="INFO">Typing text '123456789' into text field 'id=mod-login-password'.</msg>
<status status="PASS" starttime="20190523 10:02:10.767" endtime="20190523 10:02:11.026"></status>
</kw>
<kw name="Click Button" library="Selenium2Library">
<doc>Clicks button identified by ``locator``.</doc>
<arguments>
<arg>${btn_login}</arg>
</arguments>
<msg timestamp="20190523 10:02:11.026" level="INFO">Clicking button 'xpath=//div[@class="btn-group"]/button[@class="btn btn-primary btn-block btn-large login-button"]'.</msg>
<status status="PASS" starttime="20190523 10:02:11.026" endtime="20190523 10:02:11.586"></status>
</kw>
<status status="PASS" starttime="20190523 10:02:10.669" endtime="20190523 10:02:11.587"></status>
</kw>
<kw name="Login Should Have Failed" library="AdminLoginPage">
<arguments>
<arg>${arg_error_message}</arg>
</arguments>
<kw name="Element Text Should Be" library="Selenium2Library">
<doc>Verifies that element ``locator`` contains exact text ``expected``.</doc>
<arguments>
<arg>${lbl_warning_header}</arg>
<arg>${HEADER_TEXT}</arg>
</arguments>
<msg timestamp="20190523 10:02:11.588" level="INFO">Verifying element 'xpath=//div[@class="login well"]/div[@id="system-message-container"]/div[@class="alert "]/h4[@class="alert-heading"]' contains exact text 'Warning'.</msg>
<status status="PASS" starttime="20190523 10:02:11.588" endtime="20190523 10:02:11.621"></status>
</kw>
<kw name="Element Text Should Be" library="Selenium2Library">
<doc>Verifies that element ``locator`` contains exact text ``expected``.</doc>
<arguments>
<arg>${lbl_warning_message}</arg>
<arg>${arg_message}</arg>
</arguments>
<msg timestamp="20190523 10:02:11.622" level="INFO">Verifying element 'xpath=//div[@class="login well"]/div[@id="system-message-container"]/div[@class="alert "]/div[@class="alert-message"]' contains exact text 'Username and password do not match or you do not have an account yet.'.</msg>
<status status="PASS" starttime="20190523 10:02:11.621" endtime="20190523 10:02:11.652"></status>
</kw>
<status status="PASS" starttime="20190523 10:02:11.587" endtime="20190523 10:02:11.652"></status>
</kw>
<status status="PASS" starttime="20190523 10:02:10.669" endtime="20190523 10:02:11.652"></status>
</kw>
<status status="PASS" starttime="20190523 10:02:10.669" endtime="20190523 10:02:11.652" critical="yes"></status>
</test>
<test id="s1-s1-s1-t5" name="TC22 - Invalid Password">
<kw name="Login With Invalid Credentials Should Fail" library="AdminLoginPage">
<arguments>
<arg>${USERNAME}</arg>
<arg>${INVALID_PASSWORD}</arg>
<arg>${ERROR_MESSAGE}</arg>
</arguments>
<kw name="Login Admin Site" library="AdminLoginPage">
<arguments>
<arg>${arg_invalid_username}</arg>
<arg>${arg_invalid_password}</arg>
</arguments>
<kw name="Log To Console" library="BuiltIn">
<doc>Logs the given message to the console.</doc>
<arguments>
<arg>Login to Joomla</arg>
</arguments>
<status status="PASS" starttime="20190523 10:02:11.654" endtime="20190523 10:02:11.654"></status>
</kw>
<kw name="Input Text" library="Selenium2Library">
<doc>Types the given ``text`` into text field identified by ``locator``.</doc>
<arguments>
<arg>${txt_username}</arg>
<arg>${arg_username}</arg>
</arguments>
<msg timestamp="20190523 10:02:11.654" level="INFO">Typing text 'admin' into text field 'id=mod-login-username'.</msg>
<status status="PASS" starttime="20190523 10:02:11.654" endtime="20190523 10:02:11.713"></status>
</kw>
<kw name="Input Text" library="Selenium2Library">
<doc>Types the given ``text`` into text field identified by ``locator``.</doc>
<arguments>
<arg>${txt_password}</arg>
<arg>${arg_password}</arg>
</arguments>
<msg timestamp="20190523 10:02:11.714" level="INFO">Typing text 'zxcvbnm' into text field 'id=mod-login-password'.</msg>
<status status="PASS" starttime="20190523 10:02:11.714" endtime="20190523 10:02:11.803"></status>
</kw>
<kw name="Click Button" library="Selenium2Library">
<doc>Clicks button identified by ``locator``.</doc>
<arguments>
<arg>${btn_login}</arg>
</arguments>
<msg timestamp="20190523 10:02:11.803" level="INFO">Clicking button 'xpath=//div[@class="btn-group"]/button[@class="btn btn-primary btn-block btn-large login-button"]'.</msg>
<status status="PASS" starttime="20190523 10:02:11.803" endtime="20190523 10:02:12.438"></status>
</kw>
<status status="PASS" starttime="20190523 10:02:11.653" endtime="20190523 10:02:12.438"></status>
</kw>
<kw name="Login Should Have Failed" library="AdminLoginPage">
<arguments>
<arg>${arg_error_message}</arg>
</arguments>
<kw name="Element Text Should Be" library="Selenium2Library">
<doc>Verifies that element ``locator`` contains exact text ``expected``.</doc>
<arguments>
<arg>${lbl_warning_header}</arg>
<arg>${HEADER_TEXT}</arg>
</arguments>
<msg timestamp="20190523 10:02:12.439" level="INFO">Verifying element 'xpath=//div[@class="login well"]/div[@id="system-message-container"]/div[@class="alert "]/h4[@class="alert-heading"]' contains exact text 'Warning'.</msg>
<status status="PASS" starttime="20190523 10:02:12.439" endtime="20190523 10:02:12.562"></status>
</kw>
<kw name="Element Text Should Be" library="Selenium2Library">
<doc>Verifies that element ``locator`` contains exact text ``expected``.</doc>
<arguments>
<arg>${lbl_warning_message}</arg>
<arg>${arg_message}</arg>
</arguments>
<msg timestamp="20190523 10:02:12.563" level="INFO">Verifying element 'xpath=//div[@class="login well"]/div[@id="system-message-container"]/div[@class="alert "]/div[@class="alert-message"]' contains exact text 'Username and password do not match or you do not have an account yet.'.</msg>
<status status="PASS" starttime="20190523 10:02:12.563" endtime="20190523 10:02:12.590"></status>
</kw>
<status status="PASS" starttime="20190523 10:02:12.438" endtime="20190523 10:02:12.590"></status>
</kw>
<status status="PASS" starttime="20190523 10:02:11.653" endtime="20190523 10:02:12.590"></status>
</kw>
<status status="PASS" starttime="20190523 10:02:11.653" endtime="20190523 10:02:12.590" critical="yes"></status>
</test>
<test id="s1-s1-s1-t6" name="TC23 - Invalid Username And Password">
<kw name="Login With Invalid Credentials Should Fail" library="AdminLoginPage">
<arguments>
<arg>${INVALID_USERNAME}</arg>
<arg>${INVALID_PASSWORD}</arg>
<arg>${ERROR_MESSAGE}</arg>
</arguments>
<kw name="Login Admin Site" library="AdminLoginPage">
<arguments>
<arg>${arg_invalid_username}</arg>
<arg>${arg_invalid_password}</arg>
</arguments>
<kw name="Log To Console" library="BuiltIn">
<doc>Logs the given message to the console.</doc>
<arguments>
<arg>Login to Joomla</arg>
</arguments>
<status status="PASS" starttime="20190523 10:02:12.592" endtime="20190523 10:02:12.592"></status>
</kw>
<kw name="Input Text" library="Selenium2Library">
<doc>Types the given ``text`` into text field identified by ``locator``.</doc>
<arguments>
<arg>${txt_username}</arg>
<arg>${arg_username}</arg>
</arguments>
<msg timestamp="20190523 10:02:12.592" level="INFO">Typing text 'abcd123' into text field 'id=mod-login-username'.</msg>
<status status="PASS" starttime="20190523 10:02:12.592" endtime="20190523 10:02:12.760"></status>
</kw>
<kw name="Input Text" library="Selenium2Library">
<doc>Types the given ``text`` into text field identified by ``locator``.</doc>
<arguments>
<arg>${txt_password}</arg>
<arg>${arg_password}</arg>
</arguments>
<msg timestamp="20190523 10:02:12.760" level="INFO">Typing text 'zxcvbnm' into text field 'id=mod-login-password'.</msg>
<status status="PASS" starttime="20190523 10:02:12.760" endtime="20190523 10:02:12.848"></status>
</kw>
<kw name="Click Button" library="Selenium2Library">
<doc>Clicks button identified by ``locator``.</doc>
<arguments>
<arg>${btn_login}</arg>
</arguments>
<msg timestamp="20190523 10:02:12.849" level="INFO">Clicking button 'xpath=//div[@class="btn-group"]/button[@class="btn btn-primary btn-block btn-large login-button"]'.</msg>
<status status="PASS" starttime="20190523 10:02:12.848" endtime="20190523 10:02:13.500"></status>
</kw>
<status status="PASS" starttime="20190523 10:02:12.592" endtime="20190523 10:02:13.501"></status>
</kw>
<kw name="Login Should Have Failed" library="AdminLoginPage">
<arguments>
<arg>${arg_error_message}</arg>
</arguments>
<kw name="Element Text Should Be" library="Selenium2Library">
<doc>Verifies that element ``locator`` contains exact text ``expected``.</doc>
<arguments>
<arg>${lbl_warning_header}</arg>
<arg>${HEADER_TEXT}</arg>
</arguments>
<msg timestamp="20190523 10:02:13.501" level="INFO">Verifying element 'xpath=//div[@class="login well"]/div[@id="system-message-container"]/div[@class="alert "]/h4[@class="alert-heading"]' contains exact text 'Warning'.</msg>
<status status="PASS" starttime="20190523 10:02:13.501" endtime="20190523 10:02:13.527"></status>
</kw>
<kw name="Element Text Should Be" library="Selenium2Library">
<doc>Verifies that element ``locator`` contains exact text ``expected``.</doc>
<arguments>
<arg>${lbl_warning_message}</arg>
<arg>${arg_message}</arg>
</arguments>
<msg timestamp="20190523 10:02:13.528" level="INFO">Verifying element 'xpath=//div[@class="login well"]/div[@id="system-message-container"]/div[@class="alert "]/div[@class="alert-message"]' contains exact text 'Username and password do not match or you do not have an account yet.'.</msg>
<status status="PASS" starttime="20190523 10:02:13.528" endtime="20190523 10:02:13.549"></status>
</kw>
<status status="PASS" starttime="20190523 10:02:13.501" endtime="20190523 10:02:13.549"></status>
</kw>
<status status="PASS" starttime="20190523 10:02:12.591" endtime="20190523 10:02:13.549"></status>
</kw>
<status status="PASS" starttime="20190523 10:02:12.590" endtime="20190523 10:02:13.550" critical="yes"></status>
</test>
<kw name="Teardown" library="Setup" type="teardown">
<kw name="Close All Browsers" library="Selenium2Library">
<doc>Closes all open browsers and resets the browser cache.</doc>
<status status="PASS" starttime="20190523 10:02:13.551" endtime="20190523 10:02:15.678"></status>
</kw>
<kw name="Percy Finalize Build" library="PercyClient">
<status status="PASS" starttime="20190523 10:02:15.678" endtime="20190523 10:02:16.686"></status>
</kw>
<status status="PASS" starttime="20190523 10:02:13.550" endtime="20190523 10:02:16.686"></status>
</kw>
<status status="PASS" starttime="20190523 10:01:56.239" endtime="20190523 10:02:16.686"></status>
</suite>
<status status="PASS" starttime="20190523 10:01:56.237" endtime="20190523 10:02:16.689"></status>
</suite>
<status status="PASS" starttime="20190523 10:01:56.208" endtime="20190523 10:02:16.690"></status>
</suite>
<statistics>
<total>
<stat pass="6" fail="0">Critical Tests</stat>
<stat pass="6" fail="0">All Tests</stat>
</total>
<tag>
</tag>
<suite>
<stat pass="6" fail="0" id="s1" name="Tests">Tests</stat>
<stat pass="6" fail="0" id="s1-s1" name="FunctionalTests">Tests.FunctionalTests</stat>
<stat pass="6" fail="0" id="s1-s1-s1" name="AdminDataDrivenLoginTest">Tests.FunctionalTests.AdminDataDrivenLoginTest</stat>
</suite>
</statistics>
<errors>
<msg timestamp="20190523 10:01:56.208" level="ERROR">Taking listener 'allure-robotframework' into use failed: Importing listener 'allure-robotframework' failed: ModuleNotFoundError: No module named 'allure-robotframework'
Traceback (most recent call last):
  None
PYTHONPATH:
  C:\Users\InternDN19.01.07\AppData\Local\Programs\Python\Python37\Scripts\robot.exe
  c:\users\interndn19.01.07\appdata\local\programs\python\python37\python37.zip
  c:\users\interndn19.01.07\appdata\local\programs\python\python37\DLLs
  c:\users\interndn19.01.07\appdata\local\programs\python\python37\lib
  c:\users\interndn19.01.07\appdata\local\programs\python\python37
  c:\users\interndn19.01.07\appdata\local\programs\python\python37\lib\site-packages
  c:\users\interndn19.01.07\appdata\local\programs\python\python37\lib\site-packages\win32
  c:\users\interndn19.01.07\appdata\local\programs\python\python37\lib\site-packages\win32\lib
  c:\users\interndn19.01.07\appdata\local\programs\python\python37\lib\site-packages\Pythonwin</msg>
</errors>
</robot>
