==============================================================================
Suites                                                                        
==============================================================================
Suites.AdminCategoryTest                                                      
==============================================================================
path
TC05 - Verify That Admin Can Add A New Category                       Login to Joomla
| FAIL |
NoSuchWindowException: Message: no such window: target window already closed
from unknown error: web view not found
  (Session info: chrome=73.0.3683.103)
  (Driver info: chromedriver=73.0.3683.68 (47787ec04b6e38e22703e856e101e840b65afe72),platform=Windows NT 10.0.17134 x86_64)
------------------------------------------------------------------------------
TC06 - Verify That Admin Can Edit Category Information                Login to Joomla
| FAIL |
NoSuchWindowException: Message: no such window: target window already closed
from unknown error: web view not found
  (Session info: chrome=73.0.3683.103)
  (Driver info: chromedriver=73.0.3683.68 (47787ec04b6e38e22703e856e101e840b65afe72),platform=Windows NT 10.0.17134 x86_64)
------------------------------------------------------------------------------
TC07 - Verify That Admin Can Delete A New Category                    Login to Joomla
| FAIL |
NoSuchWindowException: Message: no such window: target window already closed
from unknown error: web view not found
  (Session info: chrome=73.0.3683.103)
  (Driver info: chromedriver=73.0.3683.68 (47787ec04b6e38e22703e856e101e840b65afe72),platform=Windows NT 10.0.17134 x86_64)
------------------------------------------------------------------------------
TC08 - Verify That Admin Can Unpublish A Category                     Login to Joomla
| FAIL |
NoSuchWindowException: Message: no such window: target window already closed
from unknown error: web view not found
  (Session info: chrome=73.0.3683.103)
  (Driver info: chromedriver=73.0.3683.68 (47787ec04b6e38e22703e856e101e840b65afe72),platform=Windows NT 10.0.17134 x86_64)
------------------------------------------------------------------------------
Suites.AdminCategoryTest                                              | FAIL |
4 critical tests, 0 passed, 4 failed
4 tests total, 0 passed, 4 failed
==============================================================================
Suites                                                                | FAIL |
4 critical tests, 0 passed, 4 failed
4 tests total, 0 passed, 4 failed
==============================================================================
Output:  C:\Users\InternDN19.01.02\eclipse-workspace\RobotTeam2\RobotFrameworkProject\Tests\Reports\RunParallelTest\pabot_results\Suites.AdminCategoryTest\output.xml
