<?xml version="1.0" encoding="UTF-8"?>
<robot generator="Robot 3.1.1 (Python 3.7.3 on win32)" generated="20190521 13:54:30.770" rpa="false">
<suite id="s1" name="FunctionalTests" source="C:\Users\InternDN19.01.02\eclipse-workspace\RobotTeam2\RobotFrameworkProject\Tests\FunctionalTests">
<suite id="s1-s1" name="AdminDataDrivenLoginTest" source="C:\Users\InternDN19.01.02\eclipse-workspace\RobotTeam2\RobotFrameworkProject\Tests\FunctionalTests\AdminDataDrivenLoginTest.robot">
<kw name="Setup" library="Setup" type="setup">
<kw name="Normalize Path" library="OperatingSystem">
<doc>Normalizes the given path.</doc>
<arguments>
<arg>path</arg>
<arg>/RobotTeam2/RobotFrameworkProject/Resources/chromedriver.exe</arg>
</arguments>
<assign>
<var>${PATH}</var>
</assign>
<msg timestamp="20190521 13:54:31.443" level="INFO">${PATH} = path</msg>
<status status="PASS" starttime="20190521 13:54:31.442" endtime="20190521 13:54:31.443"></status>
</kw>
<kw name="Log To Console" library="BuiltIn">
<doc>Logs the given message to the console.</doc>
<arguments>
<arg>${PATH}</arg>
</arguments>
<status status="PASS" starttime="20190521 13:54:31.447" endtime="20190521 13:54:31.448"></status>
</kw>
<kw name="Append To Environment Variable" library="OperatingSystem">
<doc>Appends given ``values`` to environment variable ``name``.</doc>
<arguments>
<arg>${PATH}</arg>
<arg>${PATH}</arg>
</arguments>
<msg timestamp="20190521 13:54:31.449" level="INFO">Environment variable 'path' set to value 'C:\Users\InternDN19.01.02\bin;C:\Program Files\Git\mingw64\bin;C:\Program Files\Git\usr\local\bin;C:\Program Files\Git\usr\bin;C:\Program Files\Git\usr\bin;C:\Program Files\Git\mingw64\bin;C:\Program Files\Git\usr\bin;C:\Users\InternDN19.01.02\bin;C:\Program Files (x86)\Common Files\Oracle\Java\javapath;C:\Program Files (x86)\Intel\iCLS Client;C:\Program Files\Intel\iCLS Client;C:\Windows\System32\cmd.exe;C:\Windows;C:\Windows\System32\Wbem;C:\Windows\System32\WindowsPowerShell\v1.0;C:\Windows\System32\OpenSSH;C:\Program Files\Intel\Intel(R) Management Engine Components\DAL;C:\Program Files\Intel\Intel(R) Management Engine Components\IPT;C:\Program Files (x86)\Intel\Intel(R) Management Engine Components\DAL;C:\Program Files (x86)\Intel\Intel(R) Management Engine Components\IPT;C:\Program Files (x86)\Intel\OpenCL SDK\2.0\bin\x86;C:\Program Files (x86)\Intel\OpenCL SDK\2.0\bin\x64;C:\Program Files\Git\cmd;C:\Program Files\webdrivers;C:\xampp\php;C:\ProgramData\ComposerSetup\bin;C:\Program Files\nodejs;C:\Program Files\Java\jdk-12\bin;C:\apache-maven-3.6.1\bin;%PYTHONPATH%\python-3.7.3.exe;C:\Windows\system32;%M2_HOME%\bin;C:\Users\InternDN19.01.02\Documents\allure-2.10.0\bin;C:\Users\InternDN19.01.02\AppData\Local\Programs\Python\Python37\Scripts;C:\Users\InternDN19.01.02\AppData\Local\Programs\Python\Python37;C:\Users\InternDN19.01.02\AppData\Local\Microsoft\WindowsApps;C:\Users\InternDN19.01.02\AppData\Local\Programs\Microsoft VS Code\bin;C:\Users\InternDN19.01.02\AppData\Roaming\Composer\vendor\bin;C:\Users\InternDN19.01.02\AppData\Roaming\npm;C:\Program Files\Maven;C:\Program Files\nodejs;C:\Program Files\Git\usr\bin\vendor_perl;C:\Program Files\Git\usr\bin\core_perl;C:\users\interndn19.01.02\appdata\local\programs\python\python37\lib\site-packages\pywin32_system32;c:\users\interndn19.01.02\appdata\local\programs\python\python37\lib\site-packages\pywin32_system32;path'.</msg>
<status status="PASS" starttime="20190521 13:54:31.448" endtime="20190521 13:54:31.449"></status>
</kw>
<kw name="Open Browser" library="Selenium2Library">
<doc>Opens a new browser instance to the given ``url``.</doc>
<arguments>
<arg>${ROOT}</arg>
<arg>${BROWSER}</arg>
</arguments>
<msg timestamp="20190521 13:54:31.456" level="INFO">Opening browser 'Chrome' to base url 'http://192.168.189.72/joomla/administrator/'.</msg>
<status status="PASS" starttime="20190521 13:54:31.455" endtime="20190521 13:54:36.974"></status>
</kw>
<kw name="Maximize Browser Window" library="Selenium2Library">
<doc>Maximizes current browser window.</doc>
<status status="PASS" starttime="20190521 13:54:36.979" endtime="20190521 13:54:38.114"></status>
</kw>
<kw name="Percy Initialize Build" library="PercySetup">
<arguments>
<arg>${PERCY_TOKEN}</arg>
</arguments>
<status status="PASS" starttime="20190521 13:54:38.115" endtime="20190521 13:54:40.886"></status>
</kw>
<status status="PASS" starttime="20190521 13:54:31.441" endtime="20190521 13:54:40.887"></status>
</kw>
<test id="s1-s1-t1" name="TC18 - Empty Username">
<kw name="Login With Invalid Credentials Should Fail" library="AdminLoginPage">
<arguments>
<arg>${EMPTY}</arg>
<arg>${PASSWORD}</arg>
<arg>${ERROR_MESSAGE}</arg>
</arguments>
<kw name="Login Admin Site" library="AdminLoginPage">
<arguments>
<arg>${arg_invalid_username}</arg>
<arg>${arg_invalid_password}</arg>
</arguments>
<kw name="Log To Console" library="BuiltIn">
<doc>Logs the given message to the console.</doc>
<arguments>
<arg>Login to Joomla</arg>
</arguments>
<status status="PASS" starttime="20190521 13:54:40.892" endtime="20190521 13:54:40.893"></status>
</kw>
<kw name="Input Text" library="Selenium2Library">
<doc>Types the given ``text`` into text field identified by ``locator``.</doc>
<arguments>
<arg>${txt_username}</arg>
<arg>${arg_username}</arg>
</arguments>
<msg timestamp="20190521 13:54:40.896" level="INFO">Typing text '' into text field 'id=mod-login-username'.</msg>
<status status="PASS" starttime="20190521 13:54:40.894" endtime="20190521 13:54:41.019"></status>
</kw>
<kw name="Input Text" library="Selenium2Library">
<doc>Types the given ``text`` into text field identified by ``locator``.</doc>
<arguments>
<arg>${txt_password}</arg>
<arg>${arg_password}</arg>
</arguments>
<msg timestamp="20190521 13:54:41.023" level="INFO">Typing text '123456789' into text field 'id=mod-login-password'.</msg>
<status status="PASS" starttime="20190521 13:54:41.022" endtime="20190521 13:54:41.175"></status>
</kw>
<kw name="Click Button" library="Selenium2Library">
<doc>Clicks button identified by ``locator``.</doc>
<arguments>
<arg>${btn_login}</arg>
</arguments>
<msg timestamp="20190521 13:54:41.179" level="INFO">Clicking button 'xpath=//div[@class="btn-group"]/button[@class="btn btn-primary btn-block btn-large login-button"]'.</msg>
<status status="PASS" starttime="20190521 13:54:41.178" endtime="20190521 13:54:41.746"></status>
</kw>
<status status="PASS" starttime="20190521 13:54:40.890" endtime="20190521 13:54:41.751"></status>
</kw>
<kw name="Login Should Have Failed" library="AdminLoginPage">
<arguments>
<arg>${arg_error_message}</arg>
</arguments>
<kw name="Element Text Should Be" library="Selenium2Library">
<doc>Verifies that element ``locator`` contains exact text ``expected``.</doc>
<arguments>
<arg>${lbl_warning_header}</arg>
<arg>${HEADER_TEXT}</arg>
</arguments>
<msg timestamp="20190521 13:54:41.753" level="INFO">Verifying element 'xpath=//div[@class="login well"]/div[@id="system-message-container"]/div[@class="alert "]/h4[@class="alert-heading"]' contains exact text 'Warning'.</msg>
<status status="PASS" starttime="20190521 13:54:41.752" endtime="20190521 13:54:41.801"></status>
</kw>
<kw name="Element Text Should Be" library="Selenium2Library">
<doc>Verifies that element ``locator`` contains exact text ``expected``.</doc>
<arguments>
<arg>${lbl_warning_message}</arg>
<arg>${arg_message}</arg>
</arguments>
<msg timestamp="20190521 13:54:41.807" level="INFO">Verifying element 'xpath=//div[@class="login well"]/div[@id="system-message-container"]/div[@class="alert "]/div[@class="alert-message"]' contains exact text 'Username and password do not match or you do not have an account yet.'.</msg>
<status status="PASS" starttime="20190521 13:54:41.806" endtime="20190521 13:54:41.854"></status>
</kw>
<status status="PASS" starttime="20190521 13:54:41.751" endtime="20190521 13:54:41.859"></status>
</kw>
<status status="PASS" starttime="20190521 13:54:40.888" endtime="20190521 13:54:41.859"></status>
</kw>
<status status="PASS" starttime="20190521 13:54:40.887" endtime="20190521 13:54:41.860" critical="yes"></status>
</test>
<test id="s1-s1-t2" name="TC19 - Empty Password">
<kw name="Login With Invalid Credentials Should Fail" library="AdminLoginPage">
<arguments>
<arg>${USERNAME}</arg>
<arg>${EMPTY}</arg>
<arg>${ERROR_EMPTY_PASSWORD_MESSAGE}</arg>
</arguments>
<kw name="Login Admin Site" library="AdminLoginPage">
<arguments>
<arg>${arg_invalid_username}</arg>
<arg>${arg_invalid_password}</arg>
</arguments>
<kw name="Log To Console" library="BuiltIn">
<doc>Logs the given message to the console.</doc>
<arguments>
<arg>Login to Joomla</arg>
</arguments>
<status status="PASS" starttime="20190521 13:54:41.882" endtime="20190521 13:54:41.883"></status>
</kw>
<kw name="Input Text" library="Selenium2Library">
<doc>Types the given ``text`` into text field identified by ``locator``.</doc>
<arguments>
<arg>${txt_username}</arg>
<arg>${arg_username}</arg>
</arguments>
<msg timestamp="20190521 13:54:41.885" level="INFO">Typing text 'admin' into text field 'id=mod-login-username'.</msg>
<status status="PASS" starttime="20190521 13:54:41.884" endtime="20190521 13:54:41.989"></status>
</kw>
<kw name="Input Text" library="Selenium2Library">
<doc>Types the given ``text`` into text field identified by ``locator``.</doc>
<arguments>
<arg>${txt_password}</arg>
<arg>${arg_password}</arg>
</arguments>
<msg timestamp="20190521 13:54:42.005" level="INFO">Typing text '' into text field 'id=mod-login-password'.</msg>
<status status="PASS" starttime="20190521 13:54:42.004" endtime="20190521 13:54:42.088"></status>
</kw>
<kw name="Click Button" library="Selenium2Library">
<doc>Clicks button identified by ``locator``.</doc>
<arguments>
<arg>${btn_login}</arg>
</arguments>
<msg timestamp="20190521 13:54:42.093" level="INFO">Clicking button 'xpath=//div[@class="btn-group"]/button[@class="btn btn-primary btn-block btn-large login-button"]'.</msg>
<status status="PASS" starttime="20190521 13:54:42.093" endtime="20190521 13:54:42.681"></status>
</kw>
<status status="PASS" starttime="20190521 13:54:41.881" endtime="20190521 13:54:42.686"></status>
</kw>
<kw name="Login Should Have Failed" library="AdminLoginPage">
<arguments>
<arg>${arg_error_message}</arg>
</arguments>
<kw name="Element Text Should Be" library="Selenium2Library">
<doc>Verifies that element ``locator`` contains exact text ``expected``.</doc>
<arguments>
<arg>${lbl_warning_header}</arg>
<arg>${HEADER_TEXT}</arg>
</arguments>
<msg timestamp="20190521 13:54:42.688" level="INFO">Verifying element 'xpath=//div[@class="login well"]/div[@id="system-message-container"]/div[@class="alert "]/h4[@class="alert-heading"]' contains exact text 'Warning'.</msg>
<status status="PASS" starttime="20190521 13:54:42.688" endtime="20190521 13:54:42.750"></status>
</kw>
<kw name="Element Text Should Be" library="Selenium2Library">
<doc>Verifies that element ``locator`` contains exact text ``expected``.</doc>
<arguments>
<arg>${lbl_warning_message}</arg>
<arg>${arg_message}</arg>
</arguments>
<msg timestamp="20190521 13:54:42.873" level="INFO">Verifying element 'xpath=//div[@class="login well"]/div[@id="system-message-container"]/div[@class="alert "]/div[@class="alert-message"]' contains exact text 'Empty password not allowed.'.</msg>
<status status="PASS" starttime="20190521 13:54:42.872" endtime="20190521 13:54:42.935"></status>
</kw>
<status status="PASS" starttime="20190521 13:54:42.687" endtime="20190521 13:54:42.939"></status>
</kw>
<status status="PASS" starttime="20190521 13:54:41.880" endtime="20190521 13:54:42.940"></status>
</kw>
<status status="PASS" starttime="20190521 13:54:41.871" endtime="20190521 13:54:42.940" critical="yes"></status>
</test>
<test id="s1-s1-t3" name="TC20 - Empty Username And Password">
<kw name="Login With Invalid Credentials Should Fail" library="AdminLoginPage">
<arguments>
<arg>${EMPTY}</arg>
<arg>${EMPTY}</arg>
<arg>${ERROR_EMPTY_PASSWORD_MESSAGE}</arg>
</arguments>
<kw name="Login Admin Site" library="AdminLoginPage">
<arguments>
<arg>${arg_invalid_username}</arg>
<arg>${arg_invalid_password}</arg>
</arguments>
<kw name="Log To Console" library="BuiltIn">
<doc>Logs the given message to the console.</doc>
<arguments>
<arg>Login to Joomla</arg>
</arguments>
<status status="PASS" starttime="20190521 13:54:42.979" endtime="20190521 13:54:42.980"></status>
</kw>
<kw name="Input Text" library="Selenium2Library">
<doc>Types the given ``text`` into text field identified by ``locator``.</doc>
<arguments>
<arg>${txt_username}</arg>
<arg>${arg_username}</arg>
</arguments>
<msg timestamp="20190521 13:54:42.981" level="INFO">Typing text '' into text field 'id=mod-login-username'.</msg>
<status status="PASS" starttime="20190521 13:54:42.980" endtime="20190521 13:54:43.105"></status>
</kw>
<kw name="Input Text" library="Selenium2Library">
<doc>Types the given ``text`` into text field identified by ``locator``.</doc>
<arguments>
<arg>${txt_password}</arg>
<arg>${arg_password}</arg>
</arguments>
<msg timestamp="20190521 13:54:43.112" level="INFO">Typing text '' into text field 'id=mod-login-password'.</msg>
<status status="PASS" starttime="20190521 13:54:43.112" endtime="20190521 13:54:43.252"></status>
</kw>
<kw name="Click Button" library="Selenium2Library">
<doc>Clicks button identified by ``locator``.</doc>
<arguments>
<arg>${btn_login}</arg>
</arguments>
<msg timestamp="20190521 13:54:43.257" level="INFO">Clicking button 'xpath=//div[@class="btn-group"]/button[@class="btn btn-primary btn-block btn-large login-button"]'.</msg>
<status status="PASS" starttime="20190521 13:54:43.257" endtime="20190521 13:54:43.710"></status>
</kw>
<status status="PASS" starttime="20190521 13:54:42.978" endtime="20190521 13:54:43.716"></status>
</kw>
<kw name="Login Should Have Failed" library="AdminLoginPage">
<arguments>
<arg>${arg_error_message}</arg>
</arguments>
<kw name="Element Text Should Be" library="Selenium2Library">
<doc>Verifies that element ``locator`` contains exact text ``expected``.</doc>
<arguments>
<arg>${lbl_warning_header}</arg>
<arg>${HEADER_TEXT}</arg>
</arguments>
<msg timestamp="20190521 13:54:43.718" level="INFO">Verifying element 'xpath=//div[@class="login well"]/div[@id="system-message-container"]/div[@class="alert "]/h4[@class="alert-heading"]' contains exact text 'Warning'.</msg>
<status status="PASS" starttime="20190521 13:54:43.717" endtime="20190521 13:54:43.768"></status>
</kw>
<kw name="Element Text Should Be" library="Selenium2Library">
<doc>Verifies that element ``locator`` contains exact text ``expected``.</doc>
<arguments>
<arg>${lbl_warning_message}</arg>
<arg>${arg_message}</arg>
</arguments>
<msg timestamp="20190521 13:54:43.774" level="INFO">Verifying element 'xpath=//div[@class="login well"]/div[@id="system-message-container"]/div[@class="alert "]/div[@class="alert-message"]' contains exact text 'Empty password not allowed.'.</msg>
<status status="PASS" starttime="20190521 13:54:43.774" endtime="20190521 13:54:43.869"></status>
</kw>
<status status="PASS" starttime="20190521 13:54:43.716" endtime="20190521 13:54:43.877"></status>
</kw>
<status status="PASS" starttime="20190521 13:54:42.977" endtime="20190521 13:54:43.877"></status>
</kw>
<status status="PASS" starttime="20190521 13:54:42.975" endtime="20190521 13:54:43.878" critical="yes"></status>
</test>
<test id="s1-s1-t4" name="TC21 - Invalid Username">
<kw name="Login With Invalid Credentials Should Fail" library="AdminLoginPage">
<arguments>
<arg>${INVALID_USERNAME}</arg>
<arg>${PASSWORD}</arg>
<arg>${ERROR_MESSAGE}</arg>
</arguments>
<kw name="Login Admin Site" library="AdminLoginPage">
<arguments>
<arg>${arg_invalid_username}</arg>
<arg>${arg_invalid_password}</arg>
</arguments>
<kw name="Log To Console" library="BuiltIn">
<doc>Logs the given message to the console.</doc>
<arguments>
<arg>Login to Joomla</arg>
</arguments>
<status status="PASS" starttime="20190521 13:54:43.914" endtime="20190521 13:54:43.915"></status>
</kw>
<kw name="Input Text" library="Selenium2Library">
<doc>Types the given ``text`` into text field identified by ``locator``.</doc>
<arguments>
<arg>${txt_username}</arg>
<arg>${arg_username}</arg>
</arguments>
<msg timestamp="20190521 13:54:43.917" level="INFO">Typing text 'abcd123' into text field 'id=mod-login-username'.</msg>
<status status="PASS" starttime="20190521 13:54:43.915" endtime="20190521 13:54:44.081"></status>
</kw>
<kw name="Input Text" library="Selenium2Library">
<doc>Types the given ``text`` into text field identified by ``locator``.</doc>
<arguments>
<arg>${txt_password}</arg>
<arg>${arg_password}</arg>
</arguments>
<msg timestamp="20190521 13:54:44.092" level="INFO">Typing text '123456789' into text field 'id=mod-login-password'.</msg>
<status status="PASS" starttime="20190521 13:54:44.090" endtime="20190521 13:54:44.433"></status>
</kw>
<kw name="Click Button" library="Selenium2Library">
<doc>Clicks button identified by ``locator``.</doc>
<arguments>
<arg>${btn_login}</arg>
</arguments>
<msg timestamp="20190521 13:54:44.438" level="INFO">Clicking button 'xpath=//div[@class="btn-group"]/button[@class="btn btn-primary btn-block btn-large login-button"]'.</msg>
<status status="PASS" starttime="20190521 13:54:44.437" endtime="20190521 13:54:44.939"></status>
</kw>
<status status="PASS" starttime="20190521 13:54:43.913" endtime="20190521 13:54:44.944"></status>
</kw>
<kw name="Login Should Have Failed" library="AdminLoginPage">
<arguments>
<arg>${arg_error_message}</arg>
</arguments>
<kw name="Element Text Should Be" library="Selenium2Library">
<doc>Verifies that element ``locator`` contains exact text ``expected``.</doc>
<arguments>
<arg>${lbl_warning_header}</arg>
<arg>${HEADER_TEXT}</arg>
</arguments>
<msg timestamp="20190521 13:54:44.947" level="INFO">Verifying element 'xpath=//div[@class="login well"]/div[@id="system-message-container"]/div[@class="alert "]/h4[@class="alert-heading"]' contains exact text 'Warning'.</msg>
<status status="PASS" starttime="20190521 13:54:44.946" endtime="20190521 13:54:45.007"></status>
</kw>
<kw name="Element Text Should Be" library="Selenium2Library">
<doc>Verifies that element ``locator`` contains exact text ``expected``.</doc>
<arguments>
<arg>${lbl_warning_message}</arg>
<arg>${arg_message}</arg>
</arguments>
<msg timestamp="20190521 13:54:45.012" level="INFO">Verifying element 'xpath=//div[@class="login well"]/div[@id="system-message-container"]/div[@class="alert "]/div[@class="alert-message"]' contains exact text 'Username and password do not match or you do not have an account yet.'.</msg>
<status status="PASS" starttime="20190521 13:54:45.011" endtime="20190521 13:54:45.075"></status>
</kw>
<status status="PASS" starttime="20190521 13:54:44.945" endtime="20190521 13:54:45.097"></status>
</kw>
<status status="PASS" starttime="20190521 13:54:43.911" endtime="20190521 13:54:45.098"></status>
</kw>
<status status="PASS" starttime="20190521 13:54:43.910" endtime="20190521 13:54:45.098" critical="yes"></status>
</test>
<test id="s1-s1-t5" name="TC22 - Invalid Password">
<kw name="Login With Invalid Credentials Should Fail" library="AdminLoginPage">
<arguments>
<arg>${USERNAME}</arg>
<arg>${INVALID_PASSWORD}</arg>
<arg>${ERROR_MESSAGE}</arg>
</arguments>
<kw name="Login Admin Site" library="AdminLoginPage">
<arguments>
<arg>${arg_invalid_username}</arg>
<arg>${arg_invalid_password}</arg>
</arguments>
<kw name="Log To Console" library="BuiltIn">
<doc>Logs the given message to the console.</doc>
<arguments>
<arg>Login to Joomla</arg>
</arguments>
<status status="PASS" starttime="20190521 13:54:45.118" endtime="20190521 13:54:45.119"></status>
</kw>
<kw name="Input Text" library="Selenium2Library">
<doc>Types the given ``text`` into text field identified by ``locator``.</doc>
<arguments>
<arg>${txt_username}</arg>
<arg>${arg_username}</arg>
</arguments>
<msg timestamp="20190521 13:54:45.120" level="INFO">Typing text 'admin' into text field 'id=mod-login-username'.</msg>
<status status="PASS" starttime="20190521 13:54:45.119" endtime="20190521 13:54:45.268"></status>
</kw>
<kw name="Input Text" library="Selenium2Library">
<doc>Types the given ``text`` into text field identified by ``locator``.</doc>
<arguments>
<arg>${txt_password}</arg>
<arg>${arg_password}</arg>
</arguments>
<msg timestamp="20190521 13:54:45.281" level="INFO">Typing text 'zxcvbnm' into text field 'id=mod-login-password'.</msg>
<status status="PASS" starttime="20190521 13:54:45.275" endtime="20190521 13:54:45.438"></status>
</kw>
<kw name="Click Button" library="Selenium2Library">
<doc>Clicks button identified by ``locator``.</doc>
<arguments>
<arg>${btn_login}</arg>
</arguments>
<msg timestamp="20190521 13:54:45.598" level="INFO">Clicking button 'xpath=//div[@class="btn-group"]/button[@class="btn btn-primary btn-block btn-large login-button"]'.</msg>
<status status="PASS" starttime="20190521 13:54:45.597" endtime="20190521 13:54:46.221"></status>
</kw>
<status status="PASS" starttime="20190521 13:54:45.117" endtime="20190521 13:54:46.227"></status>
</kw>
<kw name="Login Should Have Failed" library="AdminLoginPage">
<arguments>
<arg>${arg_error_message}</arg>
</arguments>
<kw name="Element Text Should Be" library="Selenium2Library">
<doc>Verifies that element ``locator`` contains exact text ``expected``.</doc>
<arguments>
<arg>${lbl_warning_header}</arg>
<arg>${HEADER_TEXT}</arg>
</arguments>
<msg timestamp="20190521 13:54:46.229" level="INFO">Verifying element 'xpath=//div[@class="login well"]/div[@id="system-message-container"]/div[@class="alert "]/h4[@class="alert-heading"]' contains exact text 'Warning'.</msg>
<status status="PASS" starttime="20190521 13:54:46.228" endtime="20190521 13:54:46.298"></status>
</kw>
<kw name="Element Text Should Be" library="Selenium2Library">
<doc>Verifies that element ``locator`` contains exact text ``expected``.</doc>
<arguments>
<arg>${lbl_warning_message}</arg>
<arg>${arg_message}</arg>
</arguments>
<msg timestamp="20190521 13:54:46.304" level="INFO">Verifying element 'xpath=//div[@class="login well"]/div[@id="system-message-container"]/div[@class="alert "]/div[@class="alert-message"]' contains exact text 'Username and password do not match or you do not have an account yet.'.</msg>
<status status="PASS" starttime="20190521 13:54:46.303" endtime="20190521 13:54:46.357"></status>
</kw>
<status status="PASS" starttime="20190521 13:54:46.227" endtime="20190521 13:54:46.366"></status>
</kw>
<status status="PASS" starttime="20190521 13:54:45.117" endtime="20190521 13:54:46.367"></status>
</kw>
<status status="PASS" starttime="20190521 13:54:45.115" endtime="20190521 13:54:46.367" critical="yes"></status>
</test>
<test id="s1-s1-t6" name="TC23 - Invalid Username And Password">
<kw name="Login With Invalid Credentials Should Fail" library="AdminLoginPage">
<arguments>
<arg>${INVALID_USERNAME}</arg>
<arg>${INVALID_PASSWORD}</arg>
<arg>${ERROR_MESSAGE}</arg>
</arguments>
<kw name="Login Admin Site" library="AdminLoginPage">
<arguments>
<arg>${arg_invalid_username}</arg>
<arg>${arg_invalid_password}</arg>
</arguments>
<kw name="Log To Console" library="BuiltIn">
<doc>Logs the given message to the console.</doc>
<arguments>
<arg>Login to Joomla</arg>
</arguments>
<status status="PASS" starttime="20190521 13:54:46.456" endtime="20190521 13:54:46.457"></status>
</kw>
<kw name="Input Text" library="Selenium2Library">
<doc>Types the given ``text`` into text field identified by ``locator``.</doc>
<arguments>
<arg>${txt_username}</arg>
<arg>${arg_username}</arg>
</arguments>
<msg timestamp="20190521 13:54:46.458" level="INFO">Typing text 'abcd123' into text field 'id=mod-login-username'.</msg>
<status status="PASS" starttime="20190521 13:54:46.457" endtime="20190521 13:54:46.631"></status>
</kw>
<kw name="Input Text" library="Selenium2Library">
<doc>Types the given ``text`` into text field identified by ``locator``.</doc>
<arguments>
<arg>${txt_password}</arg>
<arg>${arg_password}</arg>
</arguments>
<msg timestamp="20190521 13:54:46.705" level="INFO">Typing text 'zxcvbnm' into text field 'id=mod-login-password'.</msg>
<status status="PASS" starttime="20190521 13:54:46.705" endtime="20190521 13:54:46.924"></status>
</kw>
<kw name="Click Button" library="Selenium2Library">
<doc>Clicks button identified by ``locator``.</doc>
<arguments>
<arg>${btn_login}</arg>
</arguments>
<msg timestamp="20190521 13:54:46.978" level="INFO">Clicking button 'xpath=//div[@class="btn-group"]/button[@class="btn btn-primary btn-block btn-large login-button"]'.</msg>
<status status="PASS" starttime="20190521 13:54:46.977" endtime="20190521 13:54:47.508"></status>
</kw>
<status status="PASS" starttime="20190521 13:54:46.455" endtime="20190521 13:54:47.514"></status>
</kw>
<kw name="Login Should Have Failed" library="AdminLoginPage">
<arguments>
<arg>${arg_error_message}</arg>
</arguments>
<kw name="Element Text Should Be" library="Selenium2Library">
<doc>Verifies that element ``locator`` contains exact text ``expected``.</doc>
<arguments>
<arg>${lbl_warning_header}</arg>
<arg>${HEADER_TEXT}</arg>
</arguments>
<msg timestamp="20190521 13:54:47.517" level="INFO">Verifying element 'xpath=//div[@class="login well"]/div[@id="system-message-container"]/div[@class="alert "]/h4[@class="alert-heading"]' contains exact text 'Warning'.</msg>
<status status="PASS" starttime="20190521 13:54:47.516" endtime="20190521 13:54:47.559"></status>
</kw>
<kw name="Element Text Should Be" library="Selenium2Library">
<doc>Verifies that element ``locator`` contains exact text ``expected``.</doc>
<arguments>
<arg>${lbl_warning_message}</arg>
<arg>${arg_message}</arg>
</arguments>
<msg timestamp="20190521 13:54:47.757" level="INFO">Verifying element 'xpath=//div[@class="login well"]/div[@id="system-message-container"]/div[@class="alert "]/div[@class="alert-message"]' contains exact text 'Username and password do not match or you do not have an account yet.'.</msg>
<status status="PASS" starttime="20190521 13:54:47.756" endtime="20190521 13:54:47.870"></status>
</kw>
<status status="PASS" starttime="20190521 13:54:47.514" endtime="20190521 13:54:47.875"></status>
</kw>
<status status="PASS" starttime="20190521 13:54:46.454" endtime="20190521 13:54:47.876"></status>
</kw>
<status status="PASS" starttime="20190521 13:54:46.452" endtime="20190521 13:54:47.876" critical="yes"></status>
</test>
<kw name="Teardown" library="Setup" type="teardown">
<kw name="Close All Browsers" library="Selenium2Library">
<doc>Closes all open browsers and resets the browser cache.</doc>
<status status="PASS" starttime="20190521 13:54:47.894" endtime="20190521 13:54:51.292"></status>
</kw>
<kw name="Percy Finalize Build" library="PercySetup">
<status status="PASS" starttime="20190521 13:54:51.293" endtime="20190521 13:54:52.308"></status>
</kw>
<status status="PASS" starttime="20190521 13:54:47.893" endtime="20190521 13:54:52.308"></status>
</kw>
<status status="PASS" starttime="20190521 13:54:30.956" endtime="20190521 13:54:52.309"></status>
</suite>
<status status="PASS" starttime="20190521 13:54:30.911" endtime="20190521 13:54:52.325"></status>
</suite>
<statistics>
<total>
<stat pass="6" fail="0">Critical Tests</stat>
<stat pass="6" fail="0">All Tests</stat>
</total>
<tag>
</tag>
<suite>
<stat pass="6" fail="0" id="s1" name="FunctionalTests">FunctionalTests</stat>
<stat pass="6" fail="0" id="s1-s1" name="AdminDataDrivenLoginTest">FunctionalTests.AdminDataDrivenLoginTest</stat>
</suite>
</statistics>
<errors>
</errors>
</robot>
