<?xml version="1.0" encoding="UTF-8"?>
<robot generator="Robot 3.1.1 (Python 3.7.3 on win32)" generated="20190521 14:53:04.329" rpa="false">
<suite id="s1" name="RobotFrameworkProject" source="C:\Users\InternDN19.01.07\Desktop\Intern19_DinhThiAnhThao\Project_Phase1_Researching\project\RobotTeam2\RobotFrameworkProject">
<suite id="s1-s1" name="Tests" source="C:\Users\InternDN19.01.07\Desktop\Intern19_DinhThiAnhThao\Project_Phase1_Researching\project\RobotTeam2\RobotFrameworkProject\Tests">
<suite id="s1-s1-s1" name="FunctionalTests" source="C:\Users\InternDN19.01.07\Desktop\Intern19_DinhThiAnhThao\Project_Phase1_Researching\project\RobotTeam2\RobotFrameworkProject\Tests\FunctionalTests">
<suite id="s1-s1-s1-s1" name="AdminUpdateProfileTest" source="C:\Users\InternDN19.01.07\Desktop\Intern19_DinhThiAnhThao\Project_Phase1_Researching\project\RobotTeam2\RobotFrameworkProject\Tests\FunctionalTests\AdminUpdateProfileTest.robot">
<kw name="Setup" library="Setup" type="setup">
<kw name="Normalize Path" library="OperatingSystem">
<doc>Normalizes the given path.</doc>
<arguments>
<arg>path</arg>
<arg>/RobotTeam2/RobotFrameworkProject/Resources/chromedriver.exe</arg>
</arguments>
<assign>
<var>${PATH}</var>
</assign>
<msg timestamp="20190521 14:53:04.764" level="INFO">${PATH} = path</msg>
<status status="PASS" starttime="20190521 14:53:04.763" endtime="20190521 14:53:04.764"></status>
</kw>
<kw name="Log To Console" library="BuiltIn">
<doc>Logs the given message to the console.</doc>
<arguments>
<arg>${PATH}</arg>
</arguments>
<status status="PASS" starttime="20190521 14:53:04.765" endtime="20190521 14:53:04.766"></status>
</kw>
<kw name="Append To Environment Variable" library="OperatingSystem">
<doc>Appends given ``values`` to environment variable ``name``.</doc>
<arguments>
<arg>${PATH}</arg>
<arg>${PATH}</arg>
</arguments>
<msg timestamp="20190521 14:53:04.767" level="INFO">Environment variable 'path' set to value 'C:\Users\InternDN19.01.07\bin;C:\Program Files\Git\mingw64\bin;C:\Program Files\Git\usr\local\bin;C:\Program Files\Git\usr\bin;C:\Program Files\Git\usr\bin;C:\Program Files\Git\mingw64\bin;C:\Program Files\Git\usr\bin;C:\Users\InternDN19.01.07\bin;C:\Python37;C:\Python37\Scripts;C:\Program Files (x86)\Common Files\Oracle\Java\javapath;C:\Program Files (x86)\Intel\Intel(R) Management Engine Components\iCLS;C:\Program Files\Intel\Intel(R) Management Engine Components\iCLS;C:\Windows\system32;C:\Windows;C:\Windows\System32\Wbem;C:\Windows\System32\WindowsPowerShell\v1.0;C:\Windows\System32\OpenSSH;C:\Program Files (x86)\Intel\Intel(R) Management Engine Components\DAL;C:\Program Files\Intel\Intel(R) Management Engine Components\DAL;C:\Program Files (x86)\Intel\Intel(R) Management Engine Components\IPT;C:\Program Files\Intel\Intel(R) Management Engine Components\IPT;C:\Program Files\Git\cmd;C:\Python27\Lib\site-packages;C:\Users\InternDN19.01.07\Desktop\Intern19_DinhThiAnhThao\SeleniumWebdriver;C:\xampp\php;C:\composer;C:\Program Files\nodejs;C:\Program Files\maven\apache-maven-3.6.1\bin;C:\Program Files\Java\jdk1.8.0_201\bin;C:\Users\InternDN19.01.07\Downloads\allure-2.10.0\bin;C:\Users\InternDN19.01.07\AppData\Local\Programs\Python\Python37\Scripts;C:\Users\InternDN19.01.07\AppData\Local\Programs\Python\Python37;C:\Users\InternDN19.01.07\AppData\Local\Microsoft\WindowsApps;C:\Users\InternDN19.01.07\AppData\Local\Programs\Microsoft VS Code\bin;C:\Users\InternDN19.01.07\AppData\Roaming\Composer\vendor\bin;C:\Users\InternDN19.01.07\AppData\Roaming\npm;C:\Program Files\Git\usr\bin\vendor_perl;C:\Program Files\Git\usr\bin\core_perl;C:\users\interndn19.01.07\appdata\local\programs\python\python37\lib\site-packages\pywin32_system32;c:\users\interndn19.01.07\appdata\local\programs\python\python37\lib\site-packages\pywin32_system32;path'.</msg>
<status status="PASS" starttime="20190521 14:53:04.766" endtime="20190521 14:53:04.767"></status>
</kw>
<kw name="Open Browser" library="Selenium2Library">
<doc>Opens a new browser instance to the given ``url``.</doc>
<arguments>
<arg>${ROOT}</arg>
<arg>${BROWSER}</arg>
</arguments>
<msg timestamp="20190521 14:53:04.769" level="INFO">Opening browser 'Chrome' to base url 'http://192.168.189.72/joomla/administrator/'.</msg>
<status status="PASS" starttime="20190521 14:53:04.768" endtime="20190521 14:53:09.895"></status>
</kw>
<kw name="Maximize Browser Window" library="Selenium2Library">
<doc>Maximizes current browser window.</doc>
<status status="PASS" starttime="20190521 14:53:10.116" endtime="20190521 14:53:11.241"></status>
</kw>
<kw name="Percy Initialize Build" library="PercySetup">
<arguments>
<arg>${PERCY_TOKEN}</arg>
</arguments>
<status status="PASS" starttime="20190521 14:53:11.241" endtime="20190521 14:53:12.013"></status>
</kw>
<status status="PASS" starttime="20190521 14:53:04.763" endtime="20190521 14:53:12.013"></status>
</kw>
<test id="s1-s1-s1-s1-t1" name="TC13 - Update Admin Profile Successfully">
<kw name="Login Admin Site" library="AdminLoginPage">
<arguments>
<arg>${USERNAME1}</arg>
<arg>${PASSWORD1}</arg>
</arguments>
<kw name="Log To Console" library="BuiltIn">
<doc>Logs the given message to the console.</doc>
<arguments>
<arg>Login to Joomla</arg>
</arguments>
<status status="PASS" starttime="20190521 14:53:12.014" endtime="20190521 14:53:12.015"></status>
</kw>
<kw name="Input Text" library="Selenium2Library">
<doc>Types the given ``text`` into text field identified by ``locator``.</doc>
<arguments>
<arg>${txt_username}</arg>
<arg>${arg_username}</arg>
</arguments>
<msg timestamp="20190521 14:53:12.015" level="INFO">Typing text 'hihi' into text field 'id=mod-login-username'.</msg>
<status status="PASS" starttime="20190521 14:53:12.015" endtime="20190521 14:53:12.116"></status>
</kw>
<kw name="Input Text" library="Selenium2Library">
<doc>Types the given ``text`` into text field identified by ``locator``.</doc>
<arguments>
<arg>${txt_password}</arg>
<arg>${arg_password}</arg>
</arguments>
<msg timestamp="20190521 14:53:12.120" level="INFO">Typing text '1234567890' into text field 'id=mod-login-password'.</msg>
<status status="PASS" starttime="20190521 14:53:12.119" endtime="20190521 14:53:12.305"></status>
</kw>
<kw name="Click Button" library="Selenium2Library">
<doc>Clicks button identified by ``locator``.</doc>
<arguments>
<arg>${btn_login}</arg>
</arguments>
<msg timestamp="20190521 14:53:12.307" level="INFO">Clicking button 'xpath=//div[@class="btn-group"]/button[@class="btn btn-primary btn-block btn-large login-button"]'.</msg>
<status status="PASS" starttime="20190521 14:53:12.307" endtime="20190521 14:53:14.045"></status>
</kw>
<status status="PASS" starttime="20190521 14:53:12.014" endtime="20190521 14:53:14.046"></status>
</kw>
<kw name="Go To Admin Profile Page" library="AdminProfilePage">
<kw name="Click Element" library="Selenium2Library">
<doc>Click element identified by ``locator``.</doc>
<arguments>
<arg>${icn_user}</arg>
</arguments>
<msg timestamp="20190521 14:53:14.047" level="INFO">Clicking element 'xpath=//a/span[@class="icon-user"]'.</msg>
<status status="PASS" starttime="20190521 14:53:14.047" endtime="20190521 14:53:14.165"></status>
</kw>
<kw name="Wait Until Element Is Visible" library="Selenium2Library">
<doc>Waits until element ``locator`` is visible.</doc>
<arguments>
<arg>${lbl_edit_profile}</arg>
</arguments>
<status status="PASS" starttime="20190521 14:53:14.167" endtime="20190521 14:53:14.213"></status>
</kw>
<kw name="Click Element" library="Selenium2Library">
<doc>Click element identified by ``locator``.</doc>
<arguments>
<arg>${lbl_edit_profile}</arg>
</arguments>
<msg timestamp="20190521 14:53:14.214" level="INFO">Clicking element 'xpath=//ul[@class="nav nav-user pull-right nav-hover"]//a[text()="Edit Account"]'.</msg>
<status status="PASS" starttime="20190521 14:53:14.214" endtime="20190521 14:53:16.226"></status>
</kw>
<status status="PASS" starttime="20190521 14:53:14.046" endtime="20190521 14:53:16.227"></status>
</kw>
<kw name="Generate Random String" library="String">
<doc>Generates a string with a desired ``length`` from the given ``chars``.</doc>
<arguments>
<arg>4</arg>
<arg>[LETTERS]</arg>
</arguments>
<assign>
<var>${RANEMIAL}</var>
</assign>
<msg timestamp="20190521 14:53:16.228" level="INFO">${RANEMIAL} = EdKL</msg>
<status status="PASS" starttime="20190521 14:53:16.228" endtime="20190521 14:53:16.228"></status>
</kw>
<kw name="Fill Out And Submit Update Information" library="AdminProfilePage">
<arguments>
<arg>${UPDATE_NAME}</arg>
<arg>${UPDATE_PASSWORD}</arg>
<arg>${UPDATE_PASSWORD}</arg>
<arg>${RANEMIAL}@sharklasers.com</arg>
</arguments>
<kw name="Input Text" library="Selenium2Library">
<doc>Types the given ``text`` into text field identified by ``locator``.</doc>
<arguments>
<arg>${txt_update_name}</arg>
<arg>${arg_update_name}</arg>
</arguments>
<msg timestamp="20190521 14:53:16.230" level="INFO">Typing text 'dao nguyen' into text field 'xpath=//form[@id="profile-form"]/div/div/div[@class="control-group"]/div[@class="controls"]/input[@id="jform_name"]'.</msg>
<status status="PASS" starttime="20190521 14:53:16.230" endtime="20190521 14:53:16.474"></status>
</kw>
<kw name="Input Text" library="Selenium2Library">
<doc>Types the given ``text`` into text field identified by ``locator``.</doc>
<arguments>
<arg>${txt_update_password}</arg>
<arg>${arg_update_password}</arg>
</arguments>
<msg timestamp="20190521 14:53:16.475" level="INFO">Typing text '123456789' into text field 'xpath=//form[@id="profile-form"]/div/div/div[@class="control-group"]/div[@class="controls"]/input[@id="jform_password2"]'.</msg>
<status status="PASS" starttime="20190521 14:53:16.475" endtime="20190521 14:53:16.625"></status>
</kw>
<kw name="Input Text" library="Selenium2Library">
<doc>Types the given ``text`` into text field identified by ``locator``.</doc>
<arguments>
<arg>${txt_update_confirm_password}</arg>
<arg>${arg_update_confirm_password}</arg>
</arguments>
<msg timestamp="20190521 14:53:16.627" level="INFO">Typing text '123456789' into text field 'xpath=//form[@id="profile-form"]/div/div/div[@class="control-group"]/div[@class="controls"]/input[@id="jform_password"]'.</msg>
<status status="PASS" starttime="20190521 14:53:16.627" endtime="20190521 14:53:16.848"></status>
</kw>
<kw name="Input Text" library="Selenium2Library">
<doc>Types the given ``text`` into text field identified by ``locator``.</doc>
<arguments>
<arg>${txt_update_email}</arg>
<arg>${arg_update_email}</arg>
</arguments>
<msg timestamp="20190521 14:53:16.850" level="INFO">Typing text 'EdKL@sharklasers.com' into text field 'xpath=//form[@id="profile-form"]/div/div/div[@class="control-group"]/div[@class="controls"]/input[@id="jform_email"]'.</msg>
<status status="PASS" starttime="20190521 14:53:16.850" endtime="20190521 14:53:17.325"></status>
</kw>
<kw name="Click Button" library="Selenium2Library">
<doc>Clicks button identified by ``locator``.</doc>
<arguments>
<arg>${btn_update_save}</arg>
</arguments>
<msg timestamp="20190521 14:53:17.326" level="INFO">Clicking button 'xpath=//div[@id="toolbar-save"]/button'.</msg>
<status status="PASS" starttime="20190521 14:53:17.326" endtime="20190521 14:53:18.957"></status>
</kw>
<status status="PASS" starttime="20190521 14:53:16.229" endtime="20190521 14:53:18.959"></status>
</kw>
<kw name="Check Message" library="AdminHomePage">
<arguments>
<arg>${MESSAGE_UPDATE_PROFILE}</arg>
</arguments>
<kw name="Element Text Should Be" library="Selenium2Library">
<doc>Verifies that element ``locator`` contains exact text ``expected``.</doc>
<arguments>
<arg>${hed_header_message}</arg>
<arg>Message</arg>
</arguments>
<msg timestamp="20190521 14:53:18.960" level="INFO">Verifying element 'xpath=//div[@class="alert alert-success"]/h4[@class="alert-heading"]' contains exact text 'Message'.</msg>
<status status="PASS" starttime="20190521 14:53:18.960" endtime="20190521 14:53:19.005"></status>
</kw>
<kw name="Element Text Should Be" library="Selenium2Library">
<doc>Verifies that element ``locator`` contains exact text ``expected``.</doc>
<arguments>
<arg>${lbl_message}</arg>
<arg>${arg_expected_message}</arg>
</arguments>
<msg timestamp="20190521 14:53:19.006" level="INFO">Verifying element 'xpath=//div[@class="alert alert-success"]/div[@class="alert-message"]' contains exact text 'Item saved.'.</msg>
<status status="PASS" starttime="20190521 14:53:19.006" endtime="20190521 14:53:19.031"></status>
</kw>
<status status="PASS" starttime="20190521 14:53:18.959" endtime="20190521 14:53:19.034"></status>
</kw>
<kw name="Logout Admin Site" library="AdminHomePage">
<kw name="Click Element" library="Selenium2Library">
<doc>Click element identified by ``locator``.</doc>
<arguments>
<arg>${icn_user}</arg>
</arguments>
<msg timestamp="20190521 14:53:19.035" level="INFO">Clicking element 'xpath=//a/span[@class="icon-user"]'.</msg>
<status status="PASS" starttime="20190521 14:53:19.035" endtime="20190521 14:53:19.082"></status>
</kw>
<kw name="Wait Until Element Is Visible" library="Selenium2Library">
<doc>Waits until element ``locator`` is visible.</doc>
<arguments>
<arg>${lbl_logout}</arg>
</arguments>
<status status="PASS" starttime="20190521 14:53:19.085" endtime="20190521 14:53:19.112"></status>
</kw>
<kw name="Click Element" library="Selenium2Library">
<doc>Click element identified by ``locator``.</doc>
<arguments>
<arg>${lbl_logout}</arg>
</arguments>
<msg timestamp="20190521 14:53:19.113" level="INFO">Clicking element 'xpath=//ul[@class="nav nav-user pull-right nav-hover"]//a[text()="Logout"]'.</msg>
<status status="PASS" starttime="20190521 14:53:19.113" endtime="20190521 14:53:21.111"></status>
</kw>
<status status="PASS" starttime="20190521 14:53:19.034" endtime="20190521 14:53:21.113"></status>
</kw>
<kw name="Login Admin Site" library="AdminLoginPage">
<arguments>
<arg>${USERNAME1}</arg>
<arg>${UPDATE_PASSWORD}</arg>
</arguments>
<kw name="Log To Console" library="BuiltIn">
<doc>Logs the given message to the console.</doc>
<arguments>
<arg>Login to Joomla</arg>
</arguments>
<status status="PASS" starttime="20190521 14:53:21.115" endtime="20190521 14:53:21.116"></status>
</kw>
<kw name="Input Text" library="Selenium2Library">
<doc>Types the given ``text`` into text field identified by ``locator``.</doc>
<arguments>
<arg>${txt_username}</arg>
<arg>${arg_username}</arg>
</arguments>
<msg timestamp="20190521 14:53:21.116" level="INFO">Typing text 'hihi' into text field 'id=mod-login-username'.</msg>
<status status="PASS" starttime="20190521 14:53:21.116" endtime="20190521 14:53:21.214"></status>
</kw>
<kw name="Input Text" library="Selenium2Library">
<doc>Types the given ``text`` into text field identified by ``locator``.</doc>
<arguments>
<arg>${txt_password}</arg>
<arg>${arg_password}</arg>
</arguments>
<msg timestamp="20190521 14:53:21.217" level="INFO">Typing text '123456789' into text field 'id=mod-login-password'.</msg>
<status status="PASS" starttime="20190521 14:53:21.217" endtime="20190521 14:53:21.285"></status>
</kw>
<kw name="Click Button" library="Selenium2Library">
<doc>Clicks button identified by ``locator``.</doc>
<arguments>
<arg>${btn_login}</arg>
</arguments>
<msg timestamp="20190521 14:53:21.286" level="INFO">Clicking button 'xpath=//div[@class="btn-group"]/button[@class="btn btn-primary btn-block btn-large login-button"]'.</msg>
<status status="PASS" starttime="20190521 14:53:21.286" endtime="20190521 14:53:23.156"></status>
</kw>
<status status="PASS" starttime="20190521 14:53:21.114" endtime="20190521 14:53:23.157"></status>
</kw>
<kw name="Go To Admin Profile Page" library="AdminProfilePage">
<kw name="Click Element" library="Selenium2Library">
<doc>Click element identified by ``locator``.</doc>
<arguments>
<arg>${icn_user}</arg>
</arguments>
<msg timestamp="20190521 14:53:23.159" level="INFO">Clicking element 'xpath=//a/span[@class="icon-user"]'.</msg>
<status status="PASS" starttime="20190521 14:53:23.158" endtime="20190521 14:53:23.218"></status>
</kw>
<kw name="Wait Until Element Is Visible" library="Selenium2Library">
<doc>Waits until element ``locator`` is visible.</doc>
<arguments>
<arg>${lbl_edit_profile}</arg>
</arguments>
<status status="PASS" starttime="20190521 14:53:23.220" endtime="20190521 14:53:23.238"></status>
</kw>
<kw name="Click Element" library="Selenium2Library">
<doc>Click element identified by ``locator``.</doc>
<arguments>
<arg>${lbl_edit_profile}</arg>
</arguments>
<msg timestamp="20190521 14:53:23.239" level="INFO">Clicking element 'xpath=//ul[@class="nav nav-user pull-right nav-hover"]//a[text()="Edit Account"]'.</msg>
<status status="PASS" starttime="20190521 14:53:23.238" endtime="20190521 14:53:24.018"></status>
</kw>
<status status="PASS" starttime="20190521 14:53:23.158" endtime="20190521 14:53:24.020"></status>
</kw>
<kw name="Fill Out And Submit Update Information" library="AdminProfilePage">
<arguments>
<arg>${UPDATE_NAME}</arg>
<arg>${PASSWORD1}</arg>
<arg>${PASSWORD1}</arg>
<arg>${RANEMIAL}@gmail.com</arg>
</arguments>
<kw name="Input Text" library="Selenium2Library">
<doc>Types the given ``text`` into text field identified by ``locator``.</doc>
<arguments>
<arg>${txt_update_name}</arg>
<arg>${arg_update_name}</arg>
</arguments>
<msg timestamp="20190521 14:53:24.023" level="INFO">Typing text 'dao nguyen' into text field 'xpath=//form[@id="profile-form"]/div/div/div[@class="control-group"]/div[@class="controls"]/input[@id="jform_name"]'.</msg>
<status status="PASS" starttime="20190521 14:53:24.022" endtime="20190521 14:53:24.205"></status>
</kw>
<kw name="Input Text" library="Selenium2Library">
<doc>Types the given ``text`` into text field identified by ``locator``.</doc>
<arguments>
<arg>${txt_update_password}</arg>
<arg>${arg_update_password}</arg>
</arguments>
<msg timestamp="20190521 14:53:24.207" level="INFO">Typing text '1234567890' into text field 'xpath=//form[@id="profile-form"]/div/div/div[@class="control-group"]/div[@class="controls"]/input[@id="jform_password2"]'.</msg>
<status status="PASS" starttime="20190521 14:53:24.207" endtime="20190521 14:53:24.328"></status>
</kw>
<kw name="Input Text" library="Selenium2Library">
<doc>Types the given ``text`` into text field identified by ``locator``.</doc>
<arguments>
<arg>${txt_update_confirm_password}</arg>
<arg>${arg_update_confirm_password}</arg>
</arguments>
<msg timestamp="20190521 14:53:24.332" level="INFO">Typing text '1234567890' into text field 'xpath=//form[@id="profile-form"]/div/div/div[@class="control-group"]/div[@class="controls"]/input[@id="jform_password"]'.</msg>
<status status="PASS" starttime="20190521 14:53:24.332" endtime="20190521 14:53:24.479"></status>
</kw>
<kw name="Input Text" library="Selenium2Library">
<doc>Types the given ``text`` into text field identified by ``locator``.</doc>
<arguments>
<arg>${txt_update_email}</arg>
<arg>${arg_update_email}</arg>
</arguments>
<msg timestamp="20190521 14:53:24.482" level="INFO">Typing text 'EdKL@gmail.com' into text field 'xpath=//form[@id="profile-form"]/div/div/div[@class="control-group"]/div[@class="controls"]/input[@id="jform_email"]'.</msg>
<status status="PASS" starttime="20190521 14:53:24.480" endtime="20190521 14:53:24.637"></status>
</kw>
<kw name="Click Button" library="Selenium2Library">
<doc>Clicks button identified by ``locator``.</doc>
<arguments>
<arg>${btn_update_save}</arg>
</arguments>
<msg timestamp="20190521 14:53:24.638" level="INFO">Clicking button 'xpath=//div[@id="toolbar-save"]/button'.</msg>
<status status="PASS" starttime="20190521 14:53:24.638" endtime="20190521 14:53:27.921"></status>
</kw>
<status status="PASS" starttime="20190521 14:53:24.020" endtime="20190521 14:53:27.923"></status>
</kw>
<status status="PASS" starttime="20190521 14:53:12.013" endtime="20190521 14:53:27.923" critical="yes"></status>
</test>
<kw name="Teardown" library="Setup" type="teardown">
<kw name="Close All Browsers" library="Selenium2Library">
<doc>Closes all open browsers and resets the browser cache.</doc>
<status status="PASS" starttime="20190521 14:53:27.931" endtime="20190521 14:53:30.201"></status>
</kw>
<kw name="Percy Finalize Build" library="PercySetup">
<status status="PASS" starttime="20190521 14:53:30.201" endtime="20190521 14:53:30.658"></status>
</kw>
<status status="PASS" starttime="20190521 14:53:27.931" endtime="20190521 14:53:30.658"></status>
</kw>
<status status="PASS" starttime="20190521 14:53:04.453" endtime="20190521 14:53:30.658"></status>
</suite>
<status status="PASS" starttime="20190521 14:53:04.450" endtime="20190521 14:53:30.665"></status>
</suite>
<status status="PASS" starttime="20190521 14:53:04.448" endtime="20190521 14:53:30.669"></status>
</suite>
<status status="PASS" starttime="20190521 14:53:04.425" endtime="20190521 14:53:30.673"></status>
</suite>
<statistics>
<total>
<stat pass="1" fail="0">Critical Tests</stat>
<stat pass="1" fail="0">All Tests</stat>
</total>
<tag>
</tag>
<suite>
<stat pass="1" fail="0" id="s1" name="RobotFrameworkProject">RobotFrameworkProject</stat>
<stat pass="1" fail="0" id="s1-s1" name="Tests">RobotFrameworkProject.Tests</stat>
<stat pass="1" fail="0" id="s1-s1-s1" name="FunctionalTests">RobotFrameworkProject.Tests.FunctionalTests</stat>
<stat pass="1" fail="0" id="s1-s1-s1-s1" name="AdminUpdateProfileTest">RobotFrameworkProject.Tests.FunctionalTests.AdminUpdateProfileTest</stat>
</suite>
</statistics>
<errors>
</errors>
</robot>
