<?xml version="1.0" encoding="UTF-8"?>
<robot generator="Robot 3.1.1 (Python 3.7.3 on win32)" generated="20190527 17:25:58.415" rpa="false">
<suite id="s1" name="Tests" source="C:\Users\InternDN19.01.02\eclipse-workspace\RobotTeam2\RobotFrameworkProject\Tests">
<suite id="s1-s1" name="FunctionalTests" source="C:\Users\InternDN19.01.02\eclipse-workspace\RobotTeam2\RobotFrameworkProject\Tests\FunctionalTests">
<suite id="s1-s1-s1" name="AdminUpdateProfileTest" source="C:\Users\InternDN19.01.02\eclipse-workspace\RobotTeam2\RobotFrameworkProject\Tests\FunctionalTests\AdminUpdateProfileTest.robot">
<kw name="Setup" library="Setup" type="setup">
<kw name="Append To Environment Variable" library="OperatingSystem">
<doc>Appends given ``values`` to environment variable ``name``.</doc>
<arguments>
<arg>PATH</arg>
<arg>C:\\Users\\InternDN19.01.02\\eclipse-workspace\\RobotTeam2\\RobotFrameworkProject\\Resources/Drivers</arg>
</arguments>
<msg timestamp="20190527 17:25:59.974" level="INFO">Environment variable 'PATH' set to value 'C:\Users\InternDN19.01.02\bin;C:\Program Files\Git\mingw64\bin;C:\Program Files\Git\usr\local\bin;C:\Program Files\Git\usr\bin;C:\Program Files\Git\usr\bin;C:\Program Files\Git\mingw64\bin;C:\Program Files\Git\usr\bin;C:\Users\InternDN19.01.02\bin;C:\Program Files (x86)\Common Files\Oracle\Java\javapath;C:\Program Files (x86)\Intel\iCLS Client;C:\Program Files\Intel\iCLS Client;C:\Windows\System32\cmd.exe;C:\Windows;C:\Windows\System32\Wbem;C:\Windows\System32\WindowsPowerShell\v1.0;C:\Windows\System32\OpenSSH;C:\Program Files\Intel\Intel(R) Management Engine Components\DAL;C:\Program Files\Intel\Intel(R) Management Engine Components\IPT;C:\Program Files (x86)\Intel\Intel(R) Management Engine Components\DAL;C:\Program Files (x86)\Intel\Intel(R) Management Engine Components\IPT;C:\Program Files (x86)\Intel\OpenCL SDK\2.0\bin\x86;C:\Program Files (x86)\Intel\OpenCL SDK\2.0\bin\x64;C:\Program Files\Git\cmd;C:\Program Files\webdrivers;C:\xampp\php;C:\ProgramData\ComposerSetup\bin;C:\Program Files\nodejs;C:\Program Files\Java\jdk-12\bin;C:\apache-maven-3.6.1\bin;%PYTHONPATH%\python-3.7.3.exe;C:\Windows\system32;%M2_HOME%\bin;C:\Users\InternDN19.01.02\Documents\allure-2.10.0\bin;C:\Users\InternDN19.01.02\AppData\Local\Programs\Python\Python37\Scripts;C:\Users\InternDN19.01.02\AppData\Local\Programs\Python\Python37;C:\Users\InternDN19.01.02\AppData\Local\Microsoft\WindowsApps;C:\Users\InternDN19.01.02\AppData\Local\Programs\Microsoft VS Code\bin;C:\Users\InternDN19.01.02\AppData\Roaming\Composer\vendor\bin;C:\Users\InternDN19.01.02\AppData\Roaming\npm;C:\Program Files\Maven;C:\Program Files\nodejs;C:\Program Files\Git\usr\bin\vendor_perl;C:\Program Files\Git\usr\bin\core_perl;C:\users\interndn19.01.02\appdata\local\programs\python\python37\lib\site-packages\pywin32_system32;c:\users\interndn19.01.02\appdata\local\programs\python\python37\lib\site-packages\pywin32_system32;C:\Users\InternDN19.01.02\eclipse-workspace\RobotTeam2\RobotFrameworkProject\Resources/Drivers'.</msg>
<status status="PASS" starttime="20190527 17:25:59.971" endtime="20190527 17:25:59.975"></status>
</kw>
<kw name="Open Browser" library="Selenium2Library">
<doc>Opens a new browser instance to the given ``url``.</doc>
<arguments>
<arg>${ROOT}</arg>
<arg>${BROWSER}</arg>
</arguments>
<msg timestamp="20190527 17:25:59.979" level="INFO">Opening browser 'Chrome' to base url 'http://192.168.189.72/joomla/administrator/'.</msg>
<status status="PASS" starttime="20190527 17:25:59.978" endtime="20190527 17:26:05.701"></status>
</kw>
<kw name="Maximize Browser Window" library="Selenium2Library">
<doc>Maximizes current browser window.</doc>
<status status="PASS" starttime="20190527 17:26:05.703" endtime="20190527 17:26:07.828"></status>
</kw>
<kw name="Percy Initialize Build" library="PercyClient">
<arguments>
<arg>${PERCY_TOKEN}</arg>
</arguments>
<status status="PASS" starttime="20190527 17:26:07.829" endtime="20190527 17:26:11.848"></status>
</kw>
<status status="PASS" starttime="20190527 17:25:59.968" endtime="20190527 17:26:11.849"></status>
</kw>
<test id="s1-s1-s1-t1" name="TC13 - Update Admin Profile Successfully">
<kw name="Login Admin Site" library="AdminLoginPage">
<arguments>
<arg>${USERNAME1}</arg>
<arg>${PASSWORD1}</arg>
</arguments>
<kw name="Log To Console" library="BuiltIn">
<doc>Logs the given message to the console.</doc>
<arguments>
<arg>Login to Joomla</arg>
</arguments>
<status status="PASS" starttime="20190527 17:26:11.853" endtime="20190527 17:26:11.854"></status>
</kw>
<kw name="Input Text" library="Selenium2Library">
<doc>Types the given ``text`` into text field identified by ``locator``.</doc>
<arguments>
<arg>${txt_username}</arg>
<arg>${arg_username}</arg>
</arguments>
<msg timestamp="20190527 17:26:11.855" level="INFO">Typing text 'hihi' into text field 'id=mod-login-username'.</msg>
<status status="PASS" starttime="20190527 17:26:11.854" endtime="20190527 17:26:12.831"></status>
</kw>
<kw name="Input Text" library="Selenium2Library">
<doc>Types the given ``text`` into text field identified by ``locator``.</doc>
<arguments>
<arg>${txt_password}</arg>
<arg>${arg_password}</arg>
</arguments>
<msg timestamp="20190527 17:26:12.834" level="INFO">Typing text '123456789' into text field 'id=mod-login-password'.</msg>
<status status="PASS" starttime="20190527 17:26:12.833" endtime="20190527 17:26:13.766"></status>
</kw>
<kw name="Click Button" library="Selenium2Library">
<doc>Clicks button identified by ``locator``.</doc>
<arguments>
<arg>${btn_login}</arg>
</arguments>
<msg timestamp="20190527 17:26:13.769" level="INFO">Clicking button 'xpath=//div[@class="btn-group"]/button[@class="btn btn-primary btn-block btn-large login-button"]'.</msg>
<status status="PASS" starttime="20190527 17:26:13.769" endtime="20190527 17:26:15.495"></status>
</kw>
<status status="PASS" starttime="20190527 17:26:11.851" endtime="20190527 17:26:15.734"></status>
</kw>
<kw name="Go To Admin Profile Page" library="AdminProfilePage">
<kw name="Click Element" library="Selenium2Library">
<doc>Click element identified by ``locator``.</doc>
<arguments>
<arg>${icn_user}</arg>
</arguments>
<msg timestamp="20190527 17:26:15.737" level="INFO">Clicking element 'xpath=//a/span[@class="icon-user"]'.</msg>
<status status="PASS" starttime="20190527 17:26:15.736" endtime="20190527 17:26:16.094"></status>
</kw>
<kw name="Wait Until Element Is Visible" library="Selenium2Library">
<doc>Waits until element ``locator`` is visible.</doc>
<arguments>
<arg>${lbl_edit_profile}</arg>
</arguments>
<status status="PASS" starttime="20190527 17:26:16.097" endtime="20190527 17:26:16.249"></status>
</kw>
<kw name="Click Element" library="Selenium2Library">
<doc>Click element identified by ``locator``.</doc>
<arguments>
<arg>${lbl_edit_profile}</arg>
</arguments>
<msg timestamp="20190527 17:26:16.250" level="INFO">Clicking element 'xpath=//ul[@class="nav nav-user pull-right nav-hover"]//a[text()="Edit Account"]'.</msg>
<status status="PASS" starttime="20190527 17:26:16.250" endtime="20190527 17:26:18.602"></status>
</kw>
<status status="PASS" starttime="20190527 17:26:15.735" endtime="20190527 17:26:18.605"></status>
</kw>
<kw name="Generate Random String" library="String">
<doc>Generates a string with a desired ``length`` from the given ``chars``.</doc>
<arguments>
<arg>4</arg>
<arg>[LETTERS]</arg>
</arguments>
<assign>
<var>${RANEMIAL}</var>
</assign>
<msg timestamp="20190527 17:26:18.606" level="INFO">${RANEMIAL} = AErp</msg>
<status status="PASS" starttime="20190527 17:26:18.605" endtime="20190527 17:26:18.606"></status>
</kw>
<kw name="Fill Out And Submit Update Information" library="AdminProfilePage">
<arguments>
<arg>${UPDATE_NAME}</arg>
<arg>${UPDATE_PASSWORD}</arg>
<arg>${UPDATE_PASSWORD}</arg>
<arg>${RANEMIAL}@sharklasers.com</arg>
</arguments>
<kw name="Input Text" library="Selenium2Library">
<doc>Types the given ``text`` into text field identified by ``locator``.</doc>
<arguments>
<arg>${txt_update_name}</arg>
<arg>${arg_update_name}</arg>
</arguments>
<msg timestamp="20190527 17:26:18.611" level="INFO">Typing text 'dao nguyen' into text field 'xpath=//form[@id="profile-form"]//input[@id="jform_name"]'.</msg>
<status status="PASS" starttime="20190527 17:26:18.610" endtime="20190527 17:26:19.313"></status>
</kw>
<kw name="Input Text" library="Selenium2Library">
<doc>Types the given ``text`` into text field identified by ``locator``.</doc>
<arguments>
<arg>${txt_update_password}</arg>
<arg>${arg_update_password}</arg>
</arguments>
<msg timestamp="20190527 17:26:19.316" level="INFO">Typing text '1234567890' into text field 'xpath=//form[@id="profile-form"]//input[@id="jform_password2"]'.</msg>
<status status="PASS" starttime="20190527 17:26:19.315" endtime="20190527 17:26:20.054"></status>
</kw>
<kw name="Input Text" library="Selenium2Library">
<doc>Types the given ``text`` into text field identified by ``locator``.</doc>
<arguments>
<arg>${txt_update_confirm_password}</arg>
<arg>${arg_update_confirm_password}</arg>
</arguments>
<msg timestamp="20190527 17:26:20.057" level="INFO">Typing text '1234567890' into text field 'xpath=//form[@id="profile-form"]//input[@id="jform_password"]'.</msg>
<status status="PASS" starttime="20190527 17:26:20.056" endtime="20190527 17:26:20.676"></status>
</kw>
<kw name="Input Text" library="Selenium2Library">
<doc>Types the given ``text`` into text field identified by ``locator``.</doc>
<arguments>
<arg>${txt_update_email}</arg>
<arg>${arg_update_email}</arg>
</arguments>
<msg timestamp="20190527 17:26:20.679" level="INFO">Typing text 'AErp@sharklasers.com' into text field 'xpath=//form[@id="profile-form"]//input[@id="jform_email"]'.</msg>
<status status="PASS" starttime="20190527 17:26:20.678" endtime="20190527 17:26:21.867"></status>
</kw>
<kw name="Click Button" library="Selenium2Library">
<doc>Clicks button identified by ``locator``.</doc>
<arguments>
<arg>${btn_update_save}</arg>
</arguments>
<msg timestamp="20190527 17:26:21.870" level="INFO">Clicking button 'xpath=//div[@id="toolbar-save"]/button'.</msg>
<status status="PASS" starttime="20190527 17:26:21.869" endtime="20190527 17:26:23.478"></status>
</kw>
<status status="PASS" starttime="20190527 17:26:18.609" endtime="20190527 17:26:23.481"></status>
</kw>
<kw name="Check Message" library="AdminHomePage">
<arguments>
<arg>${MESSAGE_UPDATE_PROFILE}</arg>
</arguments>
<kw name="Wait Until Element Is Visible" library="Selenium2Library">
<doc>Waits until element ``locator`` is visible.</doc>
<arguments>
<arg>${hed_header_message}</arg>
</arguments>
<status status="PASS" starttime="20190527 17:26:23.483" endtime="20190527 17:26:23.623"></status>
</kw>
<kw name="Element Text Should Be" library="Selenium2Library">
<doc>Verifies that element ``locator`` contains exact text ``expected``.</doc>
<arguments>
<arg>${hed_header_message}</arg>
<arg>Message</arg>
</arguments>
<msg timestamp="20190527 17:26:23.624" level="INFO">Verifying element 'xpath=//div[@class="alert alert-success"]/h4[@class="alert-heading"]' contains exact text 'Message'.</msg>
<status status="PASS" starttime="20190527 17:26:23.624" endtime="20190527 17:26:23.724"></status>
</kw>
<kw name="Element Text Should Be" library="Selenium2Library">
<doc>Verifies that element ``locator`` contains exact text ``expected``.</doc>
<arguments>
<arg>${lbl_message}</arg>
<arg>${arg_expected_message}</arg>
</arguments>
<msg timestamp="20190527 17:26:23.727" level="INFO">Verifying element 'xpath=//div[@class="alert alert-success"]/div[@class="alert-message"]' contains exact text 'Item saved.'.</msg>
<status status="PASS" starttime="20190527 17:26:23.727" endtime="20190527 17:26:23.905"></status>
</kw>
<status status="PASS" starttime="20190527 17:26:23.481" endtime="20190527 17:26:23.975"></status>
</kw>
<kw name="Logout Admin Site" library="AdminHomePage">
<kw name="Click Element" library="Selenium2Library">
<doc>Click element identified by ``locator``.</doc>
<arguments>
<arg>${icn_user}</arg>
</arguments>
<msg timestamp="20190527 17:26:23.976" level="INFO">Clicking element 'xpath=//a/span[@class="icon-user"]'.</msg>
<status status="PASS" starttime="20190527 17:26:23.976" endtime="20190527 17:26:24.236"></status>
</kw>
<kw name="Wait Until Element Is Visible" library="Selenium2Library">
<doc>Waits until element ``locator`` is visible.</doc>
<arguments>
<arg>${lbl_logout}</arg>
</arguments>
<status status="PASS" starttime="20190527 17:26:24.238" endtime="20190527 17:26:24.360"></status>
</kw>
<kw name="Click Element" library="Selenium2Library">
<doc>Click element identified by ``locator``.</doc>
<arguments>
<arg>${lbl_logout}</arg>
</arguments>
<msg timestamp="20190527 17:26:24.362" level="INFO">Clicking element 'xpath=//ul[@class="nav nav-user pull-right nav-hover"]//a[text()="Logout"]'.</msg>
<status status="PASS" starttime="20190527 17:26:24.361" endtime="20190527 17:26:25.491"></status>
</kw>
<status status="PASS" starttime="20190527 17:26:23.975" endtime="20190527 17:26:25.493"></status>
</kw>
<kw name="Login Admin Site" library="AdminLoginPage">
<arguments>
<arg>${USERNAME1}</arg>
<arg>${UPDATE_PASSWORD}</arg>
</arguments>
<kw name="Log To Console" library="BuiltIn">
<doc>Logs the given message to the console.</doc>
<arguments>
<arg>Login to Joomla</arg>
</arguments>
<status status="PASS" starttime="20190527 17:26:25.494" endtime="20190527 17:26:25.495"></status>
</kw>
<kw name="Input Text" library="Selenium2Library">
<doc>Types the given ``text`` into text field identified by ``locator``.</doc>
<arguments>
<arg>${txt_username}</arg>
<arg>${arg_username}</arg>
</arguments>
<msg timestamp="20190527 17:26:25.496" level="INFO">Typing text 'hihi' into text field 'id=mod-login-username'.</msg>
<status status="PASS" starttime="20190527 17:26:25.496" endtime="20190527 17:26:26.155"></status>
</kw>
<kw name="Input Text" library="Selenium2Library">
<doc>Types the given ``text`` into text field identified by ``locator``.</doc>
<arguments>
<arg>${txt_password}</arg>
<arg>${arg_password}</arg>
</arguments>
<msg timestamp="20190527 17:26:26.158" level="INFO">Typing text '1234567890' into text field 'id=mod-login-password'.</msg>
<status status="PASS" starttime="20190527 17:26:26.158" endtime="20190527 17:26:26.886"></status>
</kw>
<kw name="Click Button" library="Selenium2Library">
<doc>Clicks button identified by ``locator``.</doc>
<arguments>
<arg>${btn_login}</arg>
</arguments>
<msg timestamp="20190527 17:26:26.889" level="INFO">Clicking button 'xpath=//div[@class="btn-group"]/button[@class="btn btn-primary btn-block btn-large login-button"]'.</msg>
<status status="PASS" starttime="20190527 17:26:26.888" endtime="20190527 17:26:28.788"></status>
</kw>
<status status="PASS" starttime="20190527 17:26:25.493" endtime="20190527 17:26:28.790"></status>
</kw>
<kw name="Go To Admin Profile Page" library="AdminProfilePage">
<kw name="Click Element" library="Selenium2Library">
<doc>Click element identified by ``locator``.</doc>
<arguments>
<arg>${icn_user}</arg>
</arguments>
<msg timestamp="20190527 17:26:28.792" level="INFO">Clicking element 'xpath=//a/span[@class="icon-user"]'.</msg>
<status status="PASS" starttime="20190527 17:26:28.792" endtime="20190527 17:26:29.253"></status>
</kw>
<kw name="Wait Until Element Is Visible" library="Selenium2Library">
<doc>Waits until element ``locator`` is visible.</doc>
<arguments>
<arg>${lbl_edit_profile}</arg>
</arguments>
<status status="PASS" starttime="20190527 17:26:29.255" endtime="20190527 17:26:29.410"></status>
</kw>
<kw name="Click Element" library="Selenium2Library">
<doc>Click element identified by ``locator``.</doc>
<arguments>
<arg>${lbl_edit_profile}</arg>
</arguments>
<msg timestamp="20190527 17:26:29.412" level="INFO">Clicking element 'xpath=//ul[@class="nav nav-user pull-right nav-hover"]//a[text()="Edit Account"]'.</msg>
<status status="PASS" starttime="20190527 17:26:29.411" endtime="20190527 17:26:30.877"></status>
</kw>
<status status="PASS" starttime="20190527 17:26:28.791" endtime="20190527 17:26:30.879"></status>
</kw>
<kw name="Fill Out And Submit Update Information" library="AdminProfilePage">
<arguments>
<arg>${UPDATE_NAME}</arg>
<arg>${PASSWORD1}</arg>
<arg>${PASSWORD1}</arg>
<arg>${RANEMIAL}@gmail.com</arg>
</arguments>
<kw name="Input Text" library="Selenium2Library">
<doc>Types the given ``text`` into text field identified by ``locator``.</doc>
<arguments>
<arg>${txt_update_name}</arg>
<arg>${arg_update_name}</arg>
</arguments>
<msg timestamp="20190527 17:26:30.882" level="INFO">Typing text 'dao nguyen' into text field 'xpath=//form[@id="profile-form"]//input[@id="jform_name"]'.</msg>
<status status="PASS" starttime="20190527 17:26:30.882" endtime="20190527 17:26:32.689"></status>
</kw>
<kw name="Input Text" library="Selenium2Library">
<doc>Types the given ``text`` into text field identified by ``locator``.</doc>
<arguments>
<arg>${txt_update_password}</arg>
<arg>${arg_update_password}</arg>
</arguments>
<msg timestamp="20190527 17:26:32.692" level="INFO">Typing text '123456789' into text field 'xpath=//form[@id="profile-form"]//input[@id="jform_password2"]'.</msg>
<status status="PASS" starttime="20190527 17:26:32.692" endtime="20190527 17:26:33.597"></status>
</kw>
<kw name="Input Text" library="Selenium2Library">
<doc>Types the given ``text`` into text field identified by ``locator``.</doc>
<arguments>
<arg>${txt_update_confirm_password}</arg>
<arg>${arg_update_confirm_password}</arg>
</arguments>
<msg timestamp="20190527 17:26:33.600" level="INFO">Typing text '123456789' into text field 'xpath=//form[@id="profile-form"]//input[@id="jform_password"]'.</msg>
<status status="PASS" starttime="20190527 17:26:33.599" endtime="20190527 17:26:34.497"></status>
</kw>
<kw name="Input Text" library="Selenium2Library">
<doc>Types the given ``text`` into text field identified by ``locator``.</doc>
<arguments>
<arg>${txt_update_email}</arg>
<arg>${arg_update_email}</arg>
</arguments>
<msg timestamp="20190527 17:26:34.500" level="INFO">Typing text 'AErp@gmail.com' into text field 'xpath=//form[@id="profile-form"]//input[@id="jform_email"]'.</msg>
<status status="PASS" starttime="20190527 17:26:34.499" endtime="20190527 17:26:36.538"></status>
</kw>
<kw name="Click Button" library="Selenium2Library">
<doc>Clicks button identified by ``locator``.</doc>
<arguments>
<arg>${btn_update_save}</arg>
</arguments>
<msg timestamp="20190527 17:26:36.542" level="INFO">Clicking button 'xpath=//div[@id="toolbar-save"]/button'.</msg>
<status status="PASS" starttime="20190527 17:26:36.541" endtime="20190527 17:26:39.279"></status>
</kw>
<status status="PASS" starttime="20190527 17:26:30.880" endtime="20190527 17:26:39.290"></status>
</kw>
<status status="PASS" starttime="20190527 17:26:11.849" endtime="20190527 17:26:39.290" critical="yes"></status>
</test>
<kw name="Teardown" library="Setup" type="teardown">
<kw name="Close All Browsers" library="Selenium2Library">
<doc>Closes all open browsers and resets the browser cache.</doc>
<status status="PASS" starttime="20190527 17:26:39.306" endtime="20190527 17:26:46.378"></status>
</kw>
<kw name="Percy Finalize Build" library="PercyClient">
<status status="PASS" starttime="20190527 17:26:46.379" endtime="20190527 17:26:46.878"></status>
</kw>
<status status="PASS" starttime="20190527 17:26:39.305" endtime="20190527 17:26:46.878"></status>
</kw>
<status status="PASS" starttime="20190527 17:25:58.727" endtime="20190527 17:26:46.879"></status>
</suite>
<status status="PASS" starttime="20190527 17:25:58.717" endtime="20190527 17:26:46.886"></status>
</suite>
<status status="PASS" starttime="20190527 17:25:58.600" endtime="20190527 17:26:46.891"></status>
</suite>
<statistics>
<total>
<stat pass="1" fail="0">Critical Tests</stat>
<stat pass="1" fail="0">All Tests</stat>
</total>
<tag>
</tag>
<suite>
<stat pass="1" fail="0" id="s1" name="Tests">Tests</stat>
<stat pass="1" fail="0" id="s1-s1" name="FunctionalTests">Tests.FunctionalTests</stat>
<stat pass="1" fail="0" id="s1-s1-s1" name="AdminUpdateProfileTest">Tests.FunctionalTests.AdminUpdateProfileTest</stat>
</suite>
</statistics>
<errors>
</errors>
</robot>
