<?xml version="1.0" encoding="UTF-8"?>
<robot generator="Robot 3.1.1 (Python 3.7.3 on win32)" generated="20190523 11:32:58.367" rpa="false">
<suite id="s1" name="Tests" source="C:\Users\InternDN19.01.02\eclipse-workspace\RobotTeam2\RobotFrameworkProject\Tests">
<suite id="s1-s1" name="FunctionalTests" source="C:\Users\InternDN19.01.02\eclipse-workspace\RobotTeam2\RobotFrameworkProject\Tests\FunctionalTests">
<suite id="s1-s1-s1" name="AdminUpdateProfileTest" source="C:\Users\InternDN19.01.02\eclipse-workspace\RobotTeam2\RobotFrameworkProject\Tests\FunctionalTests\AdminUpdateProfileTest.robot">
<kw name="Setup" library="Setup" type="setup">
<kw name="Append To Environment Variable" library="OperatingSystem">
<doc>Appends given ``values`` to environment variable ``name``.</doc>
<arguments>
<arg>PATH</arg>
<arg>C:\\Users\\InternDN19.01.02\\eclipse-workspace\\RobotTeam2\\RobotFrameworkProject\\Resources/Drivers</arg>
</arguments>
<msg timestamp="20190523 11:32:59.360" level="INFO">Environment variable 'PATH' set to value 'C:\Users\InternDN19.01.02\bin;C:\Program Files\Git\mingw64\bin;C:\Program Files\Git\usr\local\bin;C:\Program Files\Git\usr\bin;C:\Program Files\Git\usr\bin;C:\Program Files\Git\mingw64\bin;C:\Program Files\Git\usr\bin;C:\Users\InternDN19.01.02\bin;C:\Program Files (x86)\Common Files\Oracle\Java\javapath;C:\Program Files (x86)\Intel\iCLS Client;C:\Program Files\Intel\iCLS Client;C:\Windows\System32\cmd.exe;C:\Windows;C:\Windows\System32\Wbem;C:\Windows\System32\WindowsPowerShell\v1.0;C:\Windows\System32\OpenSSH;C:\Program Files\Intel\Intel(R) Management Engine Components\DAL;C:\Program Files\Intel\Intel(R) Management Engine Components\IPT;C:\Program Files (x86)\Intel\Intel(R) Management Engine Components\DAL;C:\Program Files (x86)\Intel\Intel(R) Management Engine Components\IPT;C:\Program Files (x86)\Intel\OpenCL SDK\2.0\bin\x86;C:\Program Files (x86)\Intel\OpenCL SDK\2.0\bin\x64;C:\Program Files\Git\cmd;C:\Program Files\webdrivers;C:\xampp\php;C:\ProgramData\ComposerSetup\bin;C:\Program Files\nodejs;C:\Program Files\Java\jdk-12\bin;C:\apache-maven-3.6.1\bin;%PYTHONPATH%\python-3.7.3.exe;C:\Windows\system32;%M2_HOME%\bin;C:\Users\InternDN19.01.02\Documents\allure-2.10.0\bin;C:\Users\InternDN19.01.02\AppData\Local\Programs\Python\Python37\Scripts;C:\Users\InternDN19.01.02\AppData\Local\Programs\Python\Python37;C:\Users\InternDN19.01.02\AppData\Local\Microsoft\WindowsApps;C:\Users\InternDN19.01.02\AppData\Local\Programs\Microsoft VS Code\bin;C:\Users\InternDN19.01.02\AppData\Roaming\Composer\vendor\bin;C:\Users\InternDN19.01.02\AppData\Roaming\npm;C:\Program Files\Maven;C:\Program Files\nodejs;C:\Program Files\Git\usr\bin\vendor_perl;C:\Program Files\Git\usr\bin\core_perl;C:\users\interndn19.01.02\appdata\local\programs\python\python37\lib\site-packages\pywin32_system32;c:\users\interndn19.01.02\appdata\local\programs\python\python37\lib\site-packages\pywin32_system32;C:\Users\InternDN19.01.02\eclipse-workspace\RobotTeam2\RobotFrameworkProject\Resources/Drivers'.</msg>
<status status="PASS" starttime="20190523 11:32:59.359" endtime="20190523 11:32:59.360"></status>
</kw>
<kw name="Open Browser" library="Selenium2Library">
<doc>Opens a new browser instance to the given ``url``.</doc>
<arguments>
<arg>${ROOT}</arg>
<arg>${BROWSER}</arg>
</arguments>
<msg timestamp="20190523 11:32:59.364" level="INFO">Opening browser 'Chrome' to base url 'http://192.168.189.72/joomla/administrator/'.</msg>
<status status="PASS" starttime="20190523 11:32:59.364" endtime="20190523 11:33:07.680"></status>
</kw>
<kw name="Maximize Browser Window" library="Selenium2Library">
<doc>Maximizes current browser window.</doc>
<status status="PASS" starttime="20190523 11:33:07.683" endtime="20190523 11:33:08.903"></status>
</kw>
<kw name="Percy Initialize Build" library="PercyClient">
<arguments>
<arg>${PERCY_TOKEN}</arg>
</arguments>
<status status="PASS" starttime="20190523 11:33:08.904" endtime="20190523 11:33:12.769"></status>
</kw>
<status status="PASS" starttime="20190523 11:32:59.358" endtime="20190523 11:33:12.769"></status>
</kw>
<test id="s1-s1-s1-t1" name="TC13 - Update Admin Profile Successfully">
<kw name="Login Admin Site" library="AdminLoginPage">
<arguments>
<arg>${USERNAME1}</arg>
<arg>${PASSWORD1}</arg>
</arguments>
<kw name="Log To Console" library="BuiltIn">
<doc>Logs the given message to the console.</doc>
<arguments>
<arg>Login to Joomla</arg>
</arguments>
<status status="PASS" starttime="20190523 11:33:12.773" endtime="20190523 11:33:12.773"></status>
</kw>
<kw name="Input Text" library="Selenium2Library">
<doc>Types the given ``text`` into text field identified by ``locator``.</doc>
<arguments>
<arg>${txt_username}</arg>
<arg>${arg_username}</arg>
</arguments>
<msg timestamp="20190523 11:33:12.774" level="INFO">Typing text 'hihi' into text field 'id=mod-login-username'.</msg>
<status status="PASS" starttime="20190523 11:33:12.774" endtime="20190523 11:33:13.187"></status>
</kw>
<kw name="Input Text" library="Selenium2Library">
<doc>Types the given ``text`` into text field identified by ``locator``.</doc>
<arguments>
<arg>${txt_password}</arg>
<arg>${arg_password}</arg>
</arguments>
<msg timestamp="20190523 11:33:13.194" level="INFO">Typing text '1234567890' into text field 'id=mod-login-password'.</msg>
<status status="PASS" starttime="20190523 11:33:13.193" endtime="20190523 11:33:13.833"></status>
</kw>
<kw name="Click Button" library="Selenium2Library">
<doc>Clicks button identified by ``locator``.</doc>
<arguments>
<arg>${btn_login}</arg>
</arguments>
<msg timestamp="20190523 11:33:13.837" level="INFO">Clicking button 'xpath=//div[@class="btn-group"]/button[@class="btn btn-primary btn-block btn-large login-button"]'.</msg>
<status status="PASS" starttime="20190523 11:33:13.836" endtime="20190523 11:33:15.412"></status>
</kw>
<status status="PASS" starttime="20190523 11:33:12.772" endtime="20190523 11:33:15.425"></status>
</kw>
<kw name="Go To Admin Profile Page" library="AdminProfilePage">
<kw name="Click Element" library="Selenium2Library">
<doc>Click element identified by ``locator``.</doc>
<arguments>
<arg>${icn_user}</arg>
</arguments>
<msg timestamp="20190523 11:33:15.430" level="INFO">Clicking element 'xpath=//a/span[@class="icon-user"]'.</msg>
<status status="PASS" starttime="20190523 11:33:15.429" endtime="20190523 11:33:15.781"></status>
</kw>
<kw name="Wait Until Element Is Visible" library="Selenium2Library">
<doc>Waits until element ``locator`` is visible.</doc>
<arguments>
<arg>${lbl_edit_profile}</arg>
</arguments>
<status status="PASS" starttime="20190523 11:33:15.785" endtime="20190523 11:33:15.928"></status>
</kw>
<kw name="Click Element" library="Selenium2Library">
<doc>Click element identified by ``locator``.</doc>
<arguments>
<arg>${lbl_edit_profile}</arg>
</arguments>
<msg timestamp="20190523 11:33:15.929" level="INFO">Clicking element 'xpath=//ul[@class="nav nav-user pull-right nav-hover"]//a[text()="Edit Account"]'.</msg>
<status status="PASS" starttime="20190523 11:33:15.929" endtime="20190523 11:33:19.622"></status>
</kw>
<status status="PASS" starttime="20190523 11:33:15.425" endtime="20190523 11:33:19.625"></status>
</kw>
<kw name="Generate Random String" library="String">
<doc>Generates a string with a desired ``length`` from the given ``chars``.</doc>
<arguments>
<arg>4</arg>
<arg>[LETTERS]</arg>
</arguments>
<assign>
<var>${RANEMIAL}</var>
</assign>
<msg timestamp="20190523 11:33:19.626" level="INFO">${RANEMIAL} = kFYp</msg>
<status status="PASS" starttime="20190523 11:33:19.626" endtime="20190523 11:33:19.627"></status>
</kw>
<kw name="Fill Out And Submit Update Information" library="AdminProfilePage">
<arguments>
<arg>${UPDATE_NAME}</arg>
<arg>${UPDATE_PASSWORD}</arg>
<arg>${UPDATE_PASSWORD}</arg>
<arg>${RANEMIAL}@sharklasers.com</arg>
</arguments>
<kw name="Input Text" library="Selenium2Library">
<doc>Types the given ``text`` into text field identified by ``locator``.</doc>
<arguments>
<arg>${txt_update_name}</arg>
<arg>${arg_update_name}</arg>
</arguments>
<msg timestamp="20190523 11:33:19.632" level="INFO">Typing text 'dao nguyen' into text field 'xpath=//form[@id="profile-form"]/div/div/div[@class="control-group"]/div[@class="controls"]/input[@id="jform_name"]'.</msg>
<status status="PASS" starttime="20190523 11:33:19.631" endtime="20190523 11:33:20.530"></status>
</kw>
<kw name="Input Text" library="Selenium2Library">
<doc>Types the given ``text`` into text field identified by ``locator``.</doc>
<arguments>
<arg>${txt_update_password}</arg>
<arg>${arg_update_password}</arg>
</arguments>
<msg timestamp="20190523 11:33:20.534" level="INFO">Typing text '123456789' into text field 'xpath=//form[@id="profile-form"]/div/div/div[@class="control-group"]/div[@class="controls"]/input[@id="jform_password2"]'.</msg>
<status status="PASS" starttime="20190523 11:33:20.533" endtime="20190523 11:33:21.083"></status>
</kw>
<kw name="Input Text" library="Selenium2Library">
<doc>Types the given ``text`` into text field identified by ``locator``.</doc>
<arguments>
<arg>${txt_update_confirm_password}</arg>
<arg>${arg_update_confirm_password}</arg>
</arguments>
<msg timestamp="20190523 11:33:21.088" level="INFO">Typing text '123456789' into text field 'xpath=//form[@id="profile-form"]/div/div/div[@class="control-group"]/div[@class="controls"]/input[@id="jform_password"]'.</msg>
<status status="PASS" starttime="20190523 11:33:21.087" endtime="20190523 11:33:21.579"></status>
</kw>
<kw name="Input Text" library="Selenium2Library">
<doc>Types the given ``text`` into text field identified by ``locator``.</doc>
<arguments>
<arg>${txt_update_email}</arg>
<arg>${arg_update_email}</arg>
</arguments>
<msg timestamp="20190523 11:33:21.583" level="INFO">Typing text 'kFYp@sharklasers.com' into text field 'xpath=//form[@id="profile-form"]/div/div/div[@class="control-group"]/div[@class="controls"]/input[@id="jform_email"]'.</msg>
<status status="PASS" starttime="20190523 11:33:21.583" endtime="20190523 11:33:22.902"></status>
</kw>
<kw name="Click Button" library="Selenium2Library">
<doc>Clicks button identified by ``locator``.</doc>
<arguments>
<arg>${btn_update_save}</arg>
</arguments>
<msg timestamp="20190523 11:33:22.907" level="INFO">Clicking button 'xpath=//div[@id="toolbar-save"]/button'.</msg>
<status status="PASS" starttime="20190523 11:33:22.906" endtime="20190523 11:33:24.912"></status>
</kw>
<status status="PASS" starttime="20190523 11:33:19.630" endtime="20190523 11:33:25.780"></status>
</kw>
<kw name="Check Message" library="AdminHomePage">
<arguments>
<arg>${MESSAGE_UPDATE_PROFILE}</arg>
</arguments>
<kw name="Element Text Should Be" library="Selenium2Library">
<doc>Verifies that element ``locator`` contains exact text ``expected``.</doc>
<arguments>
<arg>${hed_header_message}</arg>
<arg>Message</arg>
</arguments>
<msg timestamp="20190523 11:33:25.783" level="INFO">Verifying element 'xpath=//div[@class="alert alert-success"]/h4[@class="alert-heading"]' contains exact text 'Message'.</msg>
<status status="PASS" starttime="20190523 11:33:25.782" endtime="20190523 11:33:25.882"></status>
</kw>
<kw name="Element Text Should Be" library="Selenium2Library">
<doc>Verifies that element ``locator`` contains exact text ``expected``.</doc>
<arguments>
<arg>${lbl_message}</arg>
<arg>${arg_expected_message}</arg>
</arguments>
<msg timestamp="20190523 11:33:25.886" level="INFO">Verifying element 'xpath=//div[@class="alert alert-success"]/div[@class="alert-message"]' contains exact text 'Item saved.'.</msg>
<status status="PASS" starttime="20190523 11:33:25.885" endtime="20190523 11:33:26.009"></status>
</kw>
<status status="PASS" starttime="20190523 11:33:25.781" endtime="20190523 11:33:26.013"></status>
</kw>
<kw name="Logout Admin Site" library="AdminHomePage">
<kw name="Click Element" library="Selenium2Library">
<doc>Click element identified by ``locator``.</doc>
<arguments>
<arg>${icn_user}</arg>
</arguments>
<msg timestamp="20190523 11:33:26.015" level="INFO">Clicking element 'xpath=//a/span[@class="icon-user"]'.</msg>
<status status="PASS" starttime="20190523 11:33:26.014" endtime="20190523 11:33:26.240"></status>
</kw>
<kw name="Wait Until Element Is Visible" library="Selenium2Library">
<doc>Waits until element ``locator`` is visible.</doc>
<arguments>
<arg>${lbl_logout}</arg>
</arguments>
<status status="PASS" starttime="20190523 11:33:26.254" endtime="20190523 11:33:26.328"></status>
</kw>
<kw name="Click Element" library="Selenium2Library">
<doc>Click element identified by ``locator``.</doc>
<arguments>
<arg>${lbl_logout}</arg>
</arguments>
<msg timestamp="20190523 11:33:26.329" level="INFO">Clicking element 'xpath=//ul[@class="nav nav-user pull-right nav-hover"]//a[text()="Logout"]'.</msg>
<status status="PASS" starttime="20190523 11:33:26.328" endtime="20190523 11:33:27.468"></status>
</kw>
<status status="PASS" starttime="20190523 11:33:26.014" endtime="20190523 11:33:27.476"></status>
</kw>
<kw name="Login Admin Site" library="AdminLoginPage">
<arguments>
<arg>${USERNAME1}</arg>
<arg>${UPDATE_PASSWORD}</arg>
</arguments>
<kw name="Log To Console" library="BuiltIn">
<doc>Logs the given message to the console.</doc>
<arguments>
<arg>Login to Joomla</arg>
</arguments>
<status status="PASS" starttime="20190523 11:33:27.483" endtime="20190523 11:33:27.484"></status>
</kw>
<kw name="Input Text" library="Selenium2Library">
<doc>Types the given ``text`` into text field identified by ``locator``.</doc>
<arguments>
<arg>${txt_username}</arg>
<arg>${arg_username}</arg>
</arguments>
<msg timestamp="20190523 11:33:27.485" level="INFO">Typing text 'hihi' into text field 'id=mod-login-username'.</msg>
<status status="PASS" starttime="20190523 11:33:27.484" endtime="20190523 11:33:28.610"></status>
</kw>
<kw name="Input Text" library="Selenium2Library">
<doc>Types the given ``text`` into text field identified by ``locator``.</doc>
<arguments>
<arg>${txt_password}</arg>
<arg>${arg_password}</arg>
</arguments>
<msg timestamp="20190523 11:33:28.614" level="INFO">Typing text '123456789' into text field 'id=mod-login-password'.</msg>
<status status="PASS" starttime="20190523 11:33:28.614" endtime="20190523 11:33:28.895"></status>
</kw>
<kw name="Click Button" library="Selenium2Library">
<doc>Clicks button identified by ``locator``.</doc>
<arguments>
<arg>${btn_login}</arg>
</arguments>
<msg timestamp="20190523 11:33:29.031" level="INFO">Clicking button 'xpath=//div[@class="btn-group"]/button[@class="btn btn-primary btn-block btn-large login-button"]'.</msg>
<status status="PASS" starttime="20190523 11:33:29.031" endtime="20190523 11:33:30.901"></status>
</kw>
<status status="PASS" starttime="20190523 11:33:27.477" endtime="20190523 11:33:30.905"></status>
</kw>
<kw name="Go To Admin Profile Page" library="AdminProfilePage">
<kw name="Click Element" library="Selenium2Library">
<doc>Click element identified by ``locator``.</doc>
<arguments>
<arg>${icn_user}</arg>
</arguments>
<msg timestamp="20190523 11:33:30.919" level="INFO">Clicking element 'xpath=//a/span[@class="icon-user"]'.</msg>
<status status="PASS" starttime="20190523 11:33:30.907" endtime="20190523 11:33:31.082"></status>
</kw>
<kw name="Wait Until Element Is Visible" library="Selenium2Library">
<doc>Waits until element ``locator`` is visible.</doc>
<arguments>
<arg>${lbl_edit_profile}</arg>
</arguments>
<status status="PASS" starttime="20190523 11:33:31.085" endtime="20190523 11:33:31.174"></status>
</kw>
<kw name="Click Element" library="Selenium2Library">
<doc>Click element identified by ``locator``.</doc>
<arguments>
<arg>${lbl_edit_profile}</arg>
</arguments>
<msg timestamp="20190523 11:33:31.175" level="INFO">Clicking element 'xpath=//ul[@class="nav nav-user pull-right nav-hover"]//a[text()="Edit Account"]'.</msg>
<status status="PASS" starttime="20190523 11:33:31.174" endtime="20190523 11:33:32.435"></status>
</kw>
<status status="PASS" starttime="20190523 11:33:30.905" endtime="20190523 11:33:32.439"></status>
</kw>
<kw name="Fill Out And Submit Update Information" library="AdminProfilePage">
<arguments>
<arg>${UPDATE_NAME}</arg>
<arg>${PASSWORD1}</arg>
<arg>${PASSWORD1}</arg>
<arg>${RANEMIAL}@gmail.com</arg>
</arguments>
<kw name="Input Text" library="Selenium2Library">
<doc>Types the given ``text`` into text field identified by ``locator``.</doc>
<arguments>
<arg>${txt_update_name}</arg>
<arg>${arg_update_name}</arg>
</arguments>
<msg timestamp="20190523 11:33:32.442" level="INFO">Typing text 'dao nguyen' into text field 'xpath=//form[@id="profile-form"]/div/div/div[@class="control-group"]/div[@class="controls"]/input[@id="jform_name"]'.</msg>
<status status="PASS" starttime="20190523 11:33:32.441" endtime="20190523 11:33:33.139"></status>
</kw>
<kw name="Input Text" library="Selenium2Library">
<doc>Types the given ``text`` into text field identified by ``locator``.</doc>
<arguments>
<arg>${txt_update_password}</arg>
<arg>${arg_update_password}</arg>
</arguments>
<msg timestamp="20190523 11:33:33.143" level="INFO">Typing text '1234567890' into text field 'xpath=//form[@id="profile-form"]/div/div/div[@class="control-group"]/div[@class="controls"]/input[@id="jform_password2"]'.</msg>
<status status="PASS" starttime="20190523 11:33:33.142" endtime="20190523 11:33:34.037"></status>
</kw>
<kw name="Input Text" library="Selenium2Library">
<doc>Types the given ``text`` into text field identified by ``locator``.</doc>
<arguments>
<arg>${txt_update_confirm_password}</arg>
<arg>${arg_update_confirm_password}</arg>
</arguments>
<msg timestamp="20190523 11:33:34.042" level="INFO">Typing text '1234567890' into text field 'xpath=//form[@id="profile-form"]/div/div/div[@class="control-group"]/div[@class="controls"]/input[@id="jform_password"]'.</msg>
<status status="PASS" starttime="20190523 11:33:34.041" endtime="20190523 11:33:35.014"></status>
</kw>
<kw name="Input Text" library="Selenium2Library">
<doc>Types the given ``text`` into text field identified by ``locator``.</doc>
<arguments>
<arg>${txt_update_email}</arg>
<arg>${arg_update_email}</arg>
</arguments>
<msg timestamp="20190523 11:33:35.018" level="INFO">Typing text 'kFYp@gmail.com' into text field 'xpath=//form[@id="profile-form"]/div/div/div[@class="control-group"]/div[@class="controls"]/input[@id="jform_email"]'.</msg>
<status status="PASS" starttime="20190523 11:33:35.017" endtime="20190523 11:33:36.011"></status>
</kw>
<kw name="Click Button" library="Selenium2Library">
<doc>Clicks button identified by ``locator``.</doc>
<arguments>
<arg>${btn_update_save}</arg>
</arguments>
<msg timestamp="20190523 11:33:36.016" level="INFO">Clicking button 'xpath=//div[@id="toolbar-save"]/button'.</msg>
<status status="PASS" starttime="20190523 11:33:36.016" endtime="20190523 11:33:37.768"></status>
</kw>
<status status="PASS" starttime="20190523 11:33:32.439" endtime="20190523 11:33:37.772"></status>
</kw>
<status status="PASS" starttime="20190523 11:33:12.770" endtime="20190523 11:33:37.772" critical="yes"></status>
</test>
<kw name="Teardown" library="Setup" type="teardown">
<kw name="Close All Browsers" library="Selenium2Library">
<doc>Closes all open browsers and resets the browser cache.</doc>
<status status="PASS" starttime="20190523 11:33:37.786" endtime="20190523 11:33:41.303"></status>
</kw>
<kw name="Percy Finalize Build" library="PercyClient">
<status status="PASS" starttime="20190523 11:33:41.304" endtime="20190523 11:33:41.817"></status>
</kw>
<status status="PASS" starttime="20190523 11:33:37.785" endtime="20190523 11:33:41.818"></status>
</kw>
<status status="PASS" starttime="20190523 11:32:58.598" endtime="20190523 11:33:41.818"></status>
</suite>
<status status="PASS" starttime="20190523 11:32:58.595" endtime="20190523 11:33:41.825"></status>
</suite>
<status status="PASS" starttime="20190523 11:32:58.545" endtime="20190523 11:33:41.831"></status>
</suite>
<statistics>
<total>
<stat pass="1" fail="0">Critical Tests</stat>
<stat pass="1" fail="0">All Tests</stat>
</total>
<tag>
</tag>
<suite>
<stat pass="1" fail="0" id="s1" name="Tests">Tests</stat>
<stat pass="1" fail="0" id="s1-s1" name="FunctionalTests">Tests.FunctionalTests</stat>
<stat pass="1" fail="0" id="s1-s1-s1" name="AdminUpdateProfileTest">Tests.FunctionalTests.AdminUpdateProfileTest</stat>
</suite>
</statistics>
<errors>
</errors>
</robot>
