<?xml version="1.0" encoding="UTF-8"?>
<robot generator="Robot 3.1.1 (Python 3.7.3 on win32)" generated="20190523 10:02:17.160" rpa="false">
<suite id="s1" name="Tests" source="C:\Users\InternDN19.01.07\Desktop\Intern19_DinhThiAnhThao\Project_Phase1_Researching\project\RobotTeam2\RobotFrameworkProject\Tests">
<suite id="s1-s1" name="FunctionalTests" source="C:\Users\InternDN19.01.07\Desktop\Intern19_DinhThiAnhThao\Project_Phase1_Researching\project\RobotTeam2\RobotFrameworkProject\Tests\FunctionalTests">
<suite id="s1-s1-s1" name="AdminUpdateProfileTest" source="C:\Users\InternDN19.01.07\Desktop\Intern19_DinhThiAnhThao\Project_Phase1_Researching\project\RobotTeam2\RobotFrameworkProject\Tests\FunctionalTests\AdminUpdateProfileTest.robot">
<kw name="Setup" library="Setup" type="setup">
<kw name="Append To Environment Variable" library="OperatingSystem">
<doc>Appends given ``values`` to environment variable ``name``.</doc>
<arguments>
<arg>PATH</arg>
<arg>C:\\Users\\InternDN19.01.07\\Desktop\\Intern19_DinhThiAnhThao\\Project_Phase1_Researching\\project\\RobotTeam2\\RobotFrameworkProject\\Resources/Drivers</arg>
</arguments>
<msg timestamp="20190523 10:02:17.437" level="INFO">Environment variable 'PATH' set to value 'C:\Users\InternDN19.01.07\bin;C:\Program Files\Git\mingw64\bin;C:\Program Files\Git\usr\local\bin;C:\Program Files\Git\usr\bin;C:\Program Files\Git\usr\bin;C:\Program Files\Git\mingw64\bin;C:\Program Files\Git\usr\bin;C:\Users\InternDN19.01.07\bin;C:\Python37;C:\Python37\Scripts;C:\Program Files (x86)\Common Files\Oracle\Java\javapath;C:\Program Files (x86)\Intel\Intel(R) Management Engine Components\iCLS;C:\Program Files\Intel\Intel(R) Management Engine Components\iCLS;C:\Windows\system32;C:\Windows;C:\Windows\System32\Wbem;C:\Windows\System32\WindowsPowerShell\v1.0;C:\Windows\System32\OpenSSH;C:\Program Files (x86)\Intel\Intel(R) Management Engine Components\DAL;C:\Program Files\Intel\Intel(R) Management Engine Components\DAL;C:\Program Files (x86)\Intel\Intel(R) Management Engine Components\IPT;C:\Program Files\Intel\Intel(R) Management Engine Components\IPT;C:\Program Files\Git\cmd;C:\Python27\Lib\site-packages;C:\Users\InternDN19.01.07\Desktop\Intern19_DinhThiAnhThao\SeleniumWebdriver;C:\xampp\php;C:\composer;C:\Program Files\nodejs;C:\Program Files\maven\apache-maven-3.6.1\bin;C:\Program Files\Java\jdk1.8.0_201\bin;C:\Users\InternDN19.01.07\Downloads\allure-2.10.0\bin;C:\Users\InternDN19.01.07\AppData\Local\Programs\Python\Python37\Scripts;C:\Users\InternDN19.01.07\AppData\Local\Programs\Python\Python37;C:\Users\InternDN19.01.07\AppData\Local\Microsoft\WindowsApps;C:\Users\InternDN19.01.07\AppData\Local\Programs\Microsoft VS Code\bin;C:\Users\InternDN19.01.07\AppData\Roaming\Composer\vendor\bin;C:\Users\InternDN19.01.07\AppData\Roaming\npm;C:\Program Files\Git\usr\bin\vendor_perl;C:\Program Files\Git\usr\bin\core_perl;C:\users\interndn19.01.07\appdata\local\programs\python\python37\lib\site-packages\pywin32_system32;c:\users\interndn19.01.07\appdata\local\programs\python\python37\lib\site-packages\pywin32_system32;C:\Users\InternDN19.01.07\Desktop\Intern19_DinhThiAnhThao\Project_Phase1_Researching\project\RobotTeam2\RobotFrameworkProject\Resources/Drivers'.</msg>
<status status="PASS" starttime="20190523 10:02:17.437" endtime="20190523 10:02:17.437"></status>
</kw>
<kw name="Open Browser" library="Selenium2Library">
<doc>Opens a new browser instance to the given ``url``.</doc>
<arguments>
<arg>${ROOT}</arg>
<arg>${BROWSER}</arg>
</arguments>
<msg timestamp="20190523 10:02:17.438" level="INFO">Opening browser 'Chrome' to base url 'http://192.168.189.72/joomla/administrator/'.</msg>
<status status="PASS" starttime="20190523 10:02:17.437" endtime="20190523 10:02:23.554"></status>
</kw>
<kw name="Maximize Browser Window" library="Selenium2Library">
<doc>Maximizes current browser window.</doc>
<status status="PASS" starttime="20190523 10:02:23.554" endtime="20190523 10:02:24.676"></status>
</kw>
<kw name="Percy Initialize Build" library="PercyClient">
<arguments>
<arg>${PERCY_TOKEN}</arg>
</arguments>
<status status="PASS" starttime="20190523 10:02:24.676" endtime="20190523 10:02:28.237"></status>
</kw>
<status status="PASS" starttime="20190523 10:02:17.437" endtime="20190523 10:02:28.237"></status>
</kw>
<test id="s1-s1-s1-t1" name="TC13 - Update Admin Profile Successfully">
<kw name="Login Admin Site" library="AdminLoginPage">
<arguments>
<arg>${USERNAME1}</arg>
<arg>${PASSWORD1}</arg>
</arguments>
<kw name="Log To Console" library="BuiltIn">
<doc>Logs the given message to the console.</doc>
<arguments>
<arg>Login to Joomla</arg>
</arguments>
<status status="PASS" starttime="20190523 10:02:28.259" endtime="20190523 10:02:28.260"></status>
</kw>
<kw name="Input Text" library="Selenium2Library">
<doc>Types the given ``text`` into text field identified by ``locator``.</doc>
<arguments>
<arg>${txt_username}</arg>
<arg>${arg_username}</arg>
</arguments>
<msg timestamp="20190523 10:02:28.260" level="INFO">Typing text 'hihi' into text field 'id=mod-login-username'.</msg>
<status status="PASS" starttime="20190523 10:02:28.260" endtime="20190523 10:02:28.328"></status>
</kw>
<kw name="Input Text" library="Selenium2Library">
<doc>Types the given ``text`` into text field identified by ``locator``.</doc>
<arguments>
<arg>${txt_password}</arg>
<arg>${arg_password}</arg>
</arguments>
<msg timestamp="20190523 10:02:28.328" level="INFO">Typing text '1234567890' into text field 'id=mod-login-password'.</msg>
<status status="PASS" starttime="20190523 10:02:28.328" endtime="20190523 10:02:28.406"></status>
</kw>
<kw name="Click Button" library="Selenium2Library">
<doc>Clicks button identified by ``locator``.</doc>
<arguments>
<arg>${btn_login}</arg>
</arguments>
<msg timestamp="20190523 10:02:28.406" level="INFO">Clicking button 'xpath=//div[@class="btn-group"]/button[@class="btn btn-primary btn-block btn-large login-button"]'.</msg>
<status status="PASS" starttime="20190523 10:02:28.406" endtime="20190523 10:02:29.720"></status>
</kw>
<status status="PASS" starttime="20190523 10:02:28.259" endtime="20190523 10:02:29.720"></status>
</kw>
<kw name="Go To Admin Profile Page" library="AdminProfilePage">
<kw name="Click Element" library="Selenium2Library">
<doc>Click element identified by ``locator``.</doc>
<arguments>
<arg>${icn_user}</arg>
</arguments>
<msg timestamp="20190523 10:02:29.721" level="INFO">Clicking element 'xpath=//a/span[@class="icon-user"]'.</msg>
<status status="PASS" starttime="20190523 10:02:29.721" endtime="20190523 10:02:29.772"></status>
</kw>
<kw name="Wait Until Element Is Visible" library="Selenium2Library">
<doc>Waits until element ``locator`` is visible.</doc>
<arguments>
<arg>${lbl_edit_profile}</arg>
</arguments>
<status status="PASS" starttime="20190523 10:02:29.773" endtime="20190523 10:02:29.795"></status>
</kw>
<kw name="Click Element" library="Selenium2Library">
<doc>Click element identified by ``locator``.</doc>
<arguments>
<arg>${lbl_edit_profile}</arg>
</arguments>
<msg timestamp="20190523 10:02:29.795" level="INFO">Clicking element 'xpath=//ul[@class="nav nav-user pull-right nav-hover"]//a[text()="Edit Account"]'.</msg>
<status status="PASS" starttime="20190523 10:02:29.795" endtime="20190523 10:02:31.427"></status>
</kw>
<status status="PASS" starttime="20190523 10:02:29.720" endtime="20190523 10:02:31.427"></status>
</kw>
<kw name="Generate Random String" library="String">
<doc>Generates a string with a desired ``length`` from the given ``chars``.</doc>
<arguments>
<arg>4</arg>
<arg>[LETTERS]</arg>
</arguments>
<assign>
<var>${RANEMIAL}</var>
</assign>
<msg timestamp="20190523 10:02:31.429" level="INFO">${RANEMIAL} = pPDD</msg>
<status status="PASS" starttime="20190523 10:02:31.428" endtime="20190523 10:02:31.429"></status>
</kw>
<kw name="Fill Out And Submit Update Information" library="AdminProfilePage">
<arguments>
<arg>${UPDATE_NAME}</arg>
<arg>${UPDATE_PASSWORD}</arg>
<arg>${UPDATE_PASSWORD}</arg>
<arg>${RANEMIAL}@sharklasers.com</arg>
</arguments>
<kw name="Input Text" library="Selenium2Library">
<doc>Types the given ``text`` into text field identified by ``locator``.</doc>
<arguments>
<arg>${txt_update_name}</arg>
<arg>${arg_update_name}</arg>
</arguments>
<msg timestamp="20190523 10:02:31.430" level="INFO">Typing text 'dao nguyen' into text field 'xpath=//form[@id="profile-form"]/div/div/div[@class="control-group"]/div[@class="controls"]/input[@id="jform_name"]'.</msg>
<status status="PASS" starttime="20190523 10:02:31.430" endtime="20190523 10:02:31.718"></status>
</kw>
<kw name="Input Text" library="Selenium2Library">
<doc>Types the given ``text`` into text field identified by ``locator``.</doc>
<arguments>
<arg>${txt_update_password}</arg>
<arg>${arg_update_password}</arg>
</arguments>
<msg timestamp="20190523 10:02:31.719" level="INFO">Typing text '123456789' into text field 'xpath=//form[@id="profile-form"]/div/div/div[@class="control-group"]/div[@class="controls"]/input[@id="jform_password2"]'.</msg>
<status status="PASS" starttime="20190523 10:02:31.718" endtime="20190523 10:02:31.825"></status>
</kw>
<kw name="Input Text" library="Selenium2Library">
<doc>Types the given ``text`` into text field identified by ``locator``.</doc>
<arguments>
<arg>${txt_update_confirm_password}</arg>
<arg>${arg_update_confirm_password}</arg>
</arguments>
<msg timestamp="20190523 10:02:31.826" level="INFO">Typing text '123456789' into text field 'xpath=//form[@id="profile-form"]/div/div/div[@class="control-group"]/div[@class="controls"]/input[@id="jform_password"]'.</msg>
<status status="PASS" starttime="20190523 10:02:31.826" endtime="20190523 10:02:31.941"></status>
</kw>
<kw name="Input Text" library="Selenium2Library">
<doc>Types the given ``text`` into text field identified by ``locator``.</doc>
<arguments>
<arg>${txt_update_email}</arg>
<arg>${arg_update_email}</arg>
</arguments>
<msg timestamp="20190523 10:02:31.942" level="INFO">Typing text 'pPDD@sharklasers.com' into text field 'xpath=//form[@id="profile-form"]/div/div/div[@class="control-group"]/div[@class="controls"]/input[@id="jform_email"]'.</msg>
<status status="PASS" starttime="20190523 10:02:31.941" endtime="20190523 10:02:32.559"></status>
</kw>
<kw name="Click Button" library="Selenium2Library">
<doc>Clicks button identified by ``locator``.</doc>
<arguments>
<arg>${btn_update_save}</arg>
</arguments>
<msg timestamp="20190523 10:02:32.559" level="INFO">Clicking button 'xpath=//div[@id="toolbar-save"]/button'.</msg>
<status status="PASS" starttime="20190523 10:02:32.559" endtime="20190523 10:02:37.384"></status>
</kw>
<status status="PASS" starttime="20190523 10:02:31.429" endtime="20190523 10:02:37.384"></status>
</kw>
<kw name="Check Message" library="AdminHomePage">
<arguments>
<arg>${MESSAGE_UPDATE_PROFILE}</arg>
</arguments>
<kw name="Element Text Should Be" library="Selenium2Library">
<doc>Verifies that element ``locator`` contains exact text ``expected``.</doc>
<arguments>
<arg>${hed_header_message}</arg>
<arg>Message</arg>
</arguments>
<msg timestamp="20190523 10:02:37.384" level="INFO">Verifying element 'xpath=//div[@class="alert alert-success"]/h4[@class="alert-heading"]' contains exact text 'Message'.</msg>
<status status="PASS" starttime="20190523 10:02:37.384" endtime="20190523 10:02:37.412"></status>
</kw>
<kw name="Element Text Should Be" library="Selenium2Library">
<doc>Verifies that element ``locator`` contains exact text ``expected``.</doc>
<arguments>
<arg>${lbl_message}</arg>
<arg>${arg_expected_message}</arg>
</arguments>
<msg timestamp="20190523 10:02:37.412" level="INFO">Verifying element 'xpath=//div[@class="alert alert-success"]/div[@class="alert-message"]' contains exact text 'Item saved.'.</msg>
<status status="PASS" starttime="20190523 10:02:37.412" endtime="20190523 10:02:37.437"></status>
</kw>
<status status="PASS" starttime="20190523 10:02:37.384" endtime="20190523 10:02:37.437"></status>
</kw>
<kw name="Logout Admin Site" library="AdminHomePage">
<kw name="Click Element" library="Selenium2Library">
<doc>Click element identified by ``locator``.</doc>
<arguments>
<arg>${icn_user}</arg>
</arguments>
<msg timestamp="20190523 10:02:37.438" level="INFO">Clicking element 'xpath=//a/span[@class="icon-user"]'.</msg>
<status status="PASS" starttime="20190523 10:02:37.437" endtime="20190523 10:02:37.489"></status>
</kw>
<kw name="Wait Until Element Is Visible" library="Selenium2Library">
<doc>Waits until element ``locator`` is visible.</doc>
<arguments>
<arg>${lbl_logout}</arg>
</arguments>
<status status="PASS" starttime="20190523 10:02:37.489" endtime="20190523 10:02:37.514"></status>
</kw>
<kw name="Click Element" library="Selenium2Library">
<doc>Click element identified by ``locator``.</doc>
<arguments>
<arg>${lbl_logout}</arg>
</arguments>
<msg timestamp="20190523 10:02:37.514" level="INFO">Clicking element 'xpath=//ul[@class="nav nav-user pull-right nav-hover"]//a[text()="Logout"]'.</msg>
<status status="PASS" starttime="20190523 10:02:37.514" endtime="20190523 10:02:38.609"></status>
</kw>
<status status="PASS" starttime="20190523 10:02:37.437" endtime="20190523 10:02:38.609"></status>
</kw>
<kw name="Login Admin Site" library="AdminLoginPage">
<arguments>
<arg>${USERNAME1}</arg>
<arg>${UPDATE_PASSWORD}</arg>
</arguments>
<kw name="Log To Console" library="BuiltIn">
<doc>Logs the given message to the console.</doc>
<arguments>
<arg>Login to Joomla</arg>
</arguments>
<status status="PASS" starttime="20190523 10:02:38.609" endtime="20190523 10:02:38.609"></status>
</kw>
<kw name="Input Text" library="Selenium2Library">
<doc>Types the given ``text`` into text field identified by ``locator``.</doc>
<arguments>
<arg>${txt_username}</arg>
<arg>${arg_username}</arg>
</arguments>
<msg timestamp="20190523 10:02:38.610" level="INFO">Typing text 'hihi' into text field 'id=mod-login-username'.</msg>
<status status="PASS" starttime="20190523 10:02:38.610" endtime="20190523 10:02:38.726"></status>
</kw>
<kw name="Input Text" library="Selenium2Library">
<doc>Types the given ``text`` into text field identified by ``locator``.</doc>
<arguments>
<arg>${txt_password}</arg>
<arg>${arg_password}</arg>
</arguments>
<msg timestamp="20190523 10:02:38.727" level="INFO">Typing text '123456789' into text field 'id=mod-login-password'.</msg>
<status status="PASS" starttime="20190523 10:02:38.726" endtime="20190523 10:02:38.821"></status>
</kw>
<kw name="Click Button" library="Selenium2Library">
<doc>Clicks button identified by ``locator``.</doc>
<arguments>
<arg>${btn_login}</arg>
</arguments>
<msg timestamp="20190523 10:02:38.821" level="INFO">Clicking button 'xpath=//div[@class="btn-group"]/button[@class="btn btn-primary btn-block btn-large login-button"]'.</msg>
<status status="PASS" starttime="20190523 10:02:38.821" endtime="20190523 10:02:39.991"></status>
</kw>
<status status="PASS" starttime="20190523 10:02:38.609" endtime="20190523 10:02:39.991"></status>
</kw>
<kw name="Go To Admin Profile Page" library="AdminProfilePage">
<kw name="Click Element" library="Selenium2Library">
<doc>Click element identified by ``locator``.</doc>
<arguments>
<arg>${icn_user}</arg>
</arguments>
<msg timestamp="20190523 10:02:39.992" level="INFO">Clicking element 'xpath=//a/span[@class="icon-user"]'.</msg>
<status status="PASS" starttime="20190523 10:02:39.991" endtime="20190523 10:02:40.061"></status>
</kw>
<kw name="Wait Until Element Is Visible" library="Selenium2Library">
<doc>Waits until element ``locator`` is visible.</doc>
<arguments>
<arg>${lbl_edit_profile}</arg>
</arguments>
<status status="PASS" starttime="20190523 10:02:40.061" endtime="20190523 10:02:40.085"></status>
</kw>
<kw name="Click Element" library="Selenium2Library">
<doc>Click element identified by ``locator``.</doc>
<arguments>
<arg>${lbl_edit_profile}</arg>
</arguments>
<msg timestamp="20190523 10:02:40.085" level="INFO">Clicking element 'xpath=//ul[@class="nav nav-user pull-right nav-hover"]//a[text()="Edit Account"]'.</msg>
<status status="PASS" starttime="20190523 10:02:40.085" endtime="20190523 10:02:41.022"></status>
</kw>
<status status="PASS" starttime="20190523 10:02:39.991" endtime="20190523 10:02:41.022"></status>
</kw>
<kw name="Fill Out And Submit Update Information" library="AdminProfilePage">
<arguments>
<arg>${UPDATE_NAME}</arg>
<arg>${PASSWORD1}</arg>
<arg>${PASSWORD1}</arg>
<arg>${RANEMIAL}@gmail.com</arg>
</arguments>
<kw name="Input Text" library="Selenium2Library">
<doc>Types the given ``text`` into text field identified by ``locator``.</doc>
<arguments>
<arg>${txt_update_name}</arg>
<arg>${arg_update_name}</arg>
</arguments>
<msg timestamp="20190523 10:02:41.023" level="INFO">Typing text 'dao nguyen' into text field 'xpath=//form[@id="profile-form"]/div/div/div[@class="control-group"]/div[@class="controls"]/input[@id="jform_name"]'.</msg>
<status status="PASS" starttime="20190523 10:02:41.023" endtime="20190523 10:02:41.188"></status>
</kw>
<kw name="Input Text" library="Selenium2Library">
<doc>Types the given ``text`` into text field identified by ``locator``.</doc>
<arguments>
<arg>${txt_update_password}</arg>
<arg>${arg_update_password}</arg>
</arguments>
<msg timestamp="20190523 10:02:41.188" level="INFO">Typing text '1234567890' into text field 'xpath=//form[@id="profile-form"]/div/div/div[@class="control-group"]/div[@class="controls"]/input[@id="jform_password2"]'.</msg>
<status status="PASS" starttime="20190523 10:02:41.188" endtime="20190523 10:02:41.392"></status>
</kw>
<kw name="Input Text" library="Selenium2Library">
<doc>Types the given ``text`` into text field identified by ``locator``.</doc>
<arguments>
<arg>${txt_update_confirm_password}</arg>
<arg>${arg_update_confirm_password}</arg>
</arguments>
<msg timestamp="20190523 10:02:41.393" level="INFO">Typing text '1234567890' into text field 'xpath=//form[@id="profile-form"]/div/div/div[@class="control-group"]/div[@class="controls"]/input[@id="jform_password"]'.</msg>
<status status="PASS" starttime="20190523 10:02:41.392" endtime="20190523 10:02:41.750"></status>
</kw>
<kw name="Input Text" library="Selenium2Library">
<doc>Types the given ``text`` into text field identified by ``locator``.</doc>
<arguments>
<arg>${txt_update_email}</arg>
<arg>${arg_update_email}</arg>
</arguments>
<msg timestamp="20190523 10:02:41.751" level="INFO">Typing text 'pPDD@gmail.com' into text field 'xpath=//form[@id="profile-form"]/div/div/div[@class="control-group"]/div[@class="controls"]/input[@id="jform_email"]'.</msg>
<status status="PASS" starttime="20190523 10:02:41.751" endtime="20190523 10:02:41.940"></status>
</kw>
<kw name="Click Button" library="Selenium2Library">
<doc>Clicks button identified by ``locator``.</doc>
<arguments>
<arg>${btn_update_save}</arg>
</arguments>
<msg timestamp="20190523 10:02:41.940" level="INFO">Clicking button 'xpath=//div[@id="toolbar-save"]/button'.</msg>
<status status="PASS" starttime="20190523 10:02:41.940" endtime="20190523 10:02:43.988"></status>
</kw>
<status status="PASS" starttime="20190523 10:02:41.023" endtime="20190523 10:02:43.988"></status>
</kw>
<status status="PASS" starttime="20190523 10:02:28.237" endtime="20190523 10:02:43.988" critical="yes"></status>
</test>
<kw name="Teardown" library="Setup" type="teardown">
<kw name="Close All Browsers" library="Selenium2Library">
<doc>Closes all open browsers and resets the browser cache.</doc>
<status status="PASS" starttime="20190523 10:02:43.989" endtime="20190523 10:02:46.155"></status>
</kw>
<kw name="Percy Finalize Build" library="PercyClient">
<status status="PASS" starttime="20190523 10:02:46.155" endtime="20190523 10:02:46.796"></status>
</kw>
<status status="PASS" starttime="20190523 10:02:43.989" endtime="20190523 10:02:46.796"></status>
</kw>
<status status="PASS" starttime="20190523 10:02:17.192" endtime="20190523 10:02:46.796"></status>
</suite>
<status status="PASS" starttime="20190523 10:02:17.190" endtime="20190523 10:02:46.797"></status>
</suite>
<status status="PASS" starttime="20190523 10:02:17.165" endtime="20190523 10:02:46.798"></status>
</suite>
<statistics>
<total>
<stat pass="1" fail="0">Critical Tests</stat>
<stat pass="1" fail="0">All Tests</stat>
</total>
<tag>
</tag>
<suite>
<stat pass="1" fail="0" id="s1" name="Tests">Tests</stat>
<stat pass="1" fail="0" id="s1-s1" name="FunctionalTests">Tests.FunctionalTests</stat>
<stat pass="1" fail="0" id="s1-s1-s1" name="AdminUpdateProfileTest">Tests.FunctionalTests.AdminUpdateProfileTest</stat>
</suite>
</statistics>
<errors>
<msg timestamp="20190523 10:02:17.163" level="ERROR">Taking listener 'allure-robotframework' into use failed: Importing listener 'allure-robotframework' failed: ModuleNotFoundError: No module named 'allure-robotframework'
Traceback (most recent call last):
  None
PYTHONPATH:
  C:\Users\InternDN19.01.07\AppData\Local\Programs\Python\Python37\Scripts\robot.exe
  c:\users\interndn19.01.07\appdata\local\programs\python\python37\python37.zip
  c:\users\interndn19.01.07\appdata\local\programs\python\python37\DLLs
  c:\users\interndn19.01.07\appdata\local\programs\python\python37\lib
  c:\users\interndn19.01.07\appdata\local\programs\python\python37
  c:\users\interndn19.01.07\appdata\local\programs\python\python37\lib\site-packages
  c:\users\interndn19.01.07\appdata\local\programs\python\python37\lib\site-packages\win32
  c:\users\interndn19.01.07\appdata\local\programs\python\python37\lib\site-packages\win32\lib
  c:\users\interndn19.01.07\appdata\local\programs\python\python37\lib\site-packages\Pythonwin</msg>
</errors>
</robot>
