<?xml version="1.0" encoding="UTF-8"?>
<robot generator="Robot 3.1.1 (Python 3.7.3 on win32)" generated="20190523 11:53:36.861" rpa="false">
<suite id="s1" name="Tests" source="C:\Users\InternDN19.01.02\eclipse-workspace\RobotTeam2\RobotFrameworkProject\Tests">
<suite id="s1-s1" name="FunctionalTests" source="C:\Users\InternDN19.01.02\eclipse-workspace\RobotTeam2\RobotFrameworkProject\Tests\FunctionalTests">
<suite id="s1-s1-s1" name="AdminUpdateProfileTest" source="C:\Users\InternDN19.01.02\eclipse-workspace\RobotTeam2\RobotFrameworkProject\Tests\FunctionalTests\AdminUpdateProfileTest.robot">
<kw name="Setup" library="Setup" type="setup">
<kw name="Append To Environment Variable" library="OperatingSystem">
<doc>Appends given ``values`` to environment variable ``name``.</doc>
<arguments>
<arg>PATH</arg>
<arg>C:\\Users\\InternDN19.01.02\\eclipse-workspace\\RobotTeam2\\RobotFrameworkProject\\Resources/Drivers</arg>
</arguments>
<msg timestamp="20190523 11:53:38.335" level="INFO">Environment variable 'PATH' set to value 'C:\Users\InternDN19.01.02\bin;C:\Program Files\Git\mingw64\bin;C:\Program Files\Git\usr\local\bin;C:\Program Files\Git\usr\bin;C:\Program Files\Git\usr\bin;C:\Program Files\Git\mingw64\bin;C:\Program Files\Git\usr\bin;C:\Users\InternDN19.01.02\bin;C:\Program Files (x86)\Common Files\Oracle\Java\javapath;C:\Program Files (x86)\Intel\iCLS Client;C:\Program Files\Intel\iCLS Client;C:\Windows\System32\cmd.exe;C:\Windows;C:\Windows\System32\Wbem;C:\Windows\System32\WindowsPowerShell\v1.0;C:\Windows\System32\OpenSSH;C:\Program Files\Intel\Intel(R) Management Engine Components\DAL;C:\Program Files\Intel\Intel(R) Management Engine Components\IPT;C:\Program Files (x86)\Intel\Intel(R) Management Engine Components\DAL;C:\Program Files (x86)\Intel\Intel(R) Management Engine Components\IPT;C:\Program Files (x86)\Intel\OpenCL SDK\2.0\bin\x86;C:\Program Files (x86)\Intel\OpenCL SDK\2.0\bin\x64;C:\Program Files\Git\cmd;C:\Program Files\webdrivers;C:\xampp\php;C:\ProgramData\ComposerSetup\bin;C:\Program Files\nodejs;C:\Program Files\Java\jdk-12\bin;C:\apache-maven-3.6.1\bin;%PYTHONPATH%\python-3.7.3.exe;C:\Windows\system32;%M2_HOME%\bin;C:\Users\InternDN19.01.02\Documents\allure-2.10.0\bin;C:\Users\InternDN19.01.02\AppData\Local\Programs\Python\Python37\Scripts;C:\Users\InternDN19.01.02\AppData\Local\Programs\Python\Python37;C:\Users\InternDN19.01.02\AppData\Local\Microsoft\WindowsApps;C:\Users\InternDN19.01.02\AppData\Local\Programs\Microsoft VS Code\bin;C:\Users\InternDN19.01.02\AppData\Roaming\Composer\vendor\bin;C:\Users\InternDN19.01.02\AppData\Roaming\npm;C:\Program Files\Maven;C:\Program Files\nodejs;C:\Program Files\Git\usr\bin\vendor_perl;C:\Program Files\Git\usr\bin\core_perl;C:\users\interndn19.01.02\appdata\local\programs\python\python37\lib\site-packages\pywin32_system32;c:\users\interndn19.01.02\appdata\local\programs\python\python37\lib\site-packages\pywin32_system32;C:\Users\InternDN19.01.02\eclipse-workspace\RobotTeam2\RobotFrameworkProject\Resources/Drivers'.</msg>
<status status="PASS" starttime="20190523 11:53:38.334" endtime="20190523 11:53:38.335"></status>
</kw>
<kw name="Open Browser" library="Selenium2Library">
<doc>Opens a new browser instance to the given ``url``.</doc>
<arguments>
<arg>${ROOT}</arg>
<arg>${BROWSER}</arg>
</arguments>
<msg timestamp="20190523 11:53:38.346" level="INFO">Opening browser 'Chrome' to base url 'http://192.168.189.72/joomla/administrator/'.</msg>
<status status="PASS" starttime="20190523 11:53:38.345" endtime="20190523 11:53:43.475"></status>
</kw>
<kw name="Maximize Browser Window" library="Selenium2Library">
<doc>Maximizes current browser window.</doc>
<status status="PASS" starttime="20190523 11:53:43.479" endtime="20190523 11:53:44.805"></status>
</kw>
<kw name="Percy Initialize Build" library="PercyClient">
<arguments>
<arg>${PERCY_TOKEN}</arg>
</arguments>
<status status="PASS" starttime="20190523 11:53:44.806" endtime="20190523 11:53:49.000"></status>
</kw>
<status status="PASS" starttime="20190523 11:53:38.333" endtime="20190523 11:53:49.001"></status>
</kw>
<test id="s1-s1-s1-t1" name="TC13 - Update Admin Profile Successfully">
<kw name="Login Admin Site" library="AdminLoginPage">
<arguments>
<arg>${USERNAME1}</arg>
<arg>${PASSWORD1}</arg>
</arguments>
<kw name="Log To Console" library="BuiltIn">
<doc>Logs the given message to the console.</doc>
<arguments>
<arg>Login to Joomla</arg>
</arguments>
<status status="PASS" starttime="20190523 11:53:49.004" endtime="20190523 11:53:49.005"></status>
</kw>
<kw name="Input Text" library="Selenium2Library">
<doc>Types the given ``text`` into text field identified by ``locator``.</doc>
<arguments>
<arg>${txt_username}</arg>
<arg>${arg_username}</arg>
</arguments>
<msg timestamp="20190523 11:53:49.006" level="INFO">Typing text 'hihi' into text field 'id=mod-login-username'.</msg>
<status status="PASS" starttime="20190523 11:53:49.005" endtime="20190523 11:53:49.374"></status>
</kw>
<kw name="Input Text" library="Selenium2Library">
<doc>Types the given ``text`` into text field identified by ``locator``.</doc>
<arguments>
<arg>${txt_password}</arg>
<arg>${arg_password}</arg>
</arguments>
<msg timestamp="20190523 11:53:49.405" level="INFO">Typing text '1234567890' into text field 'id=mod-login-password'.</msg>
<status status="PASS" starttime="20190523 11:53:49.405" endtime="20190523 11:53:50.017"></status>
</kw>
<kw name="Click Button" library="Selenium2Library">
<doc>Clicks button identified by ``locator``.</doc>
<arguments>
<arg>${btn_login}</arg>
</arguments>
<msg timestamp="20190523 11:53:50.022" level="INFO">Clicking button 'xpath=//div[@class="btn-group"]/button[@class="btn btn-primary btn-block btn-large login-button"]'.</msg>
<status status="PASS" starttime="20190523 11:53:50.022" endtime="20190523 11:53:51.935"></status>
</kw>
<status status="PASS" starttime="20190523 11:53:49.003" endtime="20190523 11:53:51.940"></status>
</kw>
<kw name="Go To Admin Profile Page" library="AdminProfilePage">
<kw name="Click Element" library="Selenium2Library">
<doc>Click element identified by ``locator``.</doc>
<arguments>
<arg>${icn_user}</arg>
</arguments>
<msg timestamp="20190523 11:53:51.941" level="INFO">Clicking element 'xpath=//a/span[@class="icon-user"]'.</msg>
<status status="PASS" starttime="20190523 11:53:51.941" endtime="20190523 11:53:52.212"></status>
</kw>
<kw name="Wait Until Element Is Visible" library="Selenium2Library">
<doc>Waits until element ``locator`` is visible.</doc>
<arguments>
<arg>${lbl_edit_profile}</arg>
</arguments>
<status status="PASS" starttime="20190523 11:53:52.218" endtime="20190523 11:53:52.305"></status>
</kw>
<kw name="Click Element" library="Selenium2Library">
<doc>Click element identified by ``locator``.</doc>
<arguments>
<arg>${lbl_edit_profile}</arg>
</arguments>
<msg timestamp="20190523 11:53:52.306" level="INFO">Clicking element 'xpath=//ul[@class="nav nav-user pull-right nav-hover"]//a[text()="Edit Account"]'.</msg>
<status status="PASS" starttime="20190523 11:53:52.305" endtime="20190523 11:53:54.066"></status>
</kw>
<status status="PASS" starttime="20190523 11:53:51.940" endtime="20190523 11:53:54.074"></status>
</kw>
<kw name="Generate Random String" library="String">
<doc>Generates a string with a desired ``length`` from the given ``chars``.</doc>
<arguments>
<arg>4</arg>
<arg>[LETTERS]</arg>
</arguments>
<assign>
<var>${RANEMIAL}</var>
</assign>
<msg timestamp="20190523 11:53:54.080" level="INFO">${RANEMIAL} = nAVK</msg>
<status status="PASS" starttime="20190523 11:53:54.079" endtime="20190523 11:53:54.080"></status>
</kw>
<kw name="Fill Out And Submit Update Information" library="AdminProfilePage">
<arguments>
<arg>${UPDATE_NAME}</arg>
<arg>${UPDATE_PASSWORD}</arg>
<arg>${UPDATE_PASSWORD}</arg>
<arg>${RANEMIAL}@sharklasers.com</arg>
</arguments>
<kw name="Input Text" library="Selenium2Library">
<doc>Types the given ``text`` into text field identified by ``locator``.</doc>
<arguments>
<arg>${txt_update_name}</arg>
<arg>${arg_update_name}</arg>
</arguments>
<msg timestamp="20190523 11:53:54.114" level="INFO">Typing text 'dao nguyen' into text field 'xpath=//form[@id="profile-form"]/div/div/div[@class="control-group"]/div[@class="controls"]/input[@id="jform_name"]'.</msg>
<status status="PASS" starttime="20190523 11:53:54.113" endtime="20190523 11:53:55.004"></status>
</kw>
<kw name="Input Text" library="Selenium2Library">
<doc>Types the given ``text`` into text field identified by ``locator``.</doc>
<arguments>
<arg>${txt_update_password}</arg>
<arg>${arg_update_password}</arg>
</arguments>
<msg timestamp="20190523 11:53:55.018" level="INFO">Typing text '123456789' into text field 'xpath=//form[@id="profile-form"]/div/div/div[@class="control-group"]/div[@class="controls"]/input[@id="jform_password2"]'.</msg>
<status status="PASS" starttime="20190523 11:53:55.017" endtime="20190523 11:53:55.590"></status>
</kw>
<kw name="Input Text" library="Selenium2Library">
<doc>Types the given ``text`` into text field identified by ``locator``.</doc>
<arguments>
<arg>${txt_update_confirm_password}</arg>
<arg>${arg_update_confirm_password}</arg>
</arguments>
<msg timestamp="20190523 11:53:55.600" level="INFO">Typing text '123456789' into text field 'xpath=//form[@id="profile-form"]/div/div/div[@class="control-group"]/div[@class="controls"]/input[@id="jform_password"]'.</msg>
<status status="PASS" starttime="20190523 11:53:55.598" endtime="20190523 11:53:56.230"></status>
</kw>
<kw name="Input Text" library="Selenium2Library">
<doc>Types the given ``text`` into text field identified by ``locator``.</doc>
<arguments>
<arg>${txt_update_email}</arg>
<arg>${arg_update_email}</arg>
</arguments>
<msg timestamp="20190523 11:53:56.234" level="INFO">Typing text 'nAVK@sharklasers.com' into text field 'xpath=//form[@id="profile-form"]/div/div/div[@class="control-group"]/div[@class="controls"]/input[@id="jform_email"]'.</msg>
<status status="PASS" starttime="20190523 11:53:56.234" endtime="20190523 11:53:57.655"></status>
</kw>
<kw name="Click Button" library="Selenium2Library">
<doc>Clicks button identified by ``locator``.</doc>
<arguments>
<arg>${btn_update_save}</arg>
</arguments>
<msg timestamp="20190523 11:53:57.659" level="INFO">Clicking button 'xpath=//div[@id="toolbar-save"]/button'.</msg>
<status status="PASS" starttime="20190523 11:53:57.658" endtime="20190523 11:53:59.018"></status>
</kw>
<status status="PASS" starttime="20190523 11:53:54.110" endtime="20190523 11:53:59.023"></status>
</kw>
<kw name="Check Message" library="AdminHomePage">
<arguments>
<arg>${MESSAGE_UPDATE_PROFILE}</arg>
</arguments>
<kw name="Element Text Should Be" library="Selenium2Library">
<doc>Verifies that element ``locator`` contains exact text ``expected``.</doc>
<arguments>
<arg>${hed_header_message}</arg>
<arg>Message</arg>
</arguments>
<msg timestamp="20190523 11:53:59.026" level="INFO">Verifying element 'xpath=//div[@class="alert alert-success"]/h4[@class="alert-heading"]' contains exact text 'Message'.</msg>
<status status="PASS" starttime="20190523 11:53:59.025" endtime="20190523 11:53:59.137"></status>
</kw>
<kw name="Element Text Should Be" library="Selenium2Library">
<doc>Verifies that element ``locator`` contains exact text ``expected``.</doc>
<arguments>
<arg>${lbl_message}</arg>
<arg>${arg_expected_message}</arg>
</arguments>
<msg timestamp="20190523 11:53:59.141" level="INFO">Verifying element 'xpath=//div[@class="alert alert-success"]/div[@class="alert-message"]' contains exact text 'Item saved.'.</msg>
<status status="PASS" starttime="20190523 11:53:59.140" endtime="20190523 11:53:59.305"></status>
</kw>
<status status="PASS" starttime="20190523 11:53:59.024" endtime="20190523 11:53:59.335"></status>
</kw>
<kw name="Logout Admin Site" library="AdminHomePage">
<kw name="Click Element" library="Selenium2Library">
<doc>Click element identified by ``locator``.</doc>
<arguments>
<arg>${icn_user}</arg>
</arguments>
<msg timestamp="20190523 11:53:59.338" level="INFO">Clicking element 'xpath=//a/span[@class="icon-user"]'.</msg>
<status status="PASS" starttime="20190523 11:53:59.338" endtime="20190523 11:53:59.668"></status>
</kw>
<kw name="Wait Until Element Is Visible" library="Selenium2Library">
<doc>Waits until element ``locator`` is visible.</doc>
<arguments>
<arg>${lbl_logout}</arg>
</arguments>
<status status="PASS" starttime="20190523 11:53:59.672" endtime="20190523 11:53:59.746"></status>
</kw>
<kw name="Click Element" library="Selenium2Library">
<doc>Click element identified by ``locator``.</doc>
<arguments>
<arg>${lbl_logout}</arg>
</arguments>
<msg timestamp="20190523 11:53:59.747" level="INFO">Clicking element 'xpath=//ul[@class="nav nav-user pull-right nav-hover"]//a[text()="Logout"]'.</msg>
<status status="PASS" starttime="20190523 11:53:59.746" endtime="20190523 11:54:01.212"></status>
</kw>
<status status="PASS" starttime="20190523 11:53:59.336" endtime="20190523 11:54:01.217"></status>
</kw>
<kw name="Login Admin Site" library="AdminLoginPage">
<arguments>
<arg>${USERNAME1}</arg>
<arg>${UPDATE_PASSWORD}</arg>
</arguments>
<kw name="Log To Console" library="BuiltIn">
<doc>Logs the given message to the console.</doc>
<arguments>
<arg>Login to Joomla</arg>
</arguments>
<status status="PASS" starttime="20190523 11:54:01.219" endtime="20190523 11:54:01.220"></status>
</kw>
<kw name="Input Text" library="Selenium2Library">
<doc>Types the given ``text`` into text field identified by ``locator``.</doc>
<arguments>
<arg>${txt_username}</arg>
<arg>${arg_username}</arg>
</arguments>
<msg timestamp="20190523 11:54:01.230" level="INFO">Typing text 'hihi' into text field 'id=mod-login-username'.</msg>
<status status="PASS" starttime="20190523 11:54:01.228" endtime="20190523 11:54:01.738"></status>
</kw>
<kw name="Input Text" library="Selenium2Library">
<doc>Types the given ``text`` into text field identified by ``locator``.</doc>
<arguments>
<arg>${txt_password}</arg>
<arg>${arg_password}</arg>
</arguments>
<msg timestamp="20190523 11:54:01.742" level="INFO">Typing text '123456789' into text field 'id=mod-login-password'.</msg>
<status status="PASS" starttime="20190523 11:54:01.742" endtime="20190523 11:54:02.101"></status>
</kw>
<kw name="Click Button" library="Selenium2Library">
<doc>Clicks button identified by ``locator``.</doc>
<arguments>
<arg>${btn_login}</arg>
</arguments>
<msg timestamp="20190523 11:54:02.105" level="INFO">Clicking button 'xpath=//div[@class="btn-group"]/button[@class="btn btn-primary btn-block btn-large login-button"]'.</msg>
<status status="PASS" starttime="20190523 11:54:02.104" endtime="20190523 11:54:04.980"></status>
</kw>
<status status="PASS" starttime="20190523 11:54:01.218" endtime="20190523 11:54:04.984"></status>
</kw>
<kw name="Go To Admin Profile Page" library="AdminProfilePage">
<kw name="Click Element" library="Selenium2Library">
<doc>Click element identified by ``locator``.</doc>
<arguments>
<arg>${icn_user}</arg>
</arguments>
<msg timestamp="20190523 11:54:04.987" level="INFO">Clicking element 'xpath=//a/span[@class="icon-user"]'.</msg>
<status status="PASS" starttime="20190523 11:54:04.986" endtime="20190523 11:54:05.181"></status>
</kw>
<kw name="Wait Until Element Is Visible" library="Selenium2Library">
<doc>Waits until element ``locator`` is visible.</doc>
<arguments>
<arg>${lbl_edit_profile}</arg>
</arguments>
<status status="PASS" starttime="20190523 11:54:05.189" endtime="20190523 11:54:05.859"></status>
</kw>
<kw name="Click Element" library="Selenium2Library">
<doc>Click element identified by ``locator``.</doc>
<arguments>
<arg>${lbl_edit_profile}</arg>
</arguments>
<msg timestamp="20190523 11:54:05.860" level="INFO">Clicking element 'xpath=//ul[@class="nav nav-user pull-right nav-hover"]//a[text()="Edit Account"]'.</msg>
<status status="PASS" starttime="20190523 11:54:05.859" endtime="20190523 11:54:07.138"></status>
</kw>
<status status="PASS" starttime="20190523 11:54:04.984" endtime="20190523 11:54:07.142"></status>
</kw>
<kw name="Fill Out And Submit Update Information" library="AdminProfilePage">
<arguments>
<arg>${UPDATE_NAME}</arg>
<arg>${PASSWORD1}</arg>
<arg>${PASSWORD1}</arg>
<arg>${RANEMIAL}@gmail.com</arg>
</arguments>
<kw name="Input Text" library="Selenium2Library">
<doc>Types the given ``text`` into text field identified by ``locator``.</doc>
<arguments>
<arg>${txt_update_name}</arg>
<arg>${arg_update_name}</arg>
</arguments>
<msg timestamp="20190523 11:54:07.145" level="INFO">Typing text 'dao nguyen' into text field 'xpath=//form[@id="profile-form"]/div/div/div[@class="control-group"]/div[@class="controls"]/input[@id="jform_name"]'.</msg>
<status status="PASS" starttime="20190523 11:54:07.144" endtime="20190523 11:54:08.085"></status>
</kw>
<kw name="Input Text" library="Selenium2Library">
<doc>Types the given ``text`` into text field identified by ``locator``.</doc>
<arguments>
<arg>${txt_update_password}</arg>
<arg>${arg_update_password}</arg>
</arguments>
<msg timestamp="20190523 11:54:08.090" level="INFO">Typing text '1234567890' into text field 'xpath=//form[@id="profile-form"]/div/div/div[@class="control-group"]/div[@class="controls"]/input[@id="jform_password2"]'.</msg>
<status status="PASS" starttime="20190523 11:54:08.090" endtime="20190523 11:54:09.099"></status>
</kw>
<kw name="Input Text" library="Selenium2Library">
<doc>Types the given ``text`` into text field identified by ``locator``.</doc>
<arguments>
<arg>${txt_update_confirm_password}</arg>
<arg>${arg_update_confirm_password}</arg>
</arguments>
<msg timestamp="20190523 11:54:09.106" level="INFO">Typing text '1234567890' into text field 'xpath=//form[@id="profile-form"]/div/div/div[@class="control-group"]/div[@class="controls"]/input[@id="jform_password"]'.</msg>
<status status="PASS" starttime="20190523 11:54:09.104" endtime="20190523 11:54:09.668"></status>
</kw>
<kw name="Input Text" library="Selenium2Library">
<doc>Types the given ``text`` into text field identified by ``locator``.</doc>
<arguments>
<arg>${txt_update_email}</arg>
<arg>${arg_update_email}</arg>
</arguments>
<msg timestamp="20190523 11:54:09.672" level="INFO">Typing text 'nAVK@gmail.com' into text field 'xpath=//form[@id="profile-form"]/div/div/div[@class="control-group"]/div[@class="controls"]/input[@id="jform_email"]'.</msg>
<status status="PASS" starttime="20190523 11:54:09.672" endtime="20190523 11:54:11.433"></status>
</kw>
<kw name="Click Button" library="Selenium2Library">
<doc>Clicks button identified by ``locator``.</doc>
<arguments>
<arg>${btn_update_save}</arg>
</arguments>
<msg timestamp="20190523 11:54:11.438" level="INFO">Clicking button 'xpath=//div[@id="toolbar-save"]/button'.</msg>
<status status="PASS" starttime="20190523 11:54:11.437" endtime="20190523 11:54:12.615"></status>
</kw>
<status status="PASS" starttime="20190523 11:54:07.142" endtime="20190523 11:54:12.629"></status>
</kw>
<status status="PASS" starttime="20190523 11:53:49.001" endtime="20190523 11:54:12.629" critical="yes"></status>
</test>
<kw name="Teardown" library="Setup" type="teardown">
<kw name="Close All Browsers" library="Selenium2Library">
<doc>Closes all open browsers and resets the browser cache.</doc>
<status status="PASS" starttime="20190523 11:54:12.655" endtime="20190523 11:54:16.417"></status>
</kw>
<kw name="Percy Finalize Build" library="PercyClient">
<status status="PASS" starttime="20190523 11:54:16.418" endtime="20190523 11:54:17.051"></status>
</kw>
<status status="PASS" starttime="20190523 11:54:12.654" endtime="20190523 11:54:17.052"></status>
</kw>
<status status="PASS" starttime="20190523 11:53:37.237" endtime="20190523 11:54:17.052"></status>
</suite>
<status status="PASS" starttime="20190523 11:53:37.230" endtime="20190523 11:54:17.109"></status>
</suite>
<status status="PASS" starttime="20190523 11:53:37.056" endtime="20190523 11:54:17.143"></status>
</suite>
<statistics>
<total>
<stat pass="1" fail="0">Critical Tests</stat>
<stat pass="1" fail="0">All Tests</stat>
</total>
<tag>
</tag>
<suite>
<stat pass="1" fail="0" id="s1" name="Tests">Tests</stat>
<stat pass="1" fail="0" id="s1-s1" name="FunctionalTests">Tests.FunctionalTests</stat>
<stat pass="1" fail="0" id="s1-s1-s1" name="AdminUpdateProfileTest">Tests.FunctionalTests.AdminUpdateProfileTest</stat>
</suite>
</statistics>
<errors>
</errors>
</robot>
