<?xml version="1.0" encoding="UTF-8"?>
<robot generator="Robot 3.1.1 (Python 3.7.3 on win32)" generated="20190527 17:12:07.997" rpa="false">
<suite id="s1" name="Tests" source="C:\Users\InternDN19.01.02\eclipse-workspace\RobotTeam2\RobotFrameworkProject\Tests">
<suite id="s1-s1" name="FunctionalTests" source="C:\Users\InternDN19.01.02\eclipse-workspace\RobotTeam2\RobotFrameworkProject\Tests\FunctionalTests">
<suite id="s1-s1-s1" name="AdminUpdateProfileTest" source="C:\Users\InternDN19.01.02\eclipse-workspace\RobotTeam2\RobotFrameworkProject\Tests\FunctionalTests\AdminUpdateProfileTest.robot">
<kw name="Setup" library="Setup" type="setup">
<kw name="Append To Environment Variable" library="OperatingSystem">
<doc>Appends given ``values`` to environment variable ``name``.</doc>
<arguments>
<arg>PATH</arg>
<arg>C:\\Users\\InternDN19.01.02\\eclipse-workspace\\RobotTeam2\\RobotFrameworkProject\\Resources/Drivers</arg>
</arguments>
<msg timestamp="20190527 17:12:08.745" level="INFO">Environment variable 'PATH' set to value 'C:\Users\InternDN19.01.02\bin;C:\Program Files\Git\mingw64\bin;C:\Program Files\Git\usr\local\bin;C:\Program Files\Git\usr\bin;C:\Program Files\Git\usr\bin;C:\Program Files\Git\mingw64\bin;C:\Program Files\Git\usr\bin;C:\Users\InternDN19.01.02\bin;C:\Program Files (x86)\Common Files\Oracle\Java\javapath;C:\Program Files (x86)\Intel\iCLS Client;C:\Program Files\Intel\iCLS Client;C:\Windows\System32\cmd.exe;C:\Windows;C:\Windows\System32\Wbem;C:\Windows\System32\WindowsPowerShell\v1.0;C:\Windows\System32\OpenSSH;C:\Program Files\Intel\Intel(R) Management Engine Components\DAL;C:\Program Files\Intel\Intel(R) Management Engine Components\IPT;C:\Program Files (x86)\Intel\Intel(R) Management Engine Components\DAL;C:\Program Files (x86)\Intel\Intel(R) Management Engine Components\IPT;C:\Program Files (x86)\Intel\OpenCL SDK\2.0\bin\x86;C:\Program Files (x86)\Intel\OpenCL SDK\2.0\bin\x64;C:\Program Files\Git\cmd;C:\Program Files\webdrivers;C:\xampp\php;C:\ProgramData\ComposerSetup\bin;C:\Program Files\nodejs;C:\Program Files\Java\jdk-12\bin;C:\apache-maven-3.6.1\bin;%PYTHONPATH%\python-3.7.3.exe;C:\Windows\system32;%M2_HOME%\bin;C:\Users\InternDN19.01.02\Documents\allure-2.10.0\bin;C:\Users\InternDN19.01.02\AppData\Local\Programs\Python\Python37\Scripts;C:\Users\InternDN19.01.02\AppData\Local\Programs\Python\Python37;C:\Users\InternDN19.01.02\AppData\Local\Microsoft\WindowsApps;C:\Users\InternDN19.01.02\AppData\Local\Programs\Microsoft VS Code\bin;C:\Users\InternDN19.01.02\AppData\Roaming\Composer\vendor\bin;C:\Users\InternDN19.01.02\AppData\Roaming\npm;C:\Program Files\Maven;C:\Program Files\nodejs;C:\Program Files\Git\usr\bin\vendor_perl;C:\Program Files\Git\usr\bin\core_perl;C:\users\interndn19.01.02\appdata\local\programs\python\python37\lib\site-packages\pywin32_system32;c:\users\interndn19.01.02\appdata\local\programs\python\python37\lib\site-packages\pywin32_system32;C:\Users\InternDN19.01.02\eclipse-workspace\RobotTeam2\RobotFrameworkProject\Resources/Drivers'.</msg>
<status status="PASS" starttime="20190527 17:12:08.744" endtime="20190527 17:12:08.745"></status>
</kw>
<kw name="Open Browser" library="Selenium2Library">
<doc>Opens a new browser instance to the given ``url``.</doc>
<arguments>
<arg>${ROOT}</arg>
<arg>${BROWSER}</arg>
</arguments>
<msg timestamp="20190527 17:12:08.751" level="INFO">Opening browser 'Chrome' to base url 'http://192.168.189.72/joomla/administrator/'.</msg>
<status status="PASS" starttime="20190527 17:12:08.748" endtime="20190527 17:12:12.502"></status>
</kw>
<kw name="Maximize Browser Window" library="Selenium2Library">
<doc>Maximizes current browser window.</doc>
<status status="PASS" starttime="20190527 17:12:12.504" endtime="20190527 17:12:13.838"></status>
</kw>
<kw name="Percy Initialize Build" library="PercyClient">
<arguments>
<arg>${PERCY_TOKEN}</arg>
</arguments>
<status status="PASS" starttime="20190527 17:12:13.839" endtime="20190527 17:12:17.115"></status>
</kw>
<status status="PASS" starttime="20190527 17:12:08.743" endtime="20190527 17:12:17.115"></status>
</kw>
<test id="s1-s1-s1-t1" name="TC13 - Update Admin Profile Successfully">
<kw name="Login Admin Site" library="AdminLoginPage">
<arguments>
<arg>${USERNAME1}</arg>
<arg>${PASSWORD1}</arg>
</arguments>
<kw name="Log To Console" library="BuiltIn">
<doc>Logs the given message to the console.</doc>
<arguments>
<arg>Login to Joomla</arg>
</arguments>
<status status="PASS" starttime="20190527 17:12:17.119" endtime="20190527 17:12:17.120"></status>
</kw>
<kw name="Input Text" library="Selenium2Library">
<doc>Types the given ``text`` into text field identified by ``locator``.</doc>
<arguments>
<arg>${txt_username}</arg>
<arg>${arg_username}</arg>
</arguments>
<msg timestamp="20190527 17:12:17.121" level="INFO">Typing text 'hihi' into text field 'id=mod-login-username'.</msg>
<status status="PASS" starttime="20190527 17:12:17.120" endtime="20190527 17:12:17.336"></status>
</kw>
<kw name="Input Text" library="Selenium2Library">
<doc>Types the given ``text`` into text field identified by ``locator``.</doc>
<arguments>
<arg>${txt_password}</arg>
<arg>${arg_password}</arg>
</arguments>
<msg timestamp="20190527 17:12:17.339" level="INFO">Typing text '123456789' into text field 'id=mod-login-password'.</msg>
<status status="PASS" starttime="20190527 17:12:17.338" endtime="20190527 17:12:17.597"></status>
</kw>
<kw name="Click Button" library="Selenium2Library">
<doc>Clicks button identified by ``locator``.</doc>
<arguments>
<arg>${btn_login}</arg>
</arguments>
<msg timestamp="20190527 17:12:17.600" level="INFO">Clicking button 'xpath=//div[@class="btn-group"]/button[@class="btn btn-primary btn-block btn-large login-button"]'.</msg>
<status status="PASS" starttime="20190527 17:12:17.599" endtime="20190527 17:12:20.053"></status>
</kw>
<status status="PASS" starttime="20190527 17:12:17.118" endtime="20190527 17:12:20.055"></status>
</kw>
<kw name="Go To Admin Profile Page" library="AdminProfilePage">
<kw name="Click Element" library="Selenium2Library">
<doc>Click element identified by ``locator``.</doc>
<arguments>
<arg>${icn_user}</arg>
</arguments>
<msg timestamp="20190527 17:12:20.057" level="INFO">Clicking element 'xpath=//a/span[@class="icon-user"]'.</msg>
<status status="PASS" starttime="20190527 17:12:20.056" endtime="20190527 17:12:20.277"></status>
</kw>
<kw name="Wait Until Element Is Visible" library="Selenium2Library">
<doc>Waits until element ``locator`` is visible.</doc>
<arguments>
<arg>${lbl_edit_profile}</arg>
</arguments>
<status status="PASS" starttime="20190527 17:12:20.280" endtime="20190527 17:12:20.335"></status>
</kw>
<kw name="Click Element" library="Selenium2Library">
<doc>Click element identified by ``locator``.</doc>
<arguments>
<arg>${lbl_edit_profile}</arg>
</arguments>
<msg timestamp="20190527 17:12:20.336" level="INFO">Clicking element 'xpath=//ul[@class="nav nav-user pull-right nav-hover"]//a[text()="Edit Account"]'.</msg>
<status status="PASS" starttime="20190527 17:12:20.336" endtime="20190527 17:12:21.740"></status>
</kw>
<status status="PASS" starttime="20190527 17:12:20.055" endtime="20190527 17:12:21.742"></status>
</kw>
<kw name="Generate Random String" library="String">
<doc>Generates a string with a desired ``length`` from the given ``chars``.</doc>
<arguments>
<arg>4</arg>
<arg>[LETTERS]</arg>
</arguments>
<assign>
<var>${RANEMIAL}</var>
</assign>
<msg timestamp="20190527 17:12:21.743" level="INFO">${RANEMIAL} = qJuH</msg>
<status status="PASS" starttime="20190527 17:12:21.743" endtime="20190527 17:12:21.743"></status>
</kw>
<kw name="Fill Out And Submit Update Information" library="AdminProfilePage">
<arguments>
<arg>${UPDATE_NAME}</arg>
<arg>${UPDATE_PASSWORD}</arg>
<arg>${UPDATE_PASSWORD}</arg>
<arg>${RANEMIAL}@sharklasers.com</arg>
</arguments>
<kw name="Input Text" library="Selenium2Library">
<doc>Types the given ``text`` into text field identified by ``locator``.</doc>
<arguments>
<arg>${txt_update_name}</arg>
<arg>${arg_update_name}</arg>
</arguments>
<msg timestamp="20190527 17:12:21.748" level="INFO">Typing text 'dao nguyen' into text field 'xpath=//form[@id="profile-form"]//input[@id="jform_name"]'.</msg>
<status status="PASS" starttime="20190527 17:12:21.747" endtime="20190527 17:12:22.011"></status>
</kw>
<kw name="Input Text" library="Selenium2Library">
<doc>Types the given ``text`` into text field identified by ``locator``.</doc>
<arguments>
<arg>${txt_update_password}</arg>
<arg>${arg_update_password}</arg>
</arguments>
<msg timestamp="20190527 17:12:22.014" level="INFO">Typing text '1234567890' into text field 'xpath=//form[@id="profile-form"]//input[@id="jform_password2"]'.</msg>
<status status="PASS" starttime="20190527 17:12:22.013" endtime="20190527 17:12:22.218"></status>
</kw>
<kw name="Input Text" library="Selenium2Library">
<doc>Types the given ``text`` into text field identified by ``locator``.</doc>
<arguments>
<arg>${txt_update_confirm_password}</arg>
<arg>${arg_update_confirm_password}</arg>
</arguments>
<msg timestamp="20190527 17:12:22.221" level="INFO">Typing text '1234567890' into text field 'xpath=//form[@id="profile-form"]//input[@id="jform_password"]'.</msg>
<status status="PASS" starttime="20190527 17:12:22.220" endtime="20190527 17:12:22.457"></status>
</kw>
<kw name="Input Text" library="Selenium2Library">
<doc>Types the given ``text`` into text field identified by ``locator``.</doc>
<arguments>
<arg>${txt_update_email}</arg>
<arg>${arg_update_email}</arg>
</arguments>
<msg timestamp="20190527 17:12:22.459" level="INFO">Typing text 'qJuH@sharklasers.com' into text field 'xpath=//form[@id="profile-form"]//input[@id="jform_email"]'.</msg>
<status status="PASS" starttime="20190527 17:12:22.459" endtime="20190527 17:12:22.910"></status>
</kw>
<kw name="Click Button" library="Selenium2Library">
<doc>Clicks button identified by ``locator``.</doc>
<arguments>
<arg>${btn_update_save}</arg>
</arguments>
<msg timestamp="20190527 17:12:22.913" level="INFO">Clicking button 'xpath=//div[@id="toolbar-save"]/button'.</msg>
<status status="PASS" starttime="20190527 17:12:22.912" endtime="20190527 17:12:24.026"></status>
</kw>
<status status="PASS" starttime="20190527 17:12:21.745" endtime="20190527 17:12:24.028"></status>
</kw>
<kw name="Check Message" library="AdminHomePage">
<arguments>
<arg>${MESSAGE_UPDATE_PROFILE}</arg>
</arguments>
<kw name="Wait Until Element Is Visible" library="Selenium2Library">
<doc>Waits until element ``locator`` is visible.</doc>
<arguments>
<arg>${hed_header_message}</arg>
</arguments>
<status status="PASS" starttime="20190527 17:12:24.030" endtime="20190527 17:12:24.085"></status>
</kw>
<kw name="Element Text Should Be" library="Selenium2Library">
<doc>Verifies that element ``locator`` contains exact text ``expected``.</doc>
<arguments>
<arg>${hed_header_message}</arg>
<arg>Message</arg>
</arguments>
<msg timestamp="20190527 17:12:24.086" level="INFO">Verifying element 'xpath=//div[@class="alert alert-success"]/h4[@class="alert-heading"]' contains exact text 'Message'.</msg>
<status status="PASS" starttime="20190527 17:12:24.086" endtime="20190527 17:12:24.126"></status>
</kw>
<kw name="Element Text Should Be" library="Selenium2Library">
<doc>Verifies that element ``locator`` contains exact text ``expected``.</doc>
<arguments>
<arg>${lbl_message}</arg>
<arg>${arg_expected_message}</arg>
</arguments>
<msg timestamp="20190527 17:12:24.129" level="INFO">Verifying element 'xpath=//div[@class="alert alert-success"]/div[@class="alert-message"]' contains exact text 'Item saved.'.</msg>
<status status="PASS" starttime="20190527 17:12:24.128" endtime="20190527 17:12:24.174"></status>
</kw>
<status status="PASS" starttime="20190527 17:12:24.028" endtime="20190527 17:12:24.175"></status>
</kw>
<kw name="Logout Admin Site" library="AdminHomePage">
<kw name="Click Element" library="Selenium2Library">
<doc>Click element identified by ``locator``.</doc>
<arguments>
<arg>${icn_user}</arg>
</arguments>
<msg timestamp="20190527 17:12:24.177" level="INFO">Clicking element 'xpath=//a/span[@class="icon-user"]'.</msg>
<status status="PASS" starttime="20190527 17:12:24.176" endtime="20190527 17:12:24.278"></status>
</kw>
<kw name="Wait Until Element Is Visible" library="Selenium2Library">
<doc>Waits until element ``locator`` is visible.</doc>
<arguments>
<arg>${lbl_logout}</arg>
</arguments>
<status status="PASS" starttime="20190527 17:12:24.281" endtime="20190527 17:12:24.322"></status>
</kw>
<kw name="Click Element" library="Selenium2Library">
<doc>Click element identified by ``locator``.</doc>
<arguments>
<arg>${lbl_logout}</arg>
</arguments>
<msg timestamp="20190527 17:12:24.323" level="INFO">Clicking element 'xpath=//ul[@class="nav nav-user pull-right nav-hover"]//a[text()="Logout"]'.</msg>
<status status="PASS" starttime="20190527 17:12:24.323" endtime="20190527 17:12:26.244"></status>
</kw>
<status status="PASS" starttime="20190527 17:12:24.176" endtime="20190527 17:12:26.247"></status>
</kw>
<kw name="Login Admin Site" library="AdminLoginPage">
<arguments>
<arg>${USERNAME1}</arg>
<arg>${UPDATE_PASSWORD}</arg>
</arguments>
<kw name="Log To Console" library="BuiltIn">
<doc>Logs the given message to the console.</doc>
<arguments>
<arg>Login to Joomla</arg>
</arguments>
<status status="PASS" starttime="20190527 17:12:26.249" endtime="20190527 17:12:26.249"></status>
</kw>
<kw name="Input Text" library="Selenium2Library">
<doc>Types the given ``text`` into text field identified by ``locator``.</doc>
<arguments>
<arg>${txt_username}</arg>
<arg>${arg_username}</arg>
</arguments>
<msg timestamp="20190527 17:12:26.251" level="INFO">Typing text 'hihi' into text field 'id=mod-login-username'.</msg>
<status status="PASS" starttime="20190527 17:12:26.250" endtime="20190527 17:12:26.606"></status>
</kw>
<kw name="Input Text" library="Selenium2Library">
<doc>Types the given ``text`` into text field identified by ``locator``.</doc>
<arguments>
<arg>${txt_password}</arg>
<arg>${arg_password}</arg>
</arguments>
<msg timestamp="20190527 17:12:26.609" level="INFO">Typing text '1234567890' into text field 'id=mod-login-password'.</msg>
<status status="PASS" starttime="20190527 17:12:26.608" endtime="20190527 17:12:27.233"></status>
</kw>
<kw name="Click Button" library="Selenium2Library">
<doc>Clicks button identified by ``locator``.</doc>
<arguments>
<arg>${btn_login}</arg>
</arguments>
<msg timestamp="20190527 17:12:27.235" level="INFO">Clicking button 'xpath=//div[@class="btn-group"]/button[@class="btn btn-primary btn-block btn-large login-button"]'.</msg>
<status status="PASS" starttime="20190527 17:12:27.235" endtime="20190527 17:12:28.768"></status>
</kw>
<status status="PASS" starttime="20190527 17:12:26.247" endtime="20190527 17:12:28.770"></status>
</kw>
<kw name="Go To Admin Profile Page" library="AdminProfilePage">
<kw name="Click Element" library="Selenium2Library">
<doc>Click element identified by ``locator``.</doc>
<arguments>
<arg>${icn_user}</arg>
</arguments>
<msg timestamp="20190527 17:12:28.772" level="INFO">Clicking element 'xpath=//a/span[@class="icon-user"]'.</msg>
<status status="PASS" starttime="20190527 17:12:28.772" endtime="20190527 17:12:28.956"></status>
</kw>
<kw name="Wait Until Element Is Visible" library="Selenium2Library">
<doc>Waits until element ``locator`` is visible.</doc>
<arguments>
<arg>${lbl_edit_profile}</arg>
</arguments>
<status status="PASS" starttime="20190527 17:12:28.958" endtime="20190527 17:12:29.023"></status>
</kw>
<kw name="Click Element" library="Selenium2Library">
<doc>Click element identified by ``locator``.</doc>
<arguments>
<arg>${lbl_edit_profile}</arg>
</arguments>
<msg timestamp="20190527 17:12:29.024" level="INFO">Clicking element 'xpath=//ul[@class="nav nav-user pull-right nav-hover"]//a[text()="Edit Account"]'.</msg>
<status status="PASS" starttime="20190527 17:12:29.024" endtime="20190527 17:12:30.080"></status>
</kw>
<status status="PASS" starttime="20190527 17:12:28.771" endtime="20190527 17:12:30.192"></status>
</kw>
<kw name="Fill Out And Submit Update Information" library="AdminProfilePage">
<arguments>
<arg>${UPDATE_NAME}</arg>
<arg>${PASSWORD1}</arg>
<arg>${PASSWORD1}</arg>
<arg>${RANEMIAL}@gmail.com</arg>
</arguments>
<kw name="Input Text" library="Selenium2Library">
<doc>Types the given ``text`` into text field identified by ``locator``.</doc>
<arguments>
<arg>${txt_update_name}</arg>
<arg>${arg_update_name}</arg>
</arguments>
<msg timestamp="20190527 17:12:30.195" level="INFO">Typing text 'dao nguyen' into text field 'xpath=//form[@id="profile-form"]//input[@id="jform_name"]'.</msg>
<status status="PASS" starttime="20190527 17:12:30.194" endtime="20190527 17:12:30.368"></status>
</kw>
<kw name="Input Text" library="Selenium2Library">
<doc>Types the given ``text`` into text field identified by ``locator``.</doc>
<arguments>
<arg>${txt_update_password}</arg>
<arg>${arg_update_password}</arg>
</arguments>
<msg timestamp="20190527 17:12:30.369" level="INFO">Typing text '123456789' into text field 'xpath=//form[@id="profile-form"]//input[@id="jform_password2"]'.</msg>
<status status="PASS" starttime="20190527 17:12:30.369" endtime="20190527 17:12:30.507"></status>
</kw>
<kw name="Input Text" library="Selenium2Library">
<doc>Types the given ``text`` into text field identified by ``locator``.</doc>
<arguments>
<arg>${txt_update_confirm_password}</arg>
<arg>${arg_update_confirm_password}</arg>
</arguments>
<msg timestamp="20190527 17:12:30.509" level="INFO">Typing text '123456789' into text field 'xpath=//form[@id="profile-form"]//input[@id="jform_password"]'.</msg>
<status status="PASS" starttime="20190527 17:12:30.508" endtime="20190527 17:12:30.709"></status>
</kw>
<kw name="Input Text" library="Selenium2Library">
<doc>Types the given ``text`` into text field identified by ``locator``.</doc>
<arguments>
<arg>${txt_update_email}</arg>
<arg>${arg_update_email}</arg>
</arguments>
<msg timestamp="20190527 17:12:30.712" level="INFO">Typing text 'qJuH@gmail.com' into text field 'xpath=//form[@id="profile-form"]//input[@id="jform_email"]'.</msg>
<status status="PASS" starttime="20190527 17:12:30.711" endtime="20190527 17:12:31.053"></status>
</kw>
<kw name="Click Button" library="Selenium2Library">
<doc>Clicks button identified by ``locator``.</doc>
<arguments>
<arg>${btn_update_save}</arg>
</arguments>
<msg timestamp="20190527 17:12:31.056" level="INFO">Clicking button 'xpath=//div[@id="toolbar-save"]/button'.</msg>
<status status="PASS" starttime="20190527 17:12:31.055" endtime="20190527 17:12:33.268"></status>
</kw>
<status status="PASS" starttime="20190527 17:12:30.192" endtime="20190527 17:12:33.270"></status>
</kw>
<status status="PASS" starttime="20190527 17:12:17.116" endtime="20190527 17:12:33.270" critical="yes"></status>
</test>
<kw name="Teardown" library="Setup" type="teardown">
<kw name="Close All Browsers" library="Selenium2Library">
<doc>Closes all open browsers and resets the browser cache.</doc>
<status status="PASS" starttime="20190527 17:12:33.280" endtime="20190527 17:12:35.539"></status>
</kw>
<kw name="Percy Finalize Build" library="PercyClient">
<status status="PASS" starttime="20190527 17:12:35.540" endtime="20190527 17:12:36.063"></status>
</kw>
<status status="PASS" starttime="20190527 17:12:33.279" endtime="20190527 17:12:36.063"></status>
</kw>
<status status="PASS" starttime="20190527 17:12:08.158" endtime="20190527 17:12:36.063"></status>
</suite>
<status status="PASS" starttime="20190527 17:12:08.155" endtime="20190527 17:12:36.069"></status>
</suite>
<status status="PASS" starttime="20190527 17:12:08.111" endtime="20190527 17:12:36.074"></status>
</suite>
<statistics>
<total>
<stat pass="1" fail="0">Critical Tests</stat>
<stat pass="1" fail="0">All Tests</stat>
</total>
<tag>
</tag>
<suite>
<stat pass="1" fail="0" id="s1" name="Tests">Tests</stat>
<stat pass="1" fail="0" id="s1-s1" name="FunctionalTests">Tests.FunctionalTests</stat>
<stat pass="1" fail="0" id="s1-s1-s1" name="AdminUpdateProfileTest">Tests.FunctionalTests.AdminUpdateProfileTest</stat>
</suite>
</statistics>
<errors>
</errors>
</robot>
